#
# There is insufficient memory for the Java Runtime Environment to continue.
# Native memory allocation (malloc) failed to allocate 1043616 bytes for Chunk::new
# Possible reasons:
#   The system is out of physical RAM or swap space
#   The process is running with CompressedOops enabled, and the Java Heap may be blocking the growth of the native heap
# Possible solutions:
#   Reduce memory load on the system
#   Increase physical memory or swap space
#   Check if swap backing store is full
#   Decrease Java heap size (-Xmx/-Xms)
#   Decrease number of Java threads
#   Decrease Java thread stack sizes (-Xss)
#   Set larger code cache with -XX:ReservedCodeCacheSize=
#   JVM is running with Unscaled Compressed Oops mode in which the Java heap is
#     placed in the first 4GB address space. The Java Heap base address is the
#     maximum limit for the native heap growth. Please use -XX:HeapBaseMinAddress
#     to set the Java Heap base and to place the Java Heap above 4GB virtual address.
# This output file may be truncated or incomplete.
#
#  Out of Memory Error (arena.cpp:189), pid=10800, tid=16864
#
# JRE version: Java(TM) SE Runtime Environment (17.0.8+9) (build 17.0.8+9-LTS-211)
# Java VM: Java HotSpot(TM) 64-Bit Server VM (17.0.8+9-LTS-211, mixed mode, sharing, tiered, compressed oops, compressed class ptrs, g1 gc, windows-amd64)
# No core dump will be written. Minidumps are not enabled by default on client versions of Windows
#

---------------  S U M M A R Y ------------

Command Line: --add-opens=java.base/java.util=ALL-UNNAMED --add-opens=java.base/java.lang=ALL-UNNAMED --add-opens=java.base/java.lang.invoke=ALL-UNNAMED --add-opens=java.prefs/java.util.prefs=ALL-UNNAMED --add-opens=java.base/java.nio.charset=ALL-UNNAMED --add-opens=java.base/java.net=ALL-UNNAMED --add-opens=java.base/java.util.concurrent.atomic=ALL-UNNAMED -XX:MaxMetaspaceSize=384m -XX:+HeapDumpOnOutOfMemoryError -Xms256m -Xmx512m -Dfile.encoding=windows-1252 -Duser.country=US -Duser.language=en -Duser.variant -javaagent:C:\Users\LENOVO\.gradle\wrapper\dists\gradle-8.7-bin\bhs2wmbdwecv87pi65oeuq5iu\gradle-8.7\lib\agents\gradle-instrumentation-agent-8.7.jar org.gradle.launcher.daemon.bootstrap.GradleDaemon 8.7

Host: Intel(R) Core(TM) i7-1065G7 CPU @ 1.30GHz, 8 cores, 19G,  Windows 11 , 64 bit Build 22621 (10.0.22621.3374)
Time: Fri May 17 13:04:08 2024 SE Asia Standard Time elapsed time: 540.923503 seconds (0d 0h 9m 0s)

---------------  T H R E A D  ---------------

Current thread (0x00000272e196bec0):  JavaThread "C2 CompilerThread0" daemon [_thread_in_native, id=16864, stack(0x000000e2efe00000,0x000000e2eff00000)]


Current CompileTask:
C2: 540923 11392       4       org.gradle.internal.io.ExponentialBackoff::retryUntil (65 bytes)

Stack: [0x000000e2efe00000,0x000000e2eff00000]
Native frames: (J=compiled Java code, j=interpreted, Vv=VM code, C=native code)
V  [jvm.dll+0x677d0a]
V  [jvm.dll+0x7d8c54]
V  [jvm.dll+0x7da3fe]
V  [jvm.dll+0x7daa63]
V  [jvm.dll+0x245c5f]
V  [jvm.dll+0xaaa6b]
V  [jvm.dll+0xab00c]
V  [jvm.dll+0x2ab5cf]
V  [jvm.dll+0x580435]
V  [jvm.dll+0x220b22]
V  [jvm.dll+0x220eff]
V  [jvm.dll+0x219e56]
V  [jvm.dll+0x217329]
V  [jvm.dll+0x1a3af0]
V  [jvm.dll+0x2270be]
V  [jvm.dll+0x22535b]
V  [jvm.dll+0x78e7bc]
V  [jvm.dll+0x788bba]
V  [jvm.dll+0x676b35]
C  [ucrtbase.dll+0x29333]
C  [KERNEL32.DLL+0x1257d]
C  [ntdll.dll+0x5aa48]


---------------  P R O C E S S  ---------------

Threads class SMR info:
_java_thread_list=0x00000272ffa18870, length=133, elements={
0x00000272c7077850, 0x00000272e194a850, 0x00000272e194b400, 0x00000272e1965100,
0x00000272e1965cb0, 0x00000272e1968770, 0x00000272e196b130, 0x00000272e196bec0,
0x00000272e196c960, 0x00000272e1ae0040, 0x00000272e1934980, 0x00000272e1c1cda0,
0x00000272fc874aa0, 0x00000272e1cafd40, 0x00000272e1cae530, 0x00000272e1caea00,
0x00000272e1cb1550, 0x00000272e1cb1080, 0x00000272e1caf3a0, 0x00000272e1cb06e0,
0x00000272fe6bfa80, 0x00000272fe6c4780, 0x00000272fe6c08f0, 0x00000272fe6c2100,
0x00000272fe6c0dc0, 0x00000272fe6c25d0, 0x00000272fe6c6460, 0x00000272fe6c6e00,
0x00000272fe6c3910, 0x00000272fe6c3de0, 0x00000272fcb79f90, 0x00000272fcb80e40,
0x00000272fe205e90, 0x00000272fe203810, 0x00000272fe206830, 0x00000272fe1ff4b0,
0x00000272fe201190, 0x00000272fe1ff980, 0x00000272fe201660, 0x00000272fe2041b0,
0x00000272fe1fefe0, 0x00000272fe2029a0, 0x00000272fe201b30, 0x00000272fe200320,
0x00000272fe203ce0, 0x00000272fe202e70, 0x00000272fe203340, 0x00000272fe2007f0,
0x00000272fe202000, 0x00000272fe204680, 0x00000272fe205020, 0x00000272fe2059c0,
0x00000272fe2054f0, 0x00000272fe206360, 0x00000272fcb7d950, 0x00000272fcb7cfb0,
0x00000272fcb7c610, 0x00000272fcb7cae0, 0x00000272fcb817e0, 0x00000272fcb7a930,
0x00000272fcb7d480, 0x00000272fcb7c140, 0x00000272fcb7ae00, 0x00000272fcb804a0,
0x00000272fcb80970, 0x00000272fcb7b7a0, 0x00000272fcb7ffd0, 0x00000272fcb81310,
0x00000272fcb7ec90, 0x00000272fcb7f630, 0x00000272fcb7fb00, 0x00000272fcb7a460,
0x00000272fcb7de20, 0x00000272fcb7e2f0, 0x00000272fcb7b2d0, 0x00000272fcb7bc70,
0x00000272fcb7e7c0, 0x00000272fcb7f160, 0x00000272fe6c1290, 0x00000272fe6c1760,
0x00000272fe6c2f70, 0x00000272fe6c3440, 0x00000272fe6c4c50, 0x00000272fe6c5120,
0x00000272fe6c5ac0, 0x00000272fe6c5f90, 0x00000272fe6c6930, 0x00000272fe6c72d0,
0x00000272fe7cb420, 0x00000272fe7ca0e0, 0x00000272fe7c8da0, 0x00000272fe7ca5b0,
0x00000272fe7caa80, 0x00000272fe7caf50, 0x00000272fe7c9270, 0x00000272fe7c9740,
0x00000272fe7c9c10, 0x00000272e1caeed0, 0x00000272e1cb1a20, 0x00000272e1caf870,
0x00000272e1cae060, 0x00000272e1cb0bb0, 0x00000272e1cb0210, 0x00000272fbc828e0,
0x00000272fbc80260, 0x00000272fbc80730, 0x00000272fbc7e580, 0x00000272fbc7c3d0,
0x00000272fbc7d240, 0x00000272fbc7cd70, 0x00000272fbc7d710, 0x00000272fbc7ea50,
0x00000272fbc7ba30, 0x00000272fbc80c00, 0x00000272fbc81f40, 0x00000272fbc7dbe0,
0x00000272fbc7b090, 0x00000272fbc7f8c0, 0x00000272fbc7ef20, 0x00000272fbc7f3f0,
0x00000272fbc810d0, 0x00000272fbc7e0b0, 0x00000272fbc7fd90, 0x00000272fbc82410,
0x00000272fbc7b560, 0x00000272fbc815a0, 0x00000272fbc81a70, 0x00000272fbc7c8a0,
0x00000272fd56fe70, 0x00000272fd56d320, 0x00000272fd56c4b0, 0x00000272fd5729c0,
0x00000272fd56c980
}

Java Threads: ( => current thread )
  0x00000272c7077850 JavaThread "main" [_thread_blocked, id=28388, stack(0x000000e2ef100000,0x000000e2ef200000)]
  0x00000272e194a850 JavaThread "Reference Handler" daemon [_thread_blocked, id=7964, stack(0x000000e2ef800000,0x000000e2ef900000)]
  0x00000272e194b400 JavaThread "Finalizer" daemon [_thread_blocked, id=5768, stack(0x000000e2ef900000,0x000000e2efa00000)]
  0x00000272e1965100 JavaThread "Signal Dispatcher" daemon [_thread_blocked, id=8516, stack(0x000000e2efa00000,0x000000e2efb00000)]
  0x00000272e1965cb0 JavaThread "Attach Listener" daemon [_thread_blocked, id=21396, stack(0x000000e2efb00000,0x000000e2efc00000)]
  0x00000272e1968770 JavaThread "Service Thread" daemon [_thread_blocked, id=5984, stack(0x000000e2efc00000,0x000000e2efd00000)]
  0x00000272e196b130 JavaThread "Monitor Deflation Thread" daemon [_thread_blocked, id=33772, stack(0x000000e2efd00000,0x000000e2efe00000)]
=>0x00000272e196bec0 JavaThread "C2 CompilerThread0" daemon [_thread_in_native, id=16864, stack(0x000000e2efe00000,0x000000e2eff00000)]
  0x00000272e196c960 JavaThread "C1 CompilerThread0" daemon [_thread_blocked, id=23648, stack(0x000000e2eff00000,0x000000e2f0000000)]
  0x00000272e1ae0040 JavaThread "Sweeper thread" daemon [_thread_blocked, id=29300, stack(0x000000e2f0000000,0x000000e2f0100000)]
  0x00000272e1934980 JavaThread "Common-Cleaner" daemon [_thread_blocked, id=10096, stack(0x000000e2f0100000,0x000000e2f0200000)]
  0x00000272e1c1cda0 JavaThread "Notification Thread" daemon [_thread_blocked, id=30288, stack(0x000000e2f0200000,0x000000e2f0300000)]
  0x00000272fc874aa0 JavaThread "Daemon health stats" [_thread_blocked, id=20856, stack(0x000000e2f0400000,0x000000e2f0500000)]
  0x00000272e1cafd40 JavaThread "Incoming local TCP Connector on port 51162" [_thread_in_native, id=22484, stack(0x000000e2f0a00000,0x000000e2f0b00000)]
  0x00000272e1cae530 JavaThread "Daemon periodic checks" [_thread_blocked, id=1820, stack(0x000000e2f0b00000,0x000000e2f0c00000)]
  0x00000272e1caea00 JavaThread "Daemon" [_thread_blocked, id=29324, stack(0x000000e2f0c00000,0x000000e2f0d00000)]
  0x00000272e1cb1550 JavaThread "Daemon worker" [_thread_blocked, id=11712, stack(0x000000e2f0f00000,0x000000e2f1000000)]
  0x00000272e1cb1080 JavaThread "Cache worker for journal cache (C:\Users\LENOVO\.gradle\caches\journal-1)" [_thread_blocked, id=11340, stack(0x000000e2f1300000,0x000000e2f1400000)]
  0x00000272e1caf3a0 JavaThread "File lock request listener" [_thread_in_native, id=32716, stack(0x000000e2f1400000,0x000000e2f1500000)]
  0x00000272e1cb06e0 JavaThread "Cache worker for file hash cache (C:\Users\LENOVO\.gradle\caches\8.7\fileHashes)" [_thread_blocked, id=29116, stack(0x000000e2f1500000,0x000000e2f1600000)]
  0x00000272fe6bfa80 JavaThread "File watcher server" daemon [_thread_in_native, id=21264, stack(0x000000e2f1900000,0x000000e2f1a00000)]
  0x00000272fe6c4780 JavaThread "File watcher consumer" daemon [_thread_blocked, id=18748, stack(0x000000e2f1a00000,0x000000e2f1b00000)]
  0x00000272fe6c08f0 JavaThread "Cache worker for file content cache (C:\Users\LENOVO\.gradle\caches\8.7\fileContent)" [_thread_blocked, id=16772, stack(0x000000e2f1f00000,0x000000e2f2000000)]
  0x00000272fe6c2100 JavaThread "jar transforms" [_thread_blocked, id=6016, stack(0x000000e2f2200000,0x000000e2f2300000)]
  0x00000272fe6c0dc0 JavaThread "jar transforms Thread 2" [_thread_blocked, id=28788, stack(0x000000e2eef00000,0x000000e2ef000000)]
  0x00000272fe6c25d0 JavaThread "jar transforms Thread 3" [_thread_blocked, id=36196, stack(0x000000e2f2300000,0x000000e2f2400000)]
  0x00000272fe6c6460 JavaThread "jar transforms Thread 4" [_thread_blocked, id=23384, stack(0x000000e2f2000000,0x000000e2f2100000)]
  0x00000272fe6c6e00 JavaThread "jar transforms Thread 5" [_thread_blocked, id=33924, stack(0x000000e2f2400000,0x000000e2f2500000)]
  0x00000272fe6c3910 JavaThread "jar transforms Thread 6" [_thread_blocked, id=33844, stack(0x000000e2f2500000,0x000000e2f2600000)]
  0x00000272fe6c3de0 JavaThread "jar transforms Thread 7" [_thread_blocked, id=3120, stack(0x000000e2eee00000,0x000000e2eef00000)]
  0x00000272fcb79f90 JavaThread "Memory manager" [_thread_blocked, id=36472, stack(0x000000e2f3700000,0x000000e2f3800000)]
  0x00000272fcb80e40 JavaThread "jar transforms Thread 8" [_thread_blocked, id=32560, stack(0x000000e2f3500000,0x000000e2f3600000)]
  0x00000272fe205e90 JavaThread "Handler for socket connection from /127.0.0.1:51162 to /127.0.0.1:51338" [_thread_in_native, id=21976, stack(0x000000e2f0d00000,0x000000e2f0e00000)]
  0x00000272fe203810 JavaThread "Cancel handler" [_thread_blocked, id=30696, stack(0x000000e2f0e00000,0x000000e2f0f00000)]
  0x00000272fe206830 JavaThread "Asynchronous log dispatcher for DefaultDaemonConnection: socket connection from /127.0.0.1:51162 to /127.0.0.1:51338" [_thread_blocked, id=5236, stack(0x000000e2f1200000,0x000000e2f1300000)]
  0x00000272fe1ff4b0 JavaThread "Stdin handler" [_thread_blocked, id=10816, stack(0x000000e2f1600000,0x000000e2f1700000)]
  0x00000272fe201190 JavaThread "Daemon client event forwarder" [_thread_blocked, id=14920, stack(0x000000e2f2100000,0x000000e2f2200000)]
  0x00000272fe1ff980 JavaThread "Cache worker for file hash cache (D:\DoAnKienTruc\sa-microservices-arch\student-service\.gradle\8.7\fileHashes)" [_thread_blocked, id=4020, stack(0x000000e2f2600000,0x000000e2f2700000)]
  0x00000272fe201660 JavaThread "Cache worker for checksums cache (D:\DoAnKienTruc\sa-microservices-arch\student-service\.gradle\8.7\checksums)" [_thread_blocked, id=36044, stack(0x000000e2f1d00000,0x000000e2f1e00000)]
  0x00000272fe2041b0 JavaThread "Cache worker for cache directory md-supplier (C:\Users\LENOVO\.gradle\caches\8.7\md-supplier)" [_thread_blocked, id=26636, stack(0x000000e2f2800000,0x000000e2f2900000)]
  0x00000272fe1fefe0 JavaThread "Cache worker for cache directory md-rule (C:\Users\LENOVO\.gradle\caches\8.7\md-rule)" [_thread_blocked, id=25328, stack(0x000000e2f2900000,0x000000e2f2a00000)]
  0x00000272fe2029a0 JavaThread "Cache worker for Build Output Cleanup Cache (D:\DoAnKienTruc\sa-microservices-arch\student-service\.gradle\buildOutputCleanup)" [_thread_blocked, id=6812, stack(0x000000e2f1000000,0x000000e2f1100000)]
  0x00000272fe201b30 JavaThread "Unconstrained build operations" [_thread_blocked, id=38900, stack(0x000000e2f1100000,0x000000e2f1200000)]
  0x00000272fe200320 JavaThread "Unconstrained build operations Thread 2" [_thread_blocked, id=38904, stack(0x000000e2f1c00000,0x000000e2f1d00000)]
  0x00000272fe203ce0 JavaThread "Unconstrained build operations Thread 3" [_thread_blocked, id=38908, stack(0x000000e2f1e00000,0x000000e2f1f00000)]
  0x00000272fe202e70 JavaThread "Unconstrained build operations Thread 4" [_thread_blocked, id=34028, stack(0x000000e2f2700000,0x000000e2f2800000)]
  0x00000272fe203340 JavaThread "Unconstrained build operations Thread 5" [_thread_blocked, id=37936, stack(0x000000e2f2a00000,0x000000e2f2b00000)]
  0x00000272fe2007f0 JavaThread "Unconstrained build operations Thread 6" [_thread_blocked, id=37932, stack(0x000000e2f2b00000,0x000000e2f2c00000)]
  0x00000272fe202000 JavaThread "Unconstrained build operations Thread 7" [_thread_blocked, id=37952, stack(0x000000e2f2c00000,0x000000e2f2d00000)]
  0x00000272fe204680 JavaThread "File lock release action executor Thread 3" [_thread_blocked, id=24216, stack(0x000000e2f2d00000,0x000000e2f2e00000)]
  0x00000272fe205020 JavaThread "included builds" [_thread_blocked, id=38004, stack(0x000000e2f2f00000,0x000000e2f3000000)]
  0x00000272fe2059c0 JavaThread "Execution worker" [_thread_blocked, id=36932, stack(0x000000e2f3000000,0x000000e2f3100000)]
  0x00000272fe2054f0 JavaThread "Execution worker Thread 2" [_thread_blocked, id=37712, stack(0x000000e2f3100000,0x000000e2f3200000)]
  0x00000272fe206360 JavaThread "Execution worker Thread 3" [_thread_blocked, id=38112, stack(0x000000e2f3200000,0x000000e2f3300000)]
  0x00000272fcb7d950 JavaThread "Execution worker Thread 4" [_thread_blocked, id=18164, stack(0x000000e2f3300000,0x000000e2f3400000)]
  0x00000272fcb7cfb0 JavaThread "Execution worker Thread 5" [_thread_blocked, id=39348, stack(0x000000e2f3400000,0x000000e2f3500000)]
  0x00000272fcb7c610 JavaThread "Execution worker Thread 6" [_thread_blocked, id=39916, stack(0x000000e2f3600000,0x000000e2f3700000)]
  0x00000272fcb7cae0 JavaThread "Execution worker Thread 7" [_thread_blocked, id=37464, stack(0x000000e2f3800000,0x000000e2f3900000)]
  0x00000272fcb817e0 JavaThread "Cache worker for execution history cache (D:\DoAnKienTruc\sa-microservices-arch\student-service\.gradle\8.7\executionHistory)" [_thread_blocked, id=39896, stack(0x000000e2f2e00000,0x000000e2f2f00000)]
  0x00000272fcb7a930 JavaThread "Unconstrained build operations Thread 8" [_thread_blocked, id=32460, stack(0x000000e2ef000000,0x000000e2ef100000)]
  0x00000272fcb7d480 JavaThread "Unconstrained build operations Thread 9" [_thread_blocked, id=39664, stack(0x000000e2f3900000,0x000000e2f3a00000)]
  0x00000272fcb7c140 JavaThread "Unconstrained build operations Thread 10" [_thread_blocked, id=39836, stack(0x000000e2f3a00000,0x000000e2f3b00000)]
  0x00000272fcb7ae00 JavaThread "Unconstrained build operations Thread 11" [_thread_blocked, id=37664, stack(0x000000e2f3b00000,0x000000e2f3c00000)]
  0x00000272fcb804a0 JavaThread "Unconstrained build operations Thread 12" [_thread_blocked, id=37056, stack(0x000000e2f3c00000,0x000000e2f3d00000)]
  0x00000272fcb80970 JavaThread "Unconstrained build operations Thread 13" [_thread_blocked, id=39248, stack(0x000000e2f3d00000,0x000000e2f3e00000)]
  0x00000272fcb7b7a0 JavaThread "Unconstrained build operations Thread 14" [_thread_blocked, id=37716, stack(0x000000e2f3f00000,0x000000e2f4000000)]
  0x00000272fcb7ffd0 JavaThread "Unconstrained build operations Thread 15" [_thread_blocked, id=33688, stack(0x000000e2f4000000,0x000000e2f4100000)]
  0x00000272fcb81310 JavaThread "Unconstrained build operations Thread 16" [_thread_blocked, id=39892, stack(0x000000e2f4100000,0x000000e2f4200000)]
  0x00000272fcb7ec90 JavaThread "Unconstrained build operations Thread 17" [_thread_blocked, id=36148, stack(0x000000e2f4200000,0x000000e2f4300000)]
  0x00000272fcb7f630 JavaThread "Unconstrained build operations Thread 18" [_thread_blocked, id=39412, stack(0x000000e2f4300000,0x000000e2f4400000)]
  0x00000272fcb7fb00 JavaThread "Unconstrained build operations Thread 19" [_thread_blocked, id=17324, stack(0x000000e2f4400000,0x000000e2f4500000)]
  0x00000272fcb7a460 JavaThread "Unconstrained build operations Thread 20" [_thread_blocked, id=28264, stack(0x000000e2f4500000,0x000000e2f4600000)]
  0x00000272fcb7de20 JavaThread "Unconstrained build operations Thread 21" [_thread_blocked, id=39792, stack(0x000000e2f4600000,0x000000e2f4700000)]
  0x00000272fcb7e2f0 JavaThread "Unconstrained build operations Thread 22" [_thread_blocked, id=36840, stack(0x000000e2f4700000,0x000000e2f4800000)]
  0x00000272fcb7b2d0 JavaThread "Unconstrained build operations Thread 23" [_thread_blocked, id=6708, stack(0x000000e2f4800000,0x000000e2f4900000)]
  0x00000272fcb7bc70 JavaThread "Unconstrained build operations Thread 24" [_thread_blocked, id=39124, stack(0x000000e2f4900000,0x000000e2f4a00000)]
  0x00000272fcb7e7c0 JavaThread "Unconstrained build operations Thread 25" [_thread_blocked, id=11044, stack(0x000000e2f4a00000,0x000000e2f4b00000)]
  0x00000272fcb7f160 JavaThread "Unconstrained build operations Thread 26" [_thread_blocked, id=26488, stack(0x000000e2f4b00000,0x000000e2f4c00000)]
  0x00000272fe6c1290 JavaThread "Unconstrained build operations Thread 27" [_thread_blocked, id=39660, stack(0x000000e2f4c00000,0x000000e2f4d00000)]
  0x00000272fe6c1760 JavaThread "Unconstrained build operations Thread 28" [_thread_blocked, id=39672, stack(0x000000e2f4d00000,0x000000e2f4e00000)]
  0x00000272fe6c2f70 JavaThread "Unconstrained build operations Thread 29" [_thread_blocked, id=37688, stack(0x000000e2f4e00000,0x000000e2f4f00000)]
  0x00000272fe6c3440 JavaThread "Unconstrained build operations Thread 30" [_thread_blocked, id=37764, stack(0x000000e2f4f00000,0x000000e2f5000000)]
  0x00000272fe6c4c50 JavaThread "Unconstrained build operations Thread 31" [_thread_blocked, id=39224, stack(0x000000e2f5000000,0x000000e2f5100000)]
  0x00000272fe6c5120 JavaThread "Unconstrained build operations Thread 32" [_thread_blocked, id=37216, stack(0x000000e2f5100000,0x000000e2f5200000)]
  0x00000272fe6c5ac0 JavaThread "Unconstrained build operations Thread 33" [_thread_blocked, id=32900, stack(0x000000e2f5200000,0x000000e2f5300000)]
  0x00000272fe6c5f90 JavaThread "Unconstrained build operations Thread 34" [_thread_blocked, id=19624, stack(0x000000e2f5300000,0x000000e2f5400000)]
  0x00000272fe6c6930 JavaThread "Unconstrained build operations Thread 35" [_thread_blocked, id=37220, stack(0x000000e2f3e00000,0x000000e2f3f00000)]
  0x00000272fe6c72d0 JavaThread "Unconstrained build operations Thread 36" [_thread_blocked, id=39984, stack(0x000000e2f5400000,0x000000e2f5500000)]
  0x00000272fe7cb420 JavaThread "Unconstrained build operations Thread 37" [_thread_blocked, id=39988, stack(0x000000e2f5500000,0x000000e2f5600000)]
  0x00000272fe7ca0e0 JavaThread "Unconstrained build operations Thread 38" [_thread_blocked, id=40000, stack(0x000000e2f5600000,0x000000e2f5700000)]
  0x00000272fe7c8da0 JavaThread "Unconstrained build operations Thread 39" [_thread_blocked, id=40912, stack(0x000000e2f5700000,0x000000e2f5800000)]
  0x00000272fe7ca5b0 JavaThread "Unconstrained build operations Thread 40" [_thread_blocked, id=39960, stack(0x000000e2f5800000,0x000000e2f5900000)]
  0x00000272fe7caa80 JavaThread "Unconstrained build operations Thread 41" [_thread_blocked, id=40324, stack(0x000000e2f5900000,0x000000e2f5a00000)]
  0x00000272fe7caf50 JavaThread "Unconstrained build operations Thread 42" [_thread_blocked, id=40120, stack(0x000000e2f5a00000,0x000000e2f5b00000)]
  0x00000272fe7c9270 JavaThread "Unconstrained build operations Thread 43" [_thread_blocked, id=40232, stack(0x000000e2f5b00000,0x000000e2f5c00000)]
  0x00000272fe7c9740 JavaThread "Unconstrained build operations Thread 44" [_thread_blocked, id=40244, stack(0x000000e2f5c00000,0x000000e2f5d00000)]
  0x00000272fe7c9c10 JavaThread "Unconstrained build operations Thread 45" [_thread_blocked, id=40228, stack(0x000000e2f5d00000,0x000000e2f5e00000)]
  0x00000272e1caeed0 JavaThread "Unconstrained build operations Thread 46" [_thread_blocked, id=40100, stack(0x000000e2f5e00000,0x000000e2f5f00000)]
  0x00000272e1cb1a20 JavaThread "Unconstrained build operations Thread 47" [_thread_blocked, id=33780, stack(0x000000e2f5f00000,0x000000e2f6000000)]
  0x00000272e1caf870 JavaThread "Unconstrained build operations Thread 48" [_thread_blocked, id=22928, stack(0x000000e2f6000000,0x000000e2f6100000)]
  0x00000272e1cae060 JavaThread "Unconstrained build operations Thread 49" [_thread_blocked, id=41052, stack(0x000000e2f6100000,0x000000e2f6200000)]
  0x00000272e1cb0bb0 JavaThread "Unconstrained build operations Thread 50" [_thread_blocked, id=41112, stack(0x000000e2f6200000,0x000000e2f6300000)]
  0x00000272e1cb0210 JavaThread "Unconstrained build operations Thread 51" [_thread_blocked, id=41612, stack(0x000000e2f6300000,0x000000e2f6400000)]
  0x00000272fbc828e0 JavaThread "Unconstrained build operations Thread 52" [_thread_blocked, id=41620, stack(0x000000e2f6400000,0x000000e2f6500000)]
  0x00000272fbc80260 JavaThread "Unconstrained build operations Thread 53" [_thread_blocked, id=41624, stack(0x000000e2f6500000,0x000000e2f6600000)]
  0x00000272fbc80730 JavaThread "Unconstrained build operations Thread 54" [_thread_blocked, id=41628, stack(0x000000e2f6600000,0x000000e2f6700000)]
  0x00000272fbc7e580 JavaThread "Unconstrained build operations Thread 55" [_thread_blocked, id=41632, stack(0x000000e2f6700000,0x000000e2f6800000)]
  0x00000272fbc7c3d0 JavaThread "Unconstrained build operations Thread 56" [_thread_blocked, id=41636, stack(0x000000e2f6800000,0x000000e2f6900000)]
  0x00000272fbc7d240 JavaThread "Unconstrained build operations Thread 57" [_thread_blocked, id=41640, stack(0x000000e2f6900000,0x000000e2f6a00000)]
  0x00000272fbc7cd70 JavaThread "Unconstrained build operations Thread 58" [_thread_blocked, id=41644, stack(0x000000e2f6a00000,0x000000e2f6b00000)]
  0x00000272fbc7d710 JavaThread "Unconstrained build operations Thread 59" [_thread_blocked, id=41680, stack(0x000000e2f6b00000,0x000000e2f6c00000)]
  0x00000272fbc7ea50 JavaThread "Unconstrained build operations Thread 60" [_thread_blocked, id=39292, stack(0x000000e2f6c00000,0x000000e2f6d00000)]
  0x00000272fbc7ba30 JavaThread "Unconstrained build operations Thread 61" [_thread_blocked, id=40460, stack(0x000000e2f6d00000,0x000000e2f6e00000)]
  0x00000272fbc80c00 JavaThread "Unconstrained build operations Thread 62" [_thread_blocked, id=40908, stack(0x000000e2f6e00000,0x000000e2f6f00000)]
  0x00000272fbc81f40 JavaThread "Unconstrained build operations Thread 63" [_thread_blocked, id=41152, stack(0x000000e2f6f00000,0x000000e2f7000000)]
  0x00000272fbc7dbe0 JavaThread "Unconstrained build operations Thread 64" [_thread_blocked, id=41436, stack(0x000000e2f7000000,0x000000e2f7100000)]
  0x00000272fbc7b090 JavaThread "Unconstrained build operations Thread 65" [_thread_blocked, id=32868, stack(0x000000e2f7100000,0x000000e2f7200000)]
  0x00000272fbc7f8c0 JavaThread "Unconstrained build operations Thread 66" [_thread_blocked, id=1564, stack(0x000000e2f7200000,0x000000e2f7300000)]
  0x00000272fbc7ef20 JavaThread "Unconstrained build operations Thread 67" [_thread_blocked, id=41412, stack(0x000000e2f7300000,0x000000e2f7400000)]
  0x00000272fbc7f3f0 JavaThread "Unconstrained build operations Thread 68" [_thread_blocked, id=41740, stack(0x000000e2f7400000,0x000000e2f7500000)]
  0x00000272fbc810d0 JavaThread "Unconstrained build operations Thread 69" [_thread_blocked, id=37740, stack(0x000000e2f7500000,0x000000e2f7600000)]
  0x00000272fbc7e0b0 JavaThread "File lock release action executor Thread 4" [_thread_blocked, id=23152, stack(0x000000e2f7600000,0x000000e2f7700000)]
  0x00000272fbc7fd90 JavaThread "Unconstrained build operations Thread 70" [_thread_blocked, id=41964, stack(0x000000e2f7700000,0x000000e2f7800000)]
  0x00000272fbc82410 JavaThread "Unconstrained build operations Thread 71" [_thread_blocked, id=40848, stack(0x000000e2f7800000,0x000000e2f7900000)]
  0x00000272fbc7b560 JavaThread "Unconstrained build operations Thread 72" [_thread_blocked, id=32608, stack(0x000000e2f7900000,0x000000e2f7a00000)]
  0x00000272fbc815a0 JavaThread "Unconstrained build operations Thread 73" [_thread_blocked, id=26892, stack(0x000000e2f7a00000,0x000000e2f7b00000)]
  0x00000272fbc81a70 JavaThread "Unconstrained build operations Thread 74" [_thread_blocked, id=5652, stack(0x000000e2f7b00000,0x000000e2f7c00000)]
  0x00000272fbc7c8a0 JavaThread "Unconstrained build operations Thread 75" [_thread_blocked, id=12680, stack(0x000000e2f7c00000,0x000000e2f7d00000)]
  0x00000272fd56fe70 JavaThread "Unconstrained build operations Thread 76" [_thread_blocked, id=16524, stack(0x000000e2f7d00000,0x000000e2f7e00000)]
  0x00000272fd56d320 JavaThread "Unconstrained build operations Thread 77" [_thread_blocked, id=37792, stack(0x000000e2f7e00000,0x000000e2f7f00000)]
  0x00000272fd56c4b0 JavaThread "Unconstrained build operations Thread 78" [_thread_blocked, id=18292, stack(0x000000e2f7f00000,0x000000e2f8000000)]
  0x00000272fd5729c0 JavaThread "Unconstrained build operations Thread 79" [_thread_blocked, id=42896, stack(0x000000e2f8100000,0x000000e2f8200000)]
  0x00000272fd56c980 JavaThread "Unconstrained build operations Thread 80" [_thread_blocked, id=42644, stack(0x000000e2f8200000,0x000000e2f8300000)]

Other Threads:
  0x00000272e19461f0 VMThread "VM Thread" [stack: 0x000000e2ef700000,0x000000e2ef800000] [id=19796]
  0x00000272c70794e0 WatcherThread [stack: 0x000000e2f0300000,0x000000e2f0400000] [id=13100]
  0x00000272c70a71f0 GCTaskThread "GC Thread#0" [stack: 0x000000e2ef200000,0x000000e2ef300000] [id=25392]
  0x00000272fc0c8ee0 GCTaskThread "GC Thread#1" [stack: 0x000000e2f0500000,0x000000e2f0600000] [id=8036]
  0x00000272fc0c9190 GCTaskThread "GC Thread#2" [stack: 0x000000e2f0600000,0x000000e2f0700000] [id=20220]
  0x00000272fba124a0 GCTaskThread "GC Thread#3" [stack: 0x000000e2f0700000,0x000000e2f0800000] [id=6480]
  0x00000272fba12750 GCTaskThread "GC Thread#4" [stack: 0x000000e2f0800000,0x000000e2f0900000] [id=20928]
  0x00000272fba12a00 GCTaskThread "GC Thread#5" [stack: 0x000000e2f0900000,0x000000e2f0a00000] [id=31324]
  0x00000272fe9342f0 GCTaskThread "GC Thread#6" [stack: 0x000000e2f1700000,0x000000e2f1800000] [id=23936]
  0x00000272fe6be2b0 GCTaskThread "GC Thread#7" [stack: 0x000000e2f1800000,0x000000e2f1900000] [id=4992]
  0x00000272c70ac130 ConcurrentGCThread "G1 Main Marker" [stack: 0x000000e2ef300000,0x000000e2ef400000] [id=25424]
  0x00000272c70acb40 ConcurrentGCThread "G1 Conc#0" [stack: 0x000000e2ef400000,0x000000e2ef500000] [id=18624]
  0x00000272fe6bd7f0 ConcurrentGCThread "G1 Conc#1" [stack: 0x000000e2f1b00000,0x000000e2f1c00000] [id=32116]
  0x00000272c713ddb0 ConcurrentGCThread "G1 Refine#0" [stack: 0x000000e2ef500000,0x000000e2ef600000] [id=14424]
  0x00000272fe3a8620 ConcurrentGCThread "G1 Refine#1" [stack: 0x000000e2f8300000,0x000000e2f8400000] [id=31252]
  0x00000272fe3a9a40 ConcurrentGCThread "G1 Refine#2" [stack: 0x000000e2f8400000,0x000000e2f8500000] [id=29004]
  0x00000272c713e7d0 ConcurrentGCThread "G1 Service" [stack: 0x000000e2ef600000,0x000000e2ef700000] [id=18900]

Threads with active compile tasks:
C2 CompilerThread0   540981 11392       4       org.gradle.internal.io.ExponentialBackoff::retryUntil (65 bytes)

VM state: not at safepoint (normal execution)

VM Mutex/Monitor currently owned by a thread: None

Heap address: 0x00000000e0000000, size: 512 MB, Compressed Oops mode: 32-bit

CDS archive(s) mapped at: [0x00000272e2000000-0x00000272e2bd0000-0x00000272e2bd0000), size 12386304, SharedBaseAddress: 0x00000272e2000000, ArchiveRelocationMode: 1.
Compressed class space mapped at: 0x00000272e3000000-0x00000272f7000000, reserved size: 335544320
Narrow klass base: 0x00000272e2000000, Narrow klass shift: 0, Narrow klass range: 0x100000000

GC Precious Log:
 CPUs: 8 total, 8 available
 Memory: 20222M
 Large Page Support: Disabled
 NUMA Support: Disabled
 Compressed Oops: Enabled (32-bit)
 Heap Region Size: 1M
 Heap Min Capacity: 256M
 Heap Initial Capacity: 256M
 Heap Max Capacity: 512M
 Pre-touch: Disabled
 Parallel Workers: 8
 Concurrent Workers: 2
 Concurrent Refinement Workers: 8
 Periodic GC: Disabled

Heap:
 garbage-first heap   total 262144K, used 73151K [0x00000000e0000000, 0x0000000100000000)
  region size 1024K, 24 young (24576K), 17 survivors (17408K)
 Metaspace       used 56195K, committed 56768K, reserved 393216K
  class space    used 7730K, committed 8064K, reserved 327680K

Heap Regions: E=young(eden), S=young(survivor), O=old, HS=humongous(starts), HC=humongous(continues), CS=collection set, F=free, OA=open archive, CA=closed archive, TAMS=top-at-mark-start (previous, next)
|   0|0x00000000e0000000, 0x00000000e0100000, 0x00000000e0100000|100%|HS|  |TAMS 0x00000000e0100000, 0x00000000e0000000| Complete 
|   1|0x00000000e0100000, 0x00000000e0200000, 0x00000000e0200000|100%|HC|  |TAMS 0x00000000e0200000, 0x00000000e0100000| Complete 
|   2|0x00000000e0200000, 0x00000000e0300000, 0x00000000e0300000|100%|HC|  |TAMS 0x00000000e0300000, 0x00000000e0200000| Complete 
|   3|0x00000000e0300000, 0x00000000e0400000, 0x00000000e0400000|100%|HC|  |TAMS 0x00000000e0400000, 0x00000000e0300000| Complete 
|   4|0x00000000e0400000, 0x00000000e0500000, 0x00000000e0500000|100%| O|  |TAMS 0x00000000e0500000, 0x00000000e0400000| Untracked 
|   5|0x00000000e0500000, 0x00000000e0600000, 0x00000000e0600000|100%| O|  |TAMS 0x00000000e0600000, 0x00000000e0500000| Untracked 
|   6|0x00000000e0600000, 0x00000000e0700000, 0x00000000e0700000|100%| O|  |TAMS 0x00000000e0700000, 0x00000000e0600000| Untracked 
|   7|0x00000000e0700000, 0x00000000e0800000, 0x00000000e0800000|100%| O|  |TAMS 0x00000000e0800000, 0x00000000e0700000| Untracked 
|   8|0x00000000e0800000, 0x00000000e0900000, 0x00000000e0900000|100%| O|  |TAMS 0x00000000e0900000, 0x00000000e0800000| Untracked 
|   9|0x00000000e0900000, 0x00000000e0a00000, 0x00000000e0a00000|100%| O|  |TAMS 0x00000000e0a00000, 0x00000000e0900000| Untracked 
|  10|0x00000000e0a00000, 0x00000000e0b00000, 0x00000000e0b00000|100%| O|  |TAMS 0x00000000e0b00000, 0x00000000e0a00000| Untracked 
|  11|0x00000000e0b00000, 0x00000000e0c00000, 0x00000000e0c00000|100%| O|  |TAMS 0x00000000e0c00000, 0x00000000e0b00000| Untracked 
|  12|0x00000000e0c00000, 0x00000000e0d00000, 0x00000000e0d00000|100%| O|  |TAMS 0x00000000e0d00000, 0x00000000e0c00000| Untracked 
|  13|0x00000000e0d00000, 0x00000000e0e00000, 0x00000000e0e00000|100%| O|  |TAMS 0x00000000e0e00000, 0x00000000e0d00000| Untracked 
|  14|0x00000000e0e00000, 0x00000000e0f00000, 0x00000000e0f00000|100%| O|  |TAMS 0x00000000e0f00000, 0x00000000e0e00000| Untracked 
|  15|0x00000000e0f00000, 0x00000000e1000000, 0x00000000e1000000|100%| O|  |TAMS 0x00000000e1000000, 0x00000000e0f00000| Untracked 
|  16|0x00000000e1000000, 0x00000000e1100000, 0x00000000e1100000|100%| O|  |TAMS 0x00000000e1100000, 0x00000000e1000000| Untracked 
|  17|0x00000000e1100000, 0x00000000e1200000, 0x00000000e1200000|100%| O|  |TAMS 0x00000000e1200000, 0x00000000e1100000| Untracked 
|  18|0x00000000e1200000, 0x00000000e1300000, 0x00000000e1300000|100%| O|  |TAMS 0x00000000e1300000, 0x00000000e1200000| Untracked 
|  19|0x00000000e1300000, 0x00000000e1400000, 0x00000000e1400000|100%| O|  |TAMS 0x00000000e1400000, 0x00000000e1300000| Untracked 
|  20|0x00000000e1400000, 0x00000000e1500000, 0x00000000e1500000|100%| O|  |TAMS 0x00000000e1500000, 0x00000000e1400000| Untracked 
|  21|0x00000000e1500000, 0x00000000e1600000, 0x00000000e1600000|100%| O|  |TAMS 0x00000000e15c2800, 0x00000000e1500000| Untracked 
|  22|0x00000000e1600000, 0x00000000e1700000, 0x00000000e1700000|100%| O|  |TAMS 0x00000000e1600000, 0x00000000e1600000| Untracked 
|  23|0x00000000e1700000, 0x00000000e1800000, 0x00000000e1800000|100%| O|  |TAMS 0x00000000e1700000, 0x00000000e1700000| Untracked 
|  24|0x00000000e1800000, 0x00000000e1900000, 0x00000000e1900000|100%| O|  |TAMS 0x00000000e1800000, 0x00000000e1800000| Untracked 
|  25|0x00000000e1900000, 0x00000000e1a00000, 0x00000000e1a00000|100%| O|  |TAMS 0x00000000e1900000, 0x00000000e1900000| Untracked 
|  26|0x00000000e1a00000, 0x00000000e1b00000, 0x00000000e1b00000|100%| O|  |TAMS 0x00000000e1a00000, 0x00000000e1a00000| Untracked 
|  27|0x00000000e1b00000, 0x00000000e1c00000, 0x00000000e1c00000|100%| O|  |TAMS 0x00000000e1b00000, 0x00000000e1b00000| Untracked 
|  28|0x00000000e1c00000, 0x00000000e1d00000, 0x00000000e1d00000|100%| O|  |TAMS 0x00000000e1c00000, 0x00000000e1c00000| Untracked 
|  29|0x00000000e1d00000, 0x00000000e1e00000, 0x00000000e1e00000|100%| O|  |TAMS 0x00000000e1d00000, 0x00000000e1d00000| Untracked 
|  30|0x00000000e1e00000, 0x00000000e1f00000, 0x00000000e1f00000|100%| O|  |TAMS 0x00000000e1e00000, 0x00000000e1e00000| Untracked 
|  31|0x00000000e1f00000, 0x00000000e2000000, 0x00000000e2000000|100%| O|  |TAMS 0x00000000e1f00000, 0x00000000e1f00000| Untracked 
|  32|0x00000000e2000000, 0x00000000e2100000, 0x00000000e2100000|100%| O|  |TAMS 0x00000000e2000000, 0x00000000e2000000| Untracked 
|  33|0x00000000e2100000, 0x00000000e2200000, 0x00000000e2200000|100%| O|  |TAMS 0x00000000e2100000, 0x00000000e2100000| Untracked 
|  34|0x00000000e2200000, 0x00000000e2300000, 0x00000000e2300000|100%| O|  |TAMS 0x00000000e2200000, 0x00000000e2200000| Untracked 
|  35|0x00000000e2300000, 0x00000000e2400000, 0x00000000e2400000|100%| O|  |TAMS 0x00000000e2300000, 0x00000000e2300000| Untracked 
|  36|0x00000000e2400000, 0x00000000e2500000, 0x00000000e2500000|100%| O|  |TAMS 0x00000000e2400000, 0x00000000e2400000| Untracked 
|  37|0x00000000e2500000, 0x00000000e2600000, 0x00000000e2600000|100%| O|  |TAMS 0x00000000e2500000, 0x00000000e2500000| Untracked 
|  38|0x00000000e2600000, 0x00000000e2700000, 0x00000000e2700000|100%| O|  |TAMS 0x00000000e2600000, 0x00000000e2600000| Untracked 
|  39|0x00000000e2700000, 0x00000000e2800000, 0x00000000e2800000|100%| O|  |TAMS 0x00000000e2700000, 0x00000000e2700000| Untracked 
|  40|0x00000000e2800000, 0x00000000e2900000, 0x00000000e2900000|100%| O|  |TAMS 0x00000000e2800000, 0x00000000e2800000| Untracked 
|  41|0x00000000e2900000, 0x00000000e2a00000, 0x00000000e2a00000|100%| O|  |TAMS 0x00000000e2900000, 0x00000000e2900000| Untracked 
|  42|0x00000000e2a00000, 0x00000000e2b00000, 0x00000000e2b00000|100%| O|  |TAMS 0x00000000e2a00000, 0x00000000e2a00000| Untracked 
|  43|0x00000000e2b00000, 0x00000000e2c00000, 0x00000000e2c00000|100%| O|  |TAMS 0x00000000e2b00000, 0x00000000e2b00000| Untracked 
|  44|0x00000000e2c00000, 0x00000000e2d00000, 0x00000000e2d00000|100%| O|  |TAMS 0x00000000e2c00000, 0x00000000e2c00000| Untracked 
|  45|0x00000000e2d00000, 0x00000000e2e00000, 0x00000000e2e00000|100%| O|  |TAMS 0x00000000e2d00000, 0x00000000e2d00000| Untracked 
|  46|0x00000000e2e00000, 0x00000000e2f00000, 0x00000000e2f00000|100%| O|  |TAMS 0x00000000e2e00000, 0x00000000e2e00000| Untracked 
|  47|0x00000000e2f00000, 0x00000000e3000000, 0x00000000e3000000|100%| O|  |TAMS 0x00000000e2f00000, 0x00000000e2f00000| Untracked 
|  48|0x00000000e3000000, 0x00000000e30e7600, 0x00000000e3100000| 90%| O|  |TAMS 0x00000000e3000000, 0x00000000e3000000| Untracked 
|  49|0x00000000e3100000, 0x00000000e3100000, 0x00000000e3200000|  0%| F|  |TAMS 0x00000000e3100000, 0x00000000e3100000| Untracked 
|  50|0x00000000e3200000, 0x00000000e3200000, 0x00000000e3300000|  0%| F|  |TAMS 0x00000000e3200000, 0x00000000e3200000| Untracked 
|  51|0x00000000e3300000, 0x00000000e3300000, 0x00000000e3400000|  0%| F|  |TAMS 0x00000000e3300000, 0x00000000e3300000| Untracked 
|  52|0x00000000e3400000, 0x00000000e3400000, 0x00000000e3500000|  0%| F|  |TAMS 0x00000000e3400000, 0x00000000e3400000| Untracked 
|  53|0x00000000e3500000, 0x00000000e3500000, 0x00000000e3600000|  0%| F|  |TAMS 0x00000000e3500000, 0x00000000e3500000| Untracked 
|  54|0x00000000e3600000, 0x00000000e3600000, 0x00000000e3700000|  0%| F|  |TAMS 0x00000000e3600000, 0x00000000e3600000| Untracked 
|  55|0x00000000e3700000, 0x00000000e3700000, 0x00000000e3800000|  0%| F|  |TAMS 0x00000000e3700000, 0x00000000e3700000| Untracked 
|  56|0x00000000e3800000, 0x00000000e3800000, 0x00000000e3900000|  0%| F|  |TAMS 0x00000000e3800000, 0x00000000e3800000| Untracked 
|  57|0x00000000e3900000, 0x00000000e3900000, 0x00000000e3a00000|  0%| F|  |TAMS 0x00000000e3900000, 0x00000000e3900000| Untracked 
|  58|0x00000000e3a00000, 0x00000000e3a00000, 0x00000000e3b00000|  0%| F|  |TAMS 0x00000000e3a00000, 0x00000000e3a00000| Untracked 
|  59|0x00000000e3b00000, 0x00000000e3b00000, 0x00000000e3c00000|  0%| F|  |TAMS 0x00000000e3b00000, 0x00000000e3b00000| Untracked 
|  60|0x00000000e3c00000, 0x00000000e3c00000, 0x00000000e3d00000|  0%| F|  |TAMS 0x00000000e3c00000, 0x00000000e3c00000| Untracked 
|  61|0x00000000e3d00000, 0x00000000e3d00000, 0x00000000e3e00000|  0%| F|  |TAMS 0x00000000e3d00000, 0x00000000e3d00000| Untracked 
|  62|0x00000000e3e00000, 0x00000000e3e00000, 0x00000000e3f00000|  0%| F|  |TAMS 0x00000000e3e00000, 0x00000000e3e00000| Untracked 
|  63|0x00000000e3f00000, 0x00000000e3f00000, 0x00000000e4000000|  0%| F|  |TAMS 0x00000000e3f00000, 0x00000000e3f00000| Untracked 
|  64|0x00000000e4000000, 0x00000000e4000000, 0x00000000e4100000|  0%| F|  |TAMS 0x00000000e4000000, 0x00000000e4000000| Untracked 
|  65|0x00000000e4100000, 0x00000000e4100000, 0x00000000e4200000|  0%| F|  |TAMS 0x00000000e4100000, 0x00000000e4100000| Untracked 
|  66|0x00000000e4200000, 0x00000000e4200000, 0x00000000e4300000|  0%| F|  |TAMS 0x00000000e4200000, 0x00000000e4200000| Untracked 
|  67|0x00000000e4300000, 0x00000000e4300000, 0x00000000e4400000|  0%| F|  |TAMS 0x00000000e4300000, 0x00000000e4300000| Untracked 
|  68|0x00000000e4400000, 0x00000000e4400000, 0x00000000e4500000|  0%| F|  |TAMS 0x00000000e4400000, 0x00000000e4400000| Untracked 
|  69|0x00000000e4500000, 0x00000000e4500000, 0x00000000e4600000|  0%| F|  |TAMS 0x00000000e4500000, 0x00000000e4500000| Untracked 
|  70|0x00000000e4600000, 0x00000000e4600000, 0x00000000e4700000|  0%| F|  |TAMS 0x00000000e4600000, 0x00000000e4600000| Untracked 
|  71|0x00000000e4700000, 0x00000000e4700000, 0x00000000e4800000|  0%| F|  |TAMS 0x00000000e4700000, 0x00000000e4700000| Untracked 
|  72|0x00000000e4800000, 0x00000000e4800000, 0x00000000e4900000|  0%| F|  |TAMS 0x00000000e4800000, 0x00000000e4800000| Untracked 
|  73|0x00000000e4900000, 0x00000000e4900000, 0x00000000e4a00000|  0%| F|  |TAMS 0x00000000e4900000, 0x00000000e4900000| Untracked 
|  74|0x00000000e4a00000, 0x00000000e4a00000, 0x00000000e4b00000|  0%| F|  |TAMS 0x00000000e4a00000, 0x00000000e4a00000| Untracked 
|  75|0x00000000e4b00000, 0x00000000e4b00000, 0x00000000e4c00000|  0%| F|  |TAMS 0x00000000e4b00000, 0x00000000e4b00000| Untracked 
|  76|0x00000000e4c00000, 0x00000000e4c00000, 0x00000000e4d00000|  0%| F|  |TAMS 0x00000000e4c00000, 0x00000000e4c00000| Untracked 
|  77|0x00000000e4d00000, 0x00000000e4d00000, 0x00000000e4e00000|  0%| F|  |TAMS 0x00000000e4d00000, 0x00000000e4d00000| Untracked 
|  78|0x00000000e4e00000, 0x00000000e4e00000, 0x00000000e4f00000|  0%| F|  |TAMS 0x00000000e4e00000, 0x00000000e4e00000| Untracked 
|  79|0x00000000e4f00000, 0x00000000e4f00000, 0x00000000e5000000|  0%| F|  |TAMS 0x00000000e4f00000, 0x00000000e4f00000| Untracked 
|  80|0x00000000e5000000, 0x00000000e5000000, 0x00000000e5100000|  0%| F|  |TAMS 0x00000000e5000000, 0x00000000e5000000| Untracked 
|  81|0x00000000e5100000, 0x00000000e5100000, 0x00000000e5200000|  0%| F|  |TAMS 0x00000000e5100000, 0x00000000e5100000| Untracked 
|  82|0x00000000e5200000, 0x00000000e5200000, 0x00000000e5300000|  0%| F|  |TAMS 0x00000000e5200000, 0x00000000e5200000| Untracked 
|  83|0x00000000e5300000, 0x00000000e5300000, 0x00000000e5400000|  0%| F|  |TAMS 0x00000000e5300000, 0x00000000e5300000| Untracked 
|  84|0x00000000e5400000, 0x00000000e5400000, 0x00000000e5500000|  0%| F|  |TAMS 0x00000000e5400000, 0x00000000e5400000| Untracked 
|  85|0x00000000e5500000, 0x00000000e5500000, 0x00000000e5600000|  0%| F|  |TAMS 0x00000000e5500000, 0x00000000e5500000| Untracked 
|  86|0x00000000e5600000, 0x00000000e5600000, 0x00000000e5700000|  0%| F|  |TAMS 0x00000000e5600000, 0x00000000e5600000| Untracked 
|  87|0x00000000e5700000, 0x00000000e5700000, 0x00000000e5800000|  0%| F|  |TAMS 0x00000000e5700000, 0x00000000e5700000| Untracked 
|  88|0x00000000e5800000, 0x00000000e5888920, 0x00000000e5900000| 53%| S|CS|TAMS 0x00000000e5800000, 0x00000000e5800000| Complete 
|  89|0x00000000e5900000, 0x00000000e5a00000, 0x00000000e5a00000|100%| S|CS|TAMS 0x00000000e5900000, 0x00000000e5900000| Complete 
|  90|0x00000000e5a00000, 0x00000000e5b00000, 0x00000000e5b00000|100%| S|CS|TAMS 0x00000000e5a00000, 0x00000000e5a00000| Complete 
|  91|0x00000000e5b00000, 0x00000000e5c00000, 0x00000000e5c00000|100%| S|CS|TAMS 0x00000000e5b00000, 0x00000000e5b00000| Complete 
|  92|0x00000000e5c00000, 0x00000000e5d00000, 0x00000000e5d00000|100%| S|CS|TAMS 0x00000000e5c00000, 0x00000000e5c00000| Complete 
|  93|0x00000000e5d00000, 0x00000000e5e00000, 0x00000000e5e00000|100%| S|CS|TAMS 0x00000000e5d00000, 0x00000000e5d00000| Complete 
|  94|0x00000000e5e00000, 0x00000000e5f00000, 0x00000000e5f00000|100%| S|CS|TAMS 0x00000000e5e00000, 0x00000000e5e00000| Complete 
|  95|0x00000000e5f00000, 0x00000000e6000000, 0x00000000e6000000|100%| S|CS|TAMS 0x00000000e5f00000, 0x00000000e5f00000| Complete 
|  96|0x00000000e6000000, 0x00000000e6100000, 0x00000000e6100000|100%| S|CS|TAMS 0x00000000e6000000, 0x00000000e6000000| Complete 
|  97|0x00000000e6100000, 0x00000000e6200000, 0x00000000e6200000|100%| S|CS|TAMS 0x00000000e6100000, 0x00000000e6100000| Complete 
|  98|0x00000000e6200000, 0x00000000e6300000, 0x00000000e6300000|100%| S|CS|TAMS 0x00000000e6200000, 0x00000000e6200000| Complete 
|  99|0x00000000e6300000, 0x00000000e6400000, 0x00000000e6400000|100%| S|CS|TAMS 0x00000000e6300000, 0x00000000e6300000| Complete 
| 100|0x00000000e6400000, 0x00000000e6500000, 0x00000000e6500000|100%| S|CS|TAMS 0x00000000e6400000, 0x00000000e6400000| Complete 
| 101|0x00000000e6500000, 0x00000000e6500000, 0x00000000e6600000|  0%| F|  |TAMS 0x00000000e6500000, 0x00000000e6500000| Untracked 
| 102|0x00000000e6600000, 0x00000000e6600000, 0x00000000e6700000|  0%| F|  |TAMS 0x00000000e6600000, 0x00000000e6600000| Untracked 
| 103|0x00000000e6700000, 0x00000000e6800000, 0x00000000e6800000|100%| S|CS|TAMS 0x00000000e6700000, 0x00000000e6700000| Complete 
| 104|0x00000000e6800000, 0x00000000e6900000, 0x00000000e6900000|100%| S|CS|TAMS 0x00000000e6800000, 0x00000000e6800000| Complete 
| 105|0x00000000e6900000, 0x00000000e6a00000, 0x00000000e6a00000|100%| S|CS|TAMS 0x00000000e6900000, 0x00000000e6900000| Complete 
| 106|0x00000000e6a00000, 0x00000000e6b00000, 0x00000000e6b00000|100%| S|CS|TAMS 0x00000000e6a00000, 0x00000000e6a00000| Complete 
| 107|0x00000000e6b00000, 0x00000000e6b00000, 0x00000000e6c00000|  0%| F|  |TAMS 0x00000000e6b00000, 0x00000000e6b00000| Untracked 
| 108|0x00000000e6c00000, 0x00000000e6c00000, 0x00000000e6d00000|  0%| F|  |TAMS 0x00000000e6c00000, 0x00000000e6c00000| Untracked 
| 109|0x00000000e6d00000, 0x00000000e6d00000, 0x00000000e6e00000|  0%| F|  |TAMS 0x00000000e6d00000, 0x00000000e6d00000| Untracked 
| 110|0x00000000e6e00000, 0x00000000e6e00000, 0x00000000e6f00000|  0%| F|  |TAMS 0x00000000e6e00000, 0x00000000e6e00000| Untracked 
| 111|0x00000000e6f00000, 0x00000000e6f00000, 0x00000000e7000000|  0%| F|  |TAMS 0x00000000e6f00000, 0x00000000e6f00000| Untracked 
| 112|0x00000000e7000000, 0x00000000e7000000, 0x00000000e7100000|  0%| F|  |TAMS 0x00000000e7000000, 0x00000000e7000000| Untracked 
| 113|0x00000000e7100000, 0x00000000e7100000, 0x00000000e7200000|  0%| F|  |TAMS 0x00000000e7100000, 0x00000000e7100000| Untracked 
| 114|0x00000000e7200000, 0x00000000e7200000, 0x00000000e7300000|  0%| F|  |TAMS 0x00000000e7200000, 0x00000000e7200000| Untracked 
| 115|0x00000000e7300000, 0x00000000e7300000, 0x00000000e7400000|  0%| F|  |TAMS 0x00000000e7300000, 0x00000000e7300000| Untracked 
| 116|0x00000000e7400000, 0x00000000e7400000, 0x00000000e7500000|  0%| F|  |TAMS 0x00000000e7400000, 0x00000000e7400000| Untracked 
| 117|0x00000000e7500000, 0x00000000e7500000, 0x00000000e7600000|  0%| F|  |TAMS 0x00000000e7500000, 0x00000000e7500000| Untracked 
| 118|0x00000000e7600000, 0x00000000e7600000, 0x00000000e7700000|  0%| F|  |TAMS 0x00000000e7600000, 0x00000000e7600000| Untracked 
| 119|0x00000000e7700000, 0x00000000e7700000, 0x00000000e7800000|  0%| F|  |TAMS 0x00000000e7700000, 0x00000000e7700000| Untracked 
| 120|0x00000000e7800000, 0x00000000e7800000, 0x00000000e7900000|  0%| F|  |TAMS 0x00000000e7800000, 0x00000000e7800000| Untracked 
| 121|0x00000000e7900000, 0x00000000e7900000, 0x00000000e7a00000|  0%| F|  |TAMS 0x00000000e7900000, 0x00000000e7900000| Untracked 
| 122|0x00000000e7a00000, 0x00000000e7a00000, 0x00000000e7b00000|  0%| F|  |TAMS 0x00000000e7a00000, 0x00000000e7a00000| Untracked 
| 123|0x00000000e7b00000, 0x00000000e7b00000, 0x00000000e7c00000|  0%| F|  |TAMS 0x00000000e7b00000, 0x00000000e7b00000| Untracked 
| 124|0x00000000e7c00000, 0x00000000e7c00000, 0x00000000e7d00000|  0%| F|  |TAMS 0x00000000e7c00000, 0x00000000e7c00000| Untracked 
| 125|0x00000000e7d00000, 0x00000000e7d00000, 0x00000000e7e00000|  0%| F|  |TAMS 0x00000000e7d00000, 0x00000000e7d00000| Untracked 
| 126|0x00000000e7e00000, 0x00000000e7e00000, 0x00000000e7f00000|  0%| F|  |TAMS 0x00000000e7e00000, 0x00000000e7e00000| Untracked 
| 127|0x00000000e7f00000, 0x00000000e7f00000, 0x00000000e8000000|  0%| F|  |TAMS 0x00000000e7f00000, 0x00000000e7f00000| Untracked 
| 128|0x00000000e8000000, 0x00000000e8000000, 0x00000000e8100000|  0%| F|  |TAMS 0x00000000e8000000, 0x00000000e8000000| Untracked 
| 129|0x00000000e8100000, 0x00000000e8100000, 0x00000000e8200000|  0%| F|  |TAMS 0x00000000e8100000, 0x00000000e8100000| Untracked 
| 130|0x00000000e8200000, 0x00000000e8200000, 0x00000000e8300000|  0%| F|  |TAMS 0x00000000e8200000, 0x00000000e8200000| Untracked 
| 131|0x00000000e8300000, 0x00000000e8300000, 0x00000000e8400000|  0%| F|  |TAMS 0x00000000e8300000, 0x00000000e8300000| Untracked 
| 132|0x00000000e8400000, 0x00000000e8400000, 0x00000000e8500000|  0%| F|  |TAMS 0x00000000e8400000, 0x00000000e8400000| Untracked 
| 133|0x00000000e8500000, 0x00000000e8500000, 0x00000000e8600000|  0%| F|  |TAMS 0x00000000e8500000, 0x00000000e8500000| Untracked 
| 134|0x00000000e8600000, 0x00000000e8600000, 0x00000000e8700000|  0%| F|  |TAMS 0x00000000e8600000, 0x00000000e8600000| Untracked 
| 135|0x00000000e8700000, 0x00000000e8700000, 0x00000000e8800000|  0%| F|  |TAMS 0x00000000e8700000, 0x00000000e8700000| Untracked 
| 136|0x00000000e8800000, 0x00000000e8800000, 0x00000000e8900000|  0%| F|  |TAMS 0x00000000e8800000, 0x00000000e8800000| Untracked 
| 137|0x00000000e8900000, 0x00000000e8900000, 0x00000000e8a00000|  0%| F|  |TAMS 0x00000000e8900000, 0x00000000e8900000| Untracked 
| 138|0x00000000e8a00000, 0x00000000e8a00000, 0x00000000e8b00000|  0%| F|  |TAMS 0x00000000e8a00000, 0x00000000e8a00000| Untracked 
| 139|0x00000000e8b00000, 0x00000000e8b00000, 0x00000000e8c00000|  0%| F|  |TAMS 0x00000000e8b00000, 0x00000000e8b00000| Untracked 
| 140|0x00000000e8c00000, 0x00000000e8c00000, 0x00000000e8d00000|  0%| F|  |TAMS 0x00000000e8c00000, 0x00000000e8c00000| Untracked 
| 141|0x00000000e8d00000, 0x00000000e8d00000, 0x00000000e8e00000|  0%| F|  |TAMS 0x00000000e8d00000, 0x00000000e8d00000| Untracked 
| 142|0x00000000e8e00000, 0x00000000e8e00000, 0x00000000e8f00000|  0%| F|  |TAMS 0x00000000e8e00000, 0x00000000e8e00000| Untracked 
| 143|0x00000000e8f00000, 0x00000000e8f00000, 0x00000000e9000000|  0%| F|  |TAMS 0x00000000e8f00000, 0x00000000e8f00000| Untracked 
| 144|0x00000000e9000000, 0x00000000e9000000, 0x00000000e9100000|  0%| F|  |TAMS 0x00000000e9000000, 0x00000000e9000000| Untracked 
| 145|0x00000000e9100000, 0x00000000e9100000, 0x00000000e9200000|  0%| F|  |TAMS 0x00000000e9100000, 0x00000000e9100000| Untracked 
| 146|0x00000000e9200000, 0x00000000e9200000, 0x00000000e9300000|  0%| F|  |TAMS 0x00000000e9200000, 0x00000000e9200000| Untracked 
| 147|0x00000000e9300000, 0x00000000e9300000, 0x00000000e9400000|  0%| F|  |TAMS 0x00000000e9300000, 0x00000000e9300000| Untracked 
| 148|0x00000000e9400000, 0x00000000e9400000, 0x00000000e9500000|  0%| F|  |TAMS 0x00000000e9400000, 0x00000000e9400000| Untracked 
| 149|0x00000000e9500000, 0x00000000e9500000, 0x00000000e9600000|  0%| F|  |TAMS 0x00000000e9500000, 0x00000000e9500000| Untracked 
| 150|0x00000000e9600000, 0x00000000e9600000, 0x00000000e9700000|  0%| F|  |TAMS 0x00000000e9600000, 0x00000000e9600000| Untracked 
| 151|0x00000000e9700000, 0x00000000e9700000, 0x00000000e9800000|  0%| F|  |TAMS 0x00000000e9700000, 0x00000000e9700000| Untracked 
| 152|0x00000000e9800000, 0x00000000e9800000, 0x00000000e9900000|  0%| F|  |TAMS 0x00000000e9800000, 0x00000000e9800000| Untracked 
| 153|0x00000000e9900000, 0x00000000e9900000, 0x00000000e9a00000|  0%| F|  |TAMS 0x00000000e9900000, 0x00000000e9900000| Untracked 
| 154|0x00000000e9a00000, 0x00000000e9a00000, 0x00000000e9b00000|  0%| F|  |TAMS 0x00000000e9a00000, 0x00000000e9a00000| Untracked 
| 155|0x00000000e9b00000, 0x00000000e9b00000, 0x00000000e9c00000|  0%| F|  |TAMS 0x00000000e9b00000, 0x00000000e9b00000| Untracked 
| 156|0x00000000e9c00000, 0x00000000e9c00000, 0x00000000e9d00000|  0%| F|  |TAMS 0x00000000e9c00000, 0x00000000e9c00000| Untracked 
| 157|0x00000000e9d00000, 0x00000000e9d00000, 0x00000000e9e00000|  0%| F|  |TAMS 0x00000000e9d00000, 0x00000000e9d00000| Untracked 
| 158|0x00000000e9e00000, 0x00000000e9e00000, 0x00000000e9f00000|  0%| F|  |TAMS 0x00000000e9e00000, 0x00000000e9e00000| Untracked 
| 159|0x00000000e9f00000, 0x00000000e9f00000, 0x00000000ea000000|  0%| F|  |TAMS 0x00000000e9f00000, 0x00000000e9f00000| Untracked 
| 160|0x00000000ea000000, 0x00000000ea000000, 0x00000000ea100000|  0%| F|  |TAMS 0x00000000ea000000, 0x00000000ea000000| Untracked 
| 161|0x00000000ea100000, 0x00000000ea100000, 0x00000000ea200000|  0%| F|  |TAMS 0x00000000ea100000, 0x00000000ea100000| Untracked 
| 162|0x00000000ea200000, 0x00000000ea200000, 0x00000000ea300000|  0%| F|  |TAMS 0x00000000ea200000, 0x00000000ea200000| Untracked 
| 163|0x00000000ea300000, 0x00000000ea300000, 0x00000000ea400000|  0%| F|  |TAMS 0x00000000ea300000, 0x00000000ea300000| Untracked 
| 164|0x00000000ea400000, 0x00000000ea400000, 0x00000000ea500000|  0%| F|  |TAMS 0x00000000ea400000, 0x00000000ea400000| Untracked 
| 165|0x00000000ea500000, 0x00000000ea500000, 0x00000000ea600000|  0%| F|  |TAMS 0x00000000ea500000, 0x00000000ea500000| Untracked 
| 166|0x00000000ea600000, 0x00000000ea600000, 0x00000000ea700000|  0%| F|  |TAMS 0x00000000ea600000, 0x00000000ea600000| Untracked 
| 167|0x00000000ea700000, 0x00000000ea700000, 0x00000000ea800000|  0%| F|  |TAMS 0x00000000ea700000, 0x00000000ea700000| Untracked 
| 168|0x00000000ea800000, 0x00000000ea800000, 0x00000000ea900000|  0%| F|  |TAMS 0x00000000ea800000, 0x00000000ea800000| Untracked 
| 169|0x00000000ea900000, 0x00000000ea900000, 0x00000000eaa00000|  0%| F|  |TAMS 0x00000000ea900000, 0x00000000ea900000| Untracked 
| 170|0x00000000eaa00000, 0x00000000eaa00000, 0x00000000eab00000|  0%| F|  |TAMS 0x00000000eaa00000, 0x00000000eaa00000| Untracked 
| 171|0x00000000eab00000, 0x00000000eab00000, 0x00000000eac00000|  0%| F|  |TAMS 0x00000000eab00000, 0x00000000eab00000| Untracked 
| 172|0x00000000eac00000, 0x00000000eac00000, 0x00000000ead00000|  0%| F|  |TAMS 0x00000000eac00000, 0x00000000eac00000| Untracked 
| 173|0x00000000ead00000, 0x00000000ead00000, 0x00000000eae00000|  0%| F|  |TAMS 0x00000000ead00000, 0x00000000ead00000| Untracked 
| 174|0x00000000eae00000, 0x00000000eae00000, 0x00000000eaf00000|  0%| F|  |TAMS 0x00000000eae00000, 0x00000000eae00000| Untracked 
| 175|0x00000000eaf00000, 0x00000000eaf00000, 0x00000000eb000000|  0%| F|  |TAMS 0x00000000eaf00000, 0x00000000eaf00000| Untracked 
| 176|0x00000000eb000000, 0x00000000eb000000, 0x00000000eb100000|  0%| F|  |TAMS 0x00000000eb000000, 0x00000000eb000000| Untracked 
| 177|0x00000000eb100000, 0x00000000eb100000, 0x00000000eb200000|  0%| F|  |TAMS 0x00000000eb100000, 0x00000000eb100000| Untracked 
| 178|0x00000000eb200000, 0x00000000eb200000, 0x00000000eb300000|  0%| F|  |TAMS 0x00000000eb200000, 0x00000000eb200000| Untracked 
| 179|0x00000000eb300000, 0x00000000eb300000, 0x00000000eb400000|  0%| F|  |TAMS 0x00000000eb300000, 0x00000000eb300000| Untracked 
| 180|0x00000000eb400000, 0x00000000eb400000, 0x00000000eb500000|  0%| F|  |TAMS 0x00000000eb400000, 0x00000000eb400000| Untracked 
| 181|0x00000000eb500000, 0x00000000eb500000, 0x00000000eb600000|  0%| F|  |TAMS 0x00000000eb500000, 0x00000000eb500000| Untracked 
| 182|0x00000000eb600000, 0x00000000eb600000, 0x00000000eb700000|  0%| F|  |TAMS 0x00000000eb600000, 0x00000000eb600000| Untracked 
| 183|0x00000000eb700000, 0x00000000eb700000, 0x00000000eb800000|  0%| F|  |TAMS 0x00000000eb700000, 0x00000000eb700000| Untracked 
| 184|0x00000000eb800000, 0x00000000eb800000, 0x00000000eb900000|  0%| F|  |TAMS 0x00000000eb800000, 0x00000000eb800000| Untracked 
| 185|0x00000000eb900000, 0x00000000eb900000, 0x00000000eba00000|  0%| F|  |TAMS 0x00000000eb900000, 0x00000000eb900000| Untracked 
| 186|0x00000000eba00000, 0x00000000eba00000, 0x00000000ebb00000|  0%| F|  |TAMS 0x00000000eba00000, 0x00000000eba00000| Untracked 
| 187|0x00000000ebb00000, 0x00000000ebb00000, 0x00000000ebc00000|  0%| F|  |TAMS 0x00000000ebb00000, 0x00000000ebb00000| Untracked 
| 188|0x00000000ebc00000, 0x00000000ebc00000, 0x00000000ebd00000|  0%| F|  |TAMS 0x00000000ebc00000, 0x00000000ebc00000| Untracked 
| 189|0x00000000ebd00000, 0x00000000ebd00000, 0x00000000ebe00000|  0%| F|  |TAMS 0x00000000ebd00000, 0x00000000ebd00000| Untracked 
| 190|0x00000000ebe00000, 0x00000000ebe00000, 0x00000000ebf00000|  0%| F|  |TAMS 0x00000000ebe00000, 0x00000000ebe00000| Untracked 
| 191|0x00000000ebf00000, 0x00000000ebf00000, 0x00000000ec000000|  0%| F|  |TAMS 0x00000000ebf00000, 0x00000000ebf00000| Untracked 
| 192|0x00000000ec000000, 0x00000000ec000000, 0x00000000ec100000|  0%| F|  |TAMS 0x00000000ec000000, 0x00000000ec000000| Untracked 
| 193|0x00000000ec100000, 0x00000000ec100000, 0x00000000ec200000|  0%| F|  |TAMS 0x00000000ec100000, 0x00000000ec100000| Untracked 
| 194|0x00000000ec200000, 0x00000000ec200000, 0x00000000ec300000|  0%| F|  |TAMS 0x00000000ec200000, 0x00000000ec200000| Untracked 
| 195|0x00000000ec300000, 0x00000000ec300000, 0x00000000ec400000|  0%| F|  |TAMS 0x00000000ec300000, 0x00000000ec300000| Untracked 
| 196|0x00000000ec400000, 0x00000000ec400000, 0x00000000ec500000|  0%| F|  |TAMS 0x00000000ec400000, 0x00000000ec400000| Untracked 
| 197|0x00000000ec500000, 0x00000000ec500000, 0x00000000ec600000|  0%| F|  |TAMS 0x00000000ec500000, 0x00000000ec500000| Untracked 
| 198|0x00000000ec600000, 0x00000000ec600000, 0x00000000ec700000|  0%| F|  |TAMS 0x00000000ec600000, 0x00000000ec600000| Untracked 
| 199|0x00000000ec700000, 0x00000000ec700000, 0x00000000ec800000|  0%| F|  |TAMS 0x00000000ec700000, 0x00000000ec700000| Untracked 
| 200|0x00000000ec800000, 0x00000000ec800000, 0x00000000ec900000|  0%| F|  |TAMS 0x00000000ec800000, 0x00000000ec800000| Untracked 
| 201|0x00000000ec900000, 0x00000000ec900000, 0x00000000eca00000|  0%| F|  |TAMS 0x00000000ec900000, 0x00000000ec900000| Untracked 
| 202|0x00000000eca00000, 0x00000000eca00000, 0x00000000ecb00000|  0%| F|  |TAMS 0x00000000eca00000, 0x00000000eca00000| Untracked 
| 203|0x00000000ecb00000, 0x00000000ecb00000, 0x00000000ecc00000|  0%| F|  |TAMS 0x00000000ecb00000, 0x00000000ecb00000| Untracked 
| 204|0x00000000ecc00000, 0x00000000ecc00000, 0x00000000ecd00000|  0%| F|  |TAMS 0x00000000ecc00000, 0x00000000ecc00000| Untracked 
| 205|0x00000000ecd00000, 0x00000000ecd00000, 0x00000000ece00000|  0%| F|  |TAMS 0x00000000ecd00000, 0x00000000ecd00000| Untracked 
| 206|0x00000000ece00000, 0x00000000ece00000, 0x00000000ecf00000|  0%| F|  |TAMS 0x00000000ece00000, 0x00000000ece00000| Untracked 
| 207|0x00000000ecf00000, 0x00000000ecf00000, 0x00000000ed000000|  0%| F|  |TAMS 0x00000000ecf00000, 0x00000000ecf00000| Untracked 
| 208|0x00000000ed000000, 0x00000000ed000000, 0x00000000ed100000|  0%| F|  |TAMS 0x00000000ed000000, 0x00000000ed000000| Untracked 
| 209|0x00000000ed100000, 0x00000000ed100000, 0x00000000ed200000|  0%| F|  |TAMS 0x00000000ed100000, 0x00000000ed100000| Untracked 
| 210|0x00000000ed200000, 0x00000000ed200000, 0x00000000ed300000|  0%| F|  |TAMS 0x00000000ed200000, 0x00000000ed200000| Untracked 
| 211|0x00000000ed300000, 0x00000000ed300000, 0x00000000ed400000|  0%| F|  |TAMS 0x00000000ed300000, 0x00000000ed300000| Untracked 
| 212|0x00000000ed400000, 0x00000000ed400000, 0x00000000ed500000|  0%| F|  |TAMS 0x00000000ed400000, 0x00000000ed400000| Untracked 
| 213|0x00000000ed500000, 0x00000000ed500000, 0x00000000ed600000|  0%| F|  |TAMS 0x00000000ed500000, 0x00000000ed500000| Untracked 
| 214|0x00000000ed600000, 0x00000000ed600000, 0x00000000ed700000|  0%| F|  |TAMS 0x00000000ed600000, 0x00000000ed600000| Untracked 
| 215|0x00000000ed700000, 0x00000000ed700000, 0x00000000ed800000|  0%| F|  |TAMS 0x00000000ed700000, 0x00000000ed700000| Untracked 
| 216|0x00000000ed800000, 0x00000000ed800000, 0x00000000ed900000|  0%| F|  |TAMS 0x00000000ed800000, 0x00000000ed800000| Untracked 
| 217|0x00000000ed900000, 0x00000000ed900000, 0x00000000eda00000|  0%| F|  |TAMS 0x00000000ed900000, 0x00000000ed900000| Untracked 
| 218|0x00000000eda00000, 0x00000000eda00000, 0x00000000edb00000|  0%| F|  |TAMS 0x00000000eda00000, 0x00000000eda00000| Untracked 
| 219|0x00000000edb00000, 0x00000000edb00000, 0x00000000edc00000|  0%| F|  |TAMS 0x00000000edb00000, 0x00000000edb00000| Untracked 
| 220|0x00000000edc00000, 0x00000000edc00000, 0x00000000edd00000|  0%| F|  |TAMS 0x00000000edc00000, 0x00000000edc00000| Untracked 
| 221|0x00000000edd00000, 0x00000000edd00000, 0x00000000ede00000|  0%| F|  |TAMS 0x00000000edd00000, 0x00000000edd00000| Untracked 
| 222|0x00000000ede00000, 0x00000000ede00000, 0x00000000edf00000|  0%| F|  |TAMS 0x00000000ede00000, 0x00000000ede00000| Untracked 
| 223|0x00000000edf00000, 0x00000000edf00000, 0x00000000ee000000|  0%| F|  |TAMS 0x00000000edf00000, 0x00000000edf00000| Untracked 
| 224|0x00000000ee000000, 0x00000000ee000000, 0x00000000ee100000|  0%| F|  |TAMS 0x00000000ee000000, 0x00000000ee000000| Untracked 
| 225|0x00000000ee100000, 0x00000000ee100000, 0x00000000ee200000|  0%| F|  |TAMS 0x00000000ee100000, 0x00000000ee100000| Untracked 
| 226|0x00000000ee200000, 0x00000000ee200000, 0x00000000ee300000|  0%| F|  |TAMS 0x00000000ee200000, 0x00000000ee200000| Untracked 
| 227|0x00000000ee300000, 0x00000000ee300000, 0x00000000ee400000|  0%| F|  |TAMS 0x00000000ee300000, 0x00000000ee300000| Untracked 
| 228|0x00000000ee400000, 0x00000000ee400000, 0x00000000ee500000|  0%| F|  |TAMS 0x00000000ee400000, 0x00000000ee400000| Untracked 
| 229|0x00000000ee500000, 0x00000000ee500000, 0x00000000ee600000|  0%| F|  |TAMS 0x00000000ee500000, 0x00000000ee500000| Untracked 
| 230|0x00000000ee600000, 0x00000000ee600000, 0x00000000ee700000|  0%| F|  |TAMS 0x00000000ee600000, 0x00000000ee600000| Untracked 
| 231|0x00000000ee700000, 0x00000000ee700000, 0x00000000ee800000|  0%| F|  |TAMS 0x00000000ee700000, 0x00000000ee700000| Untracked 
| 232|0x00000000ee800000, 0x00000000ee800000, 0x00000000ee900000|  0%| F|  |TAMS 0x00000000ee800000, 0x00000000ee800000| Untracked 
| 233|0x00000000ee900000, 0x00000000ee900000, 0x00000000eea00000|  0%| F|  |TAMS 0x00000000ee900000, 0x00000000ee900000| Untracked 
| 234|0x00000000eea00000, 0x00000000eea00000, 0x00000000eeb00000|  0%| F|  |TAMS 0x00000000eea00000, 0x00000000eea00000| Untracked 
| 235|0x00000000eeb00000, 0x00000000eeb00000, 0x00000000eec00000|  0%| F|  |TAMS 0x00000000eeb00000, 0x00000000eeb00000| Untracked 
| 236|0x00000000eec00000, 0x00000000eec00000, 0x00000000eed00000|  0%| F|  |TAMS 0x00000000eec00000, 0x00000000eec00000| Untracked 
| 237|0x00000000eed00000, 0x00000000eed00000, 0x00000000eee00000|  0%| F|  |TAMS 0x00000000eed00000, 0x00000000eed00000| Untracked 
| 238|0x00000000eee00000, 0x00000000eee00000, 0x00000000eef00000|  0%| F|  |TAMS 0x00000000eee00000, 0x00000000eee00000| Untracked 
| 239|0x00000000eef00000, 0x00000000eef00000, 0x00000000ef000000|  0%| F|  |TAMS 0x00000000eef00000, 0x00000000eef00000| Untracked 
| 240|0x00000000ef000000, 0x00000000ef000000, 0x00000000ef100000|  0%| F|  |TAMS 0x00000000ef000000, 0x00000000ef000000| Untracked 
| 241|0x00000000ef100000, 0x00000000ef100000, 0x00000000ef200000|  0%| F|  |TAMS 0x00000000ef100000, 0x00000000ef100000| Untracked 
| 242|0x00000000ef200000, 0x00000000ef200000, 0x00000000ef300000|  0%| F|  |TAMS 0x00000000ef200000, 0x00000000ef200000| Untracked 
| 243|0x00000000ef300000, 0x00000000ef300000, 0x00000000ef400000|  0%| F|  |TAMS 0x00000000ef300000, 0x00000000ef300000| Untracked 
| 244|0x00000000ef400000, 0x00000000ef400000, 0x00000000ef500000|  0%| F|  |TAMS 0x00000000ef400000, 0x00000000ef400000| Untracked 
| 245|0x00000000ef500000, 0x00000000ef500000, 0x00000000ef600000|  0%| F|  |TAMS 0x00000000ef500000, 0x00000000ef500000| Untracked 
| 246|0x00000000ef600000, 0x00000000ef600000, 0x00000000ef700000|  0%| F|  |TAMS 0x00000000ef600000, 0x00000000ef600000| Untracked 
| 247|0x00000000ef700000, 0x00000000ef700000, 0x00000000ef800000|  0%| F|  |TAMS 0x00000000ef700000, 0x00000000ef700000| Untracked 
| 248|0x00000000ef800000, 0x00000000ef800000, 0x00000000ef900000|  0%| F|  |TAMS 0x00000000ef800000, 0x00000000ef800000| Untracked 
| 249|0x00000000ef900000, 0x00000000ef980800, 0x00000000efa00000| 50%| E|  |TAMS 0x00000000ef900000, 0x00000000ef900000| Complete 
| 250|0x00000000efa00000, 0x00000000efb00000, 0x00000000efb00000|100%| E|CS|TAMS 0x00000000efa00000, 0x00000000efa00000| Complete 
| 251|0x00000000efb00000, 0x00000000efc00000, 0x00000000efc00000|100%| E|CS|TAMS 0x00000000efb00000, 0x00000000efb00000| Complete 
| 252|0x00000000efc00000, 0x00000000efd00000, 0x00000000efd00000|100%| E|CS|TAMS 0x00000000efc00000, 0x00000000efc00000| Complete 
| 253|0x00000000efd00000, 0x00000000efe00000, 0x00000000efe00000|100%| E|CS|TAMS 0x00000000efd00000, 0x00000000efd00000| Complete 
| 254|0x00000000efe00000, 0x00000000eff00000, 0x00000000eff00000|100%| E|CS|TAMS 0x00000000efe00000, 0x00000000efe00000| Complete 
| 255|0x00000000eff00000, 0x00000000f0000000, 0x00000000f0000000|100%| E|CS|TAMS 0x00000000eff00000, 0x00000000eff00000| Complete 

Card table byte_map: [0x00000272ddd40000,0x00000272dde40000] _byte_map_base: 0x00000272dd640000

Marking Bits (Prev, Next): (CMBitMap*) 0x00000272c70a7800, (CMBitMap*) 0x00000272c70a7840
 Prev Bits: [0x00000272ddf40000, 0x00000272de740000)
 Next Bits: [0x00000272de740000, 0x00000272def40000)

Polling page: 0x00000272c5080000

Metaspace:

Usage:
  Non-class:     47.33 MB used.
      Class:      7.55 MB used.
       Both:     54.88 MB used.

Virtual space:
  Non-class space:       64.00 MB reserved,      47.56 MB ( 74%) committed,  1 nodes.
      Class space:      320.00 MB reserved,       7.88 MB (  2%) committed,  1 nodes.
             Both:      384.00 MB reserved,      55.44 MB ( 14%) committed. 

Chunk freelists:
   Non-Class:  322.00 KB
       Class:  8.12 MB
        Both:  8.44 MB

MaxMetaspaceSize: 384.00 MB
CompressedClassSpaceSize: 320.00 MB
Initial GC threshold: 21.00 MB
Current GC threshold: 58.69 MB
CDS: on
MetaspaceReclaimPolicy: balanced
 - commit_granule_bytes: 65536.
 - commit_granule_words: 8192.
 - virtual_space_node_default_size: 8388608.
 - enlarge_chunks_in_place: 1.
 - new_chunks_are_fully_committed: 0.
 - uncommit_free_chunks: 1.
 - use_allocation_guard: 0.
 - handle_deallocations: 1.


Internal statistics:

num_allocs_failed_limit: 6.
num_arena_births: 692.
num_arena_deaths: 0.
num_vsnodes_births: 2.
num_vsnodes_deaths: 0.
num_space_committed: 887.
num_space_uncommitted: 0.
num_chunks_returned_to_freelist: 6.
num_chunks_taken_from_freelist: 3096.
num_chunk_merges: 6.
num_chunk_splits: 1942.
num_chunks_enlarged: 1235.
num_purges: 0.
num_inconsistent_stats: 0.

CodeHeap 'non-profiled nmethods': size=120000Kb used=6531Kb max_used=6531Kb free=113468Kb
 bounds [0x00000272d63e0000, 0x00000272d6a50000, 0x00000272dd910000]
CodeHeap 'profiled nmethods': size=120000Kb used=19110Kb max_used=19110Kb free=100889Kb
 bounds [0x00000272ce910000, 0x00000272cfbc0000, 0x00000272d5e40000]
CodeHeap 'non-nmethods': size=5760Kb used=2337Kb max_used=2400Kb free=3422Kb
 bounds [0x00000272d5e40000, 0x00000272d60b0000, 0x00000272d63e0000]
 total_blobs=10655 nmethods=9812 adapters=755
 compilation: enabled
              stopped_count=0, restarted_count=0
 full_count=0

Compilation events (20 events):
Event: 540.239 Thread 0x00000272e196c960 nmethod 11388 0x00000272cfbb4d10 code [0x00000272cfbb4ea0, 0x00000272cfbb4f98]
Event: 540.240 Thread 0x00000272e196c960 11389       3       org.gradle.api.internal.artifacts.configurations.DefaultConfiguration::access$1000 (6 bytes)
Event: 540.240 Thread 0x00000272e196c960 nmethod 11389 0x00000272cfbb5090 code [0x00000272cfbb5220, 0x00000272cfbb5348]
Event: 540.324 Thread 0x00000272e196c960 11390   !   3       java.util.logging.Level::equals (25 bytes)
Event: 540.325 Thread 0x00000272e196c960 nmethod 11390 0x00000272cfbb5410 code [0x00000272cfbb55c0, 0x00000272cfbb5878]
Event: 540.404 Thread 0x00000272e196c960 11391       3       java.util.concurrent.SynchronousQueue::offer (31 bytes)
Event: 540.428 Thread 0x00000272e196c960 nmethod 11391 0x00000272cfbb5990 code [0x00000272cfbb5b40, 0x00000272cfbb5e98]
Event: 540.635 Thread 0x00000272e196bec0 11392       4       org.gradle.internal.io.ExponentialBackoff::retryUntil (65 bytes)
Event: 540.830 Thread 0x00000272e196c960 11393       3       java.security.MessageDigest$Delegate$CloneableDelegate::<init> (8 bytes)
Event: 540.831 Thread 0x00000272e196c960 nmethod 11393 0x00000272cfbb5f90 code [0x00000272cfbb6140, 0x00000272cfbb64f8]
Event: 540.831 Thread 0x00000272e196c960 11394       3       java.security.MessageDigest$Delegate::<init> (12 bytes)
Event: 540.831 Thread 0x00000272e196c960 nmethod 11394 0x00000272cfbb6610 code [0x00000272cfbb67c0, 0x00000272cfbb6af8]
Event: 540.831 Thread 0x00000272e196c960 11395       3       java.security.MessageDigest::<init> (20 bytes)
Event: 540.831 Thread 0x00000272e196c960 nmethod 11395 0x00000272cfbb6c10 code [0x00000272cfbb6dc0, 0x00000272cfbb7058]
Event: 540.854 Thread 0x00000272e196c960 11396       3       io.spring.gradle.dependencymanagement.org.apache.maven.model.building.ModelCacheTag$1::intoCache (44 bytes)
Event: 540.855 Thread 0x00000272e196c960 nmethod 11396 0x00000272cfbb7110 code [0x00000272cfbb7320, 0x00000272cfbb7b08]
Event: 540.855 Thread 0x00000272e196c960 11397       3       io.spring.gradle.dependencymanagement.org.apache.maven.model.merge.ModelMerger::mergeScm (64 bytes)
Event: 540.856 Thread 0x00000272e196c960 nmethod 11397 0x00000272cfbb7d10 code [0x00000272cfbb7f00, 0x00000272cfbb85c8]
Event: 540.856 Thread 0x00000272e196c960 11398       3       io.spring.gradle.dependencymanagement.org.apache.maven.model.merge.ModelMerger::mergeScm_ChildScmConnectionInheritAppendPath (43 bytes)
Event: 540.856 Thread 0x00000272e196c960 nmethod 11398 0x00000272cfbb8790 code [0x00000272cfbb8960, 0x00000272cfbb8cb8]

GC Heap History (18 events):
Event: 10.936 GC heap before
{Heap before GC invocations=0 (full 0):
 garbage-first heap   total 262144K, used 26624K [0x00000000e0000000, 0x0000000100000000)
  region size 1024K, 23 young (23552K), 0 survivors (0K)
 Metaspace       used 2979K, committed 3136K, reserved 393216K
  class space    used 380K, committed 448K, reserved 327680K
}
Event: 11.646 GC heap after
{Heap after GC invocations=1 (full 0):
 garbage-first heap   total 262144K, used 10788K [0x00000000e0000000, 0x0000000100000000)
  region size 1024K, 3 young (3072K), 3 survivors (3072K)
 Metaspace       used 2979K, committed 3136K, reserved 393216K
  class space    used 380K, committed 448K, reserved 327680K
}
Event: 14.001 GC heap before
{Heap before GC invocations=1 (full 0):
 garbage-first heap   total 262144K, used 37412K [0x00000000e0000000, 0x0000000100000000)
  region size 1024K, 29 young (29696K), 3 survivors (3072K)
 Metaspace       used 3961K, committed 4160K, reserved 393216K
  class space    used 489K, committed 576K, reserved 327680K
}
Event: 14.005 GC heap after
{Heap after GC invocations=2 (full 0):
 garbage-first heap   total 262144K, used 11166K [0x00000000e0000000, 0x0000000100000000)
  region size 1024K, 1 young (1024K), 1 survivors (1024K)
 Metaspace       used 3961K, committed 4160K, reserved 393216K
  class space    used 489K, committed 576K, reserved 327680K
}
Event: 38.362 GC heap before
{Heap before GC invocations=2 (full 0):
 garbage-first heap   total 262144K, used 129950K [0x00000000e0000000, 0x0000000100000000)
  region size 1024K, 116 young (118784K), 1 survivors (1024K)
 Metaspace       used 20705K, committed 20992K, reserved 393216K
  class space    used 3017K, committed 3136K, reserved 327680K
}
Event: 38.468 GC heap after
{Heap after GC invocations=3 (full 0):
 garbage-first heap   total 262144K, used 22315K [0x00000000e0000000, 0x0000000100000000)
  region size 1024K, 12 young (12288K), 12 survivors (12288K)
 Metaspace       used 20705K, committed 20992K, reserved 393216K
  class space    used 3017K, committed 3136K, reserved 327680K
}
Event: 38.883 GC heap before
{Heap before GC invocations=3 (full 0):
 garbage-first heap   total 262144K, used 27435K [0x00000000e0000000, 0x0000000100000000)
  region size 1024K, 18 young (18432K), 12 survivors (12288K)
 Metaspace       used 21186K, committed 21504K, reserved 393216K
  class space    used 3106K, committed 3264K, reserved 327680K
}
Event: 38.895 GC heap after
{Heap after GC invocations=4 (full 0):
 garbage-first heap   total 262144K, used 23223K [0x00000000e0000000, 0x0000000100000000)
  region size 1024K, 1 young (1024K), 1 survivors (1024K)
 Metaspace       used 21186K, committed 21504K, reserved 393216K
  class space    used 3106K, committed 3264K, reserved 327680K
}
Event: 147.552 GC heap before
{Heap before GC invocations=5 (full 0):
 garbage-first heap   total 262144K, used 155319K [0x00000000e0000000, 0x0000000100000000)
  region size 1024K, 127 young (130048K), 1 survivors (1024K)
 Metaspace       used 35613K, committed 35968K, reserved 393216K
  class space    used 4911K, committed 5120K, reserved 327680K
}
Event: 147.563 GC heap after
{Heap after GC invocations=6 (full 0):
 garbage-first heap   total 262144K, used 30988K [0x00000000e0000000, 0x0000000100000000)
  region size 1024K, 9 young (9216K), 9 survivors (9216K)
 Metaspace       used 35613K, committed 35968K, reserved 393216K
  class space    used 4911K, committed 5120K, reserved 327680K
}
Event: 198.234 GC heap before
{Heap before GC invocations=7 (full 0):
 garbage-first heap   total 262144K, used 179468K [0x00000000e0000000, 0x0000000100000000)
  region size 1024K, 153 young (156672K), 9 survivors (9216K)
 Metaspace       used 48211K, committed 48704K, reserved 393216K
  class space    used 6851K, committed 7104K, reserved 327680K
}
Event: 198.252 GC heap after
{Heap after GC invocations=8 (full 0):
 garbage-first heap   total 262144K, used 38824K [0x00000000e0000000, 0x0000000100000000)
  region size 1024K, 17 young (17408K), 17 survivors (17408K)
 Metaspace       used 48211K, committed 48704K, reserved 393216K
  class space    used 6851K, committed 7104K, reserved 327680K
}
Event: 203.820 GC heap before
{Heap before GC invocations=8 (full 0):
 garbage-first heap   total 262144K, used 177064K [0x00000000e0000000, 0x0000000100000000)
  region size 1024K, 153 young (156672K), 17 survivors (17408K)
 Metaspace       used 53714K, committed 54272K, reserved 393216K
  class space    used 7527K, committed 7808K, reserved 327680K
}
Event: 203.848 GC heap after
{Heap after GC invocations=9 (full 0):
 garbage-first heap   total 262144K, used 51282K [0x00000000e0000000, 0x0000000100000000)
  region size 1024K, 20 young (20480K), 20 survivors (20480K)
 Metaspace       used 53714K, committed 54272K, reserved 393216K
  class space    used 7527K, committed 7808K, reserved 327680K
}
Event: 241.591 GC heap before
{Heap before GC invocations=9 (full 0):
 garbage-first heap   total 262144K, used 186450K [0x00000000e0000000, 0x0000000100000000)
  region size 1024K, 153 young (156672K), 20 survivors (20480K)
 Metaspace       used 55384K, committed 55936K, reserved 393216K
  class space    used 7703K, committed 8000K, reserved 327680K
}
Event: 241.615 GC heap after
{Heap after GC invocations=10 (full 0):
 garbage-first heap   total 262144K, used 55197K [0x00000000e0000000, 0x0000000100000000)
  region size 1024K, 5 young (5120K), 5 survivors (5120K)
 Metaspace       used 55384K, committed 55936K, reserved 393216K
  class space    used 7703K, committed 8000K, reserved 327680K
}
Event: 535.481 GC heap before
{Heap before GC invocations=10 (full 0):
 garbage-first heap   total 262144K, used 203677K [0x00000000e0000000, 0x0000000100000000)
  region size 1024K, 151 young (154624K), 5 survivors (5120K)
 Metaspace       used 56154K, committed 56768K, reserved 393216K
  class space    used 7730K, committed 8064K, reserved 327680K
}
Event: 535.618 GC heap after
{Heap after GC invocations=11 (full 0):
 garbage-first heap   total 262144K, used 67007K [0x00000000e0000000, 0x0000000100000000)
  region size 1024K, 17 young (17408K), 17 survivors (17408K)
 Metaspace       used 56154K, committed 56768K, reserved 393216K
  class space    used 7730K, committed 8064K, reserved 327680K
}

Deoptimization events (20 events):
Event: 528.678 Thread 0x00000272fe205020 DEOPT PACKING pc=0x00000272d64a73a4 sp=0x000000e2f2ff90f0
Event: 528.678 Thread 0x00000272fe205020 DEOPT UNPACKING pc=0x00000272d5e95ba3 sp=0x000000e2f2ff9078 mode 2
Event: 528.901 Thread 0x00000272fe205020 DEOPT PACKING pc=0x00000272cf65cd45 sp=0x000000e2f2ff81d0
Event: 528.902 Thread 0x00000272fe205020 DEOPT UNPACKING pc=0x00000272d5e966e3 sp=0x000000e2f2ff76e0 mode 0
Event: 529.189 Thread 0x00000272fe205020 Uncommon trap: trap_request=0xffffffbe fr.pc=0x00000272d6a2ec88 relative=0x0000000000000268
Event: 529.189 Thread 0x00000272fe205020 Uncommon trap: reason=profile_predicate action=maybe_recompile pc=0x00000272d6a2ec88 method=java.util.HashMap.keysToArray([Ljava/lang/Object;)[Ljava/lang/Object; @ 36 c2
Event: 529.189 Thread 0x00000272fe205020 DEOPT PACKING pc=0x00000272d6a2ec88 sp=0x000000e2f2ff8b90
Event: 529.189 Thread 0x00000272fe205020 DEOPT UNPACKING pc=0x00000272d5e95ba3 sp=0x000000e2f2ff8b20 mode 2
Event: 529.189 Thread 0x00000272fe205020 Uncommon trap: trap_request=0xffffffbe fr.pc=0x00000272d6a2ec88 relative=0x0000000000000268
Event: 529.189 Thread 0x00000272fe205020 Uncommon trap: reason=profile_predicate action=maybe_recompile pc=0x00000272d6a2ec88 method=java.util.HashMap.keysToArray([Ljava/lang/Object;)[Ljava/lang/Object; @ 36 c2
Event: 529.189 Thread 0x00000272fe205020 DEOPT PACKING pc=0x00000272d6a2ec88 sp=0x000000e2f2ff8e90
Event: 529.190 Thread 0x00000272fe205020 DEOPT UNPACKING pc=0x00000272d5e95ba3 sp=0x000000e2f2ff8e20 mode 2
Event: 535.772 Thread 0x00000272fe205020 Uncommon trap: trap_request=0xffffffbe fr.pc=0x00000272d6a2ec88 relative=0x0000000000000268
Event: 535.772 Thread 0x00000272fe205020 Uncommon trap: reason=profile_predicate action=maybe_recompile pc=0x00000272d6a2ec88 method=java.util.HashMap.keysToArray([Ljava/lang/Object;)[Ljava/lang/Object; @ 36 c2
Event: 535.772 Thread 0x00000272fe205020 DEOPT PACKING pc=0x00000272d6a2ec88 sp=0x000000e2f2ff8ac0
Event: 535.772 Thread 0x00000272fe205020 DEOPT UNPACKING pc=0x00000272d5e95ba3 sp=0x000000e2f2ff8a50 mode 2
Event: 535.772 Thread 0x00000272fe205020 Uncommon trap: trap_request=0xffffffbe fr.pc=0x00000272d6a2ec88 relative=0x0000000000000268
Event: 535.772 Thread 0x00000272fe205020 Uncommon trap: reason=profile_predicate action=maybe_recompile pc=0x00000272d6a2ec88 method=java.util.HashMap.keysToArray([Ljava/lang/Object;)[Ljava/lang/Object; @ 36 c2
Event: 535.772 Thread 0x00000272fe205020 DEOPT PACKING pc=0x00000272d6a2ec88 sp=0x000000e2f2ff8ac0
Event: 535.772 Thread 0x00000272fe205020 DEOPT UNPACKING pc=0x00000272d5e95ba3 sp=0x000000e2f2ff8a50 mode 2

Classes unloaded (0 events):
No events

Classes redefined (0 events):
No events

Internal exceptions (20 events):
Event: 404.611 Thread 0x00000272e1cb1550 Exception <a 'java/lang/ClassNotFoundException'{0x00000000ee2130c0}: build_3px51f8em6pwjbg61054sqfj9BeanInfo> (0x00000000ee2130c0) 
thrown [s\open\src\hotspot\share\classfile\systemDictionary.cpp, line 256]
Event: 404.612 Thread 0x00000272e1cb1550 Exception <a 'java/lang/ClassNotFoundException'{0x00000000ee219a58}: build_3px51f8em6pwjbg61054sqfj9Customizer> (0x00000000ee219a58) 
thrown [s\open\src\hotspot\share\classfile\systemDictionary.cpp, line 256]
Event: 405.629 Thread 0x00000272e1cb1550 Exception <a 'java/lang/ClassNotFoundException'{0x00000000ee2672f0}: org/gradle/api/internal/NamedDomainObjectContainerConfigureDelegateBeanInfo> (0x00000000ee2672f0) 
thrown [s\open\src\hotspot\share\classfile\systemDictionary.cpp, line 256]
Event: 405.633 Thread 0x00000272e1cb1550 Exception <a 'java/lang/ClassNotFoundException'{0x00000000ee279348}: org/gradle/api/internal/NamedDomainObjectContainerConfigureDelegateCustomizer> (0x00000000ee279348) 
thrown [s\open\src\hotspot\share\classfile\systemDictionary.cpp, line 256]
Event: 406.196 Thread 0x00000272e1cb1550 Exception <a 'java/lang/ClassNotFoundException'{0x00000000edfe75a0}: org/gradle/api/internal/artifacts/configurations/DefaultConfigurationContainer_DecoratedBeanInfo> (0x00000000edfe75a0) 
thrown [s\open\src\hotspot\share\classfile\systemDictionary.cpp, line 256]
Event: 406.203 Thread 0x00000272e1cb1550 Exception <a 'java/lang/ClassNotFoundException'{0x00000000edffe890}: org/gradle/api/internal/artifacts/configurations/DefaultConfigurationContainerBeanInfo> (0x00000000edffe890) 
thrown [s\open\src\hotspot\share\classfile\systemDictionary.cpp, line 256]
Event: 406.206 Thread 0x00000272e1cb1550 Exception <a 'java/lang/ClassNotFoundException'{0x00000000ede12ec8}: org/gradle/api/internal/AbstractValidatingNamedDomainObjectContainerBeanInfo> (0x00000000ede12ec8) 
thrown [s\open\src\hotspot\share\classfile\systemDictionary.cpp, line 256]
Event: 406.211 Thread 0x00000272e1cb1550 Exception <a 'java/lang/ClassNotFoundException'{0x00000000ede26d10}: org/gradle/api/internal/AbstractNamedDomainObjectContainerBeanInfo> (0x00000000ede26d10) 
thrown [s\open\src\hotspot\share\classfile\systemDictionary.cpp, line 256]
Event: 406.215 Thread 0x00000272e1cb1550 Exception <a 'java/lang/ClassNotFoundException'{0x00000000ede3ab50}: org/gradle/api/internal/AbstractNamedDomainObjectContainerCustomizer> (0x00000000ede3ab50) 
thrown [s\open\src\hotspot\share\classfile\systemDictionary.cpp, line 256]
Event: 406.331 Thread 0x00000272e1cb1550 Exception <a 'java/lang/ClassNotFoundException'{0x00000000ede626d0}: org/gradle/api/internal/AbstractValidatingNamedDomainObjectContainerCustomizer> (0x00000000ede626d0) 
thrown [s\open\src\hotspot\share\classfile\systemDictionary.cpp, line 256]
Event: 406.336 Thread 0x00000272e1cb1550 Exception <a 'java/lang/ClassNotFoundException'{0x00000000ede85280}: org/gradle/api/internal/artifacts/configurations/DefaultConfigurationContainerCustomizer> (0x00000000ede85280) 
thrown [s\open\src\hotspot\share\classfile\systemDictionary.cpp, line 256]
Event: 406.352 Thread 0x00000272e1cb1550 Exception <a 'java/lang/ClassNotFoundException'{0x00000000edeca000}: org/gradle/api/internal/artifacts/configurations/DefaultConfigurationContainer_DecoratedCustomizer> (0x00000000edeca000) 
thrown [s\open\src\hotspot\share\classfile\systemDictionary.cpp, line 256]
Event: 406.645 Thread 0x00000272e1cb1550 Exception <a 'java/lang/ClassNotFoundException'{0x00000000edb7b090}: org/gradle/api/internal/artifacts/configurations/DefaultUnlockedConfiguration_DecoratedBeanInfo> (0x00000000edb7b090) 
thrown [s\open\src\hotspot\share\classfile\systemDictionary.cpp, line 256]
Event: 406.647 Thread 0x00000272e1cb1550 Exception <a 'java/lang/ClassNotFoundException'{0x00000000edb947a0}: org/gradle/api/internal/artifacts/configurations/DefaultUnlockedConfigurationBeanInfo> (0x00000000edb947a0) 
thrown [s\open\src\hotspot\share\classfile\systemDictionary.cpp, line 256]
Event: 406.658 Thread 0x00000272e1cb1550 Exception <a 'java/lang/ClassNotFoundException'{0x00000000edbad978}: org/gradle/api/internal/artifacts/configurations/DefaultConfigurationBeanInfo> (0x00000000edbad978) 
thrown [s\open\src\hotspot\share\classfile\systemDictionary.cpp, line 256]
Event: 406.669 Thread 0x00000272e1cb1550 Exception <a 'java/lang/ClassNotFoundException'{0x00000000edbc3770}: org/gradle/api/internal/file/AbstractFileCollectionBeanInfo> (0x00000000edbc3770) 
thrown [s\open\src\hotspot\share\classfile\systemDictionary.cpp, line 256]
Event: 407.438 Thread 0x00000272e1cb1550 Exception <a 'java/lang/ClassNotFoundException'{0x00000000edbd9538}: org/gradle/api/internal/file/AbstractFileCollectionCustomizer> (0x00000000edbd9538) 
thrown [s\open\src\hotspot\share\classfile\systemDictionary.cpp, line 256]
Event: 407.451 Thread 0x00000272e1cb1550 Exception <a 'java/lang/ClassNotFoundException'{0x00000000eda044e0}: org/gradle/api/internal/artifacts/configurations/DefaultConfigurationCustomizer> (0x00000000eda044e0) 
thrown [s\open\src\hotspot\share\classfile\systemDictionary.cpp, line 256]
Event: 408.012 Thread 0x00000272e1cb1550 Exception <a 'java/lang/ClassNotFoundException'{0x00000000eda73150}: org/gradle/api/internal/artifacts/configurations/DefaultUnlockedConfigurationCustomizer> (0x00000000eda73150) 
thrown [s\open\src\hotspot\share\classfile\systemDictionary.cpp, line 256]
Event: 408.020 Thread 0x00000272e1cb1550 Exception <a 'java/lang/ClassNotFoundException'{0x00000000eda9a380}: org/gradle/api/internal/artifacts/configurations/DefaultUnlockedConfiguration_DecoratedCustomizer> (0x00000000eda9a380) 
thrown [s\open\src\hotspot\share\classfile\systemDictionary.cpp, line 256]

VM Operations (20 events):
Event: 528.326 Executing VM operation: Cleanup
Event: 528.326 Executing VM operation: Cleanup done
Event: 529.173 Executing VM operation: ICBufferFull
Event: 529.173 Executing VM operation: ICBufferFull done
Event: 530.177 Executing VM operation: Cleanup
Event: 530.177 Executing VM operation: Cleanup done
Event: 533.203 Executing VM operation: Cleanup
Event: 533.234 Executing VM operation: Cleanup done
Event: 534.237 Executing VM operation: Cleanup
Event: 534.253 Executing VM operation: Cleanup done
Event: 535.480 Executing VM operation: G1CollectForAllocation
Event: 535.619 Executing VM operation: G1CollectForAllocation done
Event: 536.636 Executing VM operation: Cleanup
Event: 536.636 Executing VM operation: Cleanup done
Event: 537.641 Executing VM operation: Cleanup
Event: 537.641 Executing VM operation: Cleanup done
Event: 539.656 Executing VM operation: Cleanup
Event: 539.673 Executing VM operation: Cleanup done
Event: 540.689 Executing VM operation: Cleanup
Event: 540.689 Executing VM operation: Cleanup done

Events (20 events):
Event: 474.762 Thread 0x00000272fbc7dbe0 Thread added: 0x00000272fbc7dbe0
Event: 476.186 Thread 0x00000272fbc7b090 Thread added: 0x00000272fbc7b090
Event: 478.116 Thread 0x00000272fbc7f8c0 Thread added: 0x00000272fbc7f8c0
Event: 478.157 Thread 0x00000272fbc7ef20 Thread added: 0x00000272fbc7ef20
Event: 479.480 Thread 0x00000272fbc7f3f0 Thread added: 0x00000272fbc7f3f0
Event: 481.818 Thread 0x00000272fbc810d0 Thread added: 0x00000272fbc810d0
Event: 484.552 Thread 0x00000272fbc7e0b0 Thread added: 0x00000272fbc7e0b0
Event: 484.881 Thread 0x00000272fbc7fd90 Thread added: 0x00000272fbc7fd90
Event: 485.515 Thread 0x00000272fbc82410 Thread added: 0x00000272fbc82410
Event: 488.867 Thread 0x00000272fbc7b560 Thread added: 0x00000272fbc7b560
Event: 490.694 Thread 0x00000272fbc815a0 Thread added: 0x00000272fbc815a0
Event: 493.516 Thread 0x00000272fbc81a70 Thread added: 0x00000272fbc81a70
Event: 494.681 Thread 0x00000272fbc7c8a0 Thread added: 0x00000272fbc7c8a0
Event: 495.767 Thread 0x00000272fd56fe70 Thread added: 0x00000272fd56fe70
Event: 497.508 Thread 0x00000272fd56d320 Thread added: 0x00000272fd56d320
Event: 501.222 Thread 0x00000272fd56c4b0 Thread added: 0x00000272fd56c4b0
Event: 528.604 Thread 0x00000272fbb95700 Thread added: 0x00000272fbb95700
Event: 528.855 Thread 0x00000272fd5729c0 Thread added: 0x00000272fd5729c0
Event: 528.910 Thread 0x00000272fd56c980 Thread added: 0x00000272fd56c980
Event: 529.410 Thread 0x00000272fbb95700 Thread exited: 0x00000272fbb95700


Dynamic libraries:
0x00007ff74b780000 - 0x00007ff74b790000 	C:\Program Files\Java\jdk-17\bin\java.exe
0x00007ffb4b230000 - 0x00007ffb4b446000 	C:\WINDOWS\SYSTEM32\ntdll.dll
0x00007ffb4a070000 - 0x00007ffb4a134000 	C:\WINDOWS\System32\KERNEL32.DLL
0x00007ffb48880000 - 0x00007ffb48c27000 	C:\WINDOWS\System32\KERNELBASE.dll
0x00007ffb48c30000 - 0x00007ffb48d41000 	C:\WINDOWS\System32\ucrtbase.dll
0x00007ffb40290000 - 0x00007ffb402a9000 	C:\Program Files\Java\jdk-17\bin\jli.dll
0x00007ffb34c70000 - 0x00007ffb34c8b000 	C:\Program Files\Java\jdk-17\bin\VCRUNTIME140.dll
0x00007ffb49960000 - 0x00007ffb49a12000 	C:\WINDOWS\System32\ADVAPI32.dll
0x00007ffb498b0000 - 0x00007ffb49957000 	C:\WINDOWS\System32\msvcrt.dll
0x00007ffb49680000 - 0x00007ffb49728000 	C:\WINDOWS\System32\sechost.dll
0x00007ffb48640000 - 0x00007ffb48668000 	C:\WINDOWS\System32\bcrypt.dll
0x00007ffb4a9f0000 - 0x00007ffb4ab05000 	C:\WINDOWS\System32\RPCRT4.dll
0x00007ffb49b80000 - 0x00007ffb49d2e000 	C:\WINDOWS\System32\USER32.dll
0x00007ffb29890000 - 0x00007ffb29b23000 	C:\WINDOWS\WinSxS\amd64_microsoft.windows.common-controls_6595b64144ccf1df_6.0.22621.3235_none_270f74e173860f98\COMCTL32.dll
0x00007ffb48550000 - 0x00007ffb48576000 	C:\WINDOWS\System32\win32u.dll
0x00007ffb49f50000 - 0x00007ffb49f79000 	C:\WINDOWS\System32\GDI32.dll
0x00007ffb48e40000 - 0x00007ffb48f59000 	C:\WINDOWS\System32\gdi32full.dll
0x00007ffb487e0000 - 0x00007ffb4887a000 	C:\WINDOWS\System32\msvcp_win.dll
0x00007ffb398e0000 - 0x00007ffb398ea000 	C:\WINDOWS\SYSTEM32\VERSION.dll
0x00007ffb4a9b0000 - 0x00007ffb4a9e1000 	C:\WINDOWS\System32\IMM32.DLL
0x00007ffb37910000 - 0x00007ffb3791c000 	C:\Program Files\Java\jdk-17\bin\vcruntime140_1.dll
0x00007ffb21890000 - 0x00007ffb2191e000 	C:\Program Files\Java\jdk-17\bin\msvcp140.dll
0x00007ffae07a0000 - 0x00007ffae137e000 	C:\Program Files\Java\jdk-17\bin\server\jvm.dll
0x00007ffb4ab90000 - 0x00007ffb4ab98000 	C:\WINDOWS\System32\PSAPI.DLL
0x00007ffb401f0000 - 0x00007ffb40224000 	C:\WINDOWS\SYSTEM32\WINMM.dll
0x00007ffb2d000000 - 0x00007ffb2d009000 	C:\WINDOWS\SYSTEM32\WSOCK32.dll
0x00007ffb4ab10000 - 0x00007ffb4ab81000 	C:\WINDOWS\System32\WS2_32.dll
0x00007ffb47550000 - 0x00007ffb47568000 	C:\WINDOWS\SYSTEM32\kernel.appcore.dll
0x00007ffb36370000 - 0x00007ffb3637a000 	C:\Program Files\Java\jdk-17\bin\jimage.dll
0x00007ffb45850000 - 0x00007ffb45a83000 	C:\WINDOWS\SYSTEM32\DBGHELP.DLL
0x00007ffb4ac50000 - 0x00007ffb4afd8000 	C:\WINDOWS\System32\combase.dll
0x00007ffb48f60000 - 0x00007ffb49037000 	C:\WINDOWS\System32\OLEAUT32.dll
0x00007ffb358b0000 - 0x00007ffb358e2000 	C:\WINDOWS\SYSTEM32\dbgcore.DLL
0x00007ffb48dc0000 - 0x00007ffb48e39000 	C:\WINDOWS\System32\bcryptPrimitives.dll
0x00007ffb43b80000 - 0x00007ffb43b8e000 	C:\Program Files\Java\jdk-17\bin\instrument.dll
0x00007ffb2c4c0000 - 0x00007ffb2c4e5000 	C:\Program Files\Java\jdk-17\bin\java.dll
0x00007ffb14650000 - 0x00007ffb14727000 	C:\Program Files\Java\jdk-17\bin\jsvml.dll
0x00007ffb4a150000 - 0x00007ffb4a9ac000 	C:\WINDOWS\System32\SHELL32.dll
0x00007ffb46460000 - 0x00007ffb46d59000 	C:\WINDOWS\SYSTEM32\windows.storage.dll
0x00007ffb46320000 - 0x00007ffb4645e000 	C:\WINDOWS\SYSTEM32\wintypes.dll
0x00007ffb4b060000 - 0x00007ffb4b153000 	C:\WINDOWS\System32\SHCORE.dll
0x00007ffb49730000 - 0x00007ffb4978e000 	C:\WINDOWS\System32\shlwapi.dll
0x00007ffb48480000 - 0x00007ffb484a1000 	C:\WINDOWS\SYSTEM32\profapi.dll
0x00007ffb21720000 - 0x00007ffb21738000 	C:\Program Files\Java\jdk-17\bin\zip.dll
0x00007ffb23fd0000 - 0x00007ffb23fe9000 	C:\Program Files\Java\jdk-17\bin\net.dll
0x00007ffb41550000 - 0x00007ffb41686000 	C:\WINDOWS\SYSTEM32\WINHTTP.dll
0x00007ffb479b0000 - 0x00007ffb47a19000 	C:\WINDOWS\system32\mswsock.dll
0x00007ffb23fb0000 - 0x00007ffb23fc6000 	C:\Program Files\Java\jdk-17\bin\nio.dll
0x00007ffb2a660000 - 0x00007ffb2a670000 	C:\Program Files\Java\jdk-17\bin\verify.dll
0x00007ffb3e070000 - 0x00007ffb3e097000 	C:\Users\LENOVO\.gradle\native\c067742578af261105cb4f569cf0c3c89f3d7b1fecec35dd04571415982c5e48\windows-amd64\native-platform.dll
0x00007ffb19bc0000 - 0x00007ffb19d04000 	C:\Users\LENOVO\.gradle\native\38dada09dfb8b06ba9b0570ebf7e218e3eb74d4ef43ca46872605cf95ebc2f47\windows-amd64\native-platform-file-events.dll
0x00007ffb43490000 - 0x00007ffb4349a000 	C:\Program Files\Java\jdk-17\bin\management.dll
0x00007ffb43480000 - 0x00007ffb4348b000 	C:\Program Files\Java\jdk-17\bin\management_ext.dll
0x00007ffb47c50000 - 0x00007ffb47c6b000 	C:\WINDOWS\SYSTEM32\CRYPTSP.dll
0x00007ffb474b0000 - 0x00007ffb474e5000 	C:\WINDOWS\system32\rsaenh.dll
0x00007ffb47a50000 - 0x00007ffb47a78000 	C:\WINDOWS\SYSTEM32\USERENV.dll
0x00007ffb47bc0000 - 0x00007ffb47bcc000 	C:\WINDOWS\SYSTEM32\CRYPTBASE.dll
0x00007ffb46fc0000 - 0x00007ffb46fed000 	C:\WINDOWS\SYSTEM32\IPHLPAPI.DLL
0x00007ffb4b190000 - 0x00007ffb4b199000 	C:\WINDOWS\System32\NSI.dll
0x00007ffb41720000 - 0x00007ffb41739000 	C:\WINDOWS\SYSTEM32\dhcpcsvc6.DLL
0x00007ffb40f70000 - 0x00007ffb40f8f000 	C:\WINDOWS\SYSTEM32\dhcpcsvc.DLL
0x00007ffb47030000 - 0x00007ffb47129000 	C:\WINDOWS\SYSTEM32\DNSAPI.dll
0x00007ffb43410000 - 0x00007ffb4341e000 	C:\Program Files\Java\jdk-17\bin\sunmscapi.dll
0x00007ffb48670000 - 0x00007ffb487d7000 	C:\WINDOWS\System32\CRYPT32.dll
0x00007ffb47e20000 - 0x00007ffb47e4e000 	C:\WINDOWS\SYSTEM32\ncrypt.dll
0x00007ffb47de0000 - 0x00007ffb47e17000 	C:\WINDOWS\SYSTEM32\NTASN1.dll
0x00007ffb414d0000 - 0x00007ffb414d8000 	C:\WINDOWS\system32\wshunix.dll

dbghelp: loaded successfully - version: 4.0.5 - missing functions: none
symbol engine: initialized successfully - sym options: 0x614 - pdb path: .;C:\Program Files\Java\jdk-17\bin;C:\WINDOWS\SYSTEM32;C:\WINDOWS\WinSxS\amd64_microsoft.windows.common-controls_6595b64144ccf1df_6.0.22621.3235_none_270f74e173860f98;C:\Program Files\Java\jdk-17\bin\server;C:\Users\LENOVO\.gradle\native\c067742578af261105cb4f569cf0c3c89f3d7b1fecec35dd04571415982c5e48\windows-amd64;C:\Users\LENOVO\.gradle\native\38dada09dfb8b06ba9b0570ebf7e218e3eb74d4ef43ca46872605cf95ebc2f47\windows-amd64

VM Arguments:
jvm_args: --add-opens=java.base/java.util=ALL-UNNAMED --add-opens=java.base/java.lang=ALL-UNNAMED --add-opens=java.base/java.lang.invoke=ALL-UNNAMED --add-opens=java.prefs/java.util.prefs=ALL-UNNAMED --add-opens=java.base/java.nio.charset=ALL-UNNAMED --add-opens=java.base/java.net=ALL-UNNAMED --add-opens=java.base/java.util.concurrent.atomic=ALL-UNNAMED -XX:MaxMetaspaceSize=384m -XX:+HeapDumpOnOutOfMemoryError -Xms256m -Xmx512m -Dfile.encoding=windows-1252 -Duser.country=US -Duser.language=en -Duser.variant -javaagent:C:\Users\LENOVO\.gradle\wrapper\dists\gradle-8.7-bin\bhs2wmbdwecv87pi65oeuq5iu\gradle-8.7\lib\agents\gradle-instrumentation-agent-8.7.jar 
java_command: org.gradle.launcher.daemon.bootstrap.GradleDaemon 8.7
java_class_path (initial): C:\Users\LENOVO\.gradle\wrapper\dists\gradle-8.7-bin\bhs2wmbdwecv87pi65oeuq5iu\gradle-8.7\lib\gradle-launcher-8.7.jar
Launcher Type: SUN_STANDARD

[Global flags]
     intx CICompilerCount                          = 4                                         {product} {ergonomic}
   size_t CompressedClassSpaceSize                 = 335544320                                 {product} {ergonomic}
     uint ConcGCThreads                            = 2                                         {product} {ergonomic}
     uint G1ConcRefinementThreads                  = 8                                         {product} {ergonomic}
   size_t G1HeapRegionSize                         = 1048576                                   {product} {ergonomic}
    uintx GCDrainStackTargetSize                   = 64                                        {product} {ergonomic}
     bool HeapDumpOnOutOfMemoryError               = true                                   {manageable} {command line}
   size_t InitialHeapSize                          = 268435456                                 {product} {command line}
   size_t MarkStackSize                            = 4194304                                   {product} {ergonomic}
   size_t MaxHeapSize                              = 536870912                                 {product} {command line}
   size_t MaxMetaspaceSize                         = 402653184                                 {product} {command line}
   size_t MaxNewSize                               = 321912832                                 {product} {ergonomic}
   size_t MinHeapDeltaBytes                        = 1048576                                   {product} {ergonomic}
   size_t MinHeapSize                              = 268435456                                 {product} {command line}
    uintx NonNMethodCodeHeapSize                   = 5839372                                {pd product} {ergonomic}
    uintx NonProfiledCodeHeapSize                  = 122909434                              {pd product} {ergonomic}
    uintx ProfiledCodeHeapSize                     = 122909434                              {pd product} {ergonomic}
    uintx ReservedCodeCacheSize                    = 251658240                              {pd product} {ergonomic}
     bool SegmentedCodeCache                       = true                                      {product} {ergonomic}
   size_t SoftMaxHeapSize                          = 536870912                              {manageable} {ergonomic}
     bool UseCompressedClassPointers               = true                           {product lp64_product} {ergonomic}
     bool UseCompressedOops                        = true                           {product lp64_product} {ergonomic}
     bool UseG1GC                                  = true                                      {product} {ergonomic}
     bool UseLargePagesIndividualAllocation        = false                                  {pd product} {ergonomic}

Logging:
Log output configuration:
 #0: stdout all=warning uptime,level,tags
 #1: stderr all=off uptime,level,tags

Environment Variables:
JAVA_HOME=C:\Program Files\Java\jdk-17
PATH=c:\Users\LENOVO\AppData\Local\Programs\cursor\resources\app\bin;C:\Program Files\Common Files\Oracle\Java\javapath;C:\WINDOWS\system32;C:\WINDOWS;C:\WINDOWS\System32\Wbem;C:\WINDOWS\System32\WindowsPowerShell\v1.0\;C:\WINDOWS\System32\OpenSSH\;C:\Program Files\Azure Data Studio\bin;C:\Program Files\MongoDB\Server\5.0\tools;C:\Program Files\MongoDB\Server\5.0\bin;C:\Program Files (x86)\Microsoft SQL Server\160\Tools\Binn\;C:\Program Files\Microsoft SQL Server\160\Tools\Binn\;C:\Program Files\Microsoft SQL Server\Client SDK\ODBC\170\Tools\Binn\;C:\Program Files\Microsoft SQL Server\160\DTS\Binn\;C:\Program Files (x86)\Microsoft SQL Server\160\DTS\Binn\;C:\Program Files\Git\cmd;C:\Program Files\Java\jdk-17\bin;C:\Program Files\nodejs\;C:\Program Files\Docker\Docker\resources\bin;C:\Users\LENOVO\AppData\Local\Programs\Python\Python311\Scripts\;C:\Users\LENOVO\AppData\Local\Programs\Python\Python311\;C:\Users\LENOVO\AppData\Local\Microsoft\WindowsApps;C:\Program Files\Azure Data Studio\bin;C:\Users\LENOVO\AppData\;c:\Users\LENOVO\AppData\Local\Programs\cursor\resources\app\bin;D:\TRANDINHCHUONG_20002835\kafka\bin\windows;C:\Users\LENOVO\AppData\Local\Programs\Python\Python311\Scripts\;C:\Users\LENOVO\AppData\Local\Programs\Python\Python311\;C:\Users\LENOVO\AppData\Local\Microsoft\WindowsApps;C:\Users\LENOVO\AppData\Local\Programs\Microsoft VS Code\bin;C:\Program Files\Azure Data Studio\bin;C:\Users\LENOVO\AppData\Local\Programs\mongosh\;C:\Program Files\Java\jdk-17\bin;D:\IntelliJ IDEA 2024.1\bin;;C:\Users\LENOVO\AppData\Roaming\npm;C:\Users\LENOVO\AppData\Local\Google\Cloud SDK\google-cloud-sdk\bin;C:\Program Files\JetBrains\WebStorm 2024.1\bin;
USERNAME=LENOVO
OS=Windows_NT
PROCESSOR_IDENTIFIER=Intel64 Family 6 Model 126 Stepping 5, GenuineIntel



---------------  S Y S T E M  ---------------

OS:
 Windows 11 , 64 bit Build 22621 (10.0.22621.3374)
OS uptime: 5 days 5:21 hours
Hyper-V role detected

CPU: total 8 (initial active 8) (4 cores per cpu, 2 threads per core) family 6 model 126 stepping 5 microcode 0xa0, cx8, cmov, fxsr, ht, mmx, 3dnowpref, sse, sse2, sse3, ssse3, sse4.1, sse4.2, popcnt, lzcnt, tsc, tscinvbit, avx, avx2, aes, erms, clmul, bmi1, bmi2, adx, avx512f, avx512dq, avx512cd, avx512bw, avx512vl, sha, fma, vzeroupper, avx512_vpopcntdq, avx512_vpclmulqdq, avx512_vaes, avx512_vnni, clflush, clflushopt, avx512_vbmi2, avx512_vbmi, hv

Memory: 4k page, system-wide physical 20222M (327M free)
TotalPageFile size 58622M (AvailPageFile size 3M)
current process WorkingSet (physical memory assigned to process): 249M, peak: 407M
current process commit charge ("private bytes"): 501M, peak: 507M

vm_info: Java HotSpot(TM) 64-Bit Server VM (17.0.8+9-LTS-211) for windows-amd64 JRE (17.0.8+9-LTS-211), built on Jun 14 2023 10:34:31 by "mach5one" with MS VC++ 17.1 (VS2022)

END.
