#
# There is insufficient memory for the Java Runtime Environment to continue.
# Native memory allocation (malloc) failed to allocate 44720 bytes for Chunk::new
# Possible reasons:
#   The system is out of physical RAM or swap space
#   The process is running with CompressedOops enabled, and the Java Heap may be blocking the growth of the native heap
# Possible solutions:
#   Reduce memory load on the system
#   Increase physical memory or swap space
#   Check if swap backing store is full
#   Decrease Java heap size (-Xmx/-Xms)
#   Decrease number of Java threads
#   Decrease Java thread stack sizes (-Xss)
#   Set larger code cache with -XX:ReservedCodeCacheSize=
#   JVM is running with Unscaled Compressed Oops mode in which the Java heap is
#     placed in the first 4GB address space. The Java Heap base address is the
#     maximum limit for the native heap growth. Please use -XX:HeapBaseMinAddress
#     to set the Java Heap base and to place the Java Heap above 4GB virtual address.
# This output file may be truncated or incomplete.
#
#  Out of Memory Error (arena.cpp:189), pid=3692, tid=38456
#
# JRE version: Java(TM) SE Runtime Environment (17.0.8+9) (build 17.0.8+9-LTS-211)
# Java VM: Java HotSpot(TM) 64-Bit Server VM (17.0.8+9-LTS-211, mixed mode, sharing, tiered, compressed oops, compressed class ptrs, g1 gc, windows-amd64)
# No core dump will be written. Minidumps are not enabled by default on client versions of Windows
#

---------------  S U M M A R Y ------------

Command Line: --add-opens=java.base/java.util=ALL-UNNAMED --add-opens=java.base/java.lang=ALL-UNNAMED --add-opens=java.base/java.lang.invoke=ALL-UNNAMED --add-opens=java.prefs/java.util.prefs=ALL-UNNAMED --add-opens=java.base/java.nio.charset=ALL-UNNAMED --add-opens=java.base/java.net=ALL-UNNAMED --add-opens=java.base/java.util.concurrent.atomic=ALL-UNNAMED -XX:MaxMetaspaceSize=384m -XX:+HeapDumpOnOutOfMemoryError -Xms256m -Xmx512m -Dfile.encoding=windows-1252 -Duser.country=US -Duser.language=en -Duser.variant -javaagent:C:\Users\LENOVO\.gradle\wrapper\dists\gradle-8.7-bin\bhs2wmbdwecv87pi65oeuq5iu\gradle-8.7\lib\agents\gradle-instrumentation-agent-8.7.jar org.gradle.launcher.daemon.bootstrap.GradleDaemon 8.7

Host: Intel(R) Core(TM) i7-1065G7 CPU @ 1.30GHz, 8 cores, 19G,  Windows 11 , 64 bit Build 22621 (10.0.22621.3374)
Time: Fri May 17 13:04:08 2024 SE Asia Standard Time elapsed time: 194.988010 seconds (0d 0h 3m 14s)

---------------  T H R E A D  ---------------

Current thread (0x000002394714b690):  JavaThread "C2 CompilerThread0" daemon [_thread_in_native, id=38456, stack(0x0000008d21300000,0x0000008d21400000)]


Current CompileTask:
C2: 194988 3534       4       java.util.HashMap::put (13 bytes)

Stack: [0x0000008d21300000,0x0000008d21400000]
Native frames: (J=compiled Java code, j=interpreted, Vv=VM code, C=native code)
V  [jvm.dll+0x677d0a]
V  [jvm.dll+0x7d8c54]
V  [jvm.dll+0x7da3fe]
V  [jvm.dll+0x7daa63]
V  [jvm.dll+0x245c5f]
V  [jvm.dll+0xaaa6b]
V  [jvm.dll+0xab00c]
V  [jvm.dll+0x361e8e]
V  [jvm.dll+0x1bb504]
V  [jvm.dll+0x218157]
V  [jvm.dll+0x217431]
V  [jvm.dll+0x1a3af0]
V  [jvm.dll+0x2270be]
V  [jvm.dll+0x22535b]
V  [jvm.dll+0x78e7bc]
V  [jvm.dll+0x788bba]
V  [jvm.dll+0x676b35]
C  [ucrtbase.dll+0x29333]
C  [KERNEL32.DLL+0x1257d]
C  [ntdll.dll+0x5aa48]


---------------  P R O C E S S  ---------------

Threads class SMR info:
_java_thread_list=0x000002396175c160, length=33, elements={
0x000002392c8361c0, 0x000002394712b330, 0x000002394712c680, 0x00000239471446d0,
0x0000023947145280, 0x0000023947147e40, 0x000002394714a900, 0x000002394714b690,
0x00000239472bb950, 0x00000239472bf640, 0x0000023947116890, 0x00000239474cfb00,
0x0000023962b467e0, 0x0000023961712bd0, 0x000002396205f400, 0x0000023961b27570,
0x0000023947b5b140, 0x0000023961b05170, 0x0000023961b05a50, 0x0000023947cc09c0,
0x0000023947e2fb90, 0x0000023947e2d510, 0x0000023947e2e380, 0x0000023947e2f6c0,
0x0000023947e2e850, 0x0000023947e2d9e0, 0x0000023947e2ed20, 0x0000023947e30530,
0x0000023947e2cb70, 0x0000023947e2d040, 0x0000023947e2f1f0, 0x0000023947e2deb0,
0x00000239623e9b10
}

Java Threads: ( => current thread )
  0x000002392c8361c0 JavaThread "main" [_thread_blocked, id=38088, stack(0x0000008d20600000,0x0000008d20700000)]
  0x000002394712b330 JavaThread "Reference Handler" daemon [_thread_blocked, id=38428, stack(0x0000008d20d00000,0x0000008d20e00000)]
  0x000002394712c680 JavaThread "Finalizer" daemon [_thread_blocked, id=38432, stack(0x0000008d20e00000,0x0000008d20f00000)]
  0x00000239471446d0 JavaThread "Signal Dispatcher" daemon [_thread_blocked, id=38440, stack(0x0000008d20f00000,0x0000008d21000000)]
  0x0000023947145280 JavaThread "Attach Listener" daemon [_thread_blocked, id=38444, stack(0x0000008d21000000,0x0000008d21100000)]
  0x0000023947147e40 JavaThread "Service Thread" daemon [_thread_blocked, id=38448, stack(0x0000008d21100000,0x0000008d21200000)]
  0x000002394714a900 JavaThread "Monitor Deflation Thread" daemon [_thread_blocked, id=38452, stack(0x0000008d21200000,0x0000008d21300000)]
=>0x000002394714b690 JavaThread "C2 CompilerThread0" daemon [_thread_in_native, id=38456, stack(0x0000008d21300000,0x0000008d21400000)]
  0x00000239472bb950 JavaThread "C1 CompilerThread0" daemon [_thread_blocked, id=38480, stack(0x0000008d21400000,0x0000008d21500000)]
  0x00000239472bf640 JavaThread "Sweeper thread" daemon [_thread_blocked, id=38500, stack(0x0000008d21500000,0x0000008d21600000)]
  0x0000023947116890 JavaThread "Common-Cleaner" daemon [_thread_blocked, id=38524, stack(0x0000008d21600000,0x0000008d21700000)]
  0x00000239474cfb00 JavaThread "Notification Thread" daemon [_thread_blocked, id=38776, stack(0x0000008d21700000,0x0000008d21800000)]
  0x0000023962b467e0 JavaThread "Daemon health stats" [_thread_blocked, id=34844, stack(0x0000008d21e00000,0x0000008d21f00000)]
  0x0000023961712bd0 JavaThread "Incoming local TCP Connector on port 51525" [_thread_in_native, id=34768, stack(0x0000008d21f00000,0x0000008d22000000)]
  0x000002396205f400 JavaThread "Daemon periodic checks" [_thread_in_native, id=39228, stack(0x0000008d22000000,0x0000008d22100000)]
  0x0000023961b27570 JavaThread "Daemon" [_thread_blocked, id=37076, stack(0x0000008d22200000,0x0000008d22300000)]
  0x0000023947b5b140 JavaThread "Handler for socket connection from /127.0.0.1:51525 to /127.0.0.1:51562" [_thread_in_native, id=30124, stack(0x0000008d22300000,0x0000008d22400000)]
  0x0000023961b05170 JavaThread "Cancel handler" [_thread_blocked, id=40320, stack(0x0000008d22400000,0x0000008d22500000)]
  0x0000023961b05a50 JavaThread "Daemon worker" [_thread_blocked, id=38036, stack(0x0000008d22500000,0x0000008d22600000)]
  0x0000023947cc09c0 JavaThread "Asynchronous log dispatcher for DefaultDaemonConnection: socket connection from /127.0.0.1:51525 to /127.0.0.1:51562" [_thread_blocked, id=40396, stack(0x0000008d22600000,0x0000008d22700000)]
  0x0000023947e2fb90 JavaThread "Stdin handler" [_thread_blocked, id=38056, stack(0x0000008d22700000,0x0000008d22800000)]
  0x0000023947e2d510 JavaThread "Daemon client event forwarder" [_thread_blocked, id=38052, stack(0x0000008d22800000,0x0000008d22900000)]
  0x0000023947e2e380 JavaThread "Cache worker for journal cache (C:\Users\LENOVO\.gradle\caches\journal-1)" [_thread_blocked, id=31980, stack(0x0000008d22900000,0x0000008d22a00000)]
  0x0000023947e2f6c0 JavaThread "File lock request listener" [_thread_in_native, id=38764, stack(0x0000008d22a00000,0x0000008d22b00000)]
  0x0000023947e2e850 JavaThread "Cache worker for file hash cache (C:\Users\LENOVO\.gradle\caches\8.7\fileHashes)" [_thread_blocked, id=19904, stack(0x0000008d22b00000,0x0000008d22c00000)]
  0x0000023947e2d9e0 JavaThread "File lock release action executor" [_thread_blocked, id=29616, stack(0x0000008d22c00000,0x0000008d22d00000)]
  0x0000023947e2ed20 JavaThread "Cache worker for file hash cache (D:\DoAnKienTruc\sa-microservices-arch\api-getway\.gradle\8.7\fileHashes)" [_thread_blocked, id=40964, stack(0x0000008d22f00000,0x0000008d23000000)]
  0x0000023947e30530 JavaThread "File watcher server" daemon [_thread_in_native, id=41076, stack(0x0000008d23000000,0x0000008d23100000)]
  0x0000023947e2cb70 JavaThread "File watcher consumer" daemon [_thread_blocked, id=41080, stack(0x0000008d23100000,0x0000008d23200000)]
  0x0000023947e2d040 JavaThread "Cache worker for checksums cache (D:\DoAnKienTruc\sa-microservices-arch\api-getway\.gradle\8.7\checksums)" [_thread_blocked, id=41100, stack(0x0000008d23300000,0x0000008d23400000)]
  0x0000023947e2f1f0 JavaThread "Cache worker for cache directory md-supplier (C:\Users\LENOVO\.gradle\caches\8.7\md-supplier)" [_thread_blocked, id=41140, stack(0x0000008d23400000,0x0000008d23500000)]
  0x0000023947e2deb0 JavaThread "Cache worker for cache directory md-rule (C:\Users\LENOVO\.gradle\caches\8.7\md-rule)" [_thread_blocked, id=41144, stack(0x0000008d23500000,0x0000008d23600000)]
  0x00000239623e9b10 JavaThread "Cache worker for file content cache (C:\Users\LENOVO\.gradle\caches\8.7\fileContent)" [_thread_blocked, id=41376, stack(0x0000008d23600000,0x0000008d23700000)]

Other Threads:
  0x0000023947123ce0 VMThread "VM Thread" [stack: 0x0000008d20c00000,0x0000008d20d00000] [id=38384]
  0x0000023947454280 WatcherThread [stack: 0x0000008d21800000,0x0000008d21900000] [id=38780]
  0x000002392c865d50 GCTaskThread "GC Thread#0" [stack: 0x0000008d20700000,0x0000008d20800000] [id=38212]
  0x00000239614fff30 GCTaskThread "GC Thread#1" [stack: 0x0000008d21900000,0x0000008d21a00000] [id=3372]
  0x00000239614e74c0 GCTaskThread "GC Thread#2" [stack: 0x0000008d21a00000,0x0000008d21b00000] [id=6912]
  0x0000023947cca310 GCTaskThread "GC Thread#3" [stack: 0x0000008d21b00000,0x0000008d21c00000] [id=26564]
  0x0000023947cca5c0 GCTaskThread "GC Thread#4" [stack: 0x0000008d21c00000,0x0000008d21d00000] [id=22252]
  0x00000239478a4220 GCTaskThread "GC Thread#5" [stack: 0x0000008d21d00000,0x0000008d21e00000] [id=25788]
  0x0000023961e27530 GCTaskThread "GC Thread#6" [stack: 0x0000008d22d00000,0x0000008d22e00000] [id=33660]
  0x00000239616eb0a0 GCTaskThread "GC Thread#7" [stack: 0x0000008d22e00000,0x0000008d22f00000] [id=40416]
  0x000002392c86ac90 ConcurrentGCThread "G1 Main Marker" [stack: 0x0000008d20800000,0x0000008d20900000] [id=38216]
  0x000002392c86b6a0 ConcurrentGCThread "G1 Conc#0" [stack: 0x0000008d20900000,0x0000008d20a00000] [id=38220]
  0x0000023961a7c410 ConcurrentGCThread "G1 Conc#1" [stack: 0x0000008d23200000,0x0000008d23300000] [id=41088]
  0x0000023946fe80f0 ConcurrentGCThread "G1 Refine#0" [stack: 0x0000008d20a00000,0x0000008d20b00000] [id=38224]
  0x0000023946fe8920 ConcurrentGCThread "G1 Service" [stack: 0x0000008d20b00000,0x0000008d20c00000] [id=38228]

Threads with active compile tasks:
C2 CompilerThread0   195029 3534       4       java.util.HashMap::put (13 bytes)

VM state: not at safepoint (normal execution)

VM Mutex/Monitor currently owned by a thread: None

Heap address: 0x00000000e0000000, size: 512 MB, Compressed Oops mode: 32-bit

CDS archive(s) mapped at: [0x0000023948000000-0x0000023948bd0000-0x0000023948bd0000), size 12386304, SharedBaseAddress: 0x0000023948000000, ArchiveRelocationMode: 1.
Compressed class space mapped at: 0x0000023949000000-0x000002395d000000, reserved size: 335544320
Narrow klass base: 0x0000023948000000, Narrow klass shift: 0, Narrow klass range: 0x100000000

GC Precious Log:
 CPUs: 8 total, 8 available
 Memory: 20222M
 Large Page Support: Disabled
 NUMA Support: Disabled
 Compressed Oops: Enabled (32-bit)
 Heap Region Size: 1M
 Heap Min Capacity: 256M
 Heap Initial Capacity: 256M
 Heap Max Capacity: 512M
 Pre-touch: Disabled
 Parallel Workers: 8
 Concurrent Workers: 2
 Concurrent Refinement Workers: 8
 Periodic GC: Disabled

Heap:
 garbage-first heap   total 262144K, used 71623K [0x00000000e0000000, 0x0000000100000000)
  region size 1024K, 62 young (63488K), 13 survivors (13312K)
 Metaspace       used 26424K, committed 26752K, reserved 393216K
  class space    used 3928K, committed 4096K, reserved 327680K

Heap Regions: E=young(eden), S=young(survivor), O=old, HS=humongous(starts), HC=humongous(continues), CS=collection set, F=free, OA=open archive, CA=closed archive, TAMS=top-at-mark-start (previous, next)
|   0|0x00000000e0000000, 0x00000000e0100000, 0x00000000e0100000|100%|HS|  |TAMS 0x00000000e0100000, 0x00000000e0000000| Complete 
|   1|0x00000000e0100000, 0x00000000e0200000, 0x00000000e0200000|100%|HC|  |TAMS 0x00000000e0200000, 0x00000000e0100000| Complete 
|   2|0x00000000e0200000, 0x00000000e0300000, 0x00000000e0300000|100%|HC|  |TAMS 0x00000000e0300000, 0x00000000e0200000| Complete 
|   3|0x00000000e0300000, 0x00000000e0400000, 0x00000000e0400000|100%|HC|  |TAMS 0x00000000e0400000, 0x00000000e0300000| Complete 
|   4|0x00000000e0400000, 0x00000000e0500000, 0x00000000e0500000|100%| O|  |TAMS 0x00000000e0500000, 0x00000000e0400000| Untracked 
|   5|0x00000000e0500000, 0x00000000e0600000, 0x00000000e0600000|100%| O|  |TAMS 0x00000000e0600000, 0x00000000e0500000| Untracked 
|   6|0x00000000e0600000, 0x00000000e0700000, 0x00000000e0700000|100%| O|  |TAMS 0x00000000e0700000, 0x00000000e0600000| Untracked 
|   7|0x00000000e0700000, 0x00000000e0800000, 0x00000000e0800000|100%| O|  |TAMS 0x00000000e0800000, 0x00000000e0700000| Untracked 
|   8|0x00000000e0800000, 0x00000000e0900000, 0x00000000e0900000|100%| O|  |TAMS 0x00000000e0900000, 0x00000000e0800000| Untracked 
|   9|0x00000000e0900000, 0x00000000e0a00000, 0x00000000e0a00000|100%| O|  |TAMS 0x00000000e0a00000, 0x00000000e0900000| Untracked 
|  10|0x00000000e0a00000, 0x00000000e0a98000, 0x00000000e0b00000| 59%| O|  |TAMS 0x00000000e0a98000, 0x00000000e0a00000| Untracked 
|  11|0x00000000e0b00000, 0x00000000e0b00000, 0x00000000e0c00000|  0%| F|  |TAMS 0x00000000e0b00000, 0x00000000e0b00000| Untracked 
|  12|0x00000000e0c00000, 0x00000000e0c00000, 0x00000000e0d00000|  0%| F|  |TAMS 0x00000000e0c00000, 0x00000000e0c00000| Untracked 
|  13|0x00000000e0d00000, 0x00000000e0d00000, 0x00000000e0e00000|  0%| F|  |TAMS 0x00000000e0d00000, 0x00000000e0d00000| Untracked 
|  14|0x00000000e0e00000, 0x00000000e0e00000, 0x00000000e0f00000|  0%| F|  |TAMS 0x00000000e0e00000, 0x00000000e0e00000| Untracked 
|  15|0x00000000e0f00000, 0x00000000e0f00000, 0x00000000e1000000|  0%| F|  |TAMS 0x00000000e0f00000, 0x00000000e0f00000| Untracked 
|  16|0x00000000e1000000, 0x00000000e1000000, 0x00000000e1100000|  0%| F|  |TAMS 0x00000000e1000000, 0x00000000e1000000| Untracked 
|  17|0x00000000e1100000, 0x00000000e1100000, 0x00000000e1200000|  0%| F|  |TAMS 0x00000000e1100000, 0x00000000e1100000| Untracked 
|  18|0x00000000e1200000, 0x00000000e1200000, 0x00000000e1300000|  0%| F|  |TAMS 0x00000000e1200000, 0x00000000e1200000| Untracked 
|  19|0x00000000e1300000, 0x00000000e1300000, 0x00000000e1400000|  0%| F|  |TAMS 0x00000000e1300000, 0x00000000e1300000| Untracked 
|  20|0x00000000e1400000, 0x00000000e1400000, 0x00000000e1500000|  0%| F|  |TAMS 0x00000000e1400000, 0x00000000e1400000| Untracked 
|  21|0x00000000e1500000, 0x00000000e1500000, 0x00000000e1600000|  0%| F|  |TAMS 0x00000000e1500000, 0x00000000e1500000| Untracked 
|  22|0x00000000e1600000, 0x00000000e1600000, 0x00000000e1700000|  0%| F|  |TAMS 0x00000000e1600000, 0x00000000e1600000| Untracked 
|  23|0x00000000e1700000, 0x00000000e1700000, 0x00000000e1800000|  0%| F|  |TAMS 0x00000000e1700000, 0x00000000e1700000| Untracked 
|  24|0x00000000e1800000, 0x00000000e1800000, 0x00000000e1900000|  0%| F|  |TAMS 0x00000000e1800000, 0x00000000e1800000| Untracked 
|  25|0x00000000e1900000, 0x00000000e1900000, 0x00000000e1a00000|  0%| F|  |TAMS 0x00000000e1900000, 0x00000000e1900000| Untracked 
|  26|0x00000000e1a00000, 0x00000000e1a00000, 0x00000000e1b00000|  0%| F|  |TAMS 0x00000000e1a00000, 0x00000000e1a00000| Untracked 
|  27|0x00000000e1b00000, 0x00000000e1b00000, 0x00000000e1c00000|  0%| F|  |TAMS 0x00000000e1b00000, 0x00000000e1b00000| Untracked 
|  28|0x00000000e1c00000, 0x00000000e1c00000, 0x00000000e1d00000|  0%| F|  |TAMS 0x00000000e1c00000, 0x00000000e1c00000| Untracked 
|  29|0x00000000e1d00000, 0x00000000e1d00000, 0x00000000e1e00000|  0%| F|  |TAMS 0x00000000e1d00000, 0x00000000e1d00000| Untracked 
|  30|0x00000000e1e00000, 0x00000000e1e00000, 0x00000000e1f00000|  0%| F|  |TAMS 0x00000000e1e00000, 0x00000000e1e00000| Untracked 
|  31|0x00000000e1f00000, 0x00000000e1f00000, 0x00000000e2000000|  0%| F|  |TAMS 0x00000000e1f00000, 0x00000000e1f00000| Untracked 
|  32|0x00000000e2000000, 0x00000000e2000000, 0x00000000e2100000|  0%| F|  |TAMS 0x00000000e2000000, 0x00000000e2000000| Untracked 
|  33|0x00000000e2100000, 0x00000000e2100000, 0x00000000e2200000|  0%| F|  |TAMS 0x00000000e2100000, 0x00000000e2100000| Untracked 
|  34|0x00000000e2200000, 0x00000000e2200000, 0x00000000e2300000|  0%| F|  |TAMS 0x00000000e2200000, 0x00000000e2200000| Untracked 
|  35|0x00000000e2300000, 0x00000000e2300000, 0x00000000e2400000|  0%| F|  |TAMS 0x00000000e2300000, 0x00000000e2300000| Untracked 
|  36|0x00000000e2400000, 0x00000000e2400000, 0x00000000e2500000|  0%| F|  |TAMS 0x00000000e2400000, 0x00000000e2400000| Untracked 
|  37|0x00000000e2500000, 0x00000000e2500000, 0x00000000e2600000|  0%| F|  |TAMS 0x00000000e2500000, 0x00000000e2500000| Untracked 
|  38|0x00000000e2600000, 0x00000000e2600000, 0x00000000e2700000|  0%| F|  |TAMS 0x00000000e2600000, 0x00000000e2600000| Untracked 
|  39|0x00000000e2700000, 0x00000000e2700000, 0x00000000e2800000|  0%| F|  |TAMS 0x00000000e2700000, 0x00000000e2700000| Untracked 
|  40|0x00000000e2800000, 0x00000000e2800000, 0x00000000e2900000|  0%| F|  |TAMS 0x00000000e2800000, 0x00000000e2800000| Untracked 
|  41|0x00000000e2900000, 0x00000000e2900000, 0x00000000e2a00000|  0%| F|  |TAMS 0x00000000e2900000, 0x00000000e2900000| Untracked 
|  42|0x00000000e2a00000, 0x00000000e2a00000, 0x00000000e2b00000|  0%| F|  |TAMS 0x00000000e2a00000, 0x00000000e2a00000| Untracked 
|  43|0x00000000e2b00000, 0x00000000e2b00000, 0x00000000e2c00000|  0%| F|  |TAMS 0x00000000e2b00000, 0x00000000e2b00000| Untracked 
|  44|0x00000000e2c00000, 0x00000000e2c00000, 0x00000000e2d00000|  0%| F|  |TAMS 0x00000000e2c00000, 0x00000000e2c00000| Untracked 
|  45|0x00000000e2d00000, 0x00000000e2d00000, 0x00000000e2e00000|  0%| F|  |TAMS 0x00000000e2d00000, 0x00000000e2d00000| Untracked 
|  46|0x00000000e2e00000, 0x00000000e2e00000, 0x00000000e2f00000|  0%| F|  |TAMS 0x00000000e2e00000, 0x00000000e2e00000| Untracked 
|  47|0x00000000e2f00000, 0x00000000e2f00000, 0x00000000e3000000|  0%| F|  |TAMS 0x00000000e2f00000, 0x00000000e2f00000| Untracked 
|  48|0x00000000e3000000, 0x00000000e3000000, 0x00000000e3100000|  0%| F|  |TAMS 0x00000000e3000000, 0x00000000e3000000| Untracked 
|  49|0x00000000e3100000, 0x00000000e3100000, 0x00000000e3200000|  0%| F|  |TAMS 0x00000000e3100000, 0x00000000e3100000| Untracked 
|  50|0x00000000e3200000, 0x00000000e3200000, 0x00000000e3300000|  0%| F|  |TAMS 0x00000000e3200000, 0x00000000e3200000| Untracked 
|  51|0x00000000e3300000, 0x00000000e3300000, 0x00000000e3400000|  0%| F|  |TAMS 0x00000000e3300000, 0x00000000e3300000| Untracked 
|  52|0x00000000e3400000, 0x00000000e3400000, 0x00000000e3500000|  0%| F|  |TAMS 0x00000000e3400000, 0x00000000e3400000| Untracked 
|  53|0x00000000e3500000, 0x00000000e3500000, 0x00000000e3600000|  0%| F|  |TAMS 0x00000000e3500000, 0x00000000e3500000| Untracked 
|  54|0x00000000e3600000, 0x00000000e3600000, 0x00000000e3700000|  0%| F|  |TAMS 0x00000000e3600000, 0x00000000e3600000| Untracked 
|  55|0x00000000e3700000, 0x00000000e3700000, 0x00000000e3800000|  0%| F|  |TAMS 0x00000000e3700000, 0x00000000e3700000| Untracked 
|  56|0x00000000e3800000, 0x00000000e3800000, 0x00000000e3900000|  0%| F|  |TAMS 0x00000000e3800000, 0x00000000e3800000| Untracked 
|  57|0x00000000e3900000, 0x00000000e3900000, 0x00000000e3a00000|  0%| F|  |TAMS 0x00000000e3900000, 0x00000000e3900000| Untracked 
|  58|0x00000000e3a00000, 0x00000000e3a00000, 0x00000000e3b00000|  0%| F|  |TAMS 0x00000000e3a00000, 0x00000000e3a00000| Untracked 
|  59|0x00000000e3b00000, 0x00000000e3b00000, 0x00000000e3c00000|  0%| F|  |TAMS 0x00000000e3b00000, 0x00000000e3b00000| Untracked 
|  60|0x00000000e3c00000, 0x00000000e3c00000, 0x00000000e3d00000|  0%| F|  |TAMS 0x00000000e3c00000, 0x00000000e3c00000| Untracked 
|  61|0x00000000e3d00000, 0x00000000e3d00000, 0x00000000e3e00000|  0%| F|  |TAMS 0x00000000e3d00000, 0x00000000e3d00000| Untracked 
|  62|0x00000000e3e00000, 0x00000000e3e00000, 0x00000000e3f00000|  0%| F|  |TAMS 0x00000000e3e00000, 0x00000000e3e00000| Untracked 
|  63|0x00000000e3f00000, 0x00000000e3f00000, 0x00000000e4000000|  0%| F|  |TAMS 0x00000000e3f00000, 0x00000000e3f00000| Untracked 
|  64|0x00000000e4000000, 0x00000000e4000000, 0x00000000e4100000|  0%| F|  |TAMS 0x00000000e4000000, 0x00000000e4000000| Untracked 
|  65|0x00000000e4100000, 0x00000000e4100000, 0x00000000e4200000|  0%| F|  |TAMS 0x00000000e4100000, 0x00000000e4100000| Untracked 
|  66|0x00000000e4200000, 0x00000000e4200000, 0x00000000e4300000|  0%| F|  |TAMS 0x00000000e4200000, 0x00000000e4200000| Untracked 
|  67|0x00000000e4300000, 0x00000000e4300000, 0x00000000e4400000|  0%| F|  |TAMS 0x00000000e4300000, 0x00000000e4300000| Untracked 
|  68|0x00000000e4400000, 0x00000000e4400000, 0x00000000e4500000|  0%| F|  |TAMS 0x00000000e4400000, 0x00000000e4400000| Untracked 
|  69|0x00000000e4500000, 0x00000000e4500000, 0x00000000e4600000|  0%| F|  |TAMS 0x00000000e4500000, 0x00000000e4500000| Untracked 
|  70|0x00000000e4600000, 0x00000000e4600000, 0x00000000e4700000|  0%| F|  |TAMS 0x00000000e4600000, 0x00000000e4600000| Untracked 
|  71|0x00000000e4700000, 0x00000000e4700000, 0x00000000e4800000|  0%| F|  |TAMS 0x00000000e4700000, 0x00000000e4700000| Untracked 
|  72|0x00000000e4800000, 0x00000000e4800000, 0x00000000e4900000|  0%| F|  |TAMS 0x00000000e4800000, 0x00000000e4800000| Untracked 
|  73|0x00000000e4900000, 0x00000000e4900000, 0x00000000e4a00000|  0%| F|  |TAMS 0x00000000e4900000, 0x00000000e4900000| Untracked 
|  74|0x00000000e4a00000, 0x00000000e4a00000, 0x00000000e4b00000|  0%| F|  |TAMS 0x00000000e4a00000, 0x00000000e4a00000| Untracked 
|  75|0x00000000e4b00000, 0x00000000e4b00000, 0x00000000e4c00000|  0%| F|  |TAMS 0x00000000e4b00000, 0x00000000e4b00000| Untracked 
|  76|0x00000000e4c00000, 0x00000000e4c00000, 0x00000000e4d00000|  0%| F|  |TAMS 0x00000000e4c00000, 0x00000000e4c00000| Untracked 
|  77|0x00000000e4d00000, 0x00000000e4d00000, 0x00000000e4e00000|  0%| F|  |TAMS 0x00000000e4d00000, 0x00000000e4d00000| Untracked 
|  78|0x00000000e4e00000, 0x00000000e4e00000, 0x00000000e4f00000|  0%| F|  |TAMS 0x00000000e4e00000, 0x00000000e4e00000| Untracked 
|  79|0x00000000e4f00000, 0x00000000e4f00000, 0x00000000e5000000|  0%| F|  |TAMS 0x00000000e4f00000, 0x00000000e4f00000| Untracked 
|  80|0x00000000e5000000, 0x00000000e5000000, 0x00000000e5100000|  0%| F|  |TAMS 0x00000000e5000000, 0x00000000e5000000| Untracked 
|  81|0x00000000e5100000, 0x00000000e5100000, 0x00000000e5200000|  0%| F|  |TAMS 0x00000000e5100000, 0x00000000e5100000| Untracked 
|  82|0x00000000e5200000, 0x00000000e5200000, 0x00000000e5300000|  0%| F|  |TAMS 0x00000000e5200000, 0x00000000e5200000| Untracked 
|  83|0x00000000e5300000, 0x00000000e5300000, 0x00000000e5400000|  0%| F|  |TAMS 0x00000000e5300000, 0x00000000e5300000| Untracked 
|  84|0x00000000e5400000, 0x00000000e5400000, 0x00000000e5500000|  0%| F|  |TAMS 0x00000000e5400000, 0x00000000e5400000| Untracked 
|  85|0x00000000e5500000, 0x00000000e5500000, 0x00000000e5600000|  0%| F|  |TAMS 0x00000000e5500000, 0x00000000e5500000| Untracked 
|  86|0x00000000e5600000, 0x00000000e5600000, 0x00000000e5700000|  0%| F|  |TAMS 0x00000000e5600000, 0x00000000e5600000| Untracked 
|  87|0x00000000e5700000, 0x00000000e5700000, 0x00000000e5800000|  0%| F|  |TAMS 0x00000000e5700000, 0x00000000e5700000| Untracked 
|  88|0x00000000e5800000, 0x00000000e5800000, 0x00000000e5900000|  0%| F|  |TAMS 0x00000000e5800000, 0x00000000e5800000| Untracked 
|  89|0x00000000e5900000, 0x00000000e5900000, 0x00000000e5a00000|  0%| F|  |TAMS 0x00000000e5900000, 0x00000000e5900000| Untracked 
|  90|0x00000000e5a00000, 0x00000000e5a00000, 0x00000000e5b00000|  0%| F|  |TAMS 0x00000000e5a00000, 0x00000000e5a00000| Untracked 
|  91|0x00000000e5b00000, 0x00000000e5b00000, 0x00000000e5c00000|  0%| F|  |TAMS 0x00000000e5b00000, 0x00000000e5b00000| Untracked 
|  92|0x00000000e5c00000, 0x00000000e5c00000, 0x00000000e5d00000|  0%| F|  |TAMS 0x00000000e5c00000, 0x00000000e5c00000| Untracked 
|  93|0x00000000e5d00000, 0x00000000e5d00000, 0x00000000e5e00000|  0%| F|  |TAMS 0x00000000e5d00000, 0x00000000e5d00000| Untracked 
|  94|0x00000000e5e00000, 0x00000000e5e00000, 0x00000000e5f00000|  0%| F|  |TAMS 0x00000000e5e00000, 0x00000000e5e00000| Untracked 
|  95|0x00000000e5f00000, 0x00000000e5f00000, 0x00000000e6000000|  0%| F|  |TAMS 0x00000000e5f00000, 0x00000000e5f00000| Untracked 
|  96|0x00000000e6000000, 0x00000000e6000000, 0x00000000e6100000|  0%| F|  |TAMS 0x00000000e6000000, 0x00000000e6000000| Untracked 
|  97|0x00000000e6100000, 0x00000000e6100000, 0x00000000e6200000|  0%| F|  |TAMS 0x00000000e6100000, 0x00000000e6100000| Untracked 
|  98|0x00000000e6200000, 0x00000000e6200000, 0x00000000e6300000|  0%| F|  |TAMS 0x00000000e6200000, 0x00000000e6200000| Untracked 
|  99|0x00000000e6300000, 0x00000000e6300000, 0x00000000e6400000|  0%| F|  |TAMS 0x00000000e6300000, 0x00000000e6300000| Untracked 
| 100|0x00000000e6400000, 0x00000000e6400000, 0x00000000e6500000|  0%| F|  |TAMS 0x00000000e6400000, 0x00000000e6400000| Untracked 
| 101|0x00000000e6500000, 0x00000000e6500000, 0x00000000e6600000|  0%| F|  |TAMS 0x00000000e6500000, 0x00000000e6500000| Untracked 
| 102|0x00000000e6600000, 0x00000000e6600000, 0x00000000e6700000|  0%| F|  |TAMS 0x00000000e6600000, 0x00000000e6600000| Untracked 
| 103|0x00000000e6700000, 0x00000000e6700000, 0x00000000e6800000|  0%| F|  |TAMS 0x00000000e6700000, 0x00000000e6700000| Untracked 
| 104|0x00000000e6800000, 0x00000000e6800000, 0x00000000e6900000|  0%| F|  |TAMS 0x00000000e6800000, 0x00000000e6800000| Untracked 
| 105|0x00000000e6900000, 0x00000000e6900000, 0x00000000e6a00000|  0%| F|  |TAMS 0x00000000e6900000, 0x00000000e6900000| Untracked 
| 106|0x00000000e6a00000, 0x00000000e6a00000, 0x00000000e6b00000|  0%| F|  |TAMS 0x00000000e6a00000, 0x00000000e6a00000| Untracked 
| 107|0x00000000e6b00000, 0x00000000e6b00000, 0x00000000e6c00000|  0%| F|  |TAMS 0x00000000e6b00000, 0x00000000e6b00000| Untracked 
| 108|0x00000000e6c00000, 0x00000000e6c00000, 0x00000000e6d00000|  0%| F|  |TAMS 0x00000000e6c00000, 0x00000000e6c00000| Untracked 
| 109|0x00000000e6d00000, 0x00000000e6d00000, 0x00000000e6e00000|  0%| F|  |TAMS 0x00000000e6d00000, 0x00000000e6d00000| Untracked 
| 110|0x00000000e6e00000, 0x00000000e6e00000, 0x00000000e6f00000|  0%| F|  |TAMS 0x00000000e6e00000, 0x00000000e6e00000| Untracked 
| 111|0x00000000e6f00000, 0x00000000e6f00000, 0x00000000e7000000|  0%| F|  |TAMS 0x00000000e6f00000, 0x00000000e6f00000| Untracked 
| 112|0x00000000e7000000, 0x00000000e7000000, 0x00000000e7100000|  0%| F|  |TAMS 0x00000000e7000000, 0x00000000e7000000| Untracked 
| 113|0x00000000e7100000, 0x00000000e7100000, 0x00000000e7200000|  0%| F|  |TAMS 0x00000000e7100000, 0x00000000e7100000| Untracked 
| 114|0x00000000e7200000, 0x00000000e7200000, 0x00000000e7300000|  0%| F|  |TAMS 0x00000000e7200000, 0x00000000e7200000| Untracked 
| 115|0x00000000e7300000, 0x00000000e7300000, 0x00000000e7400000|  0%| F|  |TAMS 0x00000000e7300000, 0x00000000e7300000| Untracked 
| 116|0x00000000e7400000, 0x00000000e7400000, 0x00000000e7500000|  0%| F|  |TAMS 0x00000000e7400000, 0x00000000e7400000| Untracked 
| 117|0x00000000e7500000, 0x00000000e7500000, 0x00000000e7600000|  0%| F|  |TAMS 0x00000000e7500000, 0x00000000e7500000| Untracked 
| 118|0x00000000e7600000, 0x00000000e7600000, 0x00000000e7700000|  0%| F|  |TAMS 0x00000000e7600000, 0x00000000e7600000| Untracked 
| 119|0x00000000e7700000, 0x00000000e7700000, 0x00000000e7800000|  0%| F|  |TAMS 0x00000000e7700000, 0x00000000e7700000| Untracked 
| 120|0x00000000e7800000, 0x00000000e7800000, 0x00000000e7900000|  0%| F|  |TAMS 0x00000000e7800000, 0x00000000e7800000| Untracked 
| 121|0x00000000e7900000, 0x00000000e7900000, 0x00000000e7a00000|  0%| F|  |TAMS 0x00000000e7900000, 0x00000000e7900000| Untracked 
| 122|0x00000000e7a00000, 0x00000000e7a00000, 0x00000000e7b00000|  0%| F|  |TAMS 0x00000000e7a00000, 0x00000000e7a00000| Untracked 
| 123|0x00000000e7b00000, 0x00000000e7b00000, 0x00000000e7c00000|  0%| F|  |TAMS 0x00000000e7b00000, 0x00000000e7b00000| Untracked 
| 124|0x00000000e7c00000, 0x00000000e7c00000, 0x00000000e7d00000|  0%| F|  |TAMS 0x00000000e7c00000, 0x00000000e7c00000| Untracked 
| 125|0x00000000e7d00000, 0x00000000e7d00000, 0x00000000e7e00000|  0%| F|  |TAMS 0x00000000e7d00000, 0x00000000e7d00000| Untracked 
| 126|0x00000000e7e00000, 0x00000000e7e00000, 0x00000000e7f00000|  0%| F|  |TAMS 0x00000000e7e00000, 0x00000000e7e00000| Untracked 
| 127|0x00000000e7f00000, 0x00000000e7f00000, 0x00000000e8000000|  0%| F|  |TAMS 0x00000000e7f00000, 0x00000000e7f00000| Untracked 
| 128|0x00000000e8000000, 0x00000000e8000000, 0x00000000e8100000|  0%| F|  |TAMS 0x00000000e8000000, 0x00000000e8000000| Untracked 
| 129|0x00000000e8100000, 0x00000000e8100000, 0x00000000e8200000|  0%| F|  |TAMS 0x00000000e8100000, 0x00000000e8100000| Untracked 
| 130|0x00000000e8200000, 0x00000000e8200000, 0x00000000e8300000|  0%| F|  |TAMS 0x00000000e8200000, 0x00000000e8200000| Untracked 
| 131|0x00000000e8300000, 0x00000000e8300000, 0x00000000e8400000|  0%| F|  |TAMS 0x00000000e8300000, 0x00000000e8300000| Untracked 
| 132|0x00000000e8400000, 0x00000000e8400000, 0x00000000e8500000|  0%| F|  |TAMS 0x00000000e8400000, 0x00000000e8400000| Untracked 
| 133|0x00000000e8500000, 0x00000000e8500000, 0x00000000e8600000|  0%| F|  |TAMS 0x00000000e8500000, 0x00000000e8500000| Untracked 
| 134|0x00000000e8600000, 0x00000000e8600000, 0x00000000e8700000|  0%| F|  |TAMS 0x00000000e8600000, 0x00000000e8600000| Untracked 
| 135|0x00000000e8700000, 0x00000000e8700000, 0x00000000e8800000|  0%| F|  |TAMS 0x00000000e8700000, 0x00000000e8700000| Untracked 
| 136|0x00000000e8800000, 0x00000000e8800000, 0x00000000e8900000|  0%| F|  |TAMS 0x00000000e8800000, 0x00000000e8800000| Untracked 
| 137|0x00000000e8900000, 0x00000000e8900000, 0x00000000e8a00000|  0%| F|  |TAMS 0x00000000e8900000, 0x00000000e8900000| Untracked 
| 138|0x00000000e8a00000, 0x00000000e8a00000, 0x00000000e8b00000|  0%| F|  |TAMS 0x00000000e8a00000, 0x00000000e8a00000| Untracked 
| 139|0x00000000e8b00000, 0x00000000e8b00000, 0x00000000e8c00000|  0%| F|  |TAMS 0x00000000e8b00000, 0x00000000e8b00000| Untracked 
| 140|0x00000000e8c00000, 0x00000000e8c00000, 0x00000000e8d00000|  0%| F|  |TAMS 0x00000000e8c00000, 0x00000000e8c00000| Untracked 
| 141|0x00000000e8d00000, 0x00000000e8d00000, 0x00000000e8e00000|  0%| F|  |TAMS 0x00000000e8d00000, 0x00000000e8d00000| Untracked 
| 142|0x00000000e8e00000, 0x00000000e8e00000, 0x00000000e8f00000|  0%| F|  |TAMS 0x00000000e8e00000, 0x00000000e8e00000| Untracked 
| 143|0x00000000e8f00000, 0x00000000e8f00000, 0x00000000e9000000|  0%| F|  |TAMS 0x00000000e8f00000, 0x00000000e8f00000| Untracked 
| 144|0x00000000e9000000, 0x00000000e9000000, 0x00000000e9100000|  0%| F|  |TAMS 0x00000000e9000000, 0x00000000e9000000| Untracked 
| 145|0x00000000e9100000, 0x00000000e9100000, 0x00000000e9200000|  0%| F|  |TAMS 0x00000000e9100000, 0x00000000e9100000| Untracked 
| 146|0x00000000e9200000, 0x00000000e9200000, 0x00000000e9300000|  0%| F|  |TAMS 0x00000000e9200000, 0x00000000e9200000| Untracked 
| 147|0x00000000e9300000, 0x00000000e9300000, 0x00000000e9400000|  0%| F|  |TAMS 0x00000000e9300000, 0x00000000e9300000| Untracked 
| 148|0x00000000e9400000, 0x00000000e9400000, 0x00000000e9500000|  0%| F|  |TAMS 0x00000000e9400000, 0x00000000e9400000| Untracked 
| 149|0x00000000e9500000, 0x00000000e9500000, 0x00000000e9600000|  0%| F|  |TAMS 0x00000000e9500000, 0x00000000e9500000| Untracked 
| 150|0x00000000e9600000, 0x00000000e9600000, 0x00000000e9700000|  0%| F|  |TAMS 0x00000000e9600000, 0x00000000e9600000| Untracked 
| 151|0x00000000e9700000, 0x00000000e9700000, 0x00000000e9800000|  0%| F|  |TAMS 0x00000000e9700000, 0x00000000e9700000| Untracked 
| 152|0x00000000e9800000, 0x00000000e9800000, 0x00000000e9900000|  0%| F|  |TAMS 0x00000000e9800000, 0x00000000e9800000| Untracked 
| 153|0x00000000e9900000, 0x00000000e9900000, 0x00000000e9a00000|  0%| F|  |TAMS 0x00000000e9900000, 0x00000000e9900000| Untracked 
| 154|0x00000000e9a00000, 0x00000000e9a00000, 0x00000000e9b00000|  0%| F|  |TAMS 0x00000000e9a00000, 0x00000000e9a00000| Untracked 
| 155|0x00000000e9b00000, 0x00000000e9b00000, 0x00000000e9c00000|  0%| F|  |TAMS 0x00000000e9b00000, 0x00000000e9b00000| Untracked 
| 156|0x00000000e9c00000, 0x00000000e9c00000, 0x00000000e9d00000|  0%| F|  |TAMS 0x00000000e9c00000, 0x00000000e9c00000| Untracked 
| 157|0x00000000e9d00000, 0x00000000e9d00000, 0x00000000e9e00000|  0%| F|  |TAMS 0x00000000e9d00000, 0x00000000e9d00000| Untracked 
| 158|0x00000000e9e00000, 0x00000000e9e00000, 0x00000000e9f00000|  0%| F|  |TAMS 0x00000000e9e00000, 0x00000000e9e00000| Untracked 
| 159|0x00000000e9f00000, 0x00000000e9f00000, 0x00000000ea000000|  0%| F|  |TAMS 0x00000000e9f00000, 0x00000000e9f00000| Untracked 
| 160|0x00000000ea000000, 0x00000000ea000000, 0x00000000ea100000|  0%| F|  |TAMS 0x00000000ea000000, 0x00000000ea000000| Untracked 
| 161|0x00000000ea100000, 0x00000000ea100000, 0x00000000ea200000|  0%| F|  |TAMS 0x00000000ea100000, 0x00000000ea100000| Untracked 
| 162|0x00000000ea200000, 0x00000000ea200000, 0x00000000ea300000|  0%| F|  |TAMS 0x00000000ea200000, 0x00000000ea200000| Untracked 
| 163|0x00000000ea300000, 0x00000000ea300000, 0x00000000ea400000|  0%| F|  |TAMS 0x00000000ea300000, 0x00000000ea300000| Untracked 
| 164|0x00000000ea400000, 0x00000000ea400000, 0x00000000ea500000|  0%| F|  |TAMS 0x00000000ea400000, 0x00000000ea400000| Untracked 
| 165|0x00000000ea500000, 0x00000000ea500000, 0x00000000ea600000|  0%| F|  |TAMS 0x00000000ea500000, 0x00000000ea500000| Untracked 
| 166|0x00000000ea600000, 0x00000000ea600000, 0x00000000ea700000|  0%| F|  |TAMS 0x00000000ea600000, 0x00000000ea600000| Untracked 
| 167|0x00000000ea700000, 0x00000000ea700000, 0x00000000ea800000|  0%| F|  |TAMS 0x00000000ea700000, 0x00000000ea700000| Untracked 
| 168|0x00000000ea800000, 0x00000000ea800000, 0x00000000ea900000|  0%| F|  |TAMS 0x00000000ea800000, 0x00000000ea800000| Untracked 
| 169|0x00000000ea900000, 0x00000000ea900000, 0x00000000eaa00000|  0%| F|  |TAMS 0x00000000ea900000, 0x00000000ea900000| Untracked 
| 170|0x00000000eaa00000, 0x00000000eaa00000, 0x00000000eab00000|  0%| F|  |TAMS 0x00000000eaa00000, 0x00000000eaa00000| Untracked 
| 171|0x00000000eab00000, 0x00000000eab00000, 0x00000000eac00000|  0%| F|  |TAMS 0x00000000eab00000, 0x00000000eab00000| Untracked 
| 172|0x00000000eac00000, 0x00000000eac00000, 0x00000000ead00000|  0%| F|  |TAMS 0x00000000eac00000, 0x00000000eac00000| Untracked 
| 173|0x00000000ead00000, 0x00000000ead00000, 0x00000000eae00000|  0%| F|  |TAMS 0x00000000ead00000, 0x00000000ead00000| Untracked 
| 174|0x00000000eae00000, 0x00000000eae00000, 0x00000000eaf00000|  0%| F|  |TAMS 0x00000000eae00000, 0x00000000eae00000| Untracked 
| 175|0x00000000eaf00000, 0x00000000eaf00000, 0x00000000eb000000|  0%| F|  |TAMS 0x00000000eaf00000, 0x00000000eaf00000| Untracked 
| 176|0x00000000eb000000, 0x00000000eb000000, 0x00000000eb100000|  0%| F|  |TAMS 0x00000000eb000000, 0x00000000eb000000| Untracked 
| 177|0x00000000eb100000, 0x00000000eb100000, 0x00000000eb200000|  0%| F|  |TAMS 0x00000000eb100000, 0x00000000eb100000| Untracked 
| 178|0x00000000eb200000, 0x00000000eb200000, 0x00000000eb300000|  0%| F|  |TAMS 0x00000000eb200000, 0x00000000eb200000| Untracked 
| 179|0x00000000eb300000, 0x00000000eb300000, 0x00000000eb400000|  0%| F|  |TAMS 0x00000000eb300000, 0x00000000eb300000| Untracked 
| 180|0x00000000eb400000, 0x00000000eb400000, 0x00000000eb500000|  0%| F|  |TAMS 0x00000000eb400000, 0x00000000eb400000| Untracked 
| 181|0x00000000eb500000, 0x00000000eb500000, 0x00000000eb600000|  0%| F|  |TAMS 0x00000000eb500000, 0x00000000eb500000| Untracked 
| 182|0x00000000eb600000, 0x00000000eb600000, 0x00000000eb700000|  0%| F|  |TAMS 0x00000000eb600000, 0x00000000eb600000| Untracked 
| 183|0x00000000eb700000, 0x00000000eb700000, 0x00000000eb800000|  0%| F|  |TAMS 0x00000000eb700000, 0x00000000eb700000| Untracked 
| 184|0x00000000eb800000, 0x00000000eb800000, 0x00000000eb900000|  0%| F|  |TAMS 0x00000000eb800000, 0x00000000eb800000| Untracked 
| 185|0x00000000eb900000, 0x00000000eb900000, 0x00000000eba00000|  0%| F|  |TAMS 0x00000000eb900000, 0x00000000eb900000| Untracked 
| 186|0x00000000eba00000, 0x00000000eba00000, 0x00000000ebb00000|  0%| F|  |TAMS 0x00000000eba00000, 0x00000000eba00000| Untracked 
| 187|0x00000000ebb00000, 0x00000000ebb00000, 0x00000000ebc00000|  0%| F|  |TAMS 0x00000000ebb00000, 0x00000000ebb00000| Untracked 
| 188|0x00000000ebc00000, 0x00000000ebc00000, 0x00000000ebd00000|  0%| F|  |TAMS 0x00000000ebc00000, 0x00000000ebc00000| Untracked 
| 189|0x00000000ebd00000, 0x00000000ebd00000, 0x00000000ebe00000|  0%| F|  |TAMS 0x00000000ebd00000, 0x00000000ebd00000| Untracked 
| 190|0x00000000ebe00000, 0x00000000ebe00000, 0x00000000ebf00000|  0%| F|  |TAMS 0x00000000ebe00000, 0x00000000ebe00000| Untracked 
| 191|0x00000000ebf00000, 0x00000000ebf00000, 0x00000000ec000000|  0%| F|  |TAMS 0x00000000ebf00000, 0x00000000ebf00000| Untracked 
| 192|0x00000000ec000000, 0x00000000ec000000, 0x00000000ec100000|  0%| F|  |TAMS 0x00000000ec000000, 0x00000000ec000000| Untracked 
| 193|0x00000000ec100000, 0x00000000ec100000, 0x00000000ec200000|  0%| F|  |TAMS 0x00000000ec100000, 0x00000000ec100000| Untracked 
| 194|0x00000000ec200000, 0x00000000ec2ed200, 0x00000000ec300000| 92%| E|  |TAMS 0x00000000ec200000, 0x00000000ec200000| Complete 
| 195|0x00000000ec300000, 0x00000000ec400000, 0x00000000ec400000|100%| E|CS|TAMS 0x00000000ec300000, 0x00000000ec300000| Complete 
| 196|0x00000000ec400000, 0x00000000ec500000, 0x00000000ec500000|100%| E|CS|TAMS 0x00000000ec400000, 0x00000000ec400000| Complete 
| 197|0x00000000ec500000, 0x00000000ec600000, 0x00000000ec600000|100%| E|CS|TAMS 0x00000000ec500000, 0x00000000ec500000| Complete 
| 198|0x00000000ec600000, 0x00000000ec700000, 0x00000000ec700000|100%| E|CS|TAMS 0x00000000ec600000, 0x00000000ec600000| Complete 
| 199|0x00000000ec700000, 0x00000000ec800000, 0x00000000ec800000|100%| E|CS|TAMS 0x00000000ec700000, 0x00000000ec700000| Complete 
| 200|0x00000000ec800000, 0x00000000ec900000, 0x00000000ec900000|100%| E|CS|TAMS 0x00000000ec800000, 0x00000000ec800000| Complete 
| 201|0x00000000ec900000, 0x00000000eca00000, 0x00000000eca00000|100%| E|CS|TAMS 0x00000000ec900000, 0x00000000ec900000| Complete 
| 202|0x00000000eca00000, 0x00000000ecb00000, 0x00000000ecb00000|100%| E|CS|TAMS 0x00000000eca00000, 0x00000000eca00000| Complete 
| 203|0x00000000ecb00000, 0x00000000ecc00000, 0x00000000ecc00000|100%| E|CS|TAMS 0x00000000ecb00000, 0x00000000ecb00000| Complete 
| 204|0x00000000ecc00000, 0x00000000ecd00000, 0x00000000ecd00000|100%| E|CS|TAMS 0x00000000ecc00000, 0x00000000ecc00000| Complete 
| 205|0x00000000ecd00000, 0x00000000ece00000, 0x00000000ece00000|100%| E|CS|TAMS 0x00000000ecd00000, 0x00000000ecd00000| Complete 
| 206|0x00000000ece00000, 0x00000000ecf00000, 0x00000000ecf00000|100%| E|CS|TAMS 0x00000000ece00000, 0x00000000ece00000| Complete 
| 207|0x00000000ecf00000, 0x00000000ed000000, 0x00000000ed000000|100%| E|CS|TAMS 0x00000000ecf00000, 0x00000000ecf00000| Complete 
| 208|0x00000000ed000000, 0x00000000ed100000, 0x00000000ed100000|100%| E|CS|TAMS 0x00000000ed000000, 0x00000000ed000000| Complete 
| 209|0x00000000ed100000, 0x00000000ed200000, 0x00000000ed200000|100%| E|CS|TAMS 0x00000000ed100000, 0x00000000ed100000| Complete 
| 210|0x00000000ed200000, 0x00000000ed259f88, 0x00000000ed300000| 35%| S|CS|TAMS 0x00000000ed200000, 0x00000000ed200000| Complete 
| 211|0x00000000ed300000, 0x00000000ed400000, 0x00000000ed400000|100%| S|CS|TAMS 0x00000000ed300000, 0x00000000ed300000| Complete 
| 212|0x00000000ed400000, 0x00000000ed500000, 0x00000000ed500000|100%| S|CS|TAMS 0x00000000ed400000, 0x00000000ed400000| Complete 
| 213|0x00000000ed500000, 0x00000000ed600000, 0x00000000ed600000|100%| S|CS|TAMS 0x00000000ed500000, 0x00000000ed500000| Complete 
| 214|0x00000000ed600000, 0x00000000ed700000, 0x00000000ed700000|100%| S|CS|TAMS 0x00000000ed600000, 0x00000000ed600000| Complete 
| 215|0x00000000ed700000, 0x00000000ed800000, 0x00000000ed800000|100%| S|CS|TAMS 0x00000000ed700000, 0x00000000ed700000| Complete 
| 216|0x00000000ed800000, 0x00000000ed900000, 0x00000000ed900000|100%| S|CS|TAMS 0x00000000ed800000, 0x00000000ed800000| Complete 
| 217|0x00000000ed900000, 0x00000000eda00000, 0x00000000eda00000|100%| S|CS|TAMS 0x00000000ed900000, 0x00000000ed900000| Complete 
| 218|0x00000000eda00000, 0x00000000edb00000, 0x00000000edb00000|100%| S|CS|TAMS 0x00000000eda00000, 0x00000000eda00000| Complete 
| 219|0x00000000edb00000, 0x00000000edc00000, 0x00000000edc00000|100%| S|CS|TAMS 0x00000000edb00000, 0x00000000edb00000| Complete 
| 220|0x00000000edc00000, 0x00000000edd00000, 0x00000000edd00000|100%| S|CS|TAMS 0x00000000edc00000, 0x00000000edc00000| Complete 
| 221|0x00000000edd00000, 0x00000000ede00000, 0x00000000ede00000|100%| S|CS|TAMS 0x00000000edd00000, 0x00000000edd00000| Complete 
| 222|0x00000000ede00000, 0x00000000edf00000, 0x00000000edf00000|100%| S|CS|TAMS 0x00000000ede00000, 0x00000000ede00000| Complete 
| 223|0x00000000edf00000, 0x00000000ee000000, 0x00000000ee000000|100%| E|CS|TAMS 0x00000000edf00000, 0x00000000edf00000| Complete 
| 224|0x00000000ee000000, 0x00000000ee100000, 0x00000000ee100000|100%| E|CS|TAMS 0x00000000ee000000, 0x00000000ee000000| Complete 
| 225|0x00000000ee100000, 0x00000000ee200000, 0x00000000ee200000|100%| E|CS|TAMS 0x00000000ee100000, 0x00000000ee100000| Complete 
| 226|0x00000000ee200000, 0x00000000ee300000, 0x00000000ee300000|100%| E|CS|TAMS 0x00000000ee200000, 0x00000000ee200000| Complete 
| 227|0x00000000ee300000, 0x00000000ee400000, 0x00000000ee400000|100%| E|CS|TAMS 0x00000000ee300000, 0x00000000ee300000| Complete 
| 228|0x00000000ee400000, 0x00000000ee500000, 0x00000000ee500000|100%| E|CS|TAMS 0x00000000ee400000, 0x00000000ee400000| Complete 
| 229|0x00000000ee500000, 0x00000000ee600000, 0x00000000ee600000|100%| E|CS|TAMS 0x00000000ee500000, 0x00000000ee500000| Complete 
| 230|0x00000000ee600000, 0x00000000ee700000, 0x00000000ee700000|100%| E|CS|TAMS 0x00000000ee600000, 0x00000000ee600000| Complete 
| 231|0x00000000ee700000, 0x00000000ee800000, 0x00000000ee800000|100%| E|CS|TAMS 0x00000000ee700000, 0x00000000ee700000| Complete 
| 232|0x00000000ee800000, 0x00000000ee900000, 0x00000000ee900000|100%| E|CS|TAMS 0x00000000ee800000, 0x00000000ee800000| Complete 
| 233|0x00000000ee900000, 0x00000000eea00000, 0x00000000eea00000|100%| E|CS|TAMS 0x00000000ee900000, 0x00000000ee900000| Complete 
| 234|0x00000000eea00000, 0x00000000eeb00000, 0x00000000eeb00000|100%| E|CS|TAMS 0x00000000eea00000, 0x00000000eea00000| Complete 
| 235|0x00000000eeb00000, 0x00000000eec00000, 0x00000000eec00000|100%| E|CS|TAMS 0x00000000eeb00000, 0x00000000eeb00000| Complete 
| 236|0x00000000eec00000, 0x00000000eed00000, 0x00000000eed00000|100%| E|CS|TAMS 0x00000000eec00000, 0x00000000eec00000| Complete 
| 237|0x00000000eed00000, 0x00000000eee00000, 0x00000000eee00000|100%| E|CS|TAMS 0x00000000eed00000, 0x00000000eed00000| Complete 
| 238|0x00000000eee00000, 0x00000000eef00000, 0x00000000eef00000|100%| E|CS|TAMS 0x00000000eee00000, 0x00000000eee00000| Complete 
| 239|0x00000000eef00000, 0x00000000ef000000, 0x00000000ef000000|100%| E|CS|TAMS 0x00000000eef00000, 0x00000000eef00000| Complete 
| 240|0x00000000ef000000, 0x00000000ef100000, 0x00000000ef100000|100%| E|CS|TAMS 0x00000000ef000000, 0x00000000ef000000| Complete 
| 241|0x00000000ef100000, 0x00000000ef200000, 0x00000000ef200000|100%| E|CS|TAMS 0x00000000ef100000, 0x00000000ef100000| Complete 
| 242|0x00000000ef200000, 0x00000000ef300000, 0x00000000ef300000|100%| E|CS|TAMS 0x00000000ef200000, 0x00000000ef200000| Complete 
| 243|0x00000000ef300000, 0x00000000ef400000, 0x00000000ef400000|100%| E|CS|TAMS 0x00000000ef300000, 0x00000000ef300000| Complete 
| 244|0x00000000ef400000, 0x00000000ef500000, 0x00000000ef500000|100%| E|CS|TAMS 0x00000000ef400000, 0x00000000ef400000| Complete 
| 245|0x00000000ef500000, 0x00000000ef600000, 0x00000000ef600000|100%| E|CS|TAMS 0x00000000ef500000, 0x00000000ef500000| Complete 
| 246|0x00000000ef600000, 0x00000000ef700000, 0x00000000ef700000|100%| E|CS|TAMS 0x00000000ef600000, 0x00000000ef600000| Complete 
| 247|0x00000000ef700000, 0x00000000ef800000, 0x00000000ef800000|100%| E|CS|TAMS 0x00000000ef700000, 0x00000000ef700000| Complete 
| 248|0x00000000ef800000, 0x00000000ef900000, 0x00000000ef900000|100%| E|CS|TAMS 0x00000000ef800000, 0x00000000ef800000| Complete 
| 249|0x00000000ef900000, 0x00000000efa00000, 0x00000000efa00000|100%| E|CS|TAMS 0x00000000ef900000, 0x00000000ef900000| Complete 
| 250|0x00000000efa00000, 0x00000000efb00000, 0x00000000efb00000|100%| E|CS|TAMS 0x00000000efa00000, 0x00000000efa00000| Complete 
| 251|0x00000000efb00000, 0x00000000efc00000, 0x00000000efc00000|100%| E|CS|TAMS 0x00000000efb00000, 0x00000000efb00000| Complete 
| 252|0x00000000efc00000, 0x00000000efd00000, 0x00000000efd00000|100%| E|CS|TAMS 0x00000000efc00000, 0x00000000efc00000| Complete 
| 253|0x00000000efd00000, 0x00000000efe00000, 0x00000000efe00000|100%| E|CS|TAMS 0x00000000efd00000, 0x00000000efd00000| Complete 
| 254|0x00000000efe00000, 0x00000000eff00000, 0x00000000eff00000|100%| E|CS|TAMS 0x00000000efe00000, 0x00000000efe00000| Complete 
| 255|0x00000000eff00000, 0x00000000f0000000, 0x00000000f0000000|100%| E|  |TAMS 0x00000000eff00000, 0x00000000eff00000| Complete 

Card table byte_map: [0x0000023943500000,0x0000023943600000] _byte_map_base: 0x0000023942e00000

Marking Bits (Prev, Next): (CMBitMap*) 0x000002392c8663a0, (CMBitMap*) 0x000002392c866360
 Prev Bits: [0x0000023943f00000, 0x0000023944700000)
 Next Bits: [0x0000023943700000, 0x0000023943f00000)

Polling page: 0x000002392a6a0000

Metaspace:

Usage:
  Non-class:     21.97 MB used.
      Class:      3.84 MB used.
       Both:     25.80 MB used.

Virtual space:
  Non-class space:       64.00 MB reserved,      22.12 MB ( 35%) committed,  1 nodes.
      Class space:      320.00 MB reserved,       4.00 MB (  1%) committed,  1 nodes.
             Both:      384.00 MB reserved,      26.12 MB (  7%) committed. 

Chunk freelists:
   Non-Class:  9.62 MB
       Class:  12.05 MB
        Both:  21.67 MB

MaxMetaspaceSize: 384.00 MB
CompressedClassSpaceSize: 320.00 MB
Initial GC threshold: 21.00 MB
Current GC threshold: 35.62 MB
CDS: on
MetaspaceReclaimPolicy: balanced
 - commit_granule_bytes: 65536.
 - commit_granule_words: 8192.
 - virtual_space_node_default_size: 8388608.
 - enlarge_chunks_in_place: 1.
 - new_chunks_are_fully_committed: 0.
 - uncommit_free_chunks: 1.
 - use_allocation_guard: 0.
 - handle_deallocations: 1.


Internal statistics:

num_allocs_failed_limit: 6.
num_arena_births: 284.
num_arena_deaths: 0.
num_vsnodes_births: 2.
num_vsnodes_deaths: 0.
num_space_committed: 418.
num_space_uncommitted: 0.
num_chunks_returned_to_freelist: 6.
num_chunks_taken_from_freelist: 1281.
num_chunk_merges: 6.
num_chunk_splits: 848.
num_chunks_enlarged: 599.
num_purges: 0.
num_inconsistent_stats: 0.

CodeHeap 'non-profiled nmethods': size=120000Kb used=2074Kb max_used=2074Kb free=117925Kb
 bounds [0x000002393bba0000, 0x000002393be10000, 0x00000239430d0000]
CodeHeap 'profiled nmethods': size=120000Kb used=7301Kb max_used=7301Kb free=112698Kb
 bounds [0x00000239340d0000, 0x0000023934800000, 0x000002393b600000]
CodeHeap 'non-nmethods': size=5760Kb used=1256Kb max_used=1298Kb free=4503Kb
 bounds [0x000002393b600000, 0x000002393b870000, 0x000002393bba0000]
 total_blobs=4085 nmethods=3530 adapters=467
 compilation: enabled
              stopped_count=0, restarted_count=0
 full_count=0

Compilation events (20 events):
Event: 174.959 Thread 0x000002394714b690 nmethod 3524 0x000002393bda5f90 code [0x000002393bda6120, 0x000002393bda6598]
Event: 174.959 Thread 0x000002394714b690 3525       4       java.util.regex.Pattern::nextEscaped (19 bytes)
Event: 174.960 Thread 0x000002394714b690 nmethod 3525 0x000002393bda6810 code [0x000002393bda6980, 0x000002393bda6a38]
Event: 181.073 Thread 0x00000239472bb950 3526       3       java.util.stream.ReferencePipeline::collect (124 bytes)
Event: 181.075 Thread 0x00000239472bb950 nmethod 3526 0x00000239347ebb10 code [0x00000239347ebda0, 0x00000239347eca48]
Event: 181.075 Thread 0x00000239472bb950 3527       3       java.util.concurrent.ScheduledThreadPoolExecutor$ScheduledFutureTask::getDelay (16 bytes)
Event: 181.075 Thread 0x00000239472bb950 nmethod 3527 0x00000239347ece90 code [0x00000239347ed040, 0x00000239347ed1c8]
Event: 182.071 Thread 0x00000239472bb950 3528   !   3       java.util.concurrent.LinkedBlockingDeque::offerLast (53 bytes)
Event: 182.072 Thread 0x00000239472bb950 nmethod 3528 0x00000239347ed290 code [0x00000239347ed500, 0x00000239347ee0d8]
Event: 182.072 Thread 0x00000239472bb950 3529       3       java.util.concurrent.LinkedBlockingDeque$Node::<init> (10 bytes)
Event: 182.073 Thread 0x00000239472bb950 nmethod 3529 0x00000239347ee510 code [0x00000239347ee6a0, 0x00000239347ee858]
Event: 182.073 Thread 0x00000239472bb950 3530       3       java.util.concurrent.LinkedBlockingDeque::linkLast (69 bytes)
Event: 182.073 Thread 0x00000239472bb950 nmethod 3530 0x00000239347ee910 code [0x00000239347eeb20, 0x00000239347ef188]
Event: 184.845 Thread 0x00000239472bb950 3531   !   3       java.util.concurrent.LinkedBlockingDeque$AbstractItr::next (100 bytes)
Event: 184.846 Thread 0x00000239472bb950 nmethod 3531 0x00000239347ef390 code [0x00000239347ef620, 0x00000239347f05b8]
Event: 184.846 Thread 0x00000239472bb950 3532       3       java.util.concurrent.LinkedBlockingDeque$Itr::nextNode (5 bytes)
Event: 184.846 Thread 0x00000239472bb950 nmethod 3532 0x00000239347f0a90 code [0x00000239347f0c20, 0x00000239347f0d38]
Event: 185.071 Thread 0x00000239472bb950 3533       3       java.util.stream.Collectors::toList (26 bytes)
Event: 185.072 Thread 0x00000239472bb950 nmethod 3533 0x00000239347f0e10 code [0x00000239347f1000, 0x00000239347f1568]
Event: 194.974 Thread 0x000002394714b690 3534       4       java.util.HashMap::put (13 bytes)

GC Heap History (8 events):
Event: 29.349 GC heap before
{Heap before GC invocations=0 (full 0):
 garbage-first heap   total 262144K, used 26624K [0x00000000e0000000, 0x0000000100000000)
  region size 1024K, 23 young (23552K), 0 survivors (0K)
 Metaspace       used 2906K, committed 3072K, reserved 393216K
  class space    used 368K, committed 448K, reserved 327680K
}
Event: 29.571 GC heap after
{Heap after GC invocations=1 (full 0):
 garbage-first heap   total 262144K, used 10487K [0x00000000e0000000, 0x0000000100000000)
  region size 1024K, 3 young (3072K), 3 survivors (3072K)
 Metaspace       used 2906K, committed 3072K, reserved 393216K
  class space    used 368K, committed 448K, reserved 327680K
}
Event: 37.189 GC heap before
{Heap before GC invocations=1 (full 0):
 garbage-first heap   total 262144K, used 37111K [0x00000000e0000000, 0x0000000100000000)
  region size 1024K, 29 young (29696K), 3 survivors (3072K)
 Metaspace       used 3987K, committed 4160K, reserved 393216K
  class space    used 489K, committed 576K, reserved 327680K
}
Event: 37.193 GC heap after
{Heap after GC invocations=2 (full 0):
 garbage-first heap   total 262144K, used 11674K [0x00000000e0000000, 0x0000000100000000)
  region size 1024K, 1 young (1024K), 1 survivors (1024K)
 Metaspace       used 3987K, committed 4160K, reserved 393216K
  class space    used 489K, committed 576K, reserved 327680K
}
Event: 110.818 GC heap before
{Heap before GC invocations=2 (full 0):
 garbage-first heap   total 262144K, used 106906K [0x00000000e0000000, 0x0000000100000000)
  region size 1024K, 93 young (95232K), 1 survivors (1024K)
 Metaspace       used 17281K, committed 17600K, reserved 393216K
  class space    used 2459K, committed 2624K, reserved 327680K
}
Event: 111.151 GC heap after
{Heap after GC invocations=3 (full 0):
 garbage-first heap   total 262144K, used 21675K [0x00000000e0000000, 0x0000000100000000)
  region size 1024K, 11 young (11264K), 11 survivors (11264K)
 Metaspace       used 17281K, committed 17600K, reserved 393216K
  class space    used 2459K, committed 2624K, reserved 327680K
}
Event: 115.084 GC heap before
{Heap before GC invocations=3 (full 0):
 garbage-first heap   total 262144K, used 54443K [0x00000000e0000000, 0x0000000100000000)
  region size 1024K, 44 young (45056K), 11 survivors (11264K)
 Metaspace       used 21234K, committed 21504K, reserved 393216K
  class space    used 3106K, committed 3264K, reserved 327680K
}
Event: 115.103 GC heap after
{Heap after GC invocations=4 (full 0):
 garbage-first heap   total 262144K, used 23495K [0x00000000e0000000, 0x0000000100000000)
  region size 1024K, 13 young (13312K), 13 survivors (13312K)
 Metaspace       used 21234K, committed 21504K, reserved 393216K
  class space    used 3106K, committed 3264K, reserved 327680K
}

Deoptimization events (20 events):
Event: 124.535 Thread 0x0000023947e2e380 Uncommon trap: trap_request=0xffffffc6 fr.pc=0x000002393bca95e0 relative=0x0000000000000520
Event: 124.535 Thread 0x0000023947e2e380 Uncommon trap: reason=bimorphic_or_optimized_type_check action=maybe_recompile pc=0x000002393bca95e0 method=java.io.DataInputStream.readFully([BII)V @ 30 c2
Event: 124.535 Thread 0x0000023947e2e380 DEOPT PACKING pc=0x000002393bca95e0 sp=0x0000008d229fe650
Event: 124.535 Thread 0x0000023947e2e380 DEOPT UNPACKING pc=0x000002393b655ba3 sp=0x0000008d229fe628 mode 2
Event: 124.542 Thread 0x0000023947e2e380 Uncommon trap: trap_request=0xffffffde fr.pc=0x000002393bca7880 relative=0x0000000000000900
Event: 124.542 Thread 0x0000023947e2e380 Uncommon trap: reason=class_check action=maybe_recompile pc=0x000002393bca7880 method=java.io.BufferedInputStream.read([BII)I @ 101 c2
Event: 124.542 Thread 0x0000023947e2e380 DEOPT PACKING pc=0x000002393bca7880 sp=0x0000008d229fe6e0
Event: 124.542 Thread 0x0000023947e2e380 DEOPT UNPACKING pc=0x000002393b655ba3 sp=0x0000008d229fe698 mode 2
Event: 124.691 Thread 0x0000023947e2e850 Uncommon trap: trap_request=0xffffffde fr.pc=0x000002393bca7880 relative=0x0000000000000900
Event: 124.691 Thread 0x0000023947e2e850 Uncommon trap: reason=class_check action=maybe_recompile pc=0x000002393bca7880 method=java.io.BufferedInputStream.read([BII)I @ 101 c2
Event: 124.691 Thread 0x0000023947e2e850 DEOPT PACKING pc=0x000002393bca7880 sp=0x0000008d22bfe1d0
Event: 124.691 Thread 0x0000023947e2e850 DEOPT UNPACKING pc=0x000002393b655ba3 sp=0x0000008d22bfe188 mode 2
Event: 124.695 Thread 0x0000023947e2e850 Uncommon trap: trap_request=0xffffffde fr.pc=0x000002393bca7880 relative=0x0000000000000900
Event: 124.695 Thread 0x0000023947e2e850 Uncommon trap: reason=class_check action=maybe_recompile pc=0x000002393bca7880 method=java.io.BufferedInputStream.read([BII)I @ 101 c2
Event: 124.695 Thread 0x0000023947e2e850 DEOPT PACKING pc=0x000002393bca7880 sp=0x0000008d22bfe1d0
Event: 124.695 Thread 0x0000023947e2e850 DEOPT UNPACKING pc=0x000002393b655ba3 sp=0x0000008d22bfe188 mode 2
Event: 124.696 Thread 0x0000023947e2e850 Uncommon trap: trap_request=0xffffffde fr.pc=0x000002393bca7880 relative=0x0000000000000900
Event: 124.696 Thread 0x0000023947e2e850 Uncommon trap: reason=class_check action=maybe_recompile pc=0x000002393bca7880 method=java.io.BufferedInputStream.read([BII)I @ 101 c2
Event: 124.696 Thread 0x0000023947e2e850 DEOPT PACKING pc=0x000002393bca7880 sp=0x0000008d22bfe1d0
Event: 124.696 Thread 0x0000023947e2e850 DEOPT UNPACKING pc=0x000002393b655ba3 sp=0x0000008d22bfe188 mode 2

Classes unloaded (0 events):
No events

Classes redefined (0 events):
No events

Internal exceptions (20 events):
Event: 113.226 Thread 0x0000023961b05a50 Exception <a 'java/lang/NoSuchMethodError'{0x00000000ee975c98}: 'java.lang.Object java.lang.invoke.DirectMethodHandle$Holder.newInvokeSpecial(java.lang.Object, java.lang.Object, java.lang.Object, java.lang.Object, java.lang.Object, java.lang.Object, java.lang.Object, java.lang.Object)'> (0x00000000ee975c98) 
thrown [s\open\src\hotspot\share\interpreter\linkResolver.cpp, line 759]
Event: 113.227 Thread 0x0000023961b05a50 Exception <a 'java/lang/NoSuchMethodError'{0x00000000ee97b6a0}: 'java.lang.Object java.lang.invoke.DirectMethodHandle$Holder.invokeSpecial(java.lang.Object, java.lang.Object, java.lang.Object, java.lang.Object, java.lang.Object, java.lang.Object, java.lang.Object, java.lang.Object, java.lang.Object)'> (0x00000000ee97b6a0) 
thrown [s\open\src\hotspot\share\interpreter\linkResolver.cpp, line 759]
Event: 113.227 Thread 0x0000023961b05a50 Exception <a 'java/lang/NoSuchMethodError'{0x00000000ee980a50}: 'java.lang.Object java.lang.invoke.Invokers$Holder.linkToTargetMethod(java.lang.Object, java.lang.Object, java.lang.Object, java.lang.Object, java.lang.Object, java.lang.Object, java.lang.Object, java.lang.Object)'> (0x00000000ee980a50) 
thrown [s\open\src\hotspot\share\interpreter\linkResolver.cpp, line 759]
Event: 113.348 Thread 0x0000023961b05a50 Exception <a 'java/lang/NoSuchMethodError'{0x00000000ee9ca048}: 'void java.lang.invoke.DirectMethodHandle$Holder.invokeStatic(java.lang.Object, java.lang.Object, java.lang.Object, java.lang.Object)'> (0x00000000ee9ca048) 
thrown [s\open\src\hotspot\share\interpreter\linkResolver.cpp, line 759]
Event: 115.028 Thread 0x0000023961b05a50 Exception <a 'java/lang/NoSuchMethodError'{0x00000000ee040180}: 'int java.lang.invoke.DirectMethodHandle$Holder.invokeVirtual(java.lang.Object, java.lang.Object)'> (0x00000000ee040180) 
thrown [s\open\src\hotspot\share\interpreter\linkResolver.cpp, line 759]
Event: 115.031 Thread 0x0000023961b05a50 Exception <a 'java/lang/NoSuchMethodError'{0x00000000ee0528d0}: 'java.lang.Object java.lang.invoke.DirectMethodHandle$Holder.invokeStaticInit(java.lang.Object, java.lang.Object, java.lang.Object)'> (0x00000000ee0528d0) 
thrown [s\open\src\hotspot\share\interpreter\linkResolver.cpp, line 759]
Event: 115.566 Thread 0x0000023961b05a50 Exception <a 'java/lang/NoSuchMethodError'{0x00000000ef7755c0}: 'java.lang.Object java.lang.invoke.DirectMethodHandle$Holder.invokeSpecialIFC(java.lang.Object, java.lang.Object, java.lang.Object, java.lang.Object)'> (0x00000000ef7755c0) 
thrown [s\open\src\hotspot\share\interpreter\linkResolver.cpp, line 759]
Event: 115.599 Thread 0x0000023961b05a50 Exception <a 'java/lang/NoSuchMethodError'{0x00000000ef6766e8}: 'java.lang.Object java.lang.invoke.DirectMethodHandle$Holder.newInvokeSpecial(java.lang.Object, java.lang.Object, java.lang.Object, java.lang.Object, java.lang.Object, java.lang.Object, java.lang.Object, java.lang.Object, java.lang.Object, java.lang.Object)'> (0x00000000ef6766e8) 
thrown [s\open\src\hotspot\share\interpreter\linkResolver.cpp, line 759]
Event: 115.600 Thread 0x0000023961b05a50 Exception <a 'java/lang/NoSuchMethodError'{0x00000000ef67b5d0}: 'java.lang.Object java.lang.invoke.Invokers$Holder.linkToTargetMethod(java.lang.Object, java.lang.Object, java.lang.Object, java.lang.Object, java.lang.Object, java.lang.Object, java.lang.Object, java.lang.Object, java.lang.Object, java.lang.Object)'> (0x00000000ef67b5d0) 
thrown [s\open\src\hotspot\share\interpreter\linkResolver.cpp, line 759]
Event: 115.806 Thread 0x0000023961b05a50 Exception <a 'java/lang/NoSuchMethodError'{0x00000000ef6ef1e0}: 'java.lang.Object java.lang.invoke.DirectMethodHandle$Holder.newInvokeSpecial(java.lang.Object, java.lang.Object, java.lang.Object, java.lang.Object, java.lang.Object, java.lang.Object, java.lang.Object, java.lang.Object, java.lang.Object, java.lang.Object, java.lang.Object)'> (0x00000000ef6ef1e0) 
thrown [s\open\src\hotspot\share\interpreter\linkResolver.cpp, line 759]
Event: 115.807 Thread 0x0000023961b05a50 Exception <a 'java/lang/NoSuchMethodError'{0x00000000ef6f4d18}: 'java.lang.Object java.lang.invoke.DirectMethodHandle$Holder.invokeSpecial(java.lang.Object, java.lang.Object, java.lang.Object, java.lang.Object, java.lang.Object, java.lang.Object, java.lang.Object, java.lang.Object, java.lang.Object, java.lang.Object, java.lang.Object, java.lang.Object)'> (0x00000000ef6f4d18) 
thrown [s\open\src\hotspot\share\interpreter\linkResolver.cpp, line 759]
Event: 115.807 Thread 0x0000023961b05a50 Exception <a 'java/lang/NoSuchMethodError'{0x00000000ef6fa3b0}: 'java.lang.Object java.lang.invoke.Invokers$Holder.linkToTargetMethod(java.lang.Object, java.lang.Object, java.lang.Object, java.lang.Object, java.lang.Object, java.lang.Object, java.lang.Object, java.lang.Object, java.lang.Object, java.lang.Object, java.lang.Object)'> (0x00000000ef6fa3b0) 
thrown [s\open\src\hotspot\share\interpreter\linkResolver.cpp, line 759]
Event: 116.576 Thread 0x0000023961b05a50 Implicit null exception at 0x000002393bc00f8f to 0x000002393bc014e8
Event: 117.382 Thread 0x0000023961b05a50 Exception <a 'java/lang/NoSuchMethodError'{0x00000000eec1ab28}: 'java.lang.Object java.lang.invoke.DirectMethodHandle$Holder.newInvokeSpecial(java.lang.Object, java.lang.Object, int, int)'> (0x00000000eec1ab28) 
thrown [s\open\src\hotspot\share\interpreter\linkResolver.cpp, line 759]
Event: 119.865 Thread 0x0000023961b05a50 Exception <a 'java/lang/IncompatibleClassChangeError'{0x00000000ece43cc8}: Found class java.lang.Object, but interface was expected> (0x00000000ece43cc8) 
thrown [s\open\src\hotspot\share\interpreter\linkResolver.cpp, line 826]
Event: 124.500 Thread 0x0000023961b05a50 Exception <a 'java/lang/NoSuchMethodError'{0x00000000ecc26810}: 'int java.lang.invoke.DirectMethodHandle$Holder.invokeStaticInit(java.lang.Object, java.lang.Object, java.lang.Object)'> (0x00000000ecc26810) 
thrown [s\open\src\hotspot\share\interpreter\linkResolver.cpp, line 759]
Event: 124.502 Thread 0x0000023961b05a50 Exception <a 'java/lang/NoSuchMethodError'{0x00000000ecc3c368}: 'java.lang.Object java.lang.invoke.DirectMethodHandle$Holder.newInvokeSpecial(java.lang.Object, java.lang.Object, long)'> (0x00000000ecc3c368) 
thrown [s\open\src\hotspot\share\interpreter\linkResolver.cpp, line 759]
Event: 124.503 Thread 0x0000023961b05a50 Exception <a 'java/lang/NoSuchMethodError'{0x00000000ecc40978}: 'java.lang.Object java.lang.invoke.Invokers$Holder.linkToTargetMethod(java.lang.Object, long, java.lang.Object)'> (0x00000000ecc40978) 
thrown [s\open\src\hotspot\share\interpreter\linkResolver.cpp, line 759]
Event: 124.709 Thread 0x0000023961b05a50 Exception <a 'java/lang/NoSuchMethodError'{0x00000000ecac4010}: 'int java.lang.invoke.DirectMethodHandle$Holder.invokeInterface(java.lang.Object, java.lang.Object)'> (0x00000000ecac4010) 
thrown [s\open\src\hotspot\share\interpreter\linkResolver.cpp, line 759]
Event: 124.765 Thread 0x0000023961b05a50 Exception <a 'java/lang/NoSuchMethodError'{0x00000000ec9270a8}: 'java.lang.Object java.lang.invoke.DirectMethodHandle$Holder.invokeVirtual(java.lang.Object, java.lang.Object, int)'> (0x00000000ec9270a8) 
thrown [s\open\src\hotspot\share\interpreter\linkResolver.cpp, line 759]

VM Operations (20 events):
Event: 129.585 Executing VM operation: Cleanup
Event: 129.585 Executing VM operation: Cleanup done
Event: 130.596 Executing VM operation: Cleanup
Event: 130.597 Executing VM operation: Cleanup done
Event: 132.631 Executing VM operation: Cleanup
Event: 132.631 Executing VM operation: Cleanup done
Event: 136.669 Executing VM operation: Cleanup
Event: 136.669 Executing VM operation: Cleanup done
Event: 145.781 Executing VM operation: Cleanup
Event: 145.782 Executing VM operation: Cleanup done
Event: 154.849 Executing VM operation: Cleanup
Event: 154.849 Executing VM operation: Cleanup done
Event: 158.894 Executing VM operation: Cleanup
Event: 158.894 Executing VM operation: Cleanup done
Event: 171.004 Executing VM operation: Cleanup
Event: 171.305 Executing VM operation: Cleanup done
Event: 172.306 Executing VM operation: Cleanup
Event: 172.307 Executing VM operation: Cleanup done
Event: 177.353 Executing VM operation: Cleanup
Event: 177.353 Executing VM operation: Cleanup done

Events (20 events):
Event: 119.805 loading class java/math/MutableBigInteger
Event: 119.807 loading class java/math/MutableBigInteger done
Event: 119.882 loading class sun/nio/fs/WindowsPath$1
Event: 119.882 loading class sun/nio/fs/WindowsPath$1 done
Event: 124.540 loading class java/nio/file/FileTreeWalker
Event: 124.540 loading class java/nio/file/FileTreeWalker done
Event: 124.541 loading class java/nio/file/FileTreeWalker$DirectoryNode
Event: 124.542 loading class java/nio/file/FileTreeWalker$DirectoryNode done
Event: 124.542 loading class java/nio/file/FileTreeWalker$Event
Event: 124.542 loading class java/nio/file/FileTreeWalker$Event done
Event: 124.542 loading class java/nio/file/FileTreeWalker$EventType
Event: 124.542 loading class java/nio/file/FileTreeWalker$EventType done
Event: 124.542 loading class java/nio/file/Files$3
Event: 124.542 loading class java/nio/file/Files$3 done
Event: 124.545 loading class java/nio/file/FileVisitResult
Event: 124.545 loading class java/nio/file/FileVisitResult done
Event: 124.546 loading class java/nio/charset/CharacterCodingException
Event: 124.546 loading class java/nio/charset/CharacterCodingException done
Event: 124.768 loading class java/util/stream/Streams$RangeIntSpliterator
Event: 124.768 loading class java/util/stream/Streams$RangeIntSpliterator done


Dynamic libraries:
0x00007ff74b780000 - 0x00007ff74b790000 	C:\Program Files\Java\jdk-17\bin\java.exe
0x00007ffb4b230000 - 0x00007ffb4b446000 	C:\WINDOWS\SYSTEM32\ntdll.dll
0x00007ffb4a070000 - 0x00007ffb4a134000 	C:\WINDOWS\System32\KERNEL32.DLL
0x00007ffb48880000 - 0x00007ffb48c27000 	C:\WINDOWS\System32\KERNELBASE.dll
0x00007ffb48c30000 - 0x00007ffb48d41000 	C:\WINDOWS\System32\ucrtbase.dll
0x00007ffb40290000 - 0x00007ffb402a9000 	C:\Program Files\Java\jdk-17\bin\jli.dll
0x00007ffb49960000 - 0x00007ffb49a12000 	C:\WINDOWS\System32\ADVAPI32.dll
0x00007ffb498b0000 - 0x00007ffb49957000 	C:\WINDOWS\System32\msvcrt.dll
0x00007ffb49680000 - 0x00007ffb49728000 	C:\WINDOWS\System32\sechost.dll
0x00007ffb48640000 - 0x00007ffb48668000 	C:\WINDOWS\System32\bcrypt.dll
0x00007ffb34c70000 - 0x00007ffb34c8b000 	C:\Program Files\Java\jdk-17\bin\VCRUNTIME140.dll
0x00007ffb4a9f0000 - 0x00007ffb4ab05000 	C:\WINDOWS\System32\RPCRT4.dll
0x00007ffb49b80000 - 0x00007ffb49d2e000 	C:\WINDOWS\System32\USER32.dll
0x00007ffb48550000 - 0x00007ffb48576000 	C:\WINDOWS\System32\win32u.dll
0x00007ffb29890000 - 0x00007ffb29b23000 	C:\WINDOWS\WinSxS\amd64_microsoft.windows.common-controls_6595b64144ccf1df_6.0.22621.3235_none_270f74e173860f98\COMCTL32.dll
0x00007ffb49f50000 - 0x00007ffb49f79000 	C:\WINDOWS\System32\GDI32.dll
0x00007ffb48e40000 - 0x00007ffb48f59000 	C:\WINDOWS\System32\gdi32full.dll
0x00007ffb487e0000 - 0x00007ffb4887a000 	C:\WINDOWS\System32\msvcp_win.dll
0x00007ffb398e0000 - 0x00007ffb398ea000 	C:\WINDOWS\SYSTEM32\VERSION.dll
0x00007ffb4a9b0000 - 0x00007ffb4a9e1000 	C:\WINDOWS\System32\IMM32.DLL
0x00007ffb37910000 - 0x00007ffb3791c000 	C:\Program Files\Java\jdk-17\bin\vcruntime140_1.dll
0x00007ffb21890000 - 0x00007ffb2191e000 	C:\Program Files\Java\jdk-17\bin\msvcp140.dll
0x00007ffae07a0000 - 0x00007ffae137e000 	C:\Program Files\Java\jdk-17\bin\server\jvm.dll
0x00007ffb4ab90000 - 0x00007ffb4ab98000 	C:\WINDOWS\System32\PSAPI.DLL
0x00007ffb2d000000 - 0x00007ffb2d009000 	C:\WINDOWS\SYSTEM32\WSOCK32.dll
0x00007ffb4ab10000 - 0x00007ffb4ab81000 	C:\WINDOWS\System32\WS2_32.dll
0x00007ffb401f0000 - 0x00007ffb40224000 	C:\WINDOWS\SYSTEM32\WINMM.dll
0x00007ffb47550000 - 0x00007ffb47568000 	C:\WINDOWS\SYSTEM32\kernel.appcore.dll
0x00007ffb36370000 - 0x00007ffb3637a000 	C:\Program Files\Java\jdk-17\bin\jimage.dll
0x00007ffb45850000 - 0x00007ffb45a83000 	C:\WINDOWS\SYSTEM32\DBGHELP.DLL
0x00007ffb4ac50000 - 0x00007ffb4afd8000 	C:\WINDOWS\System32\combase.dll
0x00007ffb48f60000 - 0x00007ffb49037000 	C:\WINDOWS\System32\OLEAUT32.dll
0x00007ffb358b0000 - 0x00007ffb358e2000 	C:\WINDOWS\SYSTEM32\dbgcore.DLL
0x00007ffb48dc0000 - 0x00007ffb48e39000 	C:\WINDOWS\System32\bcryptPrimitives.dll
0x00007ffb43b80000 - 0x00007ffb43b8e000 	C:\Program Files\Java\jdk-17\bin\instrument.dll
0x00007ffb2c4c0000 - 0x00007ffb2c4e5000 	C:\Program Files\Java\jdk-17\bin\java.dll
0x00007ffb14650000 - 0x00007ffb14727000 	C:\Program Files\Java\jdk-17\bin\jsvml.dll
0x00007ffb4a150000 - 0x00007ffb4a9ac000 	C:\WINDOWS\System32\SHELL32.dll
0x00007ffb46460000 - 0x00007ffb46d59000 	C:\WINDOWS\SYSTEM32\windows.storage.dll
0x00007ffb46320000 - 0x00007ffb4645e000 	C:\WINDOWS\SYSTEM32\wintypes.dll
0x00007ffb4b060000 - 0x00007ffb4b153000 	C:\WINDOWS\System32\SHCORE.dll
0x00007ffb49730000 - 0x00007ffb4978e000 	C:\WINDOWS\System32\shlwapi.dll
0x00007ffb48480000 - 0x00007ffb484a1000 	C:\WINDOWS\SYSTEM32\profapi.dll
0x00007ffb21720000 - 0x00007ffb21738000 	C:\Program Files\Java\jdk-17\bin\zip.dll
0x00007ffb23fd0000 - 0x00007ffb23fe9000 	C:\Program Files\Java\jdk-17\bin\net.dll
0x00007ffb41550000 - 0x00007ffb41686000 	C:\WINDOWS\SYSTEM32\WINHTTP.dll
0x00007ffb479b0000 - 0x00007ffb47a19000 	C:\WINDOWS\system32\mswsock.dll
0x00007ffb23fb0000 - 0x00007ffb23fc6000 	C:\Program Files\Java\jdk-17\bin\nio.dll
0x00007ffb2a660000 - 0x00007ffb2a670000 	C:\Program Files\Java\jdk-17\bin\verify.dll
0x00007ffb3e070000 - 0x00007ffb3e097000 	C:\Users\LENOVO\.gradle\native\c067742578af261105cb4f569cf0c3c89f3d7b1fecec35dd04571415982c5e48\windows-amd64\native-platform.dll
0x00007ffb19bc0000 - 0x00007ffb19d04000 	C:\Users\LENOVO\.gradle\native\38dada09dfb8b06ba9b0570ebf7e218e3eb74d4ef43ca46872605cf95ebc2f47\windows-amd64\native-platform-file-events.dll
0x00007ffb43490000 - 0x00007ffb4349a000 	C:\Program Files\Java\jdk-17\bin\management.dll
0x00007ffb43480000 - 0x00007ffb4348b000 	C:\Program Files\Java\jdk-17\bin\management_ext.dll
0x00007ffb47c50000 - 0x00007ffb47c6b000 	C:\WINDOWS\SYSTEM32\CRYPTSP.dll
0x00007ffb474b0000 - 0x00007ffb474e5000 	C:\WINDOWS\system32\rsaenh.dll
0x00007ffb47a50000 - 0x00007ffb47a78000 	C:\WINDOWS\SYSTEM32\USERENV.dll
0x00007ffb47bc0000 - 0x00007ffb47bcc000 	C:\WINDOWS\SYSTEM32\CRYPTBASE.dll
0x00007ffb46fc0000 - 0x00007ffb46fed000 	C:\WINDOWS\SYSTEM32\IPHLPAPI.DLL
0x00007ffb4b190000 - 0x00007ffb4b199000 	C:\WINDOWS\System32\NSI.dll
0x00007ffb41720000 - 0x00007ffb41739000 	C:\WINDOWS\SYSTEM32\dhcpcsvc6.DLL
0x00007ffb40f70000 - 0x00007ffb40f8f000 	C:\WINDOWS\SYSTEM32\dhcpcsvc.DLL
0x00007ffb47030000 - 0x00007ffb47129000 	C:\WINDOWS\SYSTEM32\DNSAPI.dll
0x00007ffb43410000 - 0x00007ffb4341e000 	C:\Program Files\Java\jdk-17\bin\sunmscapi.dll
0x00007ffb48670000 - 0x00007ffb487d7000 	C:\WINDOWS\System32\CRYPT32.dll
0x00007ffb47e20000 - 0x00007ffb47e4e000 	C:\WINDOWS\SYSTEM32\ncrypt.dll
0x00007ffb47de0000 - 0x00007ffb47e17000 	C:\WINDOWS\SYSTEM32\NTASN1.dll
0x00007ffb414d0000 - 0x00007ffb414d8000 	C:\WINDOWS\system32\wshunix.dll

dbghelp: loaded successfully - version: 4.0.5 - missing functions: none
symbol engine: initialized successfully - sym options: 0x614 - pdb path: .;C:\Program Files\Java\jdk-17\bin;C:\WINDOWS\SYSTEM32;C:\WINDOWS\WinSxS\amd64_microsoft.windows.common-controls_6595b64144ccf1df_6.0.22621.3235_none_270f74e173860f98;C:\Program Files\Java\jdk-17\bin\server;C:\Users\LENOVO\.gradle\native\c067742578af261105cb4f569cf0c3c89f3d7b1fecec35dd04571415982c5e48\windows-amd64;C:\Users\LENOVO\.gradle\native\38dada09dfb8b06ba9b0570ebf7e218e3eb74d4ef43ca46872605cf95ebc2f47\windows-amd64

VM Arguments:
jvm_args: --add-opens=java.base/java.util=ALL-UNNAMED --add-opens=java.base/java.lang=ALL-UNNAMED --add-opens=java.base/java.lang.invoke=ALL-UNNAMED --add-opens=java.prefs/java.util.prefs=ALL-UNNAMED --add-opens=java.base/java.nio.charset=ALL-UNNAMED --add-opens=java.base/java.net=ALL-UNNAMED --add-opens=java.base/java.util.concurrent.atomic=ALL-UNNAMED -XX:MaxMetaspaceSize=384m -XX:+HeapDumpOnOutOfMemoryError -Xms256m -Xmx512m -Dfile.encoding=windows-1252 -Duser.country=US -Duser.language=en -Duser.variant -javaagent:C:\Users\LENOVO\.gradle\wrapper\dists\gradle-8.7-bin\bhs2wmbdwecv87pi65oeuq5iu\gradle-8.7\lib\agents\gradle-instrumentation-agent-8.7.jar 
java_command: org.gradle.launcher.daemon.bootstrap.GradleDaemon 8.7
java_class_path (initial): C:\Users\LENOVO\.gradle\wrapper\dists\gradle-8.7-bin\bhs2wmbdwecv87pi65oeuq5iu\gradle-8.7\lib\gradle-launcher-8.7.jar
Launcher Type: SUN_STANDARD

[Global flags]
     intx CICompilerCount                          = 4                                         {product} {ergonomic}
   size_t CompressedClassSpaceSize                 = 335544320                                 {product} {ergonomic}
     uint ConcGCThreads                            = 2                                         {product} {ergonomic}
     uint G1ConcRefinementThreads                  = 8                                         {product} {ergonomic}
   size_t G1HeapRegionSize                         = 1048576                                   {product} {ergonomic}
    uintx GCDrainStackTargetSize                   = 64                                        {product} {ergonomic}
     bool HeapDumpOnOutOfMemoryError               = true                                   {manageable} {command line}
   size_t InitialHeapSize                          = 268435456                                 {product} {command line}
   size_t MarkStackSize                            = 4194304                                   {product} {ergonomic}
   size_t MaxHeapSize                              = 536870912                                 {product} {command line}
   size_t MaxMetaspaceSize                         = 402653184                                 {product} {command line}
   size_t MaxNewSize                               = 321912832                                 {product} {ergonomic}
   size_t MinHeapDeltaBytes                        = 1048576                                   {product} {ergonomic}
   size_t MinHeapSize                              = 268435456                                 {product} {command line}
    uintx NonNMethodCodeHeapSize                   = 5839372                                {pd product} {ergonomic}
    uintx NonProfiledCodeHeapSize                  = 122909434                              {pd product} {ergonomic}
    uintx ProfiledCodeHeapSize                     = 122909434                              {pd product} {ergonomic}
    uintx ReservedCodeCacheSize                    = 251658240                              {pd product} {ergonomic}
     bool SegmentedCodeCache                       = true                                      {product} {ergonomic}
   size_t SoftMaxHeapSize                          = 536870912                              {manageable} {ergonomic}
     bool UseCompressedClassPointers               = true                           {product lp64_product} {ergonomic}
     bool UseCompressedOops                        = true                           {product lp64_product} {ergonomic}
     bool UseG1GC                                  = true                                      {product} {ergonomic}
     bool UseLargePagesIndividualAllocation        = false                                  {pd product} {ergonomic}

Logging:
Log output configuration:
 #0: stdout all=warning uptime,level,tags
 #1: stderr all=off uptime,level,tags

Environment Variables:
JAVA_HOME=C:\Program Files\Java\jdk-17
PATH=c:\Users\LENOVO\AppData\Local\Programs\cursor\resources\app\bin;C:\Program Files\Common Files\Oracle\Java\javapath;C:\WINDOWS\system32;C:\WINDOWS;C:\WINDOWS\System32\Wbem;C:\WINDOWS\System32\WindowsPowerShell\v1.0\;C:\WINDOWS\System32\OpenSSH\;C:\Program Files\Azure Data Studio\bin;C:\Program Files\MongoDB\Server\5.0\tools;C:\Program Files\MongoDB\Server\5.0\bin;C:\Program Files (x86)\Microsoft SQL Server\160\Tools\Binn\;C:\Program Files\Microsoft SQL Server\160\Tools\Binn\;C:\Program Files\Microsoft SQL Server\Client SDK\ODBC\170\Tools\Binn\;C:\Program Files\Microsoft SQL Server\160\DTS\Binn\;C:\Program Files (x86)\Microsoft SQL Server\160\DTS\Binn\;C:\Program Files\Git\cmd;C:\Program Files\Java\jdk-17\bin;C:\Program Files\nodejs\;C:\Program Files\Docker\Docker\resources\bin;C:\Users\LENOVO\AppData\Local\Programs\Python\Python311\Scripts\;C:\Users\LENOVO\AppData\Local\Programs\Python\Python311\;C:\Users\LENOVO\AppData\Local\Microsoft\WindowsApps;C:\Program Files\Azure Data Studio\bin;C:\Users\LENOVO\AppData\;c:\Users\LENOVO\AppData\Local\Programs\cursor\resources\app\bin;D:\TRANDINHCHUONG_20002835\kafka\bin\windows;C:\Users\LENOVO\AppData\Local\Programs\Python\Python311\Scripts\;C:\Users\LENOVO\AppData\Local\Programs\Python\Python311\;C:\Users\LENOVO\AppData\Local\Microsoft\WindowsApps;C:\Users\LENOVO\AppData\Local\Programs\Microsoft VS Code\bin;C:\Program Files\Azure Data Studio\bin;C:\Users\LENOVO\AppData\Local\Programs\mongosh\;C:\Program Files\Java\jdk-17\bin;D:\IntelliJ IDEA 2024.1\bin;;C:\Users\LENOVO\AppData\Roaming\npm;C:\Users\LENOVO\AppData\Local\Google\Cloud SDK\google-cloud-sdk\bin;C:\Program Files\JetBrains\WebStorm 2024.1\bin;
USERNAME=LENOVO
OS=Windows_NT
PROCESSOR_IDENTIFIER=Intel64 Family 6 Model 126 Stepping 5, GenuineIntel



---------------  S Y S T E M  ---------------

OS:
 Windows 11 , 64 bit Build 22621 (10.0.22621.3374)
OS uptime: 5 days 5:21 hours
Hyper-V role detected

CPU: total 8 (initial active 8) (4 cores per cpu, 2 threads per core) family 6 model 126 stepping 5 microcode 0xa0, cx8, cmov, fxsr, ht, mmx, 3dnowpref, sse, sse2, sse3, ssse3, sse4.1, sse4.2, popcnt, lzcnt, tsc, tscinvbit, avx, avx2, aes, erms, clmul, bmi1, bmi2, adx, avx512f, avx512dq, avx512cd, avx512bw, avx512vl, sha, fma, vzeroupper, avx512_vpopcntdq, avx512_vpclmulqdq, avx512_vaes, avx512_vnni, clflush, clflushopt, avx512_vbmi2, avx512_vbmi, hv

Memory: 4k page, system-wide physical 20222M (439M free)
TotalPageFile size 58622M (AvailPageFile size 411M)
current process WorkingSet (physical memory assigned to process): 181M, peak: 230M
current process commit charge ("private bytes"): 407M, peak: 424M

vm_info: Java HotSpot(TM) 64-Bit Server VM (17.0.8+9-LTS-211) for windows-amd64 JRE (17.0.8+9-LTS-211), built on Jun 14 2023 10:34:31 by "mach5one" with MS VC++ 17.1 (VS2022)

END.
