#
# There is insufficient memory for the Java Runtime Environment to continue.
# Native memory allocation (malloc) failed to allocate 2037776 bytes for Chunk::new
# Possible reasons:
#   The system is out of physical RAM or swap space
#   The process is running with CompressedOops enabled, and the Java Heap may be blocking the growth of the native heap
# Possible solutions:
#   Reduce memory load on the system
#   Increase physical memory or swap space
#   Check if swap backing store is full
#   Decrease Java heap size (-Xmx/-Xms)
#   Decrease number of Java threads
#   Decrease Java thread stack sizes (-Xss)
#   Set larger code cache with -XX:ReservedCodeCacheSize=
#   JVM is running with Unscaled Compressed Oops mode in which the Java heap is
#     placed in the first 4GB address space. The Java Heap base address is the
#     maximum limit for the native heap growth. Please use -XX:HeapBaseMinAddress
#     to set the Java Heap base and to place the Java Heap above 4GB virtual address.
# This output file may be truncated or incomplete.
#
#  Out of Memory Error (arena.cpp:189), pid=37180, tid=38456
#
# JRE version: Java(TM) SE Runtime Environment (17.0.8+9) (build 17.0.8+9-LTS-211)
# Java VM: Java HotSpot(TM) 64-Bit Server VM (17.0.8+9-LTS-211, mixed mode, sharing, tiered, compressed oops, compressed class ptrs, g1 gc, windows-amd64)
# No core dump will be written. Minidumps are not enabled by default on client versions of Windows
#

---------------  S U M M A R Y ------------

Command Line: --add-opens=java.base/java.util=ALL-UNNAMED --add-opens=java.base/java.lang=ALL-UNNAMED --add-opens=java.base/java.lang.invoke=ALL-UNNAMED --add-opens=java.prefs/java.util.prefs=ALL-UNNAMED --add-opens=java.base/java.nio.charset=ALL-UNNAMED --add-opens=java.base/java.net=ALL-UNNAMED --add-opens=java.base/java.util.concurrent.atomic=ALL-UNNAMED -XX:MaxMetaspaceSize=384m -XX:+HeapDumpOnOutOfMemoryError -Xms256m -Xmx512m -Dfile.encoding=windows-1252 -Duser.country=US -Duser.language=en -Duser.variant -javaagent:C:\Users\LENOVO\.gradle\wrapper\dists\gradle-8.7-bin\bhs2wmbdwecv87pi65oeuq5iu\gradle-8.7\lib\agents\gradle-instrumentation-agent-8.7.jar org.gradle.launcher.daemon.bootstrap.GradleDaemon 8.7

Host: Intel(R) Core(TM) i7-1065G7 CPU @ 1.30GHz, 8 cores, 19G,  Windows 11 , 64 bit Build 22621 (10.0.22621.3374)
Time: Sun May 19 17:19:05 2024 SE Asia Standard Time elapsed time: 89.971239 seconds (0d 0h 1m 29s)

---------------  T H R E A D  ---------------

Current thread (0x000002467ddfcde0):  JavaThread "C2 CompilerThread0" daemon [_thread_in_native, id=38456, stack(0x0000005ceb000000,0x0000005ceb100000)]


Current CompileTask:
C2:  89971 2583   !   4       java.lang.ClassLoader::loadClass (121 bytes)

Stack: [0x0000005ceb000000,0x0000005ceb100000]
Native frames: (J=compiled Java code, j=interpreted, Vv=VM code, C=native code)
V  [jvm.dll+0x677d0a]
V  [jvm.dll+0x7d8c54]
V  [jvm.dll+0x7da3fe]
V  [jvm.dll+0x7daa63]
V  [jvm.dll+0x245c5f]
V  [jvm.dll+0xaaa6b]
V  [jvm.dll+0xab00c]
V  [jvm.dll+0x361e3f]
V  [jvm.dll+0x1bba6a]
V  [jvm.dll+0x218157]
V  [jvm.dll+0x217431]
V  [jvm.dll+0x1a3af0]
V  [jvm.dll+0x2270be]
V  [jvm.dll+0x22535b]
V  [jvm.dll+0x78e7bc]
V  [jvm.dll+0x788bba]
V  [jvm.dll+0x676b35]
C  [ucrtbase.dll+0x29333]
C  [KERNEL32.DLL+0x1257d]
C  [ntdll.dll+0x5aa48]


---------------  P R O C E S S  ---------------

Threads class SMR info:
_java_thread_list=0x00000246314bab30, length=26, elements={
0x0000024679cd68b0, 0x000002467ddda160, 0x000002467dddad10, 0x000002467ddf3770,
0x000002467ddf4320, 0x000002467ddf4ed0, 0x000002467ddf98a0, 0x000002467ddfcde0,
0x000002467de048f0, 0x000002467de0e9f0, 0x000002467ddc6670, 0x0000024616a96010,
0x0000024631117420, 0x000002463251f670, 0x00000246316cf820, 0x0000024631fd95e0,
0x0000024616a08a20, 0x000002463060e6b0, 0x0000024631fb8010, 0x00000246319679e0,
0x0000024631969b90, 0x000002463196a060, 0x0000024631967510, 0x0000024631967eb0,
0x0000024631968380, 0x000002463196aa00
}

Java Threads: ( => current thread )
  0x0000024679cd68b0 JavaThread "main" [_thread_blocked, id=38132, stack(0x0000005cea300000,0x0000005cea400000)]
  0x000002467ddda160 JavaThread "Reference Handler" daemon [_thread_blocked, id=38404, stack(0x0000005ceaa00000,0x0000005ceab00000)]
  0x000002467dddad10 JavaThread "Finalizer" daemon [_thread_blocked, id=38408, stack(0x0000005ceab00000,0x0000005ceac00000)]
  0x000002467ddf3770 JavaThread "Signal Dispatcher" daemon [_thread_blocked, id=38440, stack(0x0000005ceac00000,0x0000005cead00000)]
  0x000002467ddf4320 JavaThread "Attach Listener" daemon [_thread_blocked, id=38444, stack(0x0000005cead00000,0x0000005ceae00000)]
  0x000002467ddf4ed0 JavaThread "Service Thread" daemon [_thread_blocked, id=38448, stack(0x0000005ceae00000,0x0000005ceaf00000)]
  0x000002467ddf98a0 JavaThread "Monitor Deflation Thread" daemon [_thread_blocked, id=38452, stack(0x0000005ceaf00000,0x0000005ceb000000)]
=>0x000002467ddfcde0 JavaThread "C2 CompilerThread0" daemon [_thread_in_native, id=38456, stack(0x0000005ceb000000,0x0000005ceb100000)]
  0x000002467de048f0 JavaThread "C1 CompilerThread0" daemon [_thread_blocked, id=38488, stack(0x0000005ceb100000,0x0000005ceb200000)]
  0x000002467de0e9f0 JavaThread "Sweeper thread" daemon [_thread_blocked, id=38492, stack(0x0000005ceb200000,0x0000005ceb300000)]
  0x000002467ddc6670 JavaThread "Common-Cleaner" daemon [_thread_blocked, id=38544, stack(0x0000005ceb300000,0x0000005ceb400000)]
  0x0000024616a96010 JavaThread "Notification Thread" daemon [_thread_blocked, id=38784, stack(0x0000005ceb400000,0x0000005ceb500000)]
  0x0000024631117420 JavaThread "Daemon health stats" [_thread_blocked, id=15136, stack(0x0000005cea100000,0x0000005cea200000)]
  0x000002463251f670 JavaThread "Incoming local TCP Connector on port 54928" [_thread_in_native, id=34788, stack(0x0000005cebb00000,0x0000005cebc00000)]
  0x00000246316cf820 JavaThread "Daemon periodic checks" [_thread_in_vm, id=36204, stack(0x0000005cebc00000,0x0000005cebd00000)]
  0x0000024631fd95e0 JavaThread "Daemon" [_thread_blocked, id=11352, stack(0x0000005cebd00000,0x0000005cebe00000)]
  0x0000024616a08a20 JavaThread "Handler for socket connection from /127.0.0.1:54928 to /127.0.0.1:54953" [_thread_in_native, id=23952, stack(0x0000005cebe00000,0x0000005cebf00000)]
  0x000002463060e6b0 JavaThread "Cancel handler" [_thread_blocked, id=37964, stack(0x0000005cebf00000,0x0000005cec000000)]
  0x0000024631fb8010 JavaThread "Daemon worker" [_thread_in_vm, id=40992, stack(0x0000005cec200000,0x0000005cec300000)]
  0x00000246319679e0 JavaThread "Asynchronous log dispatcher for DefaultDaemonConnection: socket connection from /127.0.0.1:54928 to /127.0.0.1:54953" [_thread_blocked, id=40996, stack(0x0000005cec300000,0x0000005cec400000)]
  0x0000024631969b90 JavaThread "Stdin handler" [_thread_blocked, id=41000, stack(0x0000005cec400000,0x0000005cec500000)]
  0x000002463196a060 JavaThread "Daemon client event forwarder" [_thread_blocked, id=41004, stack(0x0000005cec500000,0x0000005cec600000)]
  0x0000024631967510 JavaThread "Cache worker for journal cache (C:\Users\LENOVO\.gradle\caches\journal-1)" [_thread_blocked, id=41316, stack(0x0000005cec600000,0x0000005cec700000)]
  0x0000024631967eb0 JavaThread "File lock request listener" [_thread_in_native, id=41328, stack(0x0000005cec700000,0x0000005cec800000)]
  0x0000024631968380 JavaThread "File lock release action executor" [_thread_blocked, id=41456, stack(0x0000005cec800000,0x0000005cec900000)]
  0x000002463196aa00 JavaThread "Cache worker for file hash cache (C:\Users\LENOVO\.gradle\caches\8.7\fileHashes)" [_thread_blocked, id=41468, stack(0x0000005cec900000,0x0000005ceca00000)]

Other Threads:
  0x000002467ddd4f20 VMThread "VM Thread" [stack: 0x0000005cea900000,0x0000005ceaa00000] [id=38360]
  0x0000024679cd8730 WatcherThread [stack: 0x0000005ceb500000,0x0000005ceb600000] [id=38788]
  0x0000024679d06610 GCTaskThread "GC Thread#0" [stack: 0x0000005cea400000,0x0000005cea500000] [id=38296]
  0x00000246169c4770 GCTaskThread "GC Thread#1" [stack: 0x0000005ceb600000,0x0000005ceb700000] [id=39412]
  0x00000246307f2230 GCTaskThread "GC Thread#2" [stack: 0x0000005ceb700000,0x0000005ceb800000] [id=39416]
  0x00000246307f24e0 GCTaskThread "GC Thread#3" [stack: 0x0000005ceb800000,0x0000005ceb900000] [id=39420]
  0x0000024616c5ca80 GCTaskThread "GC Thread#4" [stack: 0x0000005ceb900000,0x0000005ceba00000] [id=39424]
  0x0000024616c5cd30 GCTaskThread "GC Thread#5" [stack: 0x0000005ceba00000,0x0000005cebb00000] [id=39428]
  0x0000024679d0b550 ConcurrentGCThread "G1 Main Marker" [stack: 0x0000005cea500000,0x0000005cea600000] [id=38300]
  0x0000024679d0bf60 ConcurrentGCThread "G1 Conc#0" [stack: 0x0000005cea600000,0x0000005cea700000] [id=38304]
  0x0000024679d9ecb0 ConcurrentGCThread "G1 Refine#0" [stack: 0x0000005cea700000,0x0000005cea800000] [id=38320]
  0x000002467dc9a840 ConcurrentGCThread "G1 Service" [stack: 0x0000005cea800000,0x0000005cea900000] [id=38324]

Threads with active compile tasks:
C2 CompilerThread0    90363 2583   !   4       java.lang.ClassLoader::loadClass (121 bytes)

VM state: not at safepoint (normal execution)

VM Mutex/Monitor currently owned by a thread:  ([mutex/lock_event])
[0x0000024679cd1d80] Metaspace_lock - owner thread: 0x0000024631fb8010
[0x0000024679cd3600] MethodData_lock - owner thread: 0x00000246316cf820

Heap address: 0x00000000e0000000, size: 512 MB, Compressed Oops mode: 32-bit

CDS archive(s) mapped at: [0x0000024617000000-0x0000024617bd0000-0x0000024617bd0000), size 12386304, SharedBaseAddress: 0x0000024617000000, ArchiveRelocationMode: 1.
Compressed class space mapped at: 0x0000024618000000-0x000002462c000000, reserved size: 335544320
Narrow klass base: 0x0000024617000000, Narrow klass shift: 0, Narrow klass range: 0x100000000

GC Precious Log:
 CPUs: 8 total, 8 available
 Memory: 20222M
 Large Page Support: Disabled
 NUMA Support: Disabled
 Compressed Oops: Enabled (32-bit)
 Heap Region Size: 1M
 Heap Min Capacity: 256M
 Heap Initial Capacity: 256M
 Heap Max Capacity: 512M
 Pre-touch: Disabled
 Parallel Workers: 8
 Concurrent Workers: 2
 Concurrent Refinement Workers: 8
 Periodic GC: Disabled

Heap:
 garbage-first heap   total 262144K, used 87201K [0x00000000e0000000, 0x0000000100000000)
  region size 1024K, 75 young (76800K), 1 survivors (1024K)
 Metaspace       used 15003K, committed 15232K, reserved 393216K
  class space    used 2048K, committed 2176K, reserved 327680K

Heap Regions: E=young(eden), S=young(survivor), O=old, HS=humongous(starts), HC=humongous(continues), CS=collection set, F=free, OA=open archive, CA=closed archive, TAMS=top-at-mark-start (previous, next)
|   0|0x00000000e0000000, 0x00000000e0100000, 0x00000000e0100000|100%|HS|  |TAMS 0x00000000e0000000, 0x00000000e0000000| Complete 
|   1|0x00000000e0100000, 0x00000000e0200000, 0x00000000e0200000|100%|HC|  |TAMS 0x00000000e0100000, 0x00000000e0100000| Complete 
|   2|0x00000000e0200000, 0x00000000e0300000, 0x00000000e0300000|100%|HC|  |TAMS 0x00000000e0200000, 0x00000000e0200000| Complete 
|   3|0x00000000e0300000, 0x00000000e0400000, 0x00000000e0400000|100%|HC|  |TAMS 0x00000000e0300000, 0x00000000e0300000| Complete 
|   4|0x00000000e0400000, 0x00000000e0500000, 0x00000000e0500000|100%| O|  |TAMS 0x00000000e0400000, 0x00000000e0400000| Untracked 
|   5|0x00000000e0500000, 0x00000000e0600000, 0x00000000e0600000|100%| O|  |TAMS 0x00000000e0500000, 0x00000000e0500000| Untracked 
|   6|0x00000000e0600000, 0x00000000e0700000, 0x00000000e0700000|100%| O|  |TAMS 0x00000000e0600000, 0x00000000e0600000| Untracked 
|   7|0x00000000e0700000, 0x00000000e0800000, 0x00000000e0800000|100%| O|  |TAMS 0x00000000e0700000, 0x00000000e0700000| Untracked 
|   8|0x00000000e0800000, 0x00000000e0900000, 0x00000000e0900000|100%| O|  |TAMS 0x00000000e0800000, 0x00000000e0800000| Untracked 
|   9|0x00000000e0900000, 0x00000000e0a00000, 0x00000000e0a00000|100%| O|  |TAMS 0x00000000e0900000, 0x00000000e0900000| Untracked 
|  10|0x00000000e0a00000, 0x00000000e0a5aa00, 0x00000000e0b00000| 35%| O|  |TAMS 0x00000000e0a00000, 0x00000000e0a00000| Untracked 
|  11|0x00000000e0b00000, 0x00000000e0c00000, 0x00000000e0c00000|100%|HS|  |TAMS 0x00000000e0b00000, 0x00000000e0b00000| Complete 
|  12|0x00000000e0c00000, 0x00000000e0c00000, 0x00000000e0d00000|  0%| F|  |TAMS 0x00000000e0c00000, 0x00000000e0c00000| Untracked 
|  13|0x00000000e0d00000, 0x00000000e0d00000, 0x00000000e0e00000|  0%| F|  |TAMS 0x00000000e0d00000, 0x00000000e0d00000| Untracked 
|  14|0x00000000e0e00000, 0x00000000e0e00000, 0x00000000e0f00000|  0%| F|  |TAMS 0x00000000e0e00000, 0x00000000e0e00000| Untracked 
|  15|0x00000000e0f00000, 0x00000000e0f00000, 0x00000000e1000000|  0%| F|  |TAMS 0x00000000e0f00000, 0x00000000e0f00000| Untracked 
|  16|0x00000000e1000000, 0x00000000e1000000, 0x00000000e1100000|  0%| F|  |TAMS 0x00000000e1000000, 0x00000000e1000000| Untracked 
|  17|0x00000000e1100000, 0x00000000e1100000, 0x00000000e1200000|  0%| F|  |TAMS 0x00000000e1100000, 0x00000000e1100000| Untracked 
|  18|0x00000000e1200000, 0x00000000e1200000, 0x00000000e1300000|  0%| F|  |TAMS 0x00000000e1200000, 0x00000000e1200000| Untracked 
|  19|0x00000000e1300000, 0x00000000e1300000, 0x00000000e1400000|  0%| F|  |TAMS 0x00000000e1300000, 0x00000000e1300000| Untracked 
|  20|0x00000000e1400000, 0x00000000e1400000, 0x00000000e1500000|  0%| F|  |TAMS 0x00000000e1400000, 0x00000000e1400000| Untracked 
|  21|0x00000000e1500000, 0x00000000e1500000, 0x00000000e1600000|  0%| F|  |TAMS 0x00000000e1500000, 0x00000000e1500000| Untracked 
|  22|0x00000000e1600000, 0x00000000e1600000, 0x00000000e1700000|  0%| F|  |TAMS 0x00000000e1600000, 0x00000000e1600000| Untracked 
|  23|0x00000000e1700000, 0x00000000e1700000, 0x00000000e1800000|  0%| F|  |TAMS 0x00000000e1700000, 0x00000000e1700000| Untracked 
|  24|0x00000000e1800000, 0x00000000e1800000, 0x00000000e1900000|  0%| F|  |TAMS 0x00000000e1800000, 0x00000000e1800000| Untracked 
|  25|0x00000000e1900000, 0x00000000e1900000, 0x00000000e1a00000|  0%| F|  |TAMS 0x00000000e1900000, 0x00000000e1900000| Untracked 
|  26|0x00000000e1a00000, 0x00000000e1a00000, 0x00000000e1b00000|  0%| F|  |TAMS 0x00000000e1a00000, 0x00000000e1a00000| Untracked 
|  27|0x00000000e1b00000, 0x00000000e1b00000, 0x00000000e1c00000|  0%| F|  |TAMS 0x00000000e1b00000, 0x00000000e1b00000| Untracked 
|  28|0x00000000e1c00000, 0x00000000e1c00000, 0x00000000e1d00000|  0%| F|  |TAMS 0x00000000e1c00000, 0x00000000e1c00000| Untracked 
|  29|0x00000000e1d00000, 0x00000000e1d00000, 0x00000000e1e00000|  0%| F|  |TAMS 0x00000000e1d00000, 0x00000000e1d00000| Untracked 
|  30|0x00000000e1e00000, 0x00000000e1e00000, 0x00000000e1f00000|  0%| F|  |TAMS 0x00000000e1e00000, 0x00000000e1e00000| Untracked 
|  31|0x00000000e1f00000, 0x00000000e1f00000, 0x00000000e2000000|  0%| F|  |TAMS 0x00000000e1f00000, 0x00000000e1f00000| Untracked 
|  32|0x00000000e2000000, 0x00000000e2000000, 0x00000000e2100000|  0%| F|  |TAMS 0x00000000e2000000, 0x00000000e2000000| Untracked 
|  33|0x00000000e2100000, 0x00000000e2100000, 0x00000000e2200000|  0%| F|  |TAMS 0x00000000e2100000, 0x00000000e2100000| Untracked 
|  34|0x00000000e2200000, 0x00000000e2200000, 0x00000000e2300000|  0%| F|  |TAMS 0x00000000e2200000, 0x00000000e2200000| Untracked 
|  35|0x00000000e2300000, 0x00000000e2300000, 0x00000000e2400000|  0%| F|  |TAMS 0x00000000e2300000, 0x00000000e2300000| Untracked 
|  36|0x00000000e2400000, 0x00000000e2400000, 0x00000000e2500000|  0%| F|  |TAMS 0x00000000e2400000, 0x00000000e2400000| Untracked 
|  37|0x00000000e2500000, 0x00000000e2500000, 0x00000000e2600000|  0%| F|  |TAMS 0x00000000e2500000, 0x00000000e2500000| Untracked 
|  38|0x00000000e2600000, 0x00000000e2600000, 0x00000000e2700000|  0%| F|  |TAMS 0x00000000e2600000, 0x00000000e2600000| Untracked 
|  39|0x00000000e2700000, 0x00000000e2700000, 0x00000000e2800000|  0%| F|  |TAMS 0x00000000e2700000, 0x00000000e2700000| Untracked 
|  40|0x00000000e2800000, 0x00000000e2800000, 0x00000000e2900000|  0%| F|  |TAMS 0x00000000e2800000, 0x00000000e2800000| Untracked 
|  41|0x00000000e2900000, 0x00000000e2900000, 0x00000000e2a00000|  0%| F|  |TAMS 0x00000000e2900000, 0x00000000e2900000| Untracked 
|  42|0x00000000e2a00000, 0x00000000e2a00000, 0x00000000e2b00000|  0%| F|  |TAMS 0x00000000e2a00000, 0x00000000e2a00000| Untracked 
|  43|0x00000000e2b00000, 0x00000000e2b00000, 0x00000000e2c00000|  0%| F|  |TAMS 0x00000000e2b00000, 0x00000000e2b00000| Untracked 
|  44|0x00000000e2c00000, 0x00000000e2c00000, 0x00000000e2d00000|  0%| F|  |TAMS 0x00000000e2c00000, 0x00000000e2c00000| Untracked 
|  45|0x00000000e2d00000, 0x00000000e2d00000, 0x00000000e2e00000|  0%| F|  |TAMS 0x00000000e2d00000, 0x00000000e2d00000| Untracked 
|  46|0x00000000e2e00000, 0x00000000e2e00000, 0x00000000e2f00000|  0%| F|  |TAMS 0x00000000e2e00000, 0x00000000e2e00000| Untracked 
|  47|0x00000000e2f00000, 0x00000000e2f00000, 0x00000000e3000000|  0%| F|  |TAMS 0x00000000e2f00000, 0x00000000e2f00000| Untracked 
|  48|0x00000000e3000000, 0x00000000e3000000, 0x00000000e3100000|  0%| F|  |TAMS 0x00000000e3000000, 0x00000000e3000000| Untracked 
|  49|0x00000000e3100000, 0x00000000e3100000, 0x00000000e3200000|  0%| F|  |TAMS 0x00000000e3100000, 0x00000000e3100000| Untracked 
|  50|0x00000000e3200000, 0x00000000e3200000, 0x00000000e3300000|  0%| F|  |TAMS 0x00000000e3200000, 0x00000000e3200000| Untracked 
|  51|0x00000000e3300000, 0x00000000e3300000, 0x00000000e3400000|  0%| F|  |TAMS 0x00000000e3300000, 0x00000000e3300000| Untracked 
|  52|0x00000000e3400000, 0x00000000e3400000, 0x00000000e3500000|  0%| F|  |TAMS 0x00000000e3400000, 0x00000000e3400000| Untracked 
|  53|0x00000000e3500000, 0x00000000e3500000, 0x00000000e3600000|  0%| F|  |TAMS 0x00000000e3500000, 0x00000000e3500000| Untracked 
|  54|0x00000000e3600000, 0x00000000e3600000, 0x00000000e3700000|  0%| F|  |TAMS 0x00000000e3600000, 0x00000000e3600000| Untracked 
|  55|0x00000000e3700000, 0x00000000e3700000, 0x00000000e3800000|  0%| F|  |TAMS 0x00000000e3700000, 0x00000000e3700000| Untracked 
|  56|0x00000000e3800000, 0x00000000e3800000, 0x00000000e3900000|  0%| F|  |TAMS 0x00000000e3800000, 0x00000000e3800000| Untracked 
|  57|0x00000000e3900000, 0x00000000e3900000, 0x00000000e3a00000|  0%| F|  |TAMS 0x00000000e3900000, 0x00000000e3900000| Untracked 
|  58|0x00000000e3a00000, 0x00000000e3a00000, 0x00000000e3b00000|  0%| F|  |TAMS 0x00000000e3a00000, 0x00000000e3a00000| Untracked 
|  59|0x00000000e3b00000, 0x00000000e3b00000, 0x00000000e3c00000|  0%| F|  |TAMS 0x00000000e3b00000, 0x00000000e3b00000| Untracked 
|  60|0x00000000e3c00000, 0x00000000e3c00000, 0x00000000e3d00000|  0%| F|  |TAMS 0x00000000e3c00000, 0x00000000e3c00000| Untracked 
|  61|0x00000000e3d00000, 0x00000000e3d00000, 0x00000000e3e00000|  0%| F|  |TAMS 0x00000000e3d00000, 0x00000000e3d00000| Untracked 
|  62|0x00000000e3e00000, 0x00000000e3e00000, 0x00000000e3f00000|  0%| F|  |TAMS 0x00000000e3e00000, 0x00000000e3e00000| Untracked 
|  63|0x00000000e3f00000, 0x00000000e3f00000, 0x00000000e4000000|  0%| F|  |TAMS 0x00000000e3f00000, 0x00000000e3f00000| Untracked 
|  64|0x00000000e4000000, 0x00000000e4000000, 0x00000000e4100000|  0%| F|  |TAMS 0x00000000e4000000, 0x00000000e4000000| Untracked 
|  65|0x00000000e4100000, 0x00000000e4100000, 0x00000000e4200000|  0%| F|  |TAMS 0x00000000e4100000, 0x00000000e4100000| Untracked 
|  66|0x00000000e4200000, 0x00000000e4200000, 0x00000000e4300000|  0%| F|  |TAMS 0x00000000e4200000, 0x00000000e4200000| Untracked 
|  67|0x00000000e4300000, 0x00000000e4300000, 0x00000000e4400000|  0%| F|  |TAMS 0x00000000e4300000, 0x00000000e4300000| Untracked 
|  68|0x00000000e4400000, 0x00000000e4400000, 0x00000000e4500000|  0%| F|  |TAMS 0x00000000e4400000, 0x00000000e4400000| Untracked 
|  69|0x00000000e4500000, 0x00000000e4500000, 0x00000000e4600000|  0%| F|  |TAMS 0x00000000e4500000, 0x00000000e4500000| Untracked 
|  70|0x00000000e4600000, 0x00000000e4600000, 0x00000000e4700000|  0%| F|  |TAMS 0x00000000e4600000, 0x00000000e4600000| Untracked 
|  71|0x00000000e4700000, 0x00000000e4700000, 0x00000000e4800000|  0%| F|  |TAMS 0x00000000e4700000, 0x00000000e4700000| Untracked 
|  72|0x00000000e4800000, 0x00000000e4800000, 0x00000000e4900000|  0%| F|  |TAMS 0x00000000e4800000, 0x00000000e4800000| Untracked 
|  73|0x00000000e4900000, 0x00000000e4900000, 0x00000000e4a00000|  0%| F|  |TAMS 0x00000000e4900000, 0x00000000e4900000| Untracked 
|  74|0x00000000e4a00000, 0x00000000e4a00000, 0x00000000e4b00000|  0%| F|  |TAMS 0x00000000e4a00000, 0x00000000e4a00000| Untracked 
|  75|0x00000000e4b00000, 0x00000000e4b00000, 0x00000000e4c00000|  0%| F|  |TAMS 0x00000000e4b00000, 0x00000000e4b00000| Untracked 
|  76|0x00000000e4c00000, 0x00000000e4c00000, 0x00000000e4d00000|  0%| F|  |TAMS 0x00000000e4c00000, 0x00000000e4c00000| Untracked 
|  77|0x00000000e4d00000, 0x00000000e4d00000, 0x00000000e4e00000|  0%| F|  |TAMS 0x00000000e4d00000, 0x00000000e4d00000| Untracked 
|  78|0x00000000e4e00000, 0x00000000e4e00000, 0x00000000e4f00000|  0%| F|  |TAMS 0x00000000e4e00000, 0x00000000e4e00000| Untracked 
|  79|0x00000000e4f00000, 0x00000000e4f00000, 0x00000000e5000000|  0%| F|  |TAMS 0x00000000e4f00000, 0x00000000e4f00000| Untracked 
|  80|0x00000000e5000000, 0x00000000e5000000, 0x00000000e5100000|  0%| F|  |TAMS 0x00000000e5000000, 0x00000000e5000000| Untracked 
|  81|0x00000000e5100000, 0x00000000e5100000, 0x00000000e5200000|  0%| F|  |TAMS 0x00000000e5100000, 0x00000000e5100000| Untracked 
|  82|0x00000000e5200000, 0x00000000e5200000, 0x00000000e5300000|  0%| F|  |TAMS 0x00000000e5200000, 0x00000000e5200000| Untracked 
|  83|0x00000000e5300000, 0x00000000e5300000, 0x00000000e5400000|  0%| F|  |TAMS 0x00000000e5300000, 0x00000000e5300000| Untracked 
|  84|0x00000000e5400000, 0x00000000e5400000, 0x00000000e5500000|  0%| F|  |TAMS 0x00000000e5400000, 0x00000000e5400000| Untracked 
|  85|0x00000000e5500000, 0x00000000e5500000, 0x00000000e5600000|  0%| F|  |TAMS 0x00000000e5500000, 0x00000000e5500000| Untracked 
|  86|0x00000000e5600000, 0x00000000e5600000, 0x00000000e5700000|  0%| F|  |TAMS 0x00000000e5600000, 0x00000000e5600000| Untracked 
|  87|0x00000000e5700000, 0x00000000e5700000, 0x00000000e5800000|  0%| F|  |TAMS 0x00000000e5700000, 0x00000000e5700000| Untracked 
|  88|0x00000000e5800000, 0x00000000e5800000, 0x00000000e5900000|  0%| F|  |TAMS 0x00000000e5800000, 0x00000000e5800000| Untracked 
|  89|0x00000000e5900000, 0x00000000e5900000, 0x00000000e5a00000|  0%| F|  |TAMS 0x00000000e5900000, 0x00000000e5900000| Untracked 
|  90|0x00000000e5a00000, 0x00000000e5a00000, 0x00000000e5b00000|  0%| F|  |TAMS 0x00000000e5a00000, 0x00000000e5a00000| Untracked 
|  91|0x00000000e5b00000, 0x00000000e5b00000, 0x00000000e5c00000|  0%| F|  |TAMS 0x00000000e5b00000, 0x00000000e5b00000| Untracked 
|  92|0x00000000e5c00000, 0x00000000e5c00000, 0x00000000e5d00000|  0%| F|  |TAMS 0x00000000e5c00000, 0x00000000e5c00000| Untracked 
|  93|0x00000000e5d00000, 0x00000000e5d00000, 0x00000000e5e00000|  0%| F|  |TAMS 0x00000000e5d00000, 0x00000000e5d00000| Untracked 
|  94|0x00000000e5e00000, 0x00000000e5e00000, 0x00000000e5f00000|  0%| F|  |TAMS 0x00000000e5e00000, 0x00000000e5e00000| Untracked 
|  95|0x00000000e5f00000, 0x00000000e5f00000, 0x00000000e6000000|  0%| F|  |TAMS 0x00000000e5f00000, 0x00000000e5f00000| Untracked 
|  96|0x00000000e6000000, 0x00000000e6000000, 0x00000000e6100000|  0%| F|  |TAMS 0x00000000e6000000, 0x00000000e6000000| Untracked 
|  97|0x00000000e6100000, 0x00000000e6100000, 0x00000000e6200000|  0%| F|  |TAMS 0x00000000e6100000, 0x00000000e6100000| Untracked 
|  98|0x00000000e6200000, 0x00000000e6200000, 0x00000000e6300000|  0%| F|  |TAMS 0x00000000e6200000, 0x00000000e6200000| Untracked 
|  99|0x00000000e6300000, 0x00000000e6300000, 0x00000000e6400000|  0%| F|  |TAMS 0x00000000e6300000, 0x00000000e6300000| Untracked 
| 100|0x00000000e6400000, 0x00000000e6400000, 0x00000000e6500000|  0%| F|  |TAMS 0x00000000e6400000, 0x00000000e6400000| Untracked 
| 101|0x00000000e6500000, 0x00000000e6500000, 0x00000000e6600000|  0%| F|  |TAMS 0x00000000e6500000, 0x00000000e6500000| Untracked 
| 102|0x00000000e6600000, 0x00000000e6600000, 0x00000000e6700000|  0%| F|  |TAMS 0x00000000e6600000, 0x00000000e6600000| Untracked 
| 103|0x00000000e6700000, 0x00000000e6700000, 0x00000000e6800000|  0%| F|  |TAMS 0x00000000e6700000, 0x00000000e6700000| Untracked 
| 104|0x00000000e6800000, 0x00000000e6800000, 0x00000000e6900000|  0%| F|  |TAMS 0x00000000e6800000, 0x00000000e6800000| Untracked 
| 105|0x00000000e6900000, 0x00000000e6900000, 0x00000000e6a00000|  0%| F|  |TAMS 0x00000000e6900000, 0x00000000e6900000| Untracked 
| 106|0x00000000e6a00000, 0x00000000e6a00000, 0x00000000e6b00000|  0%| F|  |TAMS 0x00000000e6a00000, 0x00000000e6a00000| Untracked 
| 107|0x00000000e6b00000, 0x00000000e6b00000, 0x00000000e6c00000|  0%| F|  |TAMS 0x00000000e6b00000, 0x00000000e6b00000| Untracked 
| 108|0x00000000e6c00000, 0x00000000e6c00000, 0x00000000e6d00000|  0%| F|  |TAMS 0x00000000e6c00000, 0x00000000e6c00000| Untracked 
| 109|0x00000000e6d00000, 0x00000000e6d00000, 0x00000000e6e00000|  0%| F|  |TAMS 0x00000000e6d00000, 0x00000000e6d00000| Untracked 
| 110|0x00000000e6e00000, 0x00000000e6e00000, 0x00000000e6f00000|  0%| F|  |TAMS 0x00000000e6e00000, 0x00000000e6e00000| Untracked 
| 111|0x00000000e6f00000, 0x00000000e6f00000, 0x00000000e7000000|  0%| F|  |TAMS 0x00000000e6f00000, 0x00000000e6f00000| Untracked 
| 112|0x00000000e7000000, 0x00000000e7000000, 0x00000000e7100000|  0%| F|  |TAMS 0x00000000e7000000, 0x00000000e7000000| Untracked 
| 113|0x00000000e7100000, 0x00000000e7100000, 0x00000000e7200000|  0%| F|  |TAMS 0x00000000e7100000, 0x00000000e7100000| Untracked 
| 114|0x00000000e7200000, 0x00000000e7200000, 0x00000000e7300000|  0%| F|  |TAMS 0x00000000e7200000, 0x00000000e7200000| Untracked 
| 115|0x00000000e7300000, 0x00000000e7300000, 0x00000000e7400000|  0%| F|  |TAMS 0x00000000e7300000, 0x00000000e7300000| Untracked 
| 116|0x00000000e7400000, 0x00000000e7400000, 0x00000000e7500000|  0%| F|  |TAMS 0x00000000e7400000, 0x00000000e7400000| Untracked 
| 117|0x00000000e7500000, 0x00000000e7500000, 0x00000000e7600000|  0%| F|  |TAMS 0x00000000e7500000, 0x00000000e7500000| Untracked 
| 118|0x00000000e7600000, 0x00000000e7600000, 0x00000000e7700000|  0%| F|  |TAMS 0x00000000e7600000, 0x00000000e7600000| Untracked 
| 119|0x00000000e7700000, 0x00000000e7700000, 0x00000000e7800000|  0%| F|  |TAMS 0x00000000e7700000, 0x00000000e7700000| Untracked 
| 120|0x00000000e7800000, 0x00000000e7800000, 0x00000000e7900000|  0%| F|  |TAMS 0x00000000e7800000, 0x00000000e7800000| Untracked 
| 121|0x00000000e7900000, 0x00000000e7900000, 0x00000000e7a00000|  0%| F|  |TAMS 0x00000000e7900000, 0x00000000e7900000| Untracked 
| 122|0x00000000e7a00000, 0x00000000e7a00000, 0x00000000e7b00000|  0%| F|  |TAMS 0x00000000e7a00000, 0x00000000e7a00000| Untracked 
| 123|0x00000000e7b00000, 0x00000000e7b00000, 0x00000000e7c00000|  0%| F|  |TAMS 0x00000000e7b00000, 0x00000000e7b00000| Untracked 
| 124|0x00000000e7c00000, 0x00000000e7c00000, 0x00000000e7d00000|  0%| F|  |TAMS 0x00000000e7c00000, 0x00000000e7c00000| Untracked 
| 125|0x00000000e7d00000, 0x00000000e7d00000, 0x00000000e7e00000|  0%| F|  |TAMS 0x00000000e7d00000, 0x00000000e7d00000| Untracked 
| 126|0x00000000e7e00000, 0x00000000e7e00000, 0x00000000e7f00000|  0%| F|  |TAMS 0x00000000e7e00000, 0x00000000e7e00000| Untracked 
| 127|0x00000000e7f00000, 0x00000000e7f00000, 0x00000000e8000000|  0%| F|  |TAMS 0x00000000e7f00000, 0x00000000e7f00000| Untracked 
| 128|0x00000000e8000000, 0x00000000e8000000, 0x00000000e8100000|  0%| F|  |TAMS 0x00000000e8000000, 0x00000000e8000000| Untracked 
| 129|0x00000000e8100000, 0x00000000e8100000, 0x00000000e8200000|  0%| F|  |TAMS 0x00000000e8100000, 0x00000000e8100000| Untracked 
| 130|0x00000000e8200000, 0x00000000e8200000, 0x00000000e8300000|  0%| F|  |TAMS 0x00000000e8200000, 0x00000000e8200000| Untracked 
| 131|0x00000000e8300000, 0x00000000e8300000, 0x00000000e8400000|  0%| F|  |TAMS 0x00000000e8300000, 0x00000000e8300000| Untracked 
| 132|0x00000000e8400000, 0x00000000e8400000, 0x00000000e8500000|  0%| F|  |TAMS 0x00000000e8400000, 0x00000000e8400000| Untracked 
| 133|0x00000000e8500000, 0x00000000e8500000, 0x00000000e8600000|  0%| F|  |TAMS 0x00000000e8500000, 0x00000000e8500000| Untracked 
| 134|0x00000000e8600000, 0x00000000e8600000, 0x00000000e8700000|  0%| F|  |TAMS 0x00000000e8600000, 0x00000000e8600000| Untracked 
| 135|0x00000000e8700000, 0x00000000e8700000, 0x00000000e8800000|  0%| F|  |TAMS 0x00000000e8700000, 0x00000000e8700000| Untracked 
| 136|0x00000000e8800000, 0x00000000e8800000, 0x00000000e8900000|  0%| F|  |TAMS 0x00000000e8800000, 0x00000000e8800000| Untracked 
| 137|0x00000000e8900000, 0x00000000e8900000, 0x00000000e8a00000|  0%| F|  |TAMS 0x00000000e8900000, 0x00000000e8900000| Untracked 
| 138|0x00000000e8a00000, 0x00000000e8a00000, 0x00000000e8b00000|  0%| F|  |TAMS 0x00000000e8a00000, 0x00000000e8a00000| Untracked 
| 139|0x00000000e8b00000, 0x00000000e8b00000, 0x00000000e8c00000|  0%| F|  |TAMS 0x00000000e8b00000, 0x00000000e8b00000| Untracked 
| 140|0x00000000e8c00000, 0x00000000e8c00000, 0x00000000e8d00000|  0%| F|  |TAMS 0x00000000e8c00000, 0x00000000e8c00000| Untracked 
| 141|0x00000000e8d00000, 0x00000000e8d00000, 0x00000000e8e00000|  0%| F|  |TAMS 0x00000000e8d00000, 0x00000000e8d00000| Untracked 
| 142|0x00000000e8e00000, 0x00000000e8e00000, 0x00000000e8f00000|  0%| F|  |TAMS 0x00000000e8e00000, 0x00000000e8e00000| Untracked 
| 143|0x00000000e8f00000, 0x00000000e8f00000, 0x00000000e9000000|  0%| F|  |TAMS 0x00000000e8f00000, 0x00000000e8f00000| Untracked 
| 144|0x00000000e9000000, 0x00000000e9000000, 0x00000000e9100000|  0%| F|  |TAMS 0x00000000e9000000, 0x00000000e9000000| Untracked 
| 145|0x00000000e9100000, 0x00000000e9100000, 0x00000000e9200000|  0%| F|  |TAMS 0x00000000e9100000, 0x00000000e9100000| Untracked 
| 146|0x00000000e9200000, 0x00000000e9200000, 0x00000000e9300000|  0%| F|  |TAMS 0x00000000e9200000, 0x00000000e9200000| Untracked 
| 147|0x00000000e9300000, 0x00000000e9300000, 0x00000000e9400000|  0%| F|  |TAMS 0x00000000e9300000, 0x00000000e9300000| Untracked 
| 148|0x00000000e9400000, 0x00000000e9400000, 0x00000000e9500000|  0%| F|  |TAMS 0x00000000e9400000, 0x00000000e9400000| Untracked 
| 149|0x00000000e9500000, 0x00000000e9500000, 0x00000000e9600000|  0%| F|  |TAMS 0x00000000e9500000, 0x00000000e9500000| Untracked 
| 150|0x00000000e9600000, 0x00000000e9600000, 0x00000000e9700000|  0%| F|  |TAMS 0x00000000e9600000, 0x00000000e9600000| Untracked 
| 151|0x00000000e9700000, 0x00000000e9700000, 0x00000000e9800000|  0%| F|  |TAMS 0x00000000e9700000, 0x00000000e9700000| Untracked 
| 152|0x00000000e9800000, 0x00000000e9800000, 0x00000000e9900000|  0%| F|  |TAMS 0x00000000e9800000, 0x00000000e9800000| Untracked 
| 153|0x00000000e9900000, 0x00000000e9900000, 0x00000000e9a00000|  0%| F|  |TAMS 0x00000000e9900000, 0x00000000e9900000| Untracked 
| 154|0x00000000e9a00000, 0x00000000e9a00000, 0x00000000e9b00000|  0%| F|  |TAMS 0x00000000e9a00000, 0x00000000e9a00000| Untracked 
| 155|0x00000000e9b00000, 0x00000000e9b00000, 0x00000000e9c00000|  0%| F|  |TAMS 0x00000000e9b00000, 0x00000000e9b00000| Untracked 
| 156|0x00000000e9c00000, 0x00000000e9c00000, 0x00000000e9d00000|  0%| F|  |TAMS 0x00000000e9c00000, 0x00000000e9c00000| Untracked 
| 157|0x00000000e9d00000, 0x00000000e9d00000, 0x00000000e9e00000|  0%| F|  |TAMS 0x00000000e9d00000, 0x00000000e9d00000| Untracked 
| 158|0x00000000e9e00000, 0x00000000e9e00000, 0x00000000e9f00000|  0%| F|  |TAMS 0x00000000e9e00000, 0x00000000e9e00000| Untracked 
| 159|0x00000000e9f00000, 0x00000000e9f00000, 0x00000000ea000000|  0%| F|  |TAMS 0x00000000e9f00000, 0x00000000e9f00000| Untracked 
| 160|0x00000000ea000000, 0x00000000ea000000, 0x00000000ea100000|  0%| F|  |TAMS 0x00000000ea000000, 0x00000000ea000000| Untracked 
| 161|0x00000000ea100000, 0x00000000ea100000, 0x00000000ea200000|  0%| F|  |TAMS 0x00000000ea100000, 0x00000000ea100000| Untracked 
| 162|0x00000000ea200000, 0x00000000ea200000, 0x00000000ea300000|  0%| F|  |TAMS 0x00000000ea200000, 0x00000000ea200000| Untracked 
| 163|0x00000000ea300000, 0x00000000ea300000, 0x00000000ea400000|  0%| F|  |TAMS 0x00000000ea300000, 0x00000000ea300000| Untracked 
| 164|0x00000000ea400000, 0x00000000ea400000, 0x00000000ea500000|  0%| F|  |TAMS 0x00000000ea400000, 0x00000000ea400000| Untracked 
| 165|0x00000000ea500000, 0x00000000ea500000, 0x00000000ea600000|  0%| F|  |TAMS 0x00000000ea500000, 0x00000000ea500000| Untracked 
| 166|0x00000000ea600000, 0x00000000ea600000, 0x00000000ea700000|  0%| F|  |TAMS 0x00000000ea600000, 0x00000000ea600000| Untracked 
| 167|0x00000000ea700000, 0x00000000ea700000, 0x00000000ea800000|  0%| F|  |TAMS 0x00000000ea700000, 0x00000000ea700000| Untracked 
| 168|0x00000000ea800000, 0x00000000ea800000, 0x00000000ea900000|  0%| F|  |TAMS 0x00000000ea800000, 0x00000000ea800000| Untracked 
| 169|0x00000000ea900000, 0x00000000ea900000, 0x00000000eaa00000|  0%| F|  |TAMS 0x00000000ea900000, 0x00000000ea900000| Untracked 
| 170|0x00000000eaa00000, 0x00000000eaa00000, 0x00000000eab00000|  0%| F|  |TAMS 0x00000000eaa00000, 0x00000000eaa00000| Untracked 
| 171|0x00000000eab00000, 0x00000000eab00000, 0x00000000eac00000|  0%| F|  |TAMS 0x00000000eab00000, 0x00000000eab00000| Untracked 
| 172|0x00000000eac00000, 0x00000000eac00000, 0x00000000ead00000|  0%| F|  |TAMS 0x00000000eac00000, 0x00000000eac00000| Untracked 
| 173|0x00000000ead00000, 0x00000000ead00000, 0x00000000eae00000|  0%| F|  |TAMS 0x00000000ead00000, 0x00000000ead00000| Untracked 
| 174|0x00000000eae00000, 0x00000000eae00000, 0x00000000eaf00000|  0%| F|  |TAMS 0x00000000eae00000, 0x00000000eae00000| Untracked 
| 175|0x00000000eaf00000, 0x00000000eaf00000, 0x00000000eb000000|  0%| F|  |TAMS 0x00000000eaf00000, 0x00000000eaf00000| Untracked 
| 176|0x00000000eb000000, 0x00000000eb000000, 0x00000000eb100000|  0%| F|  |TAMS 0x00000000eb000000, 0x00000000eb000000| Untracked 
| 177|0x00000000eb100000, 0x00000000eb100000, 0x00000000eb200000|  0%| F|  |TAMS 0x00000000eb100000, 0x00000000eb100000| Untracked 
| 178|0x00000000eb200000, 0x00000000eb200000, 0x00000000eb300000|  0%| F|  |TAMS 0x00000000eb200000, 0x00000000eb200000| Untracked 
| 179|0x00000000eb300000, 0x00000000eb300000, 0x00000000eb400000|  0%| F|  |TAMS 0x00000000eb300000, 0x00000000eb300000| Untracked 
| 180|0x00000000eb400000, 0x00000000eb400000, 0x00000000eb500000|  0%| F|  |TAMS 0x00000000eb400000, 0x00000000eb400000| Untracked 
| 181|0x00000000eb500000, 0x00000000eb580800, 0x00000000eb600000| 50%| E|  |TAMS 0x00000000eb500000, 0x00000000eb500000| Complete 
| 182|0x00000000eb600000, 0x00000000eb700000, 0x00000000eb700000|100%| E|CS|TAMS 0x00000000eb600000, 0x00000000eb600000| Complete 
| 183|0x00000000eb700000, 0x00000000eb800000, 0x00000000eb800000|100%| E|CS|TAMS 0x00000000eb700000, 0x00000000eb700000| Complete 
| 184|0x00000000eb800000, 0x00000000eb900000, 0x00000000eb900000|100%| E|CS|TAMS 0x00000000eb800000, 0x00000000eb800000| Complete 
| 185|0x00000000eb900000, 0x00000000eba00000, 0x00000000eba00000|100%| E|CS|TAMS 0x00000000eb900000, 0x00000000eb900000| Complete 
| 186|0x00000000eba00000, 0x00000000ebb00000, 0x00000000ebb00000|100%| E|CS|TAMS 0x00000000eba00000, 0x00000000eba00000| Complete 
| 187|0x00000000ebb00000, 0x00000000ebc00000, 0x00000000ebc00000|100%| E|CS|TAMS 0x00000000ebb00000, 0x00000000ebb00000| Complete 
| 188|0x00000000ebc00000, 0x00000000ebd00000, 0x00000000ebd00000|100%| E|CS|TAMS 0x00000000ebc00000, 0x00000000ebc00000| Complete 
| 189|0x00000000ebd00000, 0x00000000ebe00000, 0x00000000ebe00000|100%| E|CS|TAMS 0x00000000ebd00000, 0x00000000ebd00000| Complete 
| 190|0x00000000ebe00000, 0x00000000ebf00000, 0x00000000ebf00000|100%| E|CS|TAMS 0x00000000ebe00000, 0x00000000ebe00000| Complete 
| 191|0x00000000ebf00000, 0x00000000ec000000, 0x00000000ec000000|100%| E|CS|TAMS 0x00000000ebf00000, 0x00000000ebf00000| Complete 
| 192|0x00000000ec000000, 0x00000000ec100000, 0x00000000ec100000|100%| E|CS|TAMS 0x00000000ec000000, 0x00000000ec000000| Complete 
| 193|0x00000000ec100000, 0x00000000ec200000, 0x00000000ec200000|100%| E|CS|TAMS 0x00000000ec100000, 0x00000000ec100000| Complete 
| 194|0x00000000ec200000, 0x00000000ec300000, 0x00000000ec300000|100%| E|CS|TAMS 0x00000000ec200000, 0x00000000ec200000| Complete 
| 195|0x00000000ec300000, 0x00000000ec400000, 0x00000000ec400000|100%| E|CS|TAMS 0x00000000ec300000, 0x00000000ec300000| Complete 
| 196|0x00000000ec400000, 0x00000000ec500000, 0x00000000ec500000|100%| E|CS|TAMS 0x00000000ec400000, 0x00000000ec400000| Complete 
| 197|0x00000000ec500000, 0x00000000ec600000, 0x00000000ec600000|100%| E|CS|TAMS 0x00000000ec500000, 0x00000000ec500000| Complete 
| 198|0x00000000ec600000, 0x00000000ec700000, 0x00000000ec700000|100%| E|CS|TAMS 0x00000000ec600000, 0x00000000ec600000| Complete 
| 199|0x00000000ec700000, 0x00000000ec800000, 0x00000000ec800000|100%| E|CS|TAMS 0x00000000ec700000, 0x00000000ec700000| Complete 
| 200|0x00000000ec800000, 0x00000000ec900000, 0x00000000ec900000|100%| E|CS|TAMS 0x00000000ec800000, 0x00000000ec800000| Complete 
| 201|0x00000000ec900000, 0x00000000eca00000, 0x00000000eca00000|100%| E|CS|TAMS 0x00000000ec900000, 0x00000000ec900000| Complete 
| 202|0x00000000eca00000, 0x00000000ecb00000, 0x00000000ecb00000|100%| E|CS|TAMS 0x00000000eca00000, 0x00000000eca00000| Complete 
| 203|0x00000000ecb00000, 0x00000000ecc00000, 0x00000000ecc00000|100%| E|CS|TAMS 0x00000000ecb00000, 0x00000000ecb00000| Complete 
| 204|0x00000000ecc00000, 0x00000000ecd00000, 0x00000000ecd00000|100%| E|CS|TAMS 0x00000000ecc00000, 0x00000000ecc00000| Complete 
| 205|0x00000000ecd00000, 0x00000000ece00000, 0x00000000ece00000|100%| E|CS|TAMS 0x00000000ecd00000, 0x00000000ecd00000| Complete 
| 206|0x00000000ece00000, 0x00000000ecf00000, 0x00000000ecf00000|100%| E|CS|TAMS 0x00000000ece00000, 0x00000000ece00000| Complete 
| 207|0x00000000ecf00000, 0x00000000ed000000, 0x00000000ed000000|100%| E|CS|TAMS 0x00000000ecf00000, 0x00000000ecf00000| Complete 
| 208|0x00000000ed000000, 0x00000000ed100000, 0x00000000ed100000|100%| E|CS|TAMS 0x00000000ed000000, 0x00000000ed000000| Complete 
| 209|0x00000000ed100000, 0x00000000ed200000, 0x00000000ed200000|100%| E|CS|TAMS 0x00000000ed100000, 0x00000000ed100000| Complete 
| 210|0x00000000ed200000, 0x00000000ed300000, 0x00000000ed300000|100%| E|CS|TAMS 0x00000000ed200000, 0x00000000ed200000| Complete 
| 211|0x00000000ed300000, 0x00000000ed400000, 0x00000000ed400000|100%| E|CS|TAMS 0x00000000ed300000, 0x00000000ed300000| Complete 
| 212|0x00000000ed400000, 0x00000000ed500000, 0x00000000ed500000|100%| E|CS|TAMS 0x00000000ed400000, 0x00000000ed400000| Complete 
| 213|0x00000000ed500000, 0x00000000ed600000, 0x00000000ed600000|100%| E|CS|TAMS 0x00000000ed500000, 0x00000000ed500000| Complete 
| 214|0x00000000ed600000, 0x00000000ed700000, 0x00000000ed700000|100%| E|CS|TAMS 0x00000000ed600000, 0x00000000ed600000| Complete 
| 215|0x00000000ed700000, 0x00000000ed800000, 0x00000000ed800000|100%| E|CS|TAMS 0x00000000ed700000, 0x00000000ed700000| Complete 
| 216|0x00000000ed800000, 0x00000000ed900000, 0x00000000ed900000|100%| E|CS|TAMS 0x00000000ed800000, 0x00000000ed800000| Complete 
| 217|0x00000000ed900000, 0x00000000eda00000, 0x00000000eda00000|100%| E|CS|TAMS 0x00000000ed900000, 0x00000000ed900000| Complete 
| 218|0x00000000eda00000, 0x00000000edb00000, 0x00000000edb00000|100%| E|CS|TAMS 0x00000000eda00000, 0x00000000eda00000| Complete 
| 219|0x00000000edb00000, 0x00000000edc00000, 0x00000000edc00000|100%| E|CS|TAMS 0x00000000edb00000, 0x00000000edb00000| Complete 
| 220|0x00000000edc00000, 0x00000000edd00000, 0x00000000edd00000|100%| E|CS|TAMS 0x00000000edc00000, 0x00000000edc00000| Complete 
| 221|0x00000000edd00000, 0x00000000ede00000, 0x00000000ede00000|100%| E|CS|TAMS 0x00000000edd00000, 0x00000000edd00000| Complete 
| 222|0x00000000ede00000, 0x00000000edf00000, 0x00000000edf00000|100%| E|CS|TAMS 0x00000000ede00000, 0x00000000ede00000| Complete 
| 223|0x00000000edf00000, 0x00000000ee000000, 0x00000000ee000000|100%| E|CS|TAMS 0x00000000edf00000, 0x00000000edf00000| Complete 
| 224|0x00000000ee000000, 0x00000000ee100000, 0x00000000ee100000|100%| E|CS|TAMS 0x00000000ee000000, 0x00000000ee000000| Complete 
| 225|0x00000000ee100000, 0x00000000ee200000, 0x00000000ee200000|100%| E|CS|TAMS 0x00000000ee100000, 0x00000000ee100000| Complete 
| 226|0x00000000ee200000, 0x00000000ee2cdc68, 0x00000000ee300000| 80%| S|CS|TAMS 0x00000000ee200000, 0x00000000ee200000| Complete 
| 227|0x00000000ee300000, 0x00000000ee400000, 0x00000000ee400000|100%| E|CS|TAMS 0x00000000ee300000, 0x00000000ee300000| Complete 
| 228|0x00000000ee400000, 0x00000000ee500000, 0x00000000ee500000|100%| E|CS|TAMS 0x00000000ee400000, 0x00000000ee400000| Complete 
| 229|0x00000000ee500000, 0x00000000ee600000, 0x00000000ee600000|100%| E|CS|TAMS 0x00000000ee500000, 0x00000000ee500000| Complete 
| 230|0x00000000ee600000, 0x00000000ee700000, 0x00000000ee700000|100%| E|CS|TAMS 0x00000000ee600000, 0x00000000ee600000| Complete 
| 231|0x00000000ee700000, 0x00000000ee800000, 0x00000000ee800000|100%| E|CS|TAMS 0x00000000ee700000, 0x00000000ee700000| Complete 
| 232|0x00000000ee800000, 0x00000000ee900000, 0x00000000ee900000|100%| E|CS|TAMS 0x00000000ee800000, 0x00000000ee800000| Complete 
| 233|0x00000000ee900000, 0x00000000eea00000, 0x00000000eea00000|100%| E|CS|TAMS 0x00000000ee900000, 0x00000000ee900000| Complete 
| 234|0x00000000eea00000, 0x00000000eeb00000, 0x00000000eeb00000|100%| E|CS|TAMS 0x00000000eea00000, 0x00000000eea00000| Complete 
| 235|0x00000000eeb00000, 0x00000000eec00000, 0x00000000eec00000|100%| E|CS|TAMS 0x00000000eeb00000, 0x00000000eeb00000| Complete 
| 236|0x00000000eec00000, 0x00000000eed00000, 0x00000000eed00000|100%| E|CS|TAMS 0x00000000eec00000, 0x00000000eec00000| Complete 
| 237|0x00000000eed00000, 0x00000000eee00000, 0x00000000eee00000|100%| E|CS|TAMS 0x00000000eed00000, 0x00000000eed00000| Complete 
| 238|0x00000000eee00000, 0x00000000eef00000, 0x00000000eef00000|100%| E|CS|TAMS 0x00000000eee00000, 0x00000000eee00000| Complete 
| 239|0x00000000eef00000, 0x00000000ef000000, 0x00000000ef000000|100%| E|CS|TAMS 0x00000000eef00000, 0x00000000eef00000| Complete 
| 240|0x00000000ef000000, 0x00000000ef100000, 0x00000000ef100000|100%| E|CS|TAMS 0x00000000ef000000, 0x00000000ef000000| Complete 
| 241|0x00000000ef100000, 0x00000000ef200000, 0x00000000ef200000|100%| E|CS|TAMS 0x00000000ef100000, 0x00000000ef100000| Complete 
| 242|0x00000000ef200000, 0x00000000ef300000, 0x00000000ef300000|100%| E|CS|TAMS 0x00000000ef200000, 0x00000000ef200000| Complete 
| 243|0x00000000ef300000, 0x00000000ef400000, 0x00000000ef400000|100%| E|CS|TAMS 0x00000000ef300000, 0x00000000ef300000| Complete 
| 244|0x00000000ef400000, 0x00000000ef500000, 0x00000000ef500000|100%| E|CS|TAMS 0x00000000ef400000, 0x00000000ef400000| Complete 
| 245|0x00000000ef500000, 0x00000000ef600000, 0x00000000ef600000|100%| E|CS|TAMS 0x00000000ef500000, 0x00000000ef500000| Complete 
| 246|0x00000000ef600000, 0x00000000ef700000, 0x00000000ef700000|100%| E|CS|TAMS 0x00000000ef600000, 0x00000000ef600000| Complete 
| 247|0x00000000ef700000, 0x00000000ef800000, 0x00000000ef800000|100%| E|CS|TAMS 0x00000000ef700000, 0x00000000ef700000| Complete 
| 248|0x00000000ef800000, 0x00000000ef900000, 0x00000000ef900000|100%| E|CS|TAMS 0x00000000ef800000, 0x00000000ef800000| Complete 
| 249|0x00000000ef900000, 0x00000000efa00000, 0x00000000efa00000|100%| E|CS|TAMS 0x00000000ef900000, 0x00000000ef900000| Complete 
| 250|0x00000000efa00000, 0x00000000efb00000, 0x00000000efb00000|100%| E|CS|TAMS 0x00000000efa00000, 0x00000000efa00000| Complete 
| 251|0x00000000efb00000, 0x00000000efc00000, 0x00000000efc00000|100%| E|CS|TAMS 0x00000000efb00000, 0x00000000efb00000| Complete 
| 252|0x00000000efc00000, 0x00000000efd00000, 0x00000000efd00000|100%| E|CS|TAMS 0x00000000efc00000, 0x00000000efc00000| Complete 
| 253|0x00000000efd00000, 0x00000000efe00000, 0x00000000efe00000|100%| E|CS|TAMS 0x00000000efd00000, 0x00000000efd00000| Complete 
| 254|0x00000000efe00000, 0x00000000eff00000, 0x00000000eff00000|100%| E|CS|TAMS 0x00000000efe00000, 0x00000000efe00000| Complete 
| 255|0x00000000eff00000, 0x00000000f0000000, 0x00000000f0000000|100%| E|CS|TAMS 0x00000000eff00000, 0x00000000eff00000| Complete 

Card table byte_map: [0x000002467a1d0000,0x000002467a2d0000] _byte_map_base: 0x0000024679ad0000

Marking Bits (Prev, Next): (CMBitMap*) 0x0000024679d06c20, (CMBitMap*) 0x0000024679d06c60
 Prev Bits: [0x000002467a3d0000, 0x000002467abd0000)
 Next Bits: [0x000002467abd0000, 0x000002467b3d0000)

Polling page: 0x0000024677b40000

Metaspace:

Usage:
  Non-class:     12.65 MB used.
      Class:      2.00 MB used.
       Both:     14.65 MB used.

Virtual space:
  Non-class space:       64.00 MB reserved,      12.75 MB ( 20%) committed,  1 nodes.
      Class space:      320.00 MB reserved,       2.12 MB ( <1%) committed,  1 nodes.
             Both:      384.00 MB reserved,      14.88 MB (  4%) committed. 

Chunk freelists:
   Non-Class:  2.86 MB
       Class:  13.89 MB
        Both:  16.75 MB

MaxMetaspaceSize: 384.00 MB
CompressedClassSpaceSize: 320.00 MB
Initial GC threshold: 21.00 MB
Current GC threshold: 21.00 MB
CDS: on
MetaspaceReclaimPolicy: balanced
 - commit_granule_bytes: 65536.
 - commit_granule_words: 8192.
 - virtual_space_node_default_size: 8388608.
 - enlarge_chunks_in_place: 1.
 - new_chunks_are_fully_committed: 0.
 - uncommit_free_chunks: 1.
 - use_allocation_guard: 0.
 - handle_deallocations: 1.


Internal statistics:

num_allocs_failed_limit: 0.
num_arena_births: 200.
num_arena_deaths: 0.
num_vsnodes_births: 2.
num_vsnodes_deaths: 0.
num_space_committed: 238.
num_space_uncommitted: 0.
num_chunks_returned_to_freelist: 0.
num_chunks_taken_from_freelist: 684.
num_chunk_merges: 0.
num_chunk_splits: 444.
num_chunks_enlarged: 326.
num_purges: 0.
num_inconsistent_stats: 0.

CodeHeap 'non-profiled nmethods': size=120000Kb used=1345Kb max_used=1345Kb free=118655Kb
 bounds [0x000002460f2a0000, 0x000002460f510000, 0x00000246167d0000]
CodeHeap 'profiled nmethods': size=120000Kb used=5215Kb max_used=5215Kb free=114784Kb
 bounds [0x00000246077d0000, 0x0000024607cf0000, 0x000002460ed00000]
CodeHeap 'non-nmethods': size=5760Kb used=1232Kb max_used=1267Kb free=4527Kb
 bounds [0x000002460ed00000, 0x000002460ef70000, 0x000002460f2a0000]
 total_blobs=3133 nmethods=2605 adapters=440
 compilation: enabled
              stopped_count=0, restarted_count=0
 full_count=0

Compilation events (20 events):
Event: 89.005 Thread 0x000002467de048f0 nmethod 2580 0x0000024607cd7290 code [0x0000024607cd75e0, 0x0000024607cd9388]
Event: 89.005 Thread 0x000002467de048f0 2581       3       java.lang.invoke.VarHandleByteArrayAsInts$ArrayHandle::get (36 bytes)
Event: 89.005 Thread 0x000002467de048f0 nmethod 2581 0x0000024607cd9c10 code [0x0000024607cd9de0, 0x0000024607cda2b8]
Event: 89.046 Thread 0x000002467de048f0 2582       3       java.net.SocketAddress::<init> (5 bytes)
Event: 89.046 Thread 0x000002467de048f0 nmethod 2582 0x0000024607cda490 code [0x0000024607cda620, 0x0000024607cda778]
Event: 89.085 Thread 0x000002467ddfcde0 2583   !   4       java.lang.ClassLoader::loadClass (121 bytes)
Event: 89.581 Thread 0x000002467de048f0 2585       3       java.lang.invoke.InvokerBytecodeGenerator::emitStaticInvoke (258 bytes)
Event: 89.583 Thread 0x000002467de048f0 nmethod 2585 0x0000024607cda810 code [0x0000024607cdab20, 0x0000024607cdbaa8]
Event: 89.583 Thread 0x000002467de048f0 2586       3       java.lang.invoke.InvokerBytecodeGenerator::refKindOpcode (112 bytes)
Event: 89.584 Thread 0x000002467de048f0 nmethod 2586 0x0000024607cdc090 code [0x0000024607cdc2e0, 0x0000024607cdcb98]
Event: 89.584 Thread 0x000002467de048f0 2587       3       jdk.internal.org.objectweb.asm.FieldWriter::visitEnd (1 bytes)
Event: 89.584 Thread 0x000002467de048f0 nmethod 2587 0x0000024607cdce10 code [0x0000024607cdcfa0, 0x0000024607cdd0b8]
Event: 89.768 Thread 0x000002467de048f0 2588       1       jdk.internal.reflect.DelegatingMethodAccessorImpl::setDelegate (6 bytes)
Event: 89.768 Thread 0x000002467de048f0 nmethod 2588 0x000002460f3ef510 code [0x000002460f3ef6a0, 0x000002460f3ef7b8]
Event: 89.780 Thread 0x000002467de048f0 2589       3       java.util.Spliterator::getExactSizeIfKnown (25 bytes)
Event: 89.780 Thread 0x000002467de048f0 nmethod 2589 0x0000024607cdd190 code [0x0000024607cdd340, 0x0000024607cdd638]
Event: 89.780 Thread 0x000002467de048f0 2590       3       java.util.stream.AbstractPipeline::sourceSpliterator (265 bytes)
Event: 89.782 Thread 0x000002467de048f0 nmethod 2590 0x0000024607cdd710 code [0x0000024607cdd9a0, 0x0000024607cde8e8]
Event: 89.782 Thread 0x000002467de048f0 2591       3       java.util.stream.AbstractPipeline::wrapAndCopyInto (18 bytes)
Event: 89.782 Thread 0x000002467de048f0 nmethod 2591 0x0000024607cdee10 code [0x0000024607cdefe0, 0x0000024607cdf3e8]

GC Heap History (4 events):
Event: 13.423 GC heap before
{Heap before GC invocations=0 (full 0):
 garbage-first heap   total 262144K, used 26624K [0x00000000e0000000, 0x0000000100000000)
  region size 1024K, 23 young (23552K), 0 survivors (0K)
 Metaspace       used 2925K, committed 3072K, reserved 393216K
  class space    used 368K, committed 448K, reserved 327680K
}
Event: 17.992 GC heap after
{Heap after GC invocations=1 (full 0):
 garbage-first heap   total 262144K, used 10464K [0x00000000e0000000, 0x0000000100000000)
  region size 1024K, 3 young (3072K), 3 survivors (3072K)
 Metaspace       used 2925K, committed 3072K, reserved 393216K
  class space    used 368K, committed 448K, reserved 327680K
}
Event: 35.358 GC heap before
{Heap before GC invocations=1 (full 0):
 garbage-first heap   total 262144K, used 37088K [0x00000000e0000000, 0x0000000100000000)
  region size 1024K, 29 young (29696K), 3 survivors (3072K)
 Metaspace       used 3975K, committed 4160K, reserved 393216K
  class space    used 489K, committed 576K, reserved 327680K
}
Event: 35.362 GC heap after
{Heap after GC invocations=2 (full 0):
 garbage-first heap   total 262144K, used 11425K [0x00000000e0000000, 0x0000000100000000)
  region size 1024K, 1 young (1024K), 1 survivors (1024K)
 Metaspace       used 3975K, committed 4160K, reserved 393216K
  class space    used 489K, committed 576K, reserved 327680K
}

Deoptimization events (20 events):
Event: 88.832 Thread 0x0000024631fb8010 Uncommon trap: trap_request=0xffffff45 fr.pc=0x000002460f38cec0 relative=0x00000000000000a0
Event: 88.832 Thread 0x0000024631fb8010 Uncommon trap: reason=unstable_if action=reinterpret pc=0x000002460f38cec0 method=jdk.internal.misc.Unsafe.convEndian(ZI)I @ 4 c2
Event: 88.832 Thread 0x0000024631fb8010 DEOPT PACKING pc=0x000002460f38cec0 sp=0x0000005cec2fb460
Event: 88.832 Thread 0x0000024631fb8010 DEOPT UNPACKING pc=0x000002460ed55ba3 sp=0x0000005cec2fb310 mode 2
Event: 88.832 Thread 0x0000024631fb8010 Uncommon trap: trap_request=0xffffff45 fr.pc=0x000002460f38a174 relative=0x0000000000000074
Event: 88.832 Thread 0x0000024631fb8010 Uncommon trap: reason=unstable_if action=reinterpret pc=0x000002460f38a174 method=jdk.internal.misc.Unsafe.convEndian(ZI)I @ 4 c2
Event: 88.832 Thread 0x0000024631fb8010 DEOPT PACKING pc=0x000002460f38a174 sp=0x0000005cec2fb3e0
Event: 88.832 Thread 0x0000024631fb8010 DEOPT UNPACKING pc=0x000002460ed55ba3 sp=0x0000005cec2fb310 mode 2
Event: 88.832 Thread 0x0000024631fb8010 Uncommon trap: trap_request=0xffffff45 fr.pc=0x000002460f3ae938 relative=0x0000000000000038
Event: 88.832 Thread 0x0000024631fb8010 Uncommon trap: reason=unstable_if action=reinterpret pc=0x000002460f3ae938 method=jdk.internal.misc.Unsafe.convEndian(ZI)I @ 4 c2
Event: 88.832 Thread 0x0000024631fb8010 DEOPT PACKING pc=0x000002460f3ae938 sp=0x0000005cec2fb370
Event: 88.832 Thread 0x0000024631fb8010 DEOPT UNPACKING pc=0x000002460ed55ba3 sp=0x0000005cec2fb308 mode 2
Event: 89.000 Thread 0x0000024631fb8010 Uncommon trap: trap_request=0xffffff45 fr.pc=0x000002460f331698 relative=0x0000000000000b98
Event: 89.000 Thread 0x0000024631fb8010 Uncommon trap: reason=unstable_if action=reinterpret pc=0x000002460f331698 method=java.io.WinNTFileSystem.resolve(Ljava/lang/String;Ljava/lang/String;)Ljava/lang/String; @ 19 c2
Event: 89.000 Thread 0x0000024631fb8010 DEOPT PACKING pc=0x000002460f331698 sp=0x0000005cec2fb900
Event: 89.000 Thread 0x0000024631fb8010 DEOPT UNPACKING pc=0x000002460ed55ba3 sp=0x0000005cec2fb8a8 mode 2
Event: 89.003 Thread 0x0000024631fb8010 Uncommon trap: trap_request=0xffffff45 fr.pc=0x000002460f32641c relative=0x00000000000005fc
Event: 89.003 Thread 0x0000024631fb8010 Uncommon trap: reason=unstable_if action=reinterpret pc=0x000002460f32641c method=java.io.File.getName()Ljava/lang/String; @ 16 c2
Event: 89.004 Thread 0x0000024631fb8010 DEOPT PACKING pc=0x000002460f32641c sp=0x0000005cec2fb8a0
Event: 89.004 Thread 0x0000024631fb8010 DEOPT UNPACKING pc=0x000002460ed55ba3 sp=0x0000005cec2fb870 mode 2

Classes unloaded (0 events):
No events

Classes redefined (0 events):
No events

Internal exceptions (20 events):
Event: 47.573 Thread 0x0000024679cd68b0 Exception <a 'java/lang/NoSuchMethodError'{0x00000000edd73210}: 'java.lang.Object java.lang.invoke.DirectMethodHandle$Holder.invokeStaticInit(java.lang.Object, java.lang.Object, int, int, int, int)'> (0x00000000edd73210) 
thrown [s\open\src\hotspot\share\interpreter\linkResolver.cpp, line 759]
Event: 53.281 Thread 0x0000024679cd68b0 Exception <a 'java/lang/NoSuchMethodError'{0x00000000edb7be20}: 'void java.lang.invoke.DirectMethodHandle$Holder.invokeStatic(java.lang.Object, java.lang.Object, java.lang.Object)'> (0x00000000edb7be20) 
thrown [s\open\src\hotspot\share\interpreter\linkResolver.cpp, line 759]
Event: 59.291 Thread 0x0000024679cd68b0 Exception <a 'java/io/IOException'{0x00000000eda9aed8}> (0x00000000eda9aed8) 
thrown [s\open\src\hotspot\share\prims\jni.cpp, line 516]
Event: 81.304 Thread 0x0000024631fb8010 Exception <a 'java/lang/NoSuchMethodError'{0x00000000ed146f00}: 'long java.lang.invoke.DirectMethodHandle$Holder.invokeInterface(java.lang.Object, java.lang.Object)'> (0x00000000ed146f00) 
thrown [s\open\src\hotspot\share\interpreter\linkResolver.cpp, line 759]
Event: 81.369 Thread 0x0000024631fb8010 Exception <a 'java/lang/NoSuchMethodError'{0x00000000ed1821e0}: 'java.lang.Object java.lang.invoke.DirectMethodHandle$Holder.invokeVirtual(java.lang.Object, java.lang.Object, java.lang.Object)'> (0x00000000ed1821e0) 
thrown [s\open\src\hotspot\share\interpreter\linkResolver.cpp, line 759]
Event: 81.983 Thread 0x0000024631fb8010 Exception <a 'java/lang/NoSuchMethodError'{0x00000000ecd400c8}: 'void java.lang.invoke.DirectMethodHandle$Holder.invokeStatic(java.lang.Object, java.lang.Object)'> (0x00000000ecd400c8) 
thrown [s\open\src\hotspot\share\interpreter\linkResolver.cpp, line 759]
Event: 82.735 Thread 0x0000024631fb8010 Exception <a 'java/lang/NoSuchMethodError'{0x00000000eccf1698}: 'java.lang.Object java.lang.invoke.DirectMethodHandle$Holder.newInvokeSpecial(java.lang.Object, java.lang.Object, java.lang.Object, java.lang.Object, java.lang.Object)'> (0x00000000eccf1698) 
thrown [s\open\src\hotspot\share\interpreter\linkResolver.cpp, line 759]
Event: 82.884 Thread 0x0000024631fb8010 Exception <a 'java/lang/NoSuchMethodError'{0x00000000ec91ea58}: 'void java.lang.invoke.DirectMethodHandle$Holder.invokeSpecial(java.lang.Object, java.lang.Object, java.lang.Object)'> (0x00000000ec91ea58) 
thrown [s\open\src\hotspot\share\interpreter\linkResolver.cpp, line 759]
Event: 83.435 Thread 0x0000024631fb8010 Exception <a 'java/lang/NoSuchMethodError'{0x00000000ec9cbba0}: 'java.lang.Object java.lang.invoke.DirectMethodHandle$Holder.newInvokeSpecial(java.lang.Object, java.lang.Object, java.lang.Object, java.lang.Object, java.lang.Object, java.lang.Object)'> (0x00000000ec9cbba0) 
thrown [s\open\src\hotspot\share\interpreter\linkResolver.cpp, line 759]
Event: 83.461 Thread 0x0000024631fb8010 Exception <a 'java/lang/NoSuchMethodError'{0x00000000ec9e37e0}: 'void java.lang.invoke.DirectMethodHandle$Holder.invokeSpecial(java.lang.Object, java.lang.Object, java.lang.Object, java.lang.Object, java.lang.Object)'> (0x00000000ec9e37e0) 
thrown [s\open\src\hotspot\share\interpreter\linkResolver.cpp, line 759]
Event: 83.473 Thread 0x0000024631fb8010 Exception <a 'java/lang/NoSuchMethodError'{0x00000000ec9f7710}: 'void java.lang.invoke.DirectMethodHandle$Holder.invokeStaticInit(java.lang.Object, java.lang.Object)'> (0x00000000ec9f7710) 
thrown [s\open\src\hotspot\share\interpreter\linkResolver.cpp, line 759]
Event: 84.323 Thread 0x0000024631fb8010 Exception <a 'java/lang/NoSuchMethodError'{0x00000000ec6b7848}: 'void java.lang.invoke.DelegatingMethodHandle$Holder.reinvoke_L(java.lang.Object, java.lang.Object, java.lang.Object, java.lang.Object, java.lang.Object, java.lang.Object, java.lang.Object, java.lang.Object, java.lang.Object, java.lang.Object)'> (0x00000000ec6b7848) 
thrown [s\open\src\hotspot\share\interpreter\linkResolver.cpp, line 759]
Event: 84.330 Thread 0x0000024631fb8010 Exception <a 'java/lang/NoSuchMethodError'{0x00000000ec6bfcb8}: 'java.lang.Object java.lang.invoke.DirectMethodHandle$Holder.invokeSpecial(java.lang.Object, java.lang.Object, java.lang.Object, java.lang.Object, java.lang.Object, java.lang.Object, java.lang.Object, java.lang.Object, java.lang.Object, java.lang.Object)'> (0x00000000ec6bfcb8) 
thrown [s\open\src\hotspot\share\interpreter\linkResolver.cpp, line 759]
Event: 84.331 Thread 0x0000024631fb8010 Exception <a 'java/lang/NoSuchMethodError'{0x00000000ec6c4588}: 'java.lang.Object java.lang.invoke.Invokers$Holder.invoker(java.lang.Object, java.lang.Object, java.lang.Object, java.lang.Object, java.lang.Object, java.lang.Object, java.lang.Object, java.lang.Object, java.lang.Object, java.lang.Object)'> (0x00000000ec6c4588) 
thrown [s\open\src\hotspot\share\interpreter\linkResolver.cpp, line 759]
Event: 84.335 Thread 0x0000024631fb8010 Exception <a 'java/lang/NoSuchMethodError'{0x00000000ec6ca110}: 'java.lang.Object java.lang.invoke.DirectMethodHandle$Holder.invokeSpecial(java.lang.Object, java.lang.Object, java.lang.Object, java.lang.Object, java.lang.Object, java.lang.Object, java.lang.Object, java.lang.Object, java.lang.Object, java.lang.Object, java.lang.Object)'> (0x00000000ec6ca110) 
thrown [s\open\src\hotspot\share\interpreter\linkResolver.cpp, line 759]
Event: 86.047 Thread 0x0000024631fb8010 Exception <a 'java/lang/NoSuchMethodError'{0x00000000ebf16178}: 'void java.lang.invoke.DirectMethodHandle$Holder.invokeStaticInit(java.lang.Object)'> (0x00000000ebf16178) 
thrown [s\open\src\hotspot\share\interpreter\linkResolver.cpp, line 759]
Event: 86.195 Thread 0x0000024631fb8010 Exception <a 'java/lang/NoSuchMethodError'{0x00000000ebfc6688}: 'java.lang.Object java.lang.invoke.DirectMethodHandle$Holder.newInvokeSpecial(java.lang.Object, java.lang.Object, java.lang.Object, int)'> (0x00000000ebfc6688) 
thrown [s\open\src\hotspot\share\interpreter\linkResolver.cpp, line 759]
Event: 86.205 Thread 0x0000024631fb8010 Exception <a 'java/lang/NoSuchMethodError'{0x00000000ebfcafb8}: 'java.lang.Object java.lang.invoke.DirectMethodHandle$Holder.invokeSpecial(java.lang.Object, java.lang.Object, java.lang.Object, java.lang.Object, int)'> (0x00000000ebfcafb8) 
thrown [s\open\src\hotspot\share\interpreter\linkResolver.cpp, line 759]
Event: 86.206 Thread 0x0000024631fb8010 Exception <a 'java/lang/NoSuchMethodError'{0x00000000ebfcf0d0}: 'java.lang.Object java.lang.invoke.Invokers$Holder.linkToTargetMethod(java.lang.Object, java.lang.Object, int, java.lang.Object)'> (0x00000000ebfcf0d0) 
thrown [s\open\src\hotspot\share\interpreter\linkResolver.cpp, line 759]
Event: 89.581 Thread 0x0000024631fb8010 Exception <a 'java/lang/NoSuchMethodError'{0x00000000eb80f8d8}: 'int java.lang.invoke.DirectMethodHandle$Holder.invokeVirtual(java.lang.Object, java.lang.Object, java.lang.Object)'> (0x00000000eb80f8d8) 
thrown [s\open\src\hotspot\share\interpreter\linkResolver.cpp, line 759]

VM Operations (20 events):
Event: 81.517 Executing VM operation: Cleanup
Event: 81.517 Executing VM operation: Cleanup done
Event: 82.529 Executing VM operation: Cleanup
Event: 82.666 Executing VM operation: Cleanup done
Event: 83.682 Executing VM operation: Cleanup
Event: 83.870 Executing VM operation: Cleanup done
Event: 83.981 Executing VM operation: HandshakeAllThreads
Event: 83.981 Executing VM operation: HandshakeAllThreads done
Event: 84.985 Executing VM operation: Cleanup
Event: 85.011 Executing VM operation: Cleanup done
Event: 86.014 Executing VM operation: Cleanup
Event: 86.014 Executing VM operation: Cleanup done
Event: 87.021 Executing VM operation: Cleanup
Event: 87.022 Executing VM operation: Cleanup done
Event: 89.043 Executing VM operation: Cleanup
Event: 89.043 Executing VM operation: Cleanup done
Event: 89.082 Executing VM operation: HandshakeAllThreads
Event: 89.082 Executing VM operation: HandshakeAllThreads done
Event: 89.082 Executing VM operation: HandshakeAllThreads
Event: 89.082 Executing VM operation: HandshakeAllThreads done

Events (20 events):
Event: 88.818 loading class sun/security/provider/SHA5$SHA512
Event: 88.818 loading class sun/security/provider/SHA5
Event: 88.818 loading class sun/security/provider/SHA5 done
Event: 88.818 loading class sun/security/provider/SHA5$SHA512 done
Event: 88.831 loading class sun/security/provider/ByteArrayAccess$LE
Event: 88.831 loading class sun/security/provider/ByteArrayAccess$LE done
Event: 89.001 loading class java/io/File$TempDirectory
Event: 89.001 loading class java/io/File$TempDirectory done
Event: 89.070 loading class java/io/PrintWriter
Event: 89.070 loading class java/io/PrintWriter done
Event: 89.081 loading class sun/nio/cs/UTF_8$Encoder
Event: 89.081 loading class sun/nio/cs/UTF_8$Encoder done
Event: 89.570 loading class java/util/zip/CheckedInputStream
Event: 89.570 loading class java/util/zip/CheckedInputStream done
Event: 89.573 loading class java/nio/file/FileVisitor
Event: 89.573 loading class java/nio/file/FileVisitor done
Event: 89.575 loading class java/io/FilenameFilter
Event: 89.575 loading class java/io/FilenameFilter done
Event: 89.787 loading class java/util/concurrent/Semaphore
Event: 89.787 loading class java/util/concurrent/Semaphore done


Dynamic libraries:
0x00007ff798a40000 - 0x00007ff798a50000 	C:\Program Files\Java\jdk-17\bin\java.exe
0x00007ff827db0000 - 0x00007ff827fc6000 	C:\WINDOWS\SYSTEM32\ntdll.dll
0x00007ff8266e0000 - 0x00007ff8267a4000 	C:\WINDOWS\System32\KERNEL32.DLL
0x00007ff8255f0000 - 0x00007ff825997000 	C:\WINDOWS\System32\KERNELBASE.dll
0x00007ff825210000 - 0x00007ff825321000 	C:\WINDOWS\System32\ucrtbase.dll
0x00007ff800410000 - 0x00007ff800429000 	C:\Program Files\Java\jdk-17\bin\jli.dll
0x00007ff826620000 - 0x00007ff8266d2000 	C:\WINDOWS\System32\ADVAPI32.dll
0x00007ff826460000 - 0x00007ff826507000 	C:\WINDOWS\System32\msvcrt.dll
0x00007ff8263b0000 - 0x00007ff826458000 	C:\WINDOWS\System32\sechost.dll
0x00007ff8254a0000 - 0x00007ff8254c8000 	C:\WINDOWS\System32\bcrypt.dll
0x00007ff826d10000 - 0x00007ff826e25000 	C:\WINDOWS\System32\RPCRT4.dll
0x00007ff825c50000 - 0x00007ff825dfe000 	C:\WINDOWS\System32\USER32.dll
0x00007ff825ab0000 - 0x00007ff825ad6000 	C:\WINDOWS\System32\win32u.dll
0x00007ff827460000 - 0x00007ff827489000 	C:\WINDOWS\System32\GDI32.dll
0x00007ff8254d0000 - 0x00007ff8255e9000 	C:\WINDOWS\System32\gdi32full.dll
0x00007ff8259a0000 - 0x00007ff825a3a000 	C:\WINDOWS\System32\msvcp_win.dll
0x00007ff807ed0000 - 0x00007ff808163000 	C:\WINDOWS\WinSxS\amd64_microsoft.windows.common-controls_6595b64144ccf1df_6.0.22621.3235_none_270f74e173860f98\COMCTL32.dll
0x00007ff81b3f0000 - 0x00007ff81b3fa000 	C:\WINDOWS\SYSTEM32\VERSION.dll
0x00007ffffde40000 - 0x00007ffffde5b000 	C:\Program Files\Java\jdk-17\bin\VCRUNTIME140.dll
0x00007ff827100000 - 0x00007ff827131000 	C:\WINDOWS\System32\IMM32.DLL
0x00007ff803bd0000 - 0x00007ff803bdc000 	C:\Program Files\Java\jdk-17\bin\vcruntime140_1.dll
0x00007fffa02d0000 - 0x00007fffa035e000 	C:\Program Files\Java\jdk-17\bin\msvcp140.dll
0x00007fff8f0d0000 - 0x00007fff8fcae000 	C:\Program Files\Java\jdk-17\bin\server\jvm.dll
0x00007ff827450000 - 0x00007ff827458000 	C:\WINDOWS\System32\PSAPI.DLL
0x00007ff80d820000 - 0x00007ff80d829000 	C:\WINDOWS\SYSTEM32\WSOCK32.dll
0x00007ff827080000 - 0x00007ff8270f1000 	C:\WINDOWS\System32\WS2_32.dll
0x00007ff81d690000 - 0x00007ff81d6c4000 	C:\WINDOWS\SYSTEM32\WINMM.dll
0x00007ff8240d0000 - 0x00007ff8240e8000 	C:\WINDOWS\SYSTEM32\kernel.appcore.dll
0x00007ff802e90000 - 0x00007ff802e9a000 	C:\Program Files\Java\jdk-17\bin\jimage.dll
0x00007ff822700000 - 0x00007ff822933000 	C:\WINDOWS\SYSTEM32\DBGHELP.DLL
0x00007ff826980000 - 0x00007ff826d08000 	C:\WINDOWS\System32\combase.dll
0x00007ff826280000 - 0x00007ff826357000 	C:\WINDOWS\System32\OLEAUT32.dll
0x00007ff8176c0000 - 0x00007ff8176f2000 	C:\WINDOWS\SYSTEM32\dbgcore.DLL
0x00007ff825190000 - 0x00007ff825209000 	C:\WINDOWS\System32\bcryptPrimitives.dll
0x00007ff80e6b0000 - 0x00007ff80e6be000 	C:\Program Files\Java\jdk-17\bin\instrument.dll
0x00007ffff72d0000 - 0x00007ffff72f5000 	C:\Program Files\Java\jdk-17\bin\java.dll
0x00007fff9dd60000 - 0x00007fff9de37000 	C:\Program Files\Java\jdk-17\bin\jsvml.dll
0x00007ff827510000 - 0x00007ff827d6c000 	C:\WINDOWS\System32\SHELL32.dll
0x00007ff822fe0000 - 0x00007ff8238d9000 	C:\WINDOWS\SYSTEM32\windows.storage.dll
0x00007ff822ea0000 - 0x00007ff822fde000 	C:\WINDOWS\SYSTEM32\wintypes.dll
0x00007ff826880000 - 0x00007ff826973000 	C:\WINDOWS\System32\SHCORE.dll
0x00007ff8265b0000 - 0x00007ff82660e000 	C:\WINDOWS\System32\shlwapi.dll
0x00007ff825000000 - 0x00007ff825021000 	C:\WINDOWS\SYSTEM32\profapi.dll
0x00007ffff0120000 - 0x00007ffff0138000 	C:\Program Files\Java\jdk-17\bin\zip.dll
0x00007ffffde20000 - 0x00007ffffde39000 	C:\Program Files\Java\jdk-17\bin\net.dll
0x00007ff81dea0000 - 0x00007ff81dfd6000 	C:\WINDOWS\SYSTEM32\WINHTTP.dll
0x00007ff824530000 - 0x00007ff824599000 	C:\WINDOWS\system32\mswsock.dll
0x00007ffffdc80000 - 0x00007ffffdc96000 	C:\Program Files\Java\jdk-17\bin\nio.dll
0x00007ffff3080000 - 0x00007ffff3090000 	C:\Program Files\Java\jdk-17\bin\verify.dll
0x00007fffe8090000 - 0x00007fffe80b7000 	C:\Users\LENOVO\.gradle\native\c067742578af261105cb4f569cf0c3c89f3d7b1fecec35dd04571415982c5e48\windows-amd64\native-platform.dll
0x00007fff9de60000 - 0x00007fff9dfa4000 	C:\Users\LENOVO\.gradle\native\38dada09dfb8b06ba9b0570ebf7e218e3eb74d4ef43ca46872605cf95ebc2f47\windows-amd64\native-platform-file-events.dll
0x00007ff80e6a0000 - 0x00007ff80e6aa000 	C:\Program Files\Java\jdk-17\bin\management.dll
0x00007ff80e690000 - 0x00007ff80e69b000 	C:\Program Files\Java\jdk-17\bin\management_ext.dll
0x00007ff8247d0000 - 0x00007ff8247eb000 	C:\WINDOWS\SYSTEM32\CRYPTSP.dll
0x00007ff824030000 - 0x00007ff824065000 	C:\WINDOWS\system32\rsaenh.dll
0x00007ff8245d0000 - 0x00007ff8245f8000 	C:\WINDOWS\SYSTEM32\USERENV.dll
0x00007ff824740000 - 0x00007ff82474c000 	C:\WINDOWS\SYSTEM32\CRYPTBASE.dll
0x00007ff823b40000 - 0x00007ff823b6d000 	C:\WINDOWS\SYSTEM32\IPHLPAPI.DLL
0x00007ff826610000 - 0x00007ff826619000 	C:\WINDOWS\System32\NSI.dll
0x00007ff81e160000 - 0x00007ff81e179000 	C:\WINDOWS\SYSTEM32\dhcpcsvc6.DLL
0x00007ff81e140000 - 0x00007ff81e15f000 	C:\WINDOWS\SYSTEM32\dhcpcsvc.DLL
0x00007ff823bb0000 - 0x00007ff823ca9000 	C:\WINDOWS\SYSTEM32\DNSAPI.dll
0x00007ff80e680000 - 0x00007ff80e68e000 	C:\Program Files\Java\jdk-17\bin\sunmscapi.dll
0x00007ff825330000 - 0x00007ff825497000 	C:\WINDOWS\System32\CRYPT32.dll
0x00007ff8249a0000 - 0x00007ff8249ce000 	C:\WINDOWS\SYSTEM32\ncrypt.dll
0x00007ff824960000 - 0x00007ff824997000 	C:\WINDOWS\SYSTEM32\NTASN1.dll
0x00007ff817ad0000 - 0x00007ff817ad8000 	C:\WINDOWS\system32\wshunix.dll

dbghelp: loaded successfully - version: 4.0.5 - missing functions: none
symbol engine: initialized successfully - sym options: 0x614 - pdb path: .;C:\Program Files\Java\jdk-17\bin;C:\WINDOWS\SYSTEM32;C:\WINDOWS\WinSxS\amd64_microsoft.windows.common-controls_6595b64144ccf1df_6.0.22621.3235_none_270f74e173860f98;C:\Program Files\Java\jdk-17\bin\server;C:\Users\LENOVO\.gradle\native\c067742578af261105cb4f569cf0c3c89f3d7b1fecec35dd04571415982c5e48\windows-amd64;C:\Users\LENOVO\.gradle\native\38dada09dfb8b06ba9b0570ebf7e218e3eb74d4ef43ca46872605cf95ebc2f47\windows-amd64

VM Arguments:
jvm_args: --add-opens=java.base/java.util=ALL-UNNAMED --add-opens=java.base/java.lang=ALL-UNNAMED --add-opens=java.base/java.lang.invoke=ALL-UNNAMED --add-opens=java.prefs/java.util.prefs=ALL-UNNAMED --add-opens=java.base/java.nio.charset=ALL-UNNAMED --add-opens=java.base/java.net=ALL-UNNAMED --add-opens=java.base/java.util.concurrent.atomic=ALL-UNNAMED -XX:MaxMetaspaceSize=384m -XX:+HeapDumpOnOutOfMemoryError -Xms256m -Xmx512m -Dfile.encoding=windows-1252 -Duser.country=US -Duser.language=en -Duser.variant -javaagent:C:\Users\LENOVO\.gradle\wrapper\dists\gradle-8.7-bin\bhs2wmbdwecv87pi65oeuq5iu\gradle-8.7\lib\agents\gradle-instrumentation-agent-8.7.jar 
java_command: org.gradle.launcher.daemon.bootstrap.GradleDaemon 8.7
java_class_path (initial): C:\Users\LENOVO\.gradle\wrapper\dists\gradle-8.7-bin\bhs2wmbdwecv87pi65oeuq5iu\gradle-8.7\lib\gradle-launcher-8.7.jar
Launcher Type: SUN_STANDARD

[Global flags]
     intx CICompilerCount                          = 4                                         {product} {ergonomic}
   size_t CompressedClassSpaceSize                 = 335544320                                 {product} {ergonomic}
     uint ConcGCThreads                            = 2                                         {product} {ergonomic}
     uint G1ConcRefinementThreads                  = 8                                         {product} {ergonomic}
   size_t G1HeapRegionSize                         = 1048576                                   {product} {ergonomic}
    uintx GCDrainStackTargetSize                   = 64                                        {product} {ergonomic}
     bool HeapDumpOnOutOfMemoryError               = true                                   {manageable} {command line}
   size_t InitialHeapSize                          = 268435456                                 {product} {command line}
   size_t MarkStackSize                            = 4194304                                   {product} {ergonomic}
   size_t MaxHeapSize                              = 536870912                                 {product} {command line}
   size_t MaxMetaspaceSize                         = 402653184                                 {product} {command line}
   size_t MaxNewSize                               = 321912832                                 {product} {ergonomic}
   size_t MinHeapDeltaBytes                        = 1048576                                   {product} {ergonomic}
   size_t MinHeapSize                              = 268435456                                 {product} {command line}
    uintx NonNMethodCodeHeapSize                   = 5839372                                {pd product} {ergonomic}
    uintx NonProfiledCodeHeapSize                  = 122909434                              {pd product} {ergonomic}
    uintx ProfiledCodeHeapSize                     = 122909434                              {pd product} {ergonomic}
    uintx ReservedCodeCacheSize                    = 251658240                              {pd product} {ergonomic}
     bool SegmentedCodeCache                       = true                                      {product} {ergonomic}
   size_t SoftMaxHeapSize                          = 536870912                              {manageable} {ergonomic}
     bool UseCompressedClassPointers               = true                           {product lp64_product} {ergonomic}
     bool UseCompressedOops                        = true                           {product lp64_product} {ergonomic}
     bool UseG1GC                                  = true                                      {product} {ergonomic}
     bool UseLargePagesIndividualAllocation        = false                                  {pd product} {ergonomic}

Logging:
Log output configuration:
 #0: stdout all=warning uptime,level,tags
 #1: stderr all=off uptime,level,tags

Environment Variables:
JAVA_HOME=C:\Program Files\Java\jdk-17
PATH=c:\Users\LENOVO\AppData\Local\Programs\cursor\resources\app\bin;C:\Program Files\Common Files\Oracle\Java\javapath;C:\WINDOWS\system32;C:\WINDOWS;C:\WINDOWS\System32\Wbem;C:\WINDOWS\System32\WindowsPowerShell\v1.0\;C:\WINDOWS\System32\OpenSSH\;C:\Program Files\Azure Data Studio\bin;C:\Program Files\MongoDB\Server\5.0\tools;C:\Program Files\MongoDB\Server\5.0\bin;C:\Program Files (x86)\Microsoft SQL Server\160\Tools\Binn\;C:\Program Files\Microsoft SQL Server\160\Tools\Binn\;C:\Program Files\Microsoft SQL Server\Client SDK\ODBC\170\Tools\Binn\;C:\Program Files\Microsoft SQL Server\160\DTS\Binn\;C:\Program Files (x86)\Microsoft SQL Server\160\DTS\Binn\;C:\Program Files\Git\cmd;C:\Program Files\Java\jdk-17\bin;C:\Program Files\nodejs\;C:\Program Files\Docker\Docker\resources\bin;C:\Users\LENOVO\AppData\Local\Programs\Python\Python311\Scripts\;C:\Users\LENOVO\AppData\Local\Programs\Python\Python311\;C:\Users\LENOVO\AppData\Local\Microsoft\WindowsApps;C:\Program Files\Azure Data Studio\bin;C:\Users\LENOVO\AppData\;c:\Users\LENOVO\AppData\Local\Programs\cursor\resources\app\bin;D:\TRANDINHCHUONG_20002835\kafka\bin\windows;C:\Users\LENOVO\AppData\Local\Programs\Python\Python311\Scripts\;C:\Users\LENOVO\AppData\Local\Programs\Python\Python311\;C:\Users\LENOVO\AppData\Local\Microsoft\WindowsApps;C:\Users\LENOVO\AppData\Local\Programs\Microsoft VS Code\bin;C:\Program Files\Azure Data Studio\bin;C:\Users\LENOVO\AppData\Local\Programs\mongosh\;C:\Program Files\Java\jdk-17\bin;D:\IntelliJ IDEA 2024.1\bin;;C:\Users\LENOVO\AppData\Roaming\npm;C:\Users\LENOVO\AppData\Local\Google\Cloud SDK\google-cloud-sdk\bin;C:\Program Files\JetBrains\WebStorm 2024.1\bin;
USERNAME=LENOVO
OS=Windows_NT
PROCESSOR_IDENTIFIER=Intel64 Family 6 Model 126 Stepping 5, GenuineIntel



---------------  S Y S T E M  ---------------

OS:
 Windows 11 , 64 bit Build 22621 (10.0.22621.3374)
OS uptime: 0 days 3:50 hours
Hyper-V role detected

CPU: total 8 (initial active 8) (4 cores per cpu, 2 threads per core) family 6 model 126 stepping 5 microcode 0xa0, cx8, cmov, fxsr, ht, mmx, 3dnowpref, sse, sse2, sse3, ssse3, sse4.1, sse4.2, popcnt, lzcnt, tsc, tscinvbit, avx, avx2, aes, erms, clmul, bmi1, bmi2, adx, avx512f, avx512dq, avx512cd, avx512bw, avx512vl, sha, fma, vzeroupper, avx512_vpopcntdq, avx512_vpclmulqdq, avx512_vaes, avx512_vnni, clflush, clflushopt, avx512_vbmi2, avx512_vbmi, hv

Memory: 4k page, system-wide physical 20222M (703M free)
TotalPageFile size 58622M (AvailPageFile size 351M)
current process WorkingSet (physical memory assigned to process): 165M, peak: 166M
current process commit charge ("private bytes"): 405M, peak: 408M

vm_info: Java HotSpot(TM) 64-Bit Server VM (17.0.8+9-LTS-211) for windows-amd64 JRE (17.0.8+9-LTS-211), built on Jun 14 2023 10:34:31 by "mach5one" with MS VC++ 17.1 (VS2022)

END.
