#
# There is insufficient memory for the Java Runtime Environment to continue.
# Native memory allocation (malloc) failed to allocate 32784 bytes for Chunk::new
# Possible reasons:
#   The system is out of physical RAM or swap space
#   The process is running with CompressedOops enabled, and the Java Heap may be blocking the growth of the native heap
# Possible solutions:
#   Reduce memory load on the system
#   Increase physical memory or swap space
#   Check if swap backing store is full
#   Decrease Java heap size (-Xmx/-Xms)
#   Decrease number of Java threads
#   Decrease Java thread stack sizes (-Xss)
#   Set larger code cache with -XX:ReservedCodeCacheSize=
#   JVM is running with Unscaled Compressed Oops mode in which the Java heap is
#     placed in the first 4GB address space. The Java Heap base address is the
#     maximum limit for the native heap growth. Please use -XX:HeapBaseMinAddress
#     to set the Java Heap base and to place the Java Heap above 4GB virtual address.
# This output file may be truncated or incomplete.
#
#  Out of Memory Error (arena.cpp:189), pid=2276, tid=26484
#
# JRE version: Java(TM) SE Runtime Environment (17.0.8+9) (build 17.0.8+9-LTS-211)
# Java VM: Java HotSpot(TM) 64-Bit Server VM (17.0.8+9-LTS-211, mixed mode, sharing, tiered, compressed oops, compressed class ptrs, g1 gc, windows-amd64)
# No core dump will be written. Minidumps are not enabled by default on client versions of Windows
#

---------------  S U M M A R Y ------------

Command Line: --add-opens=java.base/java.util=ALL-UNNAMED --add-opens=java.base/java.lang=ALL-UNNAMED --add-opens=java.base/java.lang.invoke=ALL-UNNAMED --add-opens=java.prefs/java.util.prefs=ALL-UNNAMED --add-opens=java.base/java.nio.charset=ALL-UNNAMED --add-opens=java.base/java.net=ALL-UNNAMED --add-opens=java.base/java.util.concurrent.atomic=ALL-UNNAMED -XX:MaxMetaspaceSize=384m -XX:+HeapDumpOnOutOfMemoryError -Xms256m -Xmx512m -Dfile.encoding=windows-1252 -Duser.country=US -Duser.language=en -Duser.variant -javaagent:C:\Users\LENOVO\.gradle\wrapper\dists\gradle-8.7-bin\bhs2wmbdwecv87pi65oeuq5iu\gradle-8.7\lib\agents\gradle-instrumentation-agent-8.7.jar org.gradle.launcher.daemon.bootstrap.GradleDaemon 8.7

Host: Intel(R) Core(TM) i7-1065G7 CPU @ 1.30GHz, 8 cores, 19G,  Windows 11 , 64 bit Build 22621 (10.0.22621.3374)
Time: Sun May 19 17:19:06 2024 SE Asia Standard Time elapsed time: 491.358933 seconds (0d 0h 8m 11s)

---------------  T H R E A D  ---------------

Current thread (0x000001afd2a0e290):  JavaThread "C2 CompilerThread0" daemon [_thread_in_native, id=26484, stack(0x0000001b8f500000,0x0000001b8f600000)]


Current CompileTask:
C2: 491359 4985       4       java.net.InetAddress::getByAddress (114 bytes)

Stack: [0x0000001b8f500000,0x0000001b8f600000]
Native frames: (J=compiled Java code, j=interpreted, Vv=VM code, C=native code)
V  [jvm.dll+0x677d0a]
V  [jvm.dll+0x7d8c54]
V  [jvm.dll+0x7da3fe]
V  [jvm.dll+0x7daa63]
V  [jvm.dll+0x245c5f]
V  [jvm.dll+0xaaa6b]
V  [jvm.dll+0xab00c]
V  [jvm.dll+0xaab84]
V  [jvm.dll+0x6565ec]
V  [jvm.dll+0x58008d]
V  [jvm.dll+0x220b22]
V  [jvm.dll+0x2199e5]
V  [jvm.dll+0x217329]
V  [jvm.dll+0x1a3af0]
V  [jvm.dll+0x2270be]
V  [jvm.dll+0x22535b]
V  [jvm.dll+0x78e7bc]
V  [jvm.dll+0x788bba]
V  [jvm.dll+0x676b35]
C  [ucrtbase.dll+0x29333]
C  [KERNEL32.DLL+0x1257d]
C  [ntdll.dll+0x5aa48]


---------------  P R O C E S S  ---------------

Threads class SMR info:
_java_thread_list=0x000001afed9bd130, length=39, elements={
0x000001afb61d7ee0, 0x000001afd29edc60, 0x000001afd29ee810, 0x000001afd2a070d0,
0x000001afd2a07c80, 0x000001afd2a0ab40, 0x000001afd2a0d500, 0x000001afd2a0e290,
0x000001afd2a0ed30, 0x000001afd2a382e0, 0x000001afd2c6fad0, 0x000001afd2d66440,
0x000001afed0e1ba0, 0x000001afee636010, 0x000001afed099880, 0x000001afed961850,
0x000001afee1c8820, 0x000001afecf9ac00, 0x000001afeca96110, 0x000001afec333a80,
0x000001afec8f48f0, 0x000001afec8f2c10, 0x000001afec8f3a80, 0x000001afec8f30e0,
0x000001afec8f4420, 0x000001afec8f35b0, 0x000001afec8f0f30, 0x000001afec8f18d0,
0x000001afec8f1400, 0x000001afec8f1da0, 0x000001afec8f2270, 0x000001afee469200,
0x000001afee467520, 0x000001afee4666b0, 0x000001afee4679f0, 0x000001afee465d10,
0x000001afee46a540, 0x000001afee463690, 0x000001afee467050
}

Java Threads: ( => current thread )
  0x000001afb61d7ee0 JavaThread "main" [_thread_blocked, id=14268, stack(0x0000001b8e800000,0x0000001b8e900000)]
  0x000001afd29edc60 JavaThread "Reference Handler" daemon [_thread_blocked, id=11896, stack(0x0000001b8ef00000,0x0000001b8f000000)]
  0x000001afd29ee810 JavaThread "Finalizer" daemon [_thread_blocked, id=24468, stack(0x0000001b8f000000,0x0000001b8f100000)]
  0x000001afd2a070d0 JavaThread "Signal Dispatcher" daemon [_thread_blocked, id=14992, stack(0x0000001b8f100000,0x0000001b8f200000)]
  0x000001afd2a07c80 JavaThread "Attach Listener" daemon [_thread_blocked, id=10512, stack(0x0000001b8f200000,0x0000001b8f300000)]
  0x000001afd2a0ab40 JavaThread "Service Thread" daemon [_thread_blocked, id=8412, stack(0x0000001b8f300000,0x0000001b8f400000)]
  0x000001afd2a0d500 JavaThread "Monitor Deflation Thread" daemon [_thread_blocked, id=9828, stack(0x0000001b8f400000,0x0000001b8f500000)]
=>0x000001afd2a0e290 JavaThread "C2 CompilerThread0" daemon [_thread_in_native, id=26484, stack(0x0000001b8f500000,0x0000001b8f600000)]
  0x000001afd2a0ed30 JavaThread "C1 CompilerThread0" daemon [_thread_blocked, id=15452, stack(0x0000001b8f600000,0x0000001b8f700000)]
  0x000001afd2a382e0 JavaThread "Sweeper thread" daemon [_thread_blocked, id=19508, stack(0x0000001b8f700000,0x0000001b8f800000)]
  0x000001afd2c6fad0 JavaThread "Common-Cleaner" daemon [_thread_blocked, id=8000, stack(0x0000001b8f800000,0x0000001b8f900000)]
  0x000001afd2d66440 JavaThread "Notification Thread" daemon [_thread_blocked, id=22152, stack(0x0000001b8f900000,0x0000001b8fa00000)]
  0x000001afed0e1ba0 JavaThread "Daemon health stats" [_thread_blocked, id=7124, stack(0x0000001b90100000,0x0000001b90200000)]
  0x000001afee636010 JavaThread "Incoming local TCP Connector on port 54455" [_thread_in_native, id=4552, stack(0x0000001b8e700000,0x0000001b8e800000)]
  0x000001afed099880 JavaThread "Daemon periodic checks" [_thread_in_Java, id=25240, stack(0x0000001b8fb00000,0x0000001b8fc00000)]
  0x000001afed961850 JavaThread "Daemon" [_thread_blocked, id=26652, stack(0x0000001b90200000,0x0000001b90300000)]
  0x000001afee1c8820 JavaThread "Handler for socket connection from /127.0.0.1:54455 to /127.0.0.1:54476" [_thread_in_native, id=26664, stack(0x0000001b90300000,0x0000001b90400000)]
  0x000001afecf9ac00 JavaThread "Cancel handler" [_thread_blocked, id=26684, stack(0x0000001b90400000,0x0000001b90500000)]
  0x000001afeca96110 JavaThread "Daemon worker" [_thread_blocked, id=26708, stack(0x0000001b90500000,0x0000001b90600000)]
  0x000001afec333a80 JavaThread "Asynchronous log dispatcher for DefaultDaemonConnection: socket connection from /127.0.0.1:54455 to /127.0.0.1:54476" [_thread_blocked, id=26728, stack(0x0000001b90600000,0x0000001b90700000)]
  0x000001afec8f48f0 JavaThread "Stdin handler" [_thread_blocked, id=26736, stack(0x0000001b90700000,0x0000001b90800000)]
  0x000001afec8f2c10 JavaThread "Daemon client event forwarder" [_thread_blocked, id=26740, stack(0x0000001b90800000,0x0000001b90900000)]
  0x000001afec8f3a80 JavaThread "Cache worker for journal cache (C:\Users\LENOVO\.gradle\caches\journal-1)" [_thread_blocked, id=26888, stack(0x0000001b90900000,0x0000001b90a00000)]
  0x000001afec8f30e0 JavaThread "File lock request listener" [_thread_in_native, id=26896, stack(0x0000001b90a00000,0x0000001b90b00000)]
  0x000001afec8f4420 JavaThread "Cache worker for file hash cache (C:\Users\LENOVO\.gradle\caches\8.7\fileHashes)" [_thread_blocked, id=27332, stack(0x0000001b90c00000,0x0000001b90d00000)]
  0x000001afec8f35b0 JavaThread "Cache worker for file hash cache (D:\DoAnKienTruc\sa-microservices-arch\discovery-server\.gradle\8.7\fileHashes)" [_thread_blocked, id=27440, stack(0x0000001b90f00000,0x0000001b91000000)]
  0x000001afec8f0f30 JavaThread "File watcher server" daemon [_thread_in_native, id=27764, stack(0x0000001b91000000,0x0000001b91100000)]
  0x000001afec8f18d0 JavaThread "File watcher consumer" daemon [_thread_blocked, id=27820, stack(0x0000001b91100000,0x0000001b91200000)]
  0x000001afec8f1400 JavaThread "Cache worker for checksums cache (D:\DoAnKienTruc\sa-microservices-arch\discovery-server\.gradle\8.7\checksums)" [_thread_blocked, id=27872, stack(0x0000001b91300000,0x0000001b91400000)]
  0x000001afec8f1da0 JavaThread "Cache worker for cache directory md-supplier (C:\Users\LENOVO\.gradle\caches\8.7\md-supplier)" [_thread_blocked, id=27880, stack(0x0000001b91400000,0x0000001b91500000)]
  0x000001afec8f2270 JavaThread "Cache worker for cache directory md-rule (C:\Users\LENOVO\.gradle\caches\8.7\md-rule)" [_thread_blocked, id=27888, stack(0x0000001b91500000,0x0000001b91600000)]
  0x000001afee469200 JavaThread "Cache worker for file content cache (C:\Users\LENOVO\.gradle\caches\8.7\fileContent)" [_thread_blocked, id=27948, stack(0x0000001b91600000,0x0000001b91700000)]
  0x000001afee467520 JavaThread "jar transforms" [_thread_blocked, id=29280, stack(0x0000001b91900000,0x0000001b91a00000)]
  0x000001afee4666b0 JavaThread "jar transforms Thread 2" [_thread_blocked, id=28908, stack(0x0000001b91a00000,0x0000001b91b00000)]
  0x000001afee4679f0 JavaThread "jar transforms Thread 3" [_thread_blocked, id=4572, stack(0x0000001b90b00000,0x0000001b90c00000)]
  0x000001afee465d10 JavaThread "jar transforms Thread 4" [_thread_blocked, id=32656, stack(0x0000001b8e500000,0x0000001b8e600000)]
  0x000001afee46a540 JavaThread "jar transforms Thread 5" [_thread_blocked, id=30116, stack(0x0000001b91700000,0x0000001b91800000)]
  0x000001afee463690 JavaThread "jar transforms Thread 6" [_thread_blocked, id=38900, stack(0x0000001b91800000,0x0000001b91900000)]
  0x000001afee467050 JavaThread "Cache worker for Build Output Cleanup Cache (D:\DoAnKienTruc\sa-microservices-arch\discovery-server\.gradle\buildOutputCleanup)" [_thread_blocked, id=7776, stack(0x0000001b91b00000,0x0000001b91c00000)]

Other Threads:
  0x000001afd29eb1d0 VMThread "VM Thread" [stack: 0x0000001b8ee00000,0x0000001b8ef00000] [id=24700]
  0x000001afd2d66910 WatcherThread [stack: 0x0000001b8fa00000,0x0000001b8fb00000] [id=16600]
  0x000001afb62066e0 GCTaskThread "GC Thread#0" [stack: 0x0000001b8e900000,0x0000001b8ea00000] [id=5672]
  0x000001afeca779b0 GCTaskThread "GC Thread#1" [stack: 0x0000001b8fc00000,0x0000001b8fd00000] [id=10792]
  0x000001afeca77c60 GCTaskThread "GC Thread#2" [stack: 0x0000001b8fd00000,0x0000001b8fe00000] [id=14352]
  0x000001afecbf0170 GCTaskThread "GC Thread#3" [stack: 0x0000001b8fe00000,0x0000001b8ff00000] [id=20920]
  0x000001afecbf0420 GCTaskThread "GC Thread#4" [stack: 0x0000001b8ff00000,0x0000001b90000000] [id=18472]
  0x000001afecbf06d0 GCTaskThread "GC Thread#5" [stack: 0x0000001b90000000,0x0000001b90100000] [id=14852]
  0x000001afeedeea40 GCTaskThread "GC Thread#6" [stack: 0x0000001b90d00000,0x0000001b90e00000] [id=3688]
  0x000001afeededa20 GCTaskThread "GC Thread#7" [stack: 0x0000001b90e00000,0x0000001b90f00000] [id=27116]
  0x000001afb620b620 ConcurrentGCThread "G1 Main Marker" [stack: 0x0000001b8ea00000,0x0000001b8eb00000] [id=6084]
  0x000001afb620c030 ConcurrentGCThread "G1 Conc#0" [stack: 0x0000001b8eb00000,0x0000001b8ec00000] [id=22096]
  0x000001afeeded210 ConcurrentGCThread "G1 Conc#1" [stack: 0x0000001b91200000,0x0000001b91300000] [id=27840]
  0x000001afb629de40 ConcurrentGCThread "G1 Refine#0" [stack: 0x0000001b8ec00000,0x0000001b8ed00000] [id=23044]
  0x000001afb629e860 ConcurrentGCThread "G1 Service" [stack: 0x0000001b8ed00000,0x0000001b8ee00000] [id=17700]

Threads with active compile tasks:
C2 CompilerThread0   491426 4985       4       java.net.InetAddress::getByAddress (114 bytes)

VM state: not at safepoint (normal execution)

VM Mutex/Monitor currently owned by a thread: None

Heap address: 0x00000000e0000000, size: 512 MB, Compressed Oops mode: 32-bit

CDS archive(s) mapped at: [0x000001afd3000000-0x000001afd3bd0000-0x000001afd3bd0000), size 12386304, SharedBaseAddress: 0x000001afd3000000, ArchiveRelocationMode: 1.
Compressed class space mapped at: 0x000001afd4000000-0x000001afe8000000, reserved size: 335544320
Narrow klass base: 0x000001afd3000000, Narrow klass shift: 0, Narrow klass range: 0x100000000

GC Precious Log:
 CPUs: 8 total, 8 available
 Memory: 20222M
 Large Page Support: Disabled
 NUMA Support: Disabled
 Compressed Oops: Enabled (32-bit)
 Heap Region Size: 1M
 Heap Min Capacity: 256M
 Heap Initial Capacity: 256M
 Heap Max Capacity: 512M
 Pre-touch: Disabled
 Parallel Workers: 8
 Concurrent Workers: 2
 Concurrent Refinement Workers: 8
 Periodic GC: Disabled

Heap:
 garbage-first heap   total 262144K, used 65789K [0x00000000e0000000, 0x0000000100000000)
  region size 1024K, 43 young (44032K), 10 survivors (10240K)
 Metaspace       used 39330K, committed 39808K, reserved 393216K
  class space    used 5395K, committed 5632K, reserved 327680K

Heap Regions: E=young(eden), S=young(survivor), O=old, HS=humongous(starts), HC=humongous(continues), CS=collection set, F=free, OA=open archive, CA=closed archive, TAMS=top-at-mark-start (previous, next)
|   0|0x00000000e0000000, 0x00000000e0100000, 0x00000000e0100000|100%|HS|  |TAMS 0x00000000e0100000, 0x00000000e0000000| Complete 
|   1|0x00000000e0100000, 0x00000000e0200000, 0x00000000e0200000|100%|HC|  |TAMS 0x00000000e0200000, 0x00000000e0100000| Complete 
|   2|0x00000000e0200000, 0x00000000e0300000, 0x00000000e0300000|100%|HC|  |TAMS 0x00000000e0300000, 0x00000000e0200000| Complete 
|   3|0x00000000e0300000, 0x00000000e0400000, 0x00000000e0400000|100%|HC|  |TAMS 0x00000000e0400000, 0x00000000e0300000| Complete 
|   4|0x00000000e0400000, 0x00000000e0500000, 0x00000000e0500000|100%| O|  |TAMS 0x00000000e0500000, 0x00000000e0400000| Untracked 
|   5|0x00000000e0500000, 0x00000000e0600000, 0x00000000e0600000|100%| O|  |TAMS 0x00000000e0600000, 0x00000000e0500000| Untracked 
|   6|0x00000000e0600000, 0x00000000e0700000, 0x00000000e0700000|100%| O|  |TAMS 0x00000000e0700000, 0x00000000e0600000| Untracked 
|   7|0x00000000e0700000, 0x00000000e0800000, 0x00000000e0800000|100%| O|  |TAMS 0x00000000e0800000, 0x00000000e0700000| Untracked 
|   8|0x00000000e0800000, 0x00000000e0900000, 0x00000000e0900000|100%| O|  |TAMS 0x00000000e0900000, 0x00000000e0800000| Untracked 
|   9|0x00000000e0900000, 0x00000000e0a00000, 0x00000000e0a00000|100%| O|  |TAMS 0x00000000e0a00000, 0x00000000e0900000| Untracked 
|  10|0x00000000e0a00000, 0x00000000e0b00000, 0x00000000e0b00000|100%| O|  |TAMS 0x00000000e0b00000, 0x00000000e0a00000| Untracked 
|  11|0x00000000e0b00000, 0x00000000e0c00000, 0x00000000e0c00000|100%| O|  |TAMS 0x00000000e0c00000, 0x00000000e0b00000| Untracked 
|  12|0x00000000e0c00000, 0x00000000e0d00000, 0x00000000e0d00000|100%| O|  |TAMS 0x00000000e0d00000, 0x00000000e0c00000| Untracked 
|  13|0x00000000e0d00000, 0x00000000e0e00000, 0x00000000e0e00000|100%| O|  |TAMS 0x00000000e0e00000, 0x00000000e0d00000| Untracked 
|  14|0x00000000e0e00000, 0x00000000e0f00000, 0x00000000e0f00000|100%| O|  |TAMS 0x00000000e0f00000, 0x00000000e0e00000| Untracked 
|  15|0x00000000e0f00000, 0x00000000e1000000, 0x00000000e1000000|100%| O|  |TAMS 0x00000000e1000000, 0x00000000e0f00000| Untracked 
|  16|0x00000000e1000000, 0x00000000e1100000, 0x00000000e1100000|100%| O|  |TAMS 0x00000000e1100000, 0x00000000e1000000| Untracked 
|  17|0x00000000e1100000, 0x00000000e1200000, 0x00000000e1200000|100%| O|  |TAMS 0x00000000e1200000, 0x00000000e1100000| Untracked 
|  18|0x00000000e1200000, 0x00000000e1300000, 0x00000000e1300000|100%| O|  |TAMS 0x00000000e1300000, 0x00000000e1200000| Untracked 
|  19|0x00000000e1300000, 0x00000000e1400000, 0x00000000e1400000|100%| O|  |TAMS 0x00000000e1400000, 0x00000000e1300000| Untracked 
|  20|0x00000000e1400000, 0x00000000e1500000, 0x00000000e1500000|100%| O|  |TAMS 0x00000000e1500000, 0x00000000e1400000| Untracked 
|  21|0x00000000e1500000, 0x00000000e15c9400, 0x00000000e1600000| 78%| O|  |TAMS 0x00000000e15c9400, 0x00000000e1500000| Untracked 
|  22|0x00000000e1600000, 0x00000000e1700000, 0x00000000e1700000|100%|HS|  |TAMS 0x00000000e1600000, 0x00000000e1600000| Complete 
|  23|0x00000000e1700000, 0x00000000e1800000, 0x00000000e1800000|100%|HS|  |TAMS 0x00000000e1700000, 0x00000000e1700000| Complete 
|  24|0x00000000e1800000, 0x00000000e1800000, 0x00000000e1900000|  0%| F|  |TAMS 0x00000000e1800000, 0x00000000e1800000| Untracked 
|  25|0x00000000e1900000, 0x00000000e1900000, 0x00000000e1a00000|  0%| F|  |TAMS 0x00000000e1900000, 0x00000000e1900000| Untracked 
|  26|0x00000000e1a00000, 0x00000000e1a00000, 0x00000000e1b00000|  0%| F|  |TAMS 0x00000000e1a00000, 0x00000000e1a00000| Untracked 
|  27|0x00000000e1b00000, 0x00000000e1b00000, 0x00000000e1c00000|  0%| F|  |TAMS 0x00000000e1b00000, 0x00000000e1b00000| Untracked 
|  28|0x00000000e1c00000, 0x00000000e1c00000, 0x00000000e1d00000|  0%| F|  |TAMS 0x00000000e1c00000, 0x00000000e1c00000| Untracked 
|  29|0x00000000e1d00000, 0x00000000e1d00000, 0x00000000e1e00000|  0%| F|  |TAMS 0x00000000e1d00000, 0x00000000e1d00000| Untracked 
|  30|0x00000000e1e00000, 0x00000000e1e00000, 0x00000000e1f00000|  0%| F|  |TAMS 0x00000000e1e00000, 0x00000000e1e00000| Untracked 
|  31|0x00000000e1f00000, 0x00000000e1f00000, 0x00000000e2000000|  0%| F|  |TAMS 0x00000000e1f00000, 0x00000000e1f00000| Untracked 
|  32|0x00000000e2000000, 0x00000000e2000000, 0x00000000e2100000|  0%| F|  |TAMS 0x00000000e2000000, 0x00000000e2000000| Untracked 
|  33|0x00000000e2100000, 0x00000000e2100000, 0x00000000e2200000|  0%| F|  |TAMS 0x00000000e2100000, 0x00000000e2100000| Untracked 
|  34|0x00000000e2200000, 0x00000000e2200000, 0x00000000e2300000|  0%| F|  |TAMS 0x00000000e2200000, 0x00000000e2200000| Untracked 
|  35|0x00000000e2300000, 0x00000000e2300000, 0x00000000e2400000|  0%| F|  |TAMS 0x00000000e2300000, 0x00000000e2300000| Untracked 
|  36|0x00000000e2400000, 0x00000000e2400000, 0x00000000e2500000|  0%| F|  |TAMS 0x00000000e2400000, 0x00000000e2400000| Untracked 
|  37|0x00000000e2500000, 0x00000000e2500000, 0x00000000e2600000|  0%| F|  |TAMS 0x00000000e2500000, 0x00000000e2500000| Untracked 
|  38|0x00000000e2600000, 0x00000000e2600000, 0x00000000e2700000|  0%| F|  |TAMS 0x00000000e2600000, 0x00000000e2600000| Untracked 
|  39|0x00000000e2700000, 0x00000000e2700000, 0x00000000e2800000|  0%| F|  |TAMS 0x00000000e2700000, 0x00000000e2700000| Untracked 
|  40|0x00000000e2800000, 0x00000000e2800000, 0x00000000e2900000|  0%| F|  |TAMS 0x00000000e2800000, 0x00000000e2800000| Untracked 
|  41|0x00000000e2900000, 0x00000000e2900000, 0x00000000e2a00000|  0%| F|  |TAMS 0x00000000e2900000, 0x00000000e2900000| Untracked 
|  42|0x00000000e2a00000, 0x00000000e2a00000, 0x00000000e2b00000|  0%| F|  |TAMS 0x00000000e2a00000, 0x00000000e2a00000| Untracked 
|  43|0x00000000e2b00000, 0x00000000e2b00000, 0x00000000e2c00000|  0%| F|  |TAMS 0x00000000e2b00000, 0x00000000e2b00000| Untracked 
|  44|0x00000000e2c00000, 0x00000000e2c00000, 0x00000000e2d00000|  0%| F|  |TAMS 0x00000000e2c00000, 0x00000000e2c00000| Untracked 
|  45|0x00000000e2d00000, 0x00000000e2d00000, 0x00000000e2e00000|  0%| F|  |TAMS 0x00000000e2d00000, 0x00000000e2d00000| Untracked 
|  46|0x00000000e2e00000, 0x00000000e2e00000, 0x00000000e2f00000|  0%| F|  |TAMS 0x00000000e2e00000, 0x00000000e2e00000| Untracked 
|  47|0x00000000e2f00000, 0x00000000e2f00000, 0x00000000e3000000|  0%| F|  |TAMS 0x00000000e2f00000, 0x00000000e2f00000| Untracked 
|  48|0x00000000e3000000, 0x00000000e3000000, 0x00000000e3100000|  0%| F|  |TAMS 0x00000000e3000000, 0x00000000e3000000| Untracked 
|  49|0x00000000e3100000, 0x00000000e3100000, 0x00000000e3200000|  0%| F|  |TAMS 0x00000000e3100000, 0x00000000e3100000| Untracked 
|  50|0x00000000e3200000, 0x00000000e3200000, 0x00000000e3300000|  0%| F|  |TAMS 0x00000000e3200000, 0x00000000e3200000| Untracked 
|  51|0x00000000e3300000, 0x00000000e3300000, 0x00000000e3400000|  0%| F|  |TAMS 0x00000000e3300000, 0x00000000e3300000| Untracked 
|  52|0x00000000e3400000, 0x00000000e3400000, 0x00000000e3500000|  0%| F|  |TAMS 0x00000000e3400000, 0x00000000e3400000| Untracked 
|  53|0x00000000e3500000, 0x00000000e3500000, 0x00000000e3600000|  0%| F|  |TAMS 0x00000000e3500000, 0x00000000e3500000| Untracked 
|  54|0x00000000e3600000, 0x00000000e3600000, 0x00000000e3700000|  0%| F|  |TAMS 0x00000000e3600000, 0x00000000e3600000| Untracked 
|  55|0x00000000e3700000, 0x00000000e3700000, 0x00000000e3800000|  0%| F|  |TAMS 0x00000000e3700000, 0x00000000e3700000| Untracked 
|  56|0x00000000e3800000, 0x00000000e3800000, 0x00000000e3900000|  0%| F|  |TAMS 0x00000000e3800000, 0x00000000e3800000| Untracked 
|  57|0x00000000e3900000, 0x00000000e3900000, 0x00000000e3a00000|  0%| F|  |TAMS 0x00000000e3900000, 0x00000000e3900000| Untracked 
|  58|0x00000000e3a00000, 0x00000000e3a00000, 0x00000000e3b00000|  0%| F|  |TAMS 0x00000000e3a00000, 0x00000000e3a00000| Untracked 
|  59|0x00000000e3b00000, 0x00000000e3b00000, 0x00000000e3c00000|  0%| F|  |TAMS 0x00000000e3b00000, 0x00000000e3b00000| Untracked 
|  60|0x00000000e3c00000, 0x00000000e3c00000, 0x00000000e3d00000|  0%| F|  |TAMS 0x00000000e3c00000, 0x00000000e3c00000| Untracked 
|  61|0x00000000e3d00000, 0x00000000e3d00000, 0x00000000e3e00000|  0%| F|  |TAMS 0x00000000e3d00000, 0x00000000e3d00000| Untracked 
|  62|0x00000000e3e00000, 0x00000000e3e00000, 0x00000000e3f00000|  0%| F|  |TAMS 0x00000000e3e00000, 0x00000000e3e00000| Untracked 
|  63|0x00000000e3f00000, 0x00000000e3f00000, 0x00000000e4000000|  0%| F|  |TAMS 0x00000000e3f00000, 0x00000000e3f00000| Untracked 
|  64|0x00000000e4000000, 0x00000000e4000000, 0x00000000e4100000|  0%| F|  |TAMS 0x00000000e4000000, 0x00000000e4000000| Untracked 
|  65|0x00000000e4100000, 0x00000000e4100000, 0x00000000e4200000|  0%| F|  |TAMS 0x00000000e4100000, 0x00000000e4100000| Untracked 
|  66|0x00000000e4200000, 0x00000000e4200000, 0x00000000e4300000|  0%| F|  |TAMS 0x00000000e4200000, 0x00000000e4200000| Untracked 
|  67|0x00000000e4300000, 0x00000000e4300000, 0x00000000e4400000|  0%| F|  |TAMS 0x00000000e4300000, 0x00000000e4300000| Untracked 
|  68|0x00000000e4400000, 0x00000000e4400000, 0x00000000e4500000|  0%| F|  |TAMS 0x00000000e4400000, 0x00000000e4400000| Untracked 
|  69|0x00000000e4500000, 0x00000000e4500000, 0x00000000e4600000|  0%| F|  |TAMS 0x00000000e4500000, 0x00000000e4500000| Untracked 
|  70|0x00000000e4600000, 0x00000000e4600000, 0x00000000e4700000|  0%| F|  |TAMS 0x00000000e4600000, 0x00000000e4600000| Untracked 
|  71|0x00000000e4700000, 0x00000000e4700000, 0x00000000e4800000|  0%| F|  |TAMS 0x00000000e4700000, 0x00000000e4700000| Untracked 
|  72|0x00000000e4800000, 0x00000000e4800000, 0x00000000e4900000|  0%| F|  |TAMS 0x00000000e4800000, 0x00000000e4800000| Untracked 
|  73|0x00000000e4900000, 0x00000000e4900000, 0x00000000e4a00000|  0%| F|  |TAMS 0x00000000e4900000, 0x00000000e4900000| Untracked 
|  74|0x00000000e4a00000, 0x00000000e4a00000, 0x00000000e4b00000|  0%| F|  |TAMS 0x00000000e4a00000, 0x00000000e4a00000| Untracked 
|  75|0x00000000e4b00000, 0x00000000e4b00000, 0x00000000e4c00000|  0%| F|  |TAMS 0x00000000e4b00000, 0x00000000e4b00000| Untracked 
|  76|0x00000000e4c00000, 0x00000000e4c00000, 0x00000000e4d00000|  0%| F|  |TAMS 0x00000000e4c00000, 0x00000000e4c00000| Untracked 
|  77|0x00000000e4d00000, 0x00000000e4d00000, 0x00000000e4e00000|  0%| F|  |TAMS 0x00000000e4d00000, 0x00000000e4d00000| Untracked 
|  78|0x00000000e4e00000, 0x00000000e4e00000, 0x00000000e4f00000|  0%| F|  |TAMS 0x00000000e4e00000, 0x00000000e4e00000| Untracked 
|  79|0x00000000e4f00000, 0x00000000e4f00000, 0x00000000e5000000|  0%| F|  |TAMS 0x00000000e4f00000, 0x00000000e4f00000| Untracked 
|  80|0x00000000e5000000, 0x00000000e5000000, 0x00000000e5100000|  0%| F|  |TAMS 0x00000000e5000000, 0x00000000e5000000| Untracked 
|  81|0x00000000e5100000, 0x00000000e5100000, 0x00000000e5200000|  0%| F|  |TAMS 0x00000000e5100000, 0x00000000e5100000| Untracked 
|  82|0x00000000e5200000, 0x00000000e5200000, 0x00000000e5300000|  0%| F|  |TAMS 0x00000000e5200000, 0x00000000e5200000| Untracked 
|  83|0x00000000e5300000, 0x00000000e5300000, 0x00000000e5400000|  0%| F|  |TAMS 0x00000000e5300000, 0x00000000e5300000| Untracked 
|  84|0x00000000e5400000, 0x00000000e5400000, 0x00000000e5500000|  0%| F|  |TAMS 0x00000000e5400000, 0x00000000e5400000| Untracked 
|  85|0x00000000e5500000, 0x00000000e5500000, 0x00000000e5600000|  0%| F|  |TAMS 0x00000000e5500000, 0x00000000e5500000| Untracked 
|  86|0x00000000e5600000, 0x00000000e5600000, 0x00000000e5700000|  0%| F|  |TAMS 0x00000000e5600000, 0x00000000e5600000| Untracked 
|  87|0x00000000e5700000, 0x00000000e5700000, 0x00000000e5800000|  0%| F|  |TAMS 0x00000000e5700000, 0x00000000e5700000| Untracked 
|  88|0x00000000e5800000, 0x00000000e5800000, 0x00000000e5900000|  0%| F|  |TAMS 0x00000000e5800000, 0x00000000e5800000| Untracked 
|  89|0x00000000e5900000, 0x00000000e5900000, 0x00000000e5a00000|  0%| F|  |TAMS 0x00000000e5900000, 0x00000000e5900000| Untracked 
|  90|0x00000000e5a00000, 0x00000000e5a00000, 0x00000000e5b00000|  0%| F|  |TAMS 0x00000000e5a00000, 0x00000000e5a00000| Untracked 
|  91|0x00000000e5b00000, 0x00000000e5b00000, 0x00000000e5c00000|  0%| F|  |TAMS 0x00000000e5b00000, 0x00000000e5b00000| Untracked 
|  92|0x00000000e5c00000, 0x00000000e5c00000, 0x00000000e5d00000|  0%| F|  |TAMS 0x00000000e5c00000, 0x00000000e5c00000| Untracked 
|  93|0x00000000e5d00000, 0x00000000e5d00000, 0x00000000e5e00000|  0%| F|  |TAMS 0x00000000e5d00000, 0x00000000e5d00000| Untracked 
|  94|0x00000000e5e00000, 0x00000000e5e00000, 0x00000000e5f00000|  0%| F|  |TAMS 0x00000000e5e00000, 0x00000000e5e00000| Untracked 
|  95|0x00000000e5f00000, 0x00000000e5f00000, 0x00000000e6000000|  0%| F|  |TAMS 0x00000000e5f00000, 0x00000000e5f00000| Untracked 
|  96|0x00000000e6000000, 0x00000000e6000000, 0x00000000e6100000|  0%| F|  |TAMS 0x00000000e6000000, 0x00000000e6000000| Untracked 
|  97|0x00000000e6100000, 0x00000000e6100000, 0x00000000e6200000|  0%| F|  |TAMS 0x00000000e6100000, 0x00000000e6100000| Untracked 
|  98|0x00000000e6200000, 0x00000000e6276058, 0x00000000e6300000| 46%| S|CS|TAMS 0x00000000e6200000, 0x00000000e6200000| Complete 
|  99|0x00000000e6300000, 0x00000000e6400000, 0x00000000e6400000|100%| S|CS|TAMS 0x00000000e6300000, 0x00000000e6300000| Complete 
| 100|0x00000000e6400000, 0x00000000e6500000, 0x00000000e6500000|100%| S|CS|TAMS 0x00000000e6400000, 0x00000000e6400000| Complete 
| 101|0x00000000e6500000, 0x00000000e6600000, 0x00000000e6600000|100%| S|CS|TAMS 0x00000000e6500000, 0x00000000e6500000| Complete 
| 102|0x00000000e6600000, 0x00000000e6700000, 0x00000000e6700000|100%| S|CS|TAMS 0x00000000e6600000, 0x00000000e6600000| Complete 
| 103|0x00000000e6700000, 0x00000000e6800000, 0x00000000e6800000|100%| S|CS|TAMS 0x00000000e6700000, 0x00000000e6700000| Complete 
| 104|0x00000000e6800000, 0x00000000e6900000, 0x00000000e6900000|100%| S|CS|TAMS 0x00000000e6800000, 0x00000000e6800000| Complete 
| 105|0x00000000e6900000, 0x00000000e6a00000, 0x00000000e6a00000|100%| S|CS|TAMS 0x00000000e6900000, 0x00000000e6900000| Complete 
| 106|0x00000000e6a00000, 0x00000000e6b00000, 0x00000000e6b00000|100%| S|CS|TAMS 0x00000000e6a00000, 0x00000000e6a00000| Complete 
| 107|0x00000000e6b00000, 0x00000000e6c00000, 0x00000000e6c00000|100%| S|CS|TAMS 0x00000000e6b00000, 0x00000000e6b00000| Complete 
| 108|0x00000000e6c00000, 0x00000000e6c00000, 0x00000000e6d00000|  0%| F|  |TAMS 0x00000000e6c00000, 0x00000000e6c00000| Untracked 
| 109|0x00000000e6d00000, 0x00000000e6d00000, 0x00000000e6e00000|  0%| F|  |TAMS 0x00000000e6d00000, 0x00000000e6d00000| Untracked 
| 110|0x00000000e6e00000, 0x00000000e6e00000, 0x00000000e6f00000|  0%| F|  |TAMS 0x00000000e6e00000, 0x00000000e6e00000| Untracked 
| 111|0x00000000e6f00000, 0x00000000e6f00000, 0x00000000e7000000|  0%| F|  |TAMS 0x00000000e6f00000, 0x00000000e6f00000| Untracked 
| 112|0x00000000e7000000, 0x00000000e7000000, 0x00000000e7100000|  0%| F|  |TAMS 0x00000000e7000000, 0x00000000e7000000| Untracked 
| 113|0x00000000e7100000, 0x00000000e7100000, 0x00000000e7200000|  0%| F|  |TAMS 0x00000000e7100000, 0x00000000e7100000| Untracked 
| 114|0x00000000e7200000, 0x00000000e7200000, 0x00000000e7300000|  0%| F|  |TAMS 0x00000000e7200000, 0x00000000e7200000| Untracked 
| 115|0x00000000e7300000, 0x00000000e7300000, 0x00000000e7400000|  0%| F|  |TAMS 0x00000000e7300000, 0x00000000e7300000| Untracked 
| 116|0x00000000e7400000, 0x00000000e7400000, 0x00000000e7500000|  0%| F|  |TAMS 0x00000000e7400000, 0x00000000e7400000| Untracked 
| 117|0x00000000e7500000, 0x00000000e7500000, 0x00000000e7600000|  0%| F|  |TAMS 0x00000000e7500000, 0x00000000e7500000| Untracked 
| 118|0x00000000e7600000, 0x00000000e7600000, 0x00000000e7700000|  0%| F|  |TAMS 0x00000000e7600000, 0x00000000e7600000| Untracked 
| 119|0x00000000e7700000, 0x00000000e7700000, 0x00000000e7800000|  0%| F|  |TAMS 0x00000000e7700000, 0x00000000e7700000| Untracked 
| 120|0x00000000e7800000, 0x00000000e7800000, 0x00000000e7900000|  0%| F|  |TAMS 0x00000000e7800000, 0x00000000e7800000| Untracked 
| 121|0x00000000e7900000, 0x00000000e7900000, 0x00000000e7a00000|  0%| F|  |TAMS 0x00000000e7900000, 0x00000000e7900000| Untracked 
| 122|0x00000000e7a00000, 0x00000000e7a00000, 0x00000000e7b00000|  0%| F|  |TAMS 0x00000000e7a00000, 0x00000000e7a00000| Untracked 
| 123|0x00000000e7b00000, 0x00000000e7b00000, 0x00000000e7c00000|  0%| F|  |TAMS 0x00000000e7b00000, 0x00000000e7b00000| Untracked 
| 124|0x00000000e7c00000, 0x00000000e7c00000, 0x00000000e7d00000|  0%| F|  |TAMS 0x00000000e7c00000, 0x00000000e7c00000| Untracked 
| 125|0x00000000e7d00000, 0x00000000e7d00000, 0x00000000e7e00000|  0%| F|  |TAMS 0x00000000e7d00000, 0x00000000e7d00000| Untracked 
| 126|0x00000000e7e00000, 0x00000000e7e00000, 0x00000000e7f00000|  0%| F|  |TAMS 0x00000000e7e00000, 0x00000000e7e00000| Untracked 
| 127|0x00000000e7f00000, 0x00000000e7f00000, 0x00000000e8000000|  0%| F|  |TAMS 0x00000000e7f00000, 0x00000000e7f00000| Untracked 
| 128|0x00000000e8000000, 0x00000000e8000000, 0x00000000e8100000|  0%| F|  |TAMS 0x00000000e8000000, 0x00000000e8000000| Untracked 
| 129|0x00000000e8100000, 0x00000000e8100000, 0x00000000e8200000|  0%| F|  |TAMS 0x00000000e8100000, 0x00000000e8100000| Untracked 
| 130|0x00000000e8200000, 0x00000000e8200000, 0x00000000e8300000|  0%| F|  |TAMS 0x00000000e8200000, 0x00000000e8200000| Untracked 
| 131|0x00000000e8300000, 0x00000000e8300000, 0x00000000e8400000|  0%| F|  |TAMS 0x00000000e8300000, 0x00000000e8300000| Untracked 
| 132|0x00000000e8400000, 0x00000000e8400000, 0x00000000e8500000|  0%| F|  |TAMS 0x00000000e8400000, 0x00000000e8400000| Untracked 
| 133|0x00000000e8500000, 0x00000000e8500000, 0x00000000e8600000|  0%| F|  |TAMS 0x00000000e8500000, 0x00000000e8500000| Untracked 
| 134|0x00000000e8600000, 0x00000000e8600000, 0x00000000e8700000|  0%| F|  |TAMS 0x00000000e8600000, 0x00000000e8600000| Untracked 
| 135|0x00000000e8700000, 0x00000000e8700000, 0x00000000e8800000|  0%| F|  |TAMS 0x00000000e8700000, 0x00000000e8700000| Untracked 
| 136|0x00000000e8800000, 0x00000000e8800000, 0x00000000e8900000|  0%| F|  |TAMS 0x00000000e8800000, 0x00000000e8800000| Untracked 
| 137|0x00000000e8900000, 0x00000000e8900000, 0x00000000e8a00000|  0%| F|  |TAMS 0x00000000e8900000, 0x00000000e8900000| Untracked 
| 138|0x00000000e8a00000, 0x00000000e8a00000, 0x00000000e8b00000|  0%| F|  |TAMS 0x00000000e8a00000, 0x00000000e8a00000| Untracked 
| 139|0x00000000e8b00000, 0x00000000e8b00000, 0x00000000e8c00000|  0%| F|  |TAMS 0x00000000e8b00000, 0x00000000e8b00000| Untracked 
| 140|0x00000000e8c00000, 0x00000000e8c00000, 0x00000000e8d00000|  0%| F|  |TAMS 0x00000000e8c00000, 0x00000000e8c00000| Untracked 
| 141|0x00000000e8d00000, 0x00000000e8d00000, 0x00000000e8e00000|  0%| F|  |TAMS 0x00000000e8d00000, 0x00000000e8d00000| Untracked 
| 142|0x00000000e8e00000, 0x00000000e8e00000, 0x00000000e8f00000|  0%| F|  |TAMS 0x00000000e8e00000, 0x00000000e8e00000| Untracked 
| 143|0x00000000e8f00000, 0x00000000e8f00000, 0x00000000e9000000|  0%| F|  |TAMS 0x00000000e8f00000, 0x00000000e8f00000| Untracked 
| 144|0x00000000e9000000, 0x00000000e9000000, 0x00000000e9100000|  0%| F|  |TAMS 0x00000000e9000000, 0x00000000e9000000| Untracked 
| 145|0x00000000e9100000, 0x00000000e9100000, 0x00000000e9200000|  0%| F|  |TAMS 0x00000000e9100000, 0x00000000e9100000| Untracked 
| 146|0x00000000e9200000, 0x00000000e9200000, 0x00000000e9300000|  0%| F|  |TAMS 0x00000000e9200000, 0x00000000e9200000| Untracked 
| 147|0x00000000e9300000, 0x00000000e9300000, 0x00000000e9400000|  0%| F|  |TAMS 0x00000000e9300000, 0x00000000e9300000| Untracked 
| 148|0x00000000e9400000, 0x00000000e9400000, 0x00000000e9500000|  0%| F|  |TAMS 0x00000000e9400000, 0x00000000e9400000| Untracked 
| 149|0x00000000e9500000, 0x00000000e9500000, 0x00000000e9600000|  0%| F|  |TAMS 0x00000000e9500000, 0x00000000e9500000| Untracked 
| 150|0x00000000e9600000, 0x00000000e9600000, 0x00000000e9700000|  0%| F|  |TAMS 0x00000000e9600000, 0x00000000e9600000| Untracked 
| 151|0x00000000e9700000, 0x00000000e9700000, 0x00000000e9800000|  0%| F|  |TAMS 0x00000000e9700000, 0x00000000e9700000| Untracked 
| 152|0x00000000e9800000, 0x00000000e9800000, 0x00000000e9900000|  0%| F|  |TAMS 0x00000000e9800000, 0x00000000e9800000| Untracked 
| 153|0x00000000e9900000, 0x00000000e9900000, 0x00000000e9a00000|  0%| F|  |TAMS 0x00000000e9900000, 0x00000000e9900000| Untracked 
| 154|0x00000000e9a00000, 0x00000000e9a00000, 0x00000000e9b00000|  0%| F|  |TAMS 0x00000000e9a00000, 0x00000000e9a00000| Untracked 
| 155|0x00000000e9b00000, 0x00000000e9b00000, 0x00000000e9c00000|  0%| F|  |TAMS 0x00000000e9b00000, 0x00000000e9b00000| Untracked 
| 156|0x00000000e9c00000, 0x00000000e9c00000, 0x00000000e9d00000|  0%| F|  |TAMS 0x00000000e9c00000, 0x00000000e9c00000| Untracked 
| 157|0x00000000e9d00000, 0x00000000e9d00000, 0x00000000e9e00000|  0%| F|  |TAMS 0x00000000e9d00000, 0x00000000e9d00000| Untracked 
| 158|0x00000000e9e00000, 0x00000000e9e00000, 0x00000000e9f00000|  0%| F|  |TAMS 0x00000000e9e00000, 0x00000000e9e00000| Untracked 
| 159|0x00000000e9f00000, 0x00000000e9f00000, 0x00000000ea000000|  0%| F|  |TAMS 0x00000000e9f00000, 0x00000000e9f00000| Untracked 
| 160|0x00000000ea000000, 0x00000000ea000000, 0x00000000ea100000|  0%| F|  |TAMS 0x00000000ea000000, 0x00000000ea000000| Untracked 
| 161|0x00000000ea100000, 0x00000000ea100000, 0x00000000ea200000|  0%| F|  |TAMS 0x00000000ea100000, 0x00000000ea100000| Untracked 
| 162|0x00000000ea200000, 0x00000000ea200000, 0x00000000ea300000|  0%| F|  |TAMS 0x00000000ea200000, 0x00000000ea200000| Untracked 
| 163|0x00000000ea300000, 0x00000000ea300000, 0x00000000ea400000|  0%| F|  |TAMS 0x00000000ea300000, 0x00000000ea300000| Untracked 
| 164|0x00000000ea400000, 0x00000000ea400000, 0x00000000ea500000|  0%| F|  |TAMS 0x00000000ea400000, 0x00000000ea400000| Untracked 
| 165|0x00000000ea500000, 0x00000000ea500000, 0x00000000ea600000|  0%| F|  |TAMS 0x00000000ea500000, 0x00000000ea500000| Untracked 
| 166|0x00000000ea600000, 0x00000000ea600000, 0x00000000ea700000|  0%| F|  |TAMS 0x00000000ea600000, 0x00000000ea600000| Untracked 
| 167|0x00000000ea700000, 0x00000000ea700000, 0x00000000ea800000|  0%| F|  |TAMS 0x00000000ea700000, 0x00000000ea700000| Untracked 
| 168|0x00000000ea800000, 0x00000000ea800000, 0x00000000ea900000|  0%| F|  |TAMS 0x00000000ea800000, 0x00000000ea800000| Untracked 
| 169|0x00000000ea900000, 0x00000000ea900000, 0x00000000eaa00000|  0%| F|  |TAMS 0x00000000ea900000, 0x00000000ea900000| Untracked 
| 170|0x00000000eaa00000, 0x00000000eaa00000, 0x00000000eab00000|  0%| F|  |TAMS 0x00000000eaa00000, 0x00000000eaa00000| Untracked 
| 171|0x00000000eab00000, 0x00000000eab00000, 0x00000000eac00000|  0%| F|  |TAMS 0x00000000eab00000, 0x00000000eab00000| Untracked 
| 172|0x00000000eac00000, 0x00000000eac00000, 0x00000000ead00000|  0%| F|  |TAMS 0x00000000eac00000, 0x00000000eac00000| Untracked 
| 173|0x00000000ead00000, 0x00000000ead00000, 0x00000000eae00000|  0%| F|  |TAMS 0x00000000ead00000, 0x00000000ead00000| Untracked 
| 174|0x00000000eae00000, 0x00000000eae00000, 0x00000000eaf00000|  0%| F|  |TAMS 0x00000000eae00000, 0x00000000eae00000| Untracked 
| 175|0x00000000eaf00000, 0x00000000eaf00000, 0x00000000eb000000|  0%| F|  |TAMS 0x00000000eaf00000, 0x00000000eaf00000| Untracked 
| 176|0x00000000eb000000, 0x00000000eb000000, 0x00000000eb100000|  0%| F|  |TAMS 0x00000000eb000000, 0x00000000eb000000| Untracked 
| 177|0x00000000eb100000, 0x00000000eb100000, 0x00000000eb200000|  0%| F|  |TAMS 0x00000000eb100000, 0x00000000eb100000| Untracked 
| 178|0x00000000eb200000, 0x00000000eb200000, 0x00000000eb300000|  0%| F|  |TAMS 0x00000000eb200000, 0x00000000eb200000| Untracked 
| 179|0x00000000eb300000, 0x00000000eb300000, 0x00000000eb400000|  0%| F|  |TAMS 0x00000000eb300000, 0x00000000eb300000| Untracked 
| 180|0x00000000eb400000, 0x00000000eb400000, 0x00000000eb500000|  0%| F|  |TAMS 0x00000000eb400000, 0x00000000eb400000| Untracked 
| 181|0x00000000eb500000, 0x00000000eb500000, 0x00000000eb600000|  0%| F|  |TAMS 0x00000000eb500000, 0x00000000eb500000| Untracked 
| 182|0x00000000eb600000, 0x00000000eb600000, 0x00000000eb700000|  0%| F|  |TAMS 0x00000000eb600000, 0x00000000eb600000| Untracked 
| 183|0x00000000eb700000, 0x00000000eb700000, 0x00000000eb800000|  0%| F|  |TAMS 0x00000000eb700000, 0x00000000eb700000| Untracked 
| 184|0x00000000eb800000, 0x00000000eb800000, 0x00000000eb900000|  0%| F|  |TAMS 0x00000000eb800000, 0x00000000eb800000| Untracked 
| 185|0x00000000eb900000, 0x00000000eb900000, 0x00000000eba00000|  0%| F|  |TAMS 0x00000000eb900000, 0x00000000eb900000| Untracked 
| 186|0x00000000eba00000, 0x00000000eba00000, 0x00000000ebb00000|  0%| F|  |TAMS 0x00000000eba00000, 0x00000000eba00000| Untracked 
| 187|0x00000000ebb00000, 0x00000000ebb00000, 0x00000000ebc00000|  0%| F|  |TAMS 0x00000000ebb00000, 0x00000000ebb00000| Untracked 
| 188|0x00000000ebc00000, 0x00000000ebc00000, 0x00000000ebd00000|  0%| F|  |TAMS 0x00000000ebc00000, 0x00000000ebc00000| Untracked 
| 189|0x00000000ebd00000, 0x00000000ebd00000, 0x00000000ebe00000|  0%| F|  |TAMS 0x00000000ebd00000, 0x00000000ebd00000| Untracked 
| 190|0x00000000ebe00000, 0x00000000ebe00000, 0x00000000ebf00000|  0%| F|  |TAMS 0x00000000ebe00000, 0x00000000ebe00000| Untracked 
| 191|0x00000000ebf00000, 0x00000000ebf00000, 0x00000000ec000000|  0%| F|  |TAMS 0x00000000ebf00000, 0x00000000ebf00000| Untracked 
| 192|0x00000000ec000000, 0x00000000ec000000, 0x00000000ec100000|  0%| F|  |TAMS 0x00000000ec000000, 0x00000000ec000000| Untracked 
| 193|0x00000000ec100000, 0x00000000ec100000, 0x00000000ec200000|  0%| F|  |TAMS 0x00000000ec100000, 0x00000000ec100000| Untracked 
| 194|0x00000000ec200000, 0x00000000ec200000, 0x00000000ec300000|  0%| F|  |TAMS 0x00000000ec200000, 0x00000000ec200000| Untracked 
| 195|0x00000000ec300000, 0x00000000ec300000, 0x00000000ec400000|  0%| F|  |TAMS 0x00000000ec300000, 0x00000000ec300000| Untracked 
| 196|0x00000000ec400000, 0x00000000ec400000, 0x00000000ec500000|  0%| F|  |TAMS 0x00000000ec400000, 0x00000000ec400000| Untracked 
| 197|0x00000000ec500000, 0x00000000ec500000, 0x00000000ec600000|  0%| F|  |TAMS 0x00000000ec500000, 0x00000000ec500000| Untracked 
| 198|0x00000000ec600000, 0x00000000ec600000, 0x00000000ec700000|  0%| F|  |TAMS 0x00000000ec600000, 0x00000000ec600000| Untracked 
| 199|0x00000000ec700000, 0x00000000ec700000, 0x00000000ec800000|  0%| F|  |TAMS 0x00000000ec700000, 0x00000000ec700000| Untracked 
| 200|0x00000000ec800000, 0x00000000ec800000, 0x00000000ec900000|  0%| F|  |TAMS 0x00000000ec800000, 0x00000000ec800000| Untracked 
| 201|0x00000000ec900000, 0x00000000ec900000, 0x00000000eca00000|  0%| F|  |TAMS 0x00000000ec900000, 0x00000000ec900000| Untracked 
| 202|0x00000000eca00000, 0x00000000eca00000, 0x00000000ecb00000|  0%| F|  |TAMS 0x00000000eca00000, 0x00000000eca00000| Untracked 
| 203|0x00000000ecb00000, 0x00000000ecb00000, 0x00000000ecc00000|  0%| F|  |TAMS 0x00000000ecb00000, 0x00000000ecb00000| Untracked 
| 204|0x00000000ecc00000, 0x00000000ecc00000, 0x00000000ecd00000|  0%| F|  |TAMS 0x00000000ecc00000, 0x00000000ecc00000| Untracked 
| 205|0x00000000ecd00000, 0x00000000ecd00000, 0x00000000ece00000|  0%| F|  |TAMS 0x00000000ecd00000, 0x00000000ecd00000| Untracked 
| 206|0x00000000ece00000, 0x00000000ece00000, 0x00000000ecf00000|  0%| F|  |TAMS 0x00000000ece00000, 0x00000000ece00000| Untracked 
| 207|0x00000000ecf00000, 0x00000000ecf00000, 0x00000000ed000000|  0%| F|  |TAMS 0x00000000ecf00000, 0x00000000ecf00000| Untracked 
| 208|0x00000000ed000000, 0x00000000ed000000, 0x00000000ed100000|  0%| F|  |TAMS 0x00000000ed000000, 0x00000000ed000000| Untracked 
| 209|0x00000000ed100000, 0x00000000ed100000, 0x00000000ed200000|  0%| F|  |TAMS 0x00000000ed100000, 0x00000000ed100000| Untracked 
| 210|0x00000000ed200000, 0x00000000ed200000, 0x00000000ed300000|  0%| F|  |TAMS 0x00000000ed200000, 0x00000000ed200000| Untracked 
| 211|0x00000000ed300000, 0x00000000ed300000, 0x00000000ed400000|  0%| F|  |TAMS 0x00000000ed300000, 0x00000000ed300000| Untracked 
| 212|0x00000000ed400000, 0x00000000ed400000, 0x00000000ed500000|  0%| F|  |TAMS 0x00000000ed400000, 0x00000000ed400000| Untracked 
| 213|0x00000000ed500000, 0x00000000ed500000, 0x00000000ed600000|  0%| F|  |TAMS 0x00000000ed500000, 0x00000000ed500000| Untracked 
| 214|0x00000000ed600000, 0x00000000ed600000, 0x00000000ed700000|  0%| F|  |TAMS 0x00000000ed600000, 0x00000000ed600000| Untracked 
| 215|0x00000000ed700000, 0x00000000ed700000, 0x00000000ed800000|  0%| F|  |TAMS 0x00000000ed700000, 0x00000000ed700000| Untracked 
| 216|0x00000000ed800000, 0x00000000ed800000, 0x00000000ed900000|  0%| F|  |TAMS 0x00000000ed800000, 0x00000000ed800000| Untracked 
| 217|0x00000000ed900000, 0x00000000ed900000, 0x00000000eda00000|  0%| F|  |TAMS 0x00000000ed900000, 0x00000000ed900000| Untracked 
| 218|0x00000000eda00000, 0x00000000eda00000, 0x00000000edb00000|  0%| F|  |TAMS 0x00000000eda00000, 0x00000000eda00000| Untracked 
| 219|0x00000000edb00000, 0x00000000edb00000, 0x00000000edc00000|  0%| F|  |TAMS 0x00000000edb00000, 0x00000000edb00000| Untracked 
| 220|0x00000000edc00000, 0x00000000edc00000, 0x00000000edd00000|  0%| F|  |TAMS 0x00000000edc00000, 0x00000000edc00000| Untracked 
| 221|0x00000000edd00000, 0x00000000edd00000, 0x00000000ede00000|  0%| F|  |TAMS 0x00000000edd00000, 0x00000000edd00000| Untracked 
| 222|0x00000000ede00000, 0x00000000ede00000, 0x00000000edf00000|  0%| F|  |TAMS 0x00000000ede00000, 0x00000000ede00000| Untracked 
| 223|0x00000000edf00000, 0x00000000edfabdd0, 0x00000000ee000000| 67%| E|  |TAMS 0x00000000edf00000, 0x00000000edf00000| Complete 
| 224|0x00000000ee000000, 0x00000000ee100000, 0x00000000ee100000|100%| E|CS|TAMS 0x00000000ee000000, 0x00000000ee000000| Complete 
| 225|0x00000000ee100000, 0x00000000ee200000, 0x00000000ee200000|100%| E|CS|TAMS 0x00000000ee100000, 0x00000000ee100000| Complete 
| 226|0x00000000ee200000, 0x00000000ee300000, 0x00000000ee300000|100%| E|CS|TAMS 0x00000000ee200000, 0x00000000ee200000| Complete 
| 227|0x00000000ee300000, 0x00000000ee400000, 0x00000000ee400000|100%| E|CS|TAMS 0x00000000ee300000, 0x00000000ee300000| Complete 
| 228|0x00000000ee400000, 0x00000000ee500000, 0x00000000ee500000|100%| E|CS|TAMS 0x00000000ee400000, 0x00000000ee400000| Complete 
| 229|0x00000000ee500000, 0x00000000ee600000, 0x00000000ee600000|100%| E|CS|TAMS 0x00000000ee500000, 0x00000000ee500000| Complete 
| 230|0x00000000ee600000, 0x00000000ee700000, 0x00000000ee700000|100%| E|CS|TAMS 0x00000000ee600000, 0x00000000ee600000| Complete 
| 231|0x00000000ee700000, 0x00000000ee800000, 0x00000000ee800000|100%| E|CS|TAMS 0x00000000ee700000, 0x00000000ee700000| Complete 
| 232|0x00000000ee800000, 0x00000000ee900000, 0x00000000ee900000|100%| E|CS|TAMS 0x00000000ee800000, 0x00000000ee800000| Complete 
| 233|0x00000000ee900000, 0x00000000eea00000, 0x00000000eea00000|100%| E|CS|TAMS 0x00000000ee900000, 0x00000000ee900000| Complete 
| 234|0x00000000eea00000, 0x00000000eeb00000, 0x00000000eeb00000|100%| E|CS|TAMS 0x00000000eea00000, 0x00000000eea00000| Complete 
| 235|0x00000000eeb00000, 0x00000000eec00000, 0x00000000eec00000|100%| E|CS|TAMS 0x00000000eeb00000, 0x00000000eeb00000| Complete 
| 236|0x00000000eec00000, 0x00000000eed00000, 0x00000000eed00000|100%| E|CS|TAMS 0x00000000eec00000, 0x00000000eec00000| Complete 
| 237|0x00000000eed00000, 0x00000000eee00000, 0x00000000eee00000|100%| E|CS|TAMS 0x00000000eed00000, 0x00000000eed00000| Complete 
| 238|0x00000000eee00000, 0x00000000eef00000, 0x00000000eef00000|100%| E|  |TAMS 0x00000000eee00000, 0x00000000eee00000| Complete 
| 239|0x00000000eef00000, 0x00000000ef000000, 0x00000000ef000000|100%| E|CS|TAMS 0x00000000eef00000, 0x00000000eef00000| Complete 
| 240|0x00000000ef000000, 0x00000000ef100000, 0x00000000ef100000|100%| E|CS|TAMS 0x00000000ef000000, 0x00000000ef000000| Complete 
| 241|0x00000000ef100000, 0x00000000ef200000, 0x00000000ef200000|100%| E|CS|TAMS 0x00000000ef100000, 0x00000000ef100000| Complete 
| 242|0x00000000ef200000, 0x00000000ef300000, 0x00000000ef300000|100%| E|CS|TAMS 0x00000000ef200000, 0x00000000ef200000| Complete 
| 243|0x00000000ef300000, 0x00000000ef400000, 0x00000000ef400000|100%| E|CS|TAMS 0x00000000ef300000, 0x00000000ef300000| Complete 
| 244|0x00000000ef400000, 0x00000000ef500000, 0x00000000ef500000|100%| E|CS|TAMS 0x00000000ef400000, 0x00000000ef400000| Complete 
| 245|0x00000000ef500000, 0x00000000ef600000, 0x00000000ef600000|100%| E|CS|TAMS 0x00000000ef500000, 0x00000000ef500000| Complete 
| 246|0x00000000ef600000, 0x00000000ef700000, 0x00000000ef700000|100%| E|CS|TAMS 0x00000000ef600000, 0x00000000ef600000| Complete 
| 247|0x00000000ef700000, 0x00000000ef800000, 0x00000000ef800000|100%| E|CS|TAMS 0x00000000ef700000, 0x00000000ef700000| Complete 
| 248|0x00000000ef800000, 0x00000000ef900000, 0x00000000ef900000|100%| E|CS|TAMS 0x00000000ef800000, 0x00000000ef800000| Complete 
| 249|0x00000000ef900000, 0x00000000efa00000, 0x00000000efa00000|100%| E|CS|TAMS 0x00000000ef900000, 0x00000000ef900000| Complete 
| 250|0x00000000efa00000, 0x00000000efb00000, 0x00000000efb00000|100%| E|CS|TAMS 0x00000000efa00000, 0x00000000efa00000| Complete 
| 251|0x00000000efb00000, 0x00000000efc00000, 0x00000000efc00000|100%| E|CS|TAMS 0x00000000efb00000, 0x00000000efb00000| Complete 
| 252|0x00000000efc00000, 0x00000000efd00000, 0x00000000efd00000|100%| E|CS|TAMS 0x00000000efc00000, 0x00000000efc00000| Complete 
| 253|0x00000000efd00000, 0x00000000efe00000, 0x00000000efe00000|100%| E|CS|TAMS 0x00000000efd00000, 0x00000000efd00000| Complete 
| 254|0x00000000efe00000, 0x00000000eff00000, 0x00000000eff00000|100%| E|CS|TAMS 0x00000000efe00000, 0x00000000efe00000| Complete 
| 255|0x00000000eff00000, 0x00000000f0000000, 0x00000000f0000000|100%| E|CS|TAMS 0x00000000eff00000, 0x00000000eff00000| Complete 

Card table byte_map: [0x000001afcedb0000,0x000001afceeb0000] _byte_map_base: 0x000001afce6b0000

Marking Bits (Prev, Next): (CMBitMap*) 0x000001afb6206cf0, (CMBitMap*) 0x000001afb6206d30
 Prev Bits: [0x000001afcefb0000, 0x000001afcf7b0000)
 Next Bits: [0x000001afcf7b0000, 0x000001afcffb0000)

Polling page: 0x000001afb62a0000

Metaspace:

Usage:
  Non-class:     33.14 MB used.
      Class:      5.27 MB used.
       Both:     38.41 MB used.

Virtual space:
  Non-class space:       64.00 MB reserved,      33.38 MB ( 52%) committed,  1 nodes.
      Class space:      320.00 MB reserved,       5.50 MB (  2%) committed,  1 nodes.
             Both:      384.00 MB reserved,      38.88 MB ( 10%) committed. 

Chunk freelists:
   Non-Class:  13.80 MB
       Class:  10.42 MB
        Both:  24.22 MB

MaxMetaspaceSize: 384.00 MB
CompressedClassSpaceSize: 320.00 MB
Initial GC threshold: 21.00 MB
Current GC threshold: 59.19 MB
CDS: on
MetaspaceReclaimPolicy: balanced
 - commit_granule_bytes: 65536.
 - commit_granule_words: 8192.
 - virtual_space_node_default_size: 8388608.
 - enlarge_chunks_in_place: 1.
 - new_chunks_are_fully_committed: 0.
 - uncommit_free_chunks: 1.
 - use_allocation_guard: 0.
 - handle_deallocations: 1.


Internal statistics:

num_allocs_failed_limit: 6.
num_arena_births: 452.
num_arena_deaths: 0.
num_vsnodes_births: 2.
num_vsnodes_deaths: 0.
num_space_committed: 622.
num_space_uncommitted: 0.
num_chunks_returned_to_freelist: 6.
num_chunks_taken_from_freelist: 1919.
num_chunk_merges: 6.
num_chunk_splits: 1278.
num_chunks_enlarged: 885.
num_purges: 0.
num_inconsistent_stats: 0.

CodeHeap 'non-profiled nmethods': size=120000Kb used=3024Kb max_used=3024Kb free=116975Kb
 bounds [0x000001afc6d10000, 0x000001afc7010000, 0x000001afce240000]
CodeHeap 'profiled nmethods': size=120000Kb used=10247Kb max_used=10247Kb free=109752Kb
 bounds [0x000001afbf240000, 0x000001afbfc50000, 0x000001afc6770000]
CodeHeap 'non-nmethods': size=5760Kb used=2310Kb max_used=2355Kb free=3449Kb
 bounds [0x000001afc6770000, 0x000001afc69e0000, 0x000001afc6d10000]
 total_blobs=5785 nmethods=4979 adapters=718
 compilation: enabled
              stopped_count=0, restarted_count=0
 full_count=0

Compilation events (20 events):
Event: 459.658 Thread 0x000001afd2a0ed30 nmethod 4974 0x000001afbfc41490 code [0x000001afbfc41660, 0x000001afbfc41a78]
Event: 461.755 Thread 0x000001afd2a0e290 4975       4       java.util.stream.AbstractPipeline::<init> (91 bytes)
Event: 461.762 Thread 0x000001afd2a0e290 nmethod 4975 0x000001afc7000a10 code [0x000001afc7000ba0, 0x000001afc7000fb8]
Event: 466.763 Thread 0x000001afd2a0e290 4976   !   4       sun.nio.ch.FileLockTable::remove (162 bytes)
Event: 466.790 Thread 0x000001afd2a0e290 nmethod 4976 0x000001afc7001110 code [0x000001afc7001300, 0x000001afc7001c70]
Event: 479.384 Thread 0x000001afd2a0ed30 4978       1       org.gradle.cache.internal.DefaultFileLockManager::access$000 (5 bytes)
Event: 479.384 Thread 0x000001afd2a0ed30 nmethod 4978 0x000001afc7002890 code [0x000001afc7002a20, 0x000001afc7002ad8]
Event: 479.388 Thread 0x000001afd2a0ed30 4979       1       org.gradle.cache.internal.filelock.DefaultLockOptions::isUseCrossVersionImplementation (5 bytes)
Event: 479.388 Thread 0x000001afd2a0ed30 nmethod 4979 0x000001afc7002b90 code [0x000001afc7002d20, 0x000001afc7002df8]
Event: 479.388 Thread 0x000001afd2a0ed30 4980       1       org.gradle.cache.internal.filelock.DefaultLockStateSerializer::getSize (3 bytes)
Event: 479.388 Thread 0x000001afd2a0ed30 nmethod 4980 0x000001afc7002e90 code [0x000001afc7003020, 0x000001afc70030f8]
Event: 479.389 Thread 0x000001afd2a0ed30 4981       1       org.gradle.cache.internal.filelock.LockStateAccess::getRegionEnd (5 bytes)
Event: 479.389 Thread 0x000001afd2a0ed30 nmethod 4981 0x000001afc7003190 code [0x000001afc7003320, 0x000001afc70033f8]
Event: 479.389 Thread 0x000001afd2a0ed30 4982       1       org.gradle.cache.internal.DefaultFileLockManager::access$500 (5 bytes)
Event: 479.389 Thread 0x000001afd2a0ed30 nmethod 4982 0x000001afc7003490 code [0x000001afc7003620, 0x000001afc70036d8]
Event: 479.566 Thread 0x000001afd2a0e290 4983       4       java.lang.invoke.DirectMethodHandle$Holder::newInvokeSpecial (21 bytes)
Event: 479.570 Thread 0x000001afd2a0e290 nmethod 4983 0x000001afc7003790 code [0x000001afc7003920, 0x000001afc7003b28]
Event: 488.120 Thread 0x000001afd2a0e290 4984       4       jdk.internal.misc.Unsafe::checkPointer (19 bytes)
Event: 488.121 Thread 0x000001afd2a0e290 nmethod 4984 0x000001afc7003d10 code [0x000001afc7003e80, 0x000001afc7003f38]
Event: 491.224 Thread 0x000001afd2a0e290 4985       4       java.net.InetAddress::getByAddress (114 bytes)

GC Heap History (10 events):
Event: 14.042 GC heap before
{Heap before GC invocations=0 (full 0):
 garbage-first heap   total 262144K, used 26624K [0x00000000e0000000, 0x0000000100000000)
  region size 1024K, 23 young (23552K), 0 survivors (0K)
 Metaspace       used 2988K, committed 3136K, reserved 393216K
  class space    used 382K, committed 448K, reserved 327680K
}
Event: 14.066 GC heap after
{Heap after GC invocations=1 (full 0):
 garbage-first heap   total 262144K, used 10881K [0x00000000e0000000, 0x0000000100000000)
  region size 1024K, 3 young (3072K), 3 survivors (3072K)
 Metaspace       used 2988K, committed 3136K, reserved 393216K
  class space    used 382K, committed 448K, reserved 327680K
}
Event: 20.727 GC heap before
{Heap before GC invocations=1 (full 0):
 garbage-first heap   total 262144K, used 36481K [0x00000000e0000000, 0x0000000100000000)
  region size 1024K, 28 young (28672K), 3 survivors (3072K)
 Metaspace       used 3982K, committed 4160K, reserved 393216K
  class space    used 489K, committed 576K, reserved 327680K
}
Event: 20.733 GC heap after
{Heap after GC invocations=2 (full 0):
 garbage-first heap   total 262144K, used 11790K [0x00000000e0000000, 0x0000000100000000)
  region size 1024K, 1 young (1024K), 1 survivors (1024K)
 Metaspace       used 3982K, committed 4160K, reserved 393216K
  class space    used 489K, committed 576K, reserved 327680K
}
Event: 55.541 GC heap before
{Heap before GC invocations=2 (full 0):
 garbage-first heap   total 262144K, used 120334K [0x00000000e0000000, 0x0000000100000000)
  region size 1024K, 106 young (108544K), 1 survivors (1024K)
 Metaspace       used 19389K, committed 19712K, reserved 393216K
  class space    used 2806K, committed 2944K, reserved 327680K
}
Event: 55.638 GC heap after
{Heap after GC invocations=3 (full 0):
 garbage-first heap   total 262144K, used 22719K [0x00000000e0000000, 0x0000000100000000)
  region size 1024K, 12 young (12288K), 12 survivors (12288K)
 Metaspace       used 19389K, committed 19712K, reserved 393216K
  class space    used 2806K, committed 2944K, reserved 327680K
}
Event: 56.927 GC heap before
{Heap before GC invocations=3 (full 0):
 garbage-first heap   total 262144K, used 37055K [0x00000000e0000000, 0x0000000100000000)
  region size 1024K, 27 young (27648K), 12 survivors (12288K)
 Metaspace       used 21218K, committed 21504K, reserved 393216K
  class space    used 3114K, committed 3264K, reserved 327680K
}
Event: 56.938 GC heap after
{Heap after GC invocations=4 (full 0):
 garbage-first heap   total 262144K, used 23772K [0x00000000e0000000, 0x0000000100000000)
  region size 1024K, 2 young (2048K), 2 survivors (2048K)
 Metaspace       used 21218K, committed 21504K, reserved 393216K
  class space    used 3114K, committed 3264K, reserved 327680K
}
Event: 417.805 GC heap before
{Heap before GC invocations=5 (full 0):
 garbage-first heap   total 262144K, used 176348K [0x00000000e0000000, 0x0000000100000000)
  region size 1024K, 148 young (151552K), 2 survivors (2048K)
 Metaspace       used 35907K, committed 36288K, reserved 393216K
  class space    used 4940K, committed 5120K, reserved 327680K
}
Event: 417.912 GC heap after
{Heap after GC invocations=6 (full 0):
 garbage-first heap   total 262144K, used 31997K [0x00000000e0000000, 0x0000000100000000)
  region size 1024K, 10 young (10240K), 10 survivors (10240K)
 Metaspace       used 35907K, committed 36288K, reserved 393216K
  class space    used 4940K, committed 5120K, reserved 327680K
}

Deoptimization events (20 events):
Event: 423.699 Thread 0x000001afeca96110 Uncommon trap: trap_request=0xffffff45 fr.pc=0x000001afc6f41d14 relative=0x00000000000016b4
Event: 423.699 Thread 0x000001afeca96110 Uncommon trap: reason=unstable_if action=reinterpret pc=0x000001afc6f41d14 method=java.util.concurrent.ConcurrentHashMap.computeIfAbsent(Ljava/lang/Object;Ljava/util/function/Function;)Ljava/lang/Object; @ 123 c2
Event: 423.699 Thread 0x000001afeca96110 DEOPT PACKING pc=0x000001afc6f41d14 sp=0x0000001b905fa190
Event: 423.699 Thread 0x000001afeca96110 DEOPT UNPACKING pc=0x000001afc67c5ba3 sp=0x0000001b905fa120 mode 2
Event: 425.749 Thread 0x000001afeca96110 Uncommon trap: trap_request=0xffffff45 fr.pc=0x000001afc6d81174 relative=0x00000000000001d4
Event: 425.749 Thread 0x000001afeca96110 Uncommon trap: reason=unstable_if action=reinterpret pc=0x000001afc6d81174 method=java.net.URI$Parser.scan(IILjava/lang/String;)I @ 26 c2
Event: 425.749 Thread 0x000001afeca96110 DEOPT PACKING pc=0x000001afc6d81174 sp=0x0000001b905f9890
Event: 425.750 Thread 0x000001afeca96110 DEOPT UNPACKING pc=0x000001afc67c5ba3 sp=0x0000001b905f9820 mode 2
Event: 425.750 Thread 0x000001afeca96110 Uncommon trap: trap_request=0xffffff45 fr.pc=0x000001afc6d77fb4 relative=0x0000000000000114
Event: 425.750 Thread 0x000001afeca96110 Uncommon trap: reason=unstable_if action=reinterpret pc=0x000001afc6d77fb4 method=java.net.URI.match(CJJ)Z @ 45 c2
Event: 425.750 Thread 0x000001afeca96110 DEOPT PACKING pc=0x000001afc6d77fb4 sp=0x0000001b905f9600
Event: 425.750 Thread 0x000001afeca96110 DEOPT UNPACKING pc=0x000001afc67c5ba3 sp=0x0000001b905f9538 mode 2
Event: 425.750 Thread 0x000001afeca96110 Uncommon trap: trap_request=0xffffff45 fr.pc=0x000001afc6d38a48 relative=0x0000000000000048
Event: 425.750 Thread 0x000001afeca96110 Uncommon trap: reason=unstable_if action=reinterpret pc=0x000001afc6d38a48 method=java.net.URI.match(CJJ)Z @ 19 c2
Event: 425.750 Thread 0x000001afeca96110 DEOPT PACKING pc=0x000001afc6d38a48 sp=0x0000001b905f9610
Event: 425.750 Thread 0x000001afeca96110 DEOPT UNPACKING pc=0x000001afc67c5ba3 sp=0x0000001b905f95c0 mode 2
Event: 426.455 Thread 0x000001afeca96110 Uncommon trap: trap_request=0xffffff45 fr.pc=0x000001afc6f172ec relative=0x000000000000048c
Event: 426.455 Thread 0x000001afeca96110 Uncommon trap: reason=unstable_if action=reinterpret pc=0x000001afc6f172ec method=jdk.internal.org.objectweb.asm.MethodWriter.visitVarInsn(II)V @ 230 c2
Event: 426.455 Thread 0x000001afeca96110 DEOPT PACKING pc=0x000001afc6f172ec sp=0x0000001b905f8f40
Event: 426.455 Thread 0x000001afeca96110 DEOPT UNPACKING pc=0x000001afc67c5ba3 sp=0x0000001b905f8f00 mode 2

Classes unloaded (0 events):
No events

Classes redefined (0 events):
No events

Internal exceptions (20 events):
Event: 407.240 Thread 0x000001afeca96110 Exception <a 'java/lang/ClassNotFoundException'{0x00000000e7374fd8}: org/gradle/initialization/DefaultProjectDescriptorCustomizer> (0x00000000e7374fd8) 
thrown [s\open\src\hotspot\share\classfile\systemDictionary.cpp, line 256]
Event: 408.759 Thread 0x000001afeca96110 Exception <a 'java/lang/NoSuchMethodError'{0x00000000e73bd628}: 'void java.lang.invoke.DirectMethodHandle$Holder.invokeInterface(java.lang.Object, java.lang.Object)'> (0x00000000e73bd628) 
thrown [s\open\src\hotspot\share\interpreter\linkResolver.cpp, line 759]
Event: 412.982 Thread 0x000001afeca96110 Implicit null exception at 0x000001afc6edebec to 0x000001afc6edec9c
Event: 422.854 Thread 0x000001afeca96110 Exception <a 'java/lang/NoSuchMethodError'{0x00000000ef6a2f80}: 'long java.lang.invoke.DirectMethodHandle$Holder.invokeStatic(java.lang.Object, long)'> (0x00000000ef6a2f80) 
thrown [s\open\src\hotspot\share\interpreter\linkResolver.cpp, line 759]
Event: 426.076 Thread 0x000001afeca96110 Exception <a 'java/lang/NoSuchMethodError'{0x00000000eea57ec0}: 'void java.lang.invoke.DirectMethodHandle$Holder.invokeStatic(java.lang.Object, java.lang.Object, java.lang.Object, java.lang.Object, java.lang.Object, java.lang.Object)'> (0x00000000eea57ec0) 
thrown [s\open\src\hotspot\share\interpreter\linkResolver.cpp, line 759]
Event: 426.293 Thread 0x000001afeca96110 Exception <a 'java/lang/NoSuchMethodError'{0x00000000eeaf1340}: 'java.lang.Object java.lang.invoke.DelegatingMethodHandle$Holder.reinvoke_L(java.lang.Object, java.lang.Object, java.lang.Object, java.lang.Object, java.lang.Object, java.lang.Object, java.lang.Object, java.lang.Object, java.lang.Object, java.lang.Object, java.lang.Object, java.lang.Object, java.lang.Object, java.lang.Object, java.lang.Object, java.lang.Object, java.lang.Object, java.lang.Object, java.lang.Object, java.lang.Object, java.lang.O
Event: 426.297 Thread 0x000001afeca96110 Exception <a 'java/lang/NoSuchMethodError'{0x00000000eeafd618}: 'java.lang.Object java.lang.invoke.DirectMethodHandle$Holder.invokeSpecial(java.lang.Object, java.lang.Object, java.lang.Object, java.lang.Object, java.lang.Object, java.lang.Object, java.lang.Object, java.lang.Object, java.lang.Object, java.lang.Object, java.lang.Object, java.lang.Object, java.lang.Object, java.lang.Object, java.lang.Object, java.lang.Object, java.lang.Object, java.lang.Object, java.lang.Object, java.lang.Object, java.lang.Ob
Event: 426.298 Thread 0x000001afeca96110 Exception <a 'java/lang/NoSuchMethodError'{0x00000000ee971418}: 'java.lang.Object java.lang.invoke.Invokers$Holder.invoker(java.lang.Object, java.lang.Object, java.lang.Object, java.lang.Object, java.lang.Object, java.lang.Object, java.lang.Object, java.lang.Object, java.lang.Object, java.lang.Object, java.lang.Object, java.lang.Object, java.lang.Object, java.lang.Object, java.lang.Object, java.lang.Object, java.lang.Object, java.lang.Object, java.lang.Object, java.lang.Object, java.lang.Object, java.lang.
Event: 426.308 Thread 0x000001afeca96110 Exception <a 'java/lang/NoSuchMethodError'{0x00000000ee9786c8}: 'java.lang.Object java.lang.invoke.DelegatingMethodHandle$Holder.delegate(java.lang.Object, java.lang.Object, java.lang.Object, java.lang.Object, java.lang.Object, java.lang.Object, java.lang.Object, java.lang.Object, java.lang.Object, java.lang.Object, java.lang.Object, java.lang.Object, java.lang.Object, java.lang.Object, java.lang.Object, java.lang.Object, java.lang.Object, java.lang.Object, java.lang.Object, java.lang.Object, java.lang.Obj
Event: 426.457 Thread 0x000001afeca96110 Exception <a 'java/lang/NoSuchMethodError'{0x00000000ee9f48d0}: 'java.lang.Object java.lang.invoke.DirectMethodHandle$Holder.invokeStatic(java.lang.Object, java.lang.Object, java.lang.Object, java.lang.Object, java.lang.Object, java.lang.Object, java.lang.Object, java.lang.Object, java.lang.Object, java.lang.Object, java.lang.Object, java.lang.Object, java.lang.Object, java.lang.Object, java.lang.Object, java.lang.Object, java.lang.Object)'> (0x00000000ee9f48d0) 
thrown [s\open\src\hotspot\share\interprete
Event: 426.572 Thread 0x000001afeca96110 Exception <a 'java/lang/NoSuchMethodError'{0x00000000ee81e420}: 'java.lang.Object java.lang.invoke.DirectMethodHandle$Holder.invokeStatic(java.lang.Object, java.lang.Object, java.lang.Object, java.lang.Object, java.lang.Object, java.lang.Object, java.lang.Object, java.lang.Object, java.lang.Object, java.lang.Object, java.lang.Object, java.lang.Object, java.lang.Object, java.lang.Object, java.lang.Object, java.lang.Object, java.lang.Object, java.lang.Object)'> (0x00000000ee81e420) 
thrown [s\open\src\hotspo
Event: 426.578 Thread 0x000001afeca96110 Exception <a 'java/lang/NoSuchMethodError'{0x00000000ee848e28}: 'java.lang.Object java.lang.invoke.DirectMethodHandle$Holder.invokeStatic(java.lang.Object, java.lang.Object, java.lang.Object, java.lang.Object, java.lang.Object, java.lang.Object, java.lang.Object, java.lang.Object, java.lang.Object, java.lang.Object, java.lang.Object, java.lang.Object, java.lang.Object, java.lang.Object, java.lang.Object, java.lang.Object, java.lang.Object, java.lang.Object, java.lang.Object)'> (0x00000000ee848e28) 
thrown 
Event: 426.588 Thread 0x000001afeca96110 Exception <a 'java/lang/NoSuchMethodError'{0x00000000ee874bf8}: 'java.lang.Object java.lang.invoke.DirectMethodHandle$Holder.invokeStatic(java.lang.Object, java.lang.Object, java.lang.Object, java.lang.Object, java.lang.Object, java.lang.Object, java.lang.Object, java.lang.Object, java.lang.Object, java.lang.Object, java.lang.Object, java.lang.Object, java.lang.Object, java.lang.Object, java.lang.Object, java.lang.Object, java.lang.Object, java.lang.Object, java.lang.Object, java.lang.Object)'> (0x00000000
Event: 426.593 Thread 0x000001afeca96110 Exception <a 'java/lang/NoSuchMethodError'{0x00000000ee8a1ce8}: 'java.lang.Object java.lang.invoke.DirectMethodHandle$Holder.invokeStatic(java.lang.Object, java.lang.Object, java.lang.Object, java.lang.Object, java.lang.Object, java.lang.Object, java.lang.Object, java.lang.Object, java.lang.Object, java.lang.Object, java.lang.Object, java.lang.Object, java.lang.Object, java.lang.Object, java.lang.Object, java.lang.Object, java.lang.Object, java.lang.Object, java.lang.Object, java.lang.Object, java.lang.Obj
Event: 426.601 Thread 0x000001afeca96110 Exception <a 'java/lang/NoSuchMethodError'{0x00000000ee8cf6e0}: 'java.lang.Object java.lang.invoke.DirectMethodHandle$Holder.invokeStatic(java.lang.Object, java.lang.Object, java.lang.Object, java.lang.Object, java.lang.Object, java.lang.Object, java.lang.Object, java.lang.Object, java.lang.Object, java.lang.Object, java.lang.Object, java.lang.Object, java.lang.Object, java.lang.Object, java.lang.Object, java.lang.Object, java.lang.Object, java.lang.Object, java.lang.Object, java.lang.Object, java.lang.Obj
Event: 426.661 Thread 0x000001afeca96110 Exception <a 'java/lang/NoSuchMethodError'{0x00000000ee8fe068}: 'java.lang.Object java.lang.invoke.DirectMethodHandle$Holder.invokeStatic(java.lang.Object, java.lang.Object, java.lang.Object, java.lang.Object, java.lang.Object, java.lang.Object, java.lang.Object, java.lang.Object, java.lang.Object, java.lang.Object, java.lang.Object, java.lang.Object, java.lang.Object, java.lang.Object, java.lang.Object, java.lang.Object, java.lang.Object, java.lang.Object, java.lang.Object, java.lang.Object, java.lang.Obj
Event: 426.668 Thread 0x000001afeca96110 Exception <a 'java/lang/NoSuchMethodError'{0x00000000ee72db40}: 'java.lang.Object java.lang.invoke.DirectMethodHandle$Holder.invokeStatic(java.lang.Object, java.lang.Object, java.lang.Object, java.lang.Object, java.lang.Object, java.lang.Object, java.lang.Object, java.lang.Object, java.lang.Object, java.lang.Object, java.lang.Object, java.lang.Object, java.lang.Object, java.lang.Object, java.lang.Object, java.lang.Object, java.lang.Object, java.lang.Object, java.lang.Object, java.lang.Object, java.lang.Obj
Event: 426.676 Thread 0x000001afeca96110 Exception <a 'java/lang/NoSuchMethodError'{0x00000000ee75e350}: 'java.lang.Object java.lang.invoke.DirectMethodHandle$Holder.invokeStatic(java.lang.Object, java.lang.Object, java.lang.Object, java.lang.Object, java.lang.Object, java.lang.Object, java.lang.Object, java.lang.Object, java.lang.Object, java.lang.Object, java.lang.Object, java.lang.Object, java.lang.Object, java.lang.Object, java.lang.Object, java.lang.Object, java.lang.Object, java.lang.Object, java.lang.Object, java.lang.Object, java.lang.Obj
Event: 426.682 Thread 0x000001afeca96110 Exception <a 'java/lang/NoSuchMethodError'{0x00000000ee7906f8}: 'java.lang.Object java.lang.invoke.DirectMethodHandle$Holder.invokeStatic(java.lang.Object, java.lang.Object, java.lang.Object, java.lang.Object, java.lang.Object, java.lang.Object, java.lang.Object, java.lang.Object, java.lang.Object, java.lang.Object, java.lang.Object, java.lang.Object, java.lang.Object, java.lang.Object, java.lang.Object, java.lang.Object, java.lang.Object, java.lang.Object, java.lang.Object, java.lang.Object, java.lang.Obj
Event: 426.694 Thread 0x000001afeca96110 Exception <a 'java/lang/NoSuchMethodError'{0x00000000ee7c4138}: 'java.lang.Object java.lang.invoke.DirectMethodHandle$Holder.invokeStatic(java.lang.Object, java.lang.Object, java.lang.Object, java.lang.Object, java.lang.Object, java.lang.Object, java.lang.Object, java.lang.Object, java.lang.Object, java.lang.Object, java.lang.Object, java.lang.Object, java.lang.Object, java.lang.Object, java.lang.Object, java.lang.Object, java.lang.Object, java.lang.Object, java.lang.Object, java.lang.Object, java.lang.Obj

VM Operations (20 events):
Event: 422.531 Executing VM operation: Cleanup
Event: 422.806 Executing VM operation: Cleanup done
Event: 422.926 Executing VM operation: HandshakeAllThreads
Event: 422.927 Executing VM operation: HandshakeAllThreads done
Event: 423.943 Executing VM operation: Cleanup
Event: 423.991 Executing VM operation: Cleanup done
Event: 426.010 Executing VM operation: Cleanup
Event: 426.098 Executing VM operation: Cleanup done
Event: 427.115 Executing VM operation: Cleanup
Event: 427.115 Executing VM operation: Cleanup done
Event: 428.132 Executing VM operation: Cleanup
Event: 428.148 Executing VM operation: Cleanup done
Event: 440.392 Executing VM operation: Cleanup
Event: 440.392 Executing VM operation: Cleanup done
Event: 451.520 Executing VM operation: Cleanup
Event: 451.520 Executing VM operation: Cleanup done
Event: 460.617 Executing VM operation: Cleanup
Event: 460.617 Executing VM operation: Cleanup done
Event: 463.649 Executing VM operation: Cleanup
Event: 463.649 Executing VM operation: Cleanup done

Events (20 events):
Event: 426.574 loading class java/lang/invoke/BoundMethodHandle$Species_LLLLLLLLLLLLLLLL done
Event: 426.581 loading class java/lang/invoke/BoundMethodHandle$Species_LLLLLLLLLLLLLLLLL
Event: 426.581 loading class java/lang/invoke/BoundMethodHandle$Species_LLLLLLLLLLLLLLLLL done
Event: 426.590 loading class java/lang/invoke/BoundMethodHandle$Species_LLLLLLLLLLLLLLLLLL
Event: 426.590 loading class java/lang/invoke/BoundMethodHandle$Species_LLLLLLLLLLLLLLLLLL done
Event: 426.596 loading class java/lang/invoke/BoundMethodHandle$Species_LLLLLLLLLLLLLLLLLLL
Event: 426.596 loading class java/lang/invoke/BoundMethodHandle$Species_LLLLLLLLLLLLLLLLLLL done
Event: 426.603 loading class java/lang/invoke/BoundMethodHandle$Species_LLLLLLLLLLLLLLLLLLLL
Event: 426.603 loading class java/lang/invoke/BoundMethodHandle$Species_LLLLLLLLLLLLLLLLLLLL done
Event: 426.664 loading class java/lang/invoke/BoundMethodHandle$Species_LLLLLLLLLLLLLLLLLLLLL
Event: 426.664 loading class java/lang/invoke/BoundMethodHandle$Species_LLLLLLLLLLLLLLLLLLLLL done
Event: 426.673 loading class java/lang/invoke/BoundMethodHandle$Species_LLLLLLLLLLLLLLLLLLLLLL
Event: 426.673 loading class java/lang/invoke/BoundMethodHandle$Species_LLLLLLLLLLLLLLLLLLLLLL done
Event: 426.679 loading class java/lang/invoke/BoundMethodHandle$Species_LLLLLLLLLLLLLLLLLLLLLLL
Event: 426.679 loading class java/lang/invoke/BoundMethodHandle$Species_LLLLLLLLLLLLLLLLLLLLLLL done
Event: 426.685 loading class java/lang/invoke/BoundMethodHandle$Species_LLLLLLLLLLLLLLLLLLLLLLLL
Event: 426.685 loading class java/lang/invoke/BoundMethodHandle$Species_LLLLLLLLLLLLLLLLLLLLLLLL done
Event: 428.041 Thread 0x000001afee4661e0 Thread added: 0x000001afee4661e0
Event: 488.120 Thread 0x000001afee464030 Thread exited: 0x000001afee464030
Event: 488.557 Thread 0x000001afee4661e0 Thread exited: 0x000001afee4661e0


Dynamic libraries:
0x00007ff798a40000 - 0x00007ff798a50000 	C:\Program Files\Java\jdk-17\bin\java.exe
0x00007ff827db0000 - 0x00007ff827fc6000 	C:\WINDOWS\SYSTEM32\ntdll.dll
0x00007ff8266e0000 - 0x00007ff8267a4000 	C:\WINDOWS\System32\KERNEL32.DLL
0x00007ff8255f0000 - 0x00007ff825997000 	C:\WINDOWS\System32\KERNELBASE.dll
0x00007ff825210000 - 0x00007ff825321000 	C:\WINDOWS\System32\ucrtbase.dll
0x00007ff800410000 - 0x00007ff800429000 	C:\Program Files\Java\jdk-17\bin\jli.dll
0x00007ff826620000 - 0x00007ff8266d2000 	C:\WINDOWS\System32\ADVAPI32.dll
0x00007ffffde40000 - 0x00007ffffde5b000 	C:\Program Files\Java\jdk-17\bin\VCRUNTIME140.dll
0x00007ff826460000 - 0x00007ff826507000 	C:\WINDOWS\System32\msvcrt.dll
0x00007ff8263b0000 - 0x00007ff826458000 	C:\WINDOWS\System32\sechost.dll
0x00007ff8254a0000 - 0x00007ff8254c8000 	C:\WINDOWS\System32\bcrypt.dll
0x00007ff826d10000 - 0x00007ff826e25000 	C:\WINDOWS\System32\RPCRT4.dll
0x00007ff825c50000 - 0x00007ff825dfe000 	C:\WINDOWS\System32\USER32.dll
0x00007ff825ab0000 - 0x00007ff825ad6000 	C:\WINDOWS\System32\win32u.dll
0x00007ff827460000 - 0x00007ff827489000 	C:\WINDOWS\System32\GDI32.dll
0x00007ff8254d0000 - 0x00007ff8255e9000 	C:\WINDOWS\System32\gdi32full.dll
0x00007ff8259a0000 - 0x00007ff825a3a000 	C:\WINDOWS\System32\msvcp_win.dll
0x00007ff807ed0000 - 0x00007ff808163000 	C:\WINDOWS\WinSxS\amd64_microsoft.windows.common-controls_6595b64144ccf1df_6.0.22621.3235_none_270f74e173860f98\COMCTL32.dll
0x00007ff81b3f0000 - 0x00007ff81b3fa000 	C:\WINDOWS\SYSTEM32\VERSION.dll
0x00007ff827100000 - 0x00007ff827131000 	C:\WINDOWS\System32\IMM32.DLL
0x00007ff803bd0000 - 0x00007ff803bdc000 	C:\Program Files\Java\jdk-17\bin\vcruntime140_1.dll
0x00007fffa02d0000 - 0x00007fffa035e000 	C:\Program Files\Java\jdk-17\bin\msvcp140.dll
0x00007fff8f0d0000 - 0x00007fff8fcae000 	C:\Program Files\Java\jdk-17\bin\server\jvm.dll
0x00007ff827450000 - 0x00007ff827458000 	C:\WINDOWS\System32\PSAPI.DLL
0x00007ff80d820000 - 0x00007ff80d829000 	C:\WINDOWS\SYSTEM32\WSOCK32.dll
0x00007ff827080000 - 0x00007ff8270f1000 	C:\WINDOWS\System32\WS2_32.dll
0x00007ff81d690000 - 0x00007ff81d6c4000 	C:\WINDOWS\SYSTEM32\WINMM.dll
0x00007ff8240d0000 - 0x00007ff8240e8000 	C:\WINDOWS\SYSTEM32\kernel.appcore.dll
0x00007ff802e90000 - 0x00007ff802e9a000 	C:\Program Files\Java\jdk-17\bin\jimage.dll
0x00007ff822700000 - 0x00007ff822933000 	C:\WINDOWS\SYSTEM32\DBGHELP.DLL
0x00007ff826980000 - 0x00007ff826d08000 	C:\WINDOWS\System32\combase.dll
0x00007ff826280000 - 0x00007ff826357000 	C:\WINDOWS\System32\OLEAUT32.dll
0x00007ff8176c0000 - 0x00007ff8176f2000 	C:\WINDOWS\SYSTEM32\dbgcore.DLL
0x00007ff825190000 - 0x00007ff825209000 	C:\WINDOWS\System32\bcryptPrimitives.dll
0x00007ff80e6b0000 - 0x00007ff80e6be000 	C:\Program Files\Java\jdk-17\bin\instrument.dll
0x00007ffff72d0000 - 0x00007ffff72f5000 	C:\Program Files\Java\jdk-17\bin\java.dll
0x00007fff9dd60000 - 0x00007fff9de37000 	C:\Program Files\Java\jdk-17\bin\jsvml.dll
0x00007ff827510000 - 0x00007ff827d6c000 	C:\WINDOWS\System32\SHELL32.dll
0x00007ff822fe0000 - 0x00007ff8238d9000 	C:\WINDOWS\SYSTEM32\windows.storage.dll
0x00007ff822ea0000 - 0x00007ff822fde000 	C:\WINDOWS\SYSTEM32\wintypes.dll
0x00007ff826880000 - 0x00007ff826973000 	C:\WINDOWS\System32\SHCORE.dll
0x00007ff8265b0000 - 0x00007ff82660e000 	C:\WINDOWS\System32\shlwapi.dll
0x00007ff825000000 - 0x00007ff825021000 	C:\WINDOWS\SYSTEM32\profapi.dll
0x00007ffff0120000 - 0x00007ffff0138000 	C:\Program Files\Java\jdk-17\bin\zip.dll
0x00007ffffde20000 - 0x00007ffffde39000 	C:\Program Files\Java\jdk-17\bin\net.dll
0x00007ff81dea0000 - 0x00007ff81dfd6000 	C:\WINDOWS\SYSTEM32\WINHTTP.dll
0x00007ff824530000 - 0x00007ff824599000 	C:\WINDOWS\system32\mswsock.dll
0x00007ffffdc80000 - 0x00007ffffdc96000 	C:\Program Files\Java\jdk-17\bin\nio.dll
0x00007ffff3080000 - 0x00007ffff3090000 	C:\Program Files\Java\jdk-17\bin\verify.dll
0x00007fffe8090000 - 0x00007fffe80b7000 	C:\Users\LENOVO\.gradle\native\c067742578af261105cb4f569cf0c3c89f3d7b1fecec35dd04571415982c5e48\windows-amd64\native-platform.dll
0x00007fff9de60000 - 0x00007fff9dfa4000 	C:\Users\LENOVO\.gradle\native\38dada09dfb8b06ba9b0570ebf7e218e3eb74d4ef43ca46872605cf95ebc2f47\windows-amd64\native-platform-file-events.dll
0x00007ff80e6a0000 - 0x00007ff80e6aa000 	C:\Program Files\Java\jdk-17\bin\management.dll
0x00007ff80e690000 - 0x00007ff80e69b000 	C:\Program Files\Java\jdk-17\bin\management_ext.dll
0x00007ff8247d0000 - 0x00007ff8247eb000 	C:\WINDOWS\SYSTEM32\CRYPTSP.dll
0x00007ff824030000 - 0x00007ff824065000 	C:\WINDOWS\system32\rsaenh.dll
0x00007ff8245d0000 - 0x00007ff8245f8000 	C:\WINDOWS\SYSTEM32\USERENV.dll
0x00007ff824740000 - 0x00007ff82474c000 	C:\WINDOWS\SYSTEM32\CRYPTBASE.dll
0x00007ff823b40000 - 0x00007ff823b6d000 	C:\WINDOWS\SYSTEM32\IPHLPAPI.DLL
0x00007ff826610000 - 0x00007ff826619000 	C:\WINDOWS\System32\NSI.dll
0x00007ff81e160000 - 0x00007ff81e179000 	C:\WINDOWS\SYSTEM32\dhcpcsvc6.DLL
0x00007ff81e140000 - 0x00007ff81e15f000 	C:\WINDOWS\SYSTEM32\dhcpcsvc.DLL
0x00007ff823bb0000 - 0x00007ff823ca9000 	C:\WINDOWS\SYSTEM32\DNSAPI.dll
0x00007ff80e680000 - 0x00007ff80e68e000 	C:\Program Files\Java\jdk-17\bin\sunmscapi.dll
0x00007ff825330000 - 0x00007ff825497000 	C:\WINDOWS\System32\CRYPT32.dll
0x00007ff8249a0000 - 0x00007ff8249ce000 	C:\WINDOWS\SYSTEM32\ncrypt.dll
0x00007ff824960000 - 0x00007ff824997000 	C:\WINDOWS\SYSTEM32\NTASN1.dll
0x00007ff817ad0000 - 0x00007ff817ad8000 	C:\WINDOWS\system32\wshunix.dll

dbghelp: loaded successfully - version: 4.0.5 - missing functions: none
symbol engine: initialized successfully - sym options: 0x614 - pdb path: .;C:\Program Files\Java\jdk-17\bin;C:\WINDOWS\SYSTEM32;C:\WINDOWS\WinSxS\amd64_microsoft.windows.common-controls_6595b64144ccf1df_6.0.22621.3235_none_270f74e173860f98;C:\Program Files\Java\jdk-17\bin\server;C:\Users\LENOVO\.gradle\native\c067742578af261105cb4f569cf0c3c89f3d7b1fecec35dd04571415982c5e48\windows-amd64;C:\Users\LENOVO\.gradle\native\38dada09dfb8b06ba9b0570ebf7e218e3eb74d4ef43ca46872605cf95ebc2f47\windows-amd64

VM Arguments:
jvm_args: --add-opens=java.base/java.util=ALL-UNNAMED --add-opens=java.base/java.lang=ALL-UNNAMED --add-opens=java.base/java.lang.invoke=ALL-UNNAMED --add-opens=java.prefs/java.util.prefs=ALL-UNNAMED --add-opens=java.base/java.nio.charset=ALL-UNNAMED --add-opens=java.base/java.net=ALL-UNNAMED --add-opens=java.base/java.util.concurrent.atomic=ALL-UNNAMED -XX:MaxMetaspaceSize=384m -XX:+HeapDumpOnOutOfMemoryError -Xms256m -Xmx512m -Dfile.encoding=windows-1252 -Duser.country=US -Duser.language=en -Duser.variant -javaagent:C:\Users\LENOVO\.gradle\wrapper\dists\gradle-8.7-bin\bhs2wmbdwecv87pi65oeuq5iu\gradle-8.7\lib\agents\gradle-instrumentation-agent-8.7.jar 
java_command: org.gradle.launcher.daemon.bootstrap.GradleDaemon 8.7
java_class_path (initial): C:\Users\LENOVO\.gradle\wrapper\dists\gradle-8.7-bin\bhs2wmbdwecv87pi65oeuq5iu\gradle-8.7\lib\gradle-launcher-8.7.jar
Launcher Type: SUN_STANDARD

[Global flags]
     intx CICompilerCount                          = 4                                         {product} {ergonomic}
   size_t CompressedClassSpaceSize                 = 335544320                                 {product} {ergonomic}
     uint ConcGCThreads                            = 2                                         {product} {ergonomic}
     uint G1ConcRefinementThreads                  = 8                                         {product} {ergonomic}
   size_t G1HeapRegionSize                         = 1048576                                   {product} {ergonomic}
    uintx GCDrainStackTargetSize                   = 64                                        {product} {ergonomic}
     bool HeapDumpOnOutOfMemoryError               = true                                   {manageable} {command line}
   size_t InitialHeapSize                          = 268435456                                 {product} {command line}
   size_t MarkStackSize                            = 4194304                                   {product} {ergonomic}
   size_t MaxHeapSize                              = 536870912                                 {product} {command line}
   size_t MaxMetaspaceSize                         = 402653184                                 {product} {command line}
   size_t MaxNewSize                               = 321912832                                 {product} {ergonomic}
   size_t MinHeapDeltaBytes                        = 1048576                                   {product} {ergonomic}
   size_t MinHeapSize                              = 268435456                                 {product} {command line}
    uintx NonNMethodCodeHeapSize                   = 5839372                                {pd product} {ergonomic}
    uintx NonProfiledCodeHeapSize                  = 122909434                              {pd product} {ergonomic}
    uintx ProfiledCodeHeapSize                     = 122909434                              {pd product} {ergonomic}
    uintx ReservedCodeCacheSize                    = 251658240                              {pd product} {ergonomic}
     bool SegmentedCodeCache                       = true                                      {product} {ergonomic}
   size_t SoftMaxHeapSize                          = 536870912                              {manageable} {ergonomic}
     bool UseCompressedClassPointers               = true                           {product lp64_product} {ergonomic}
     bool UseCompressedOops                        = true                           {product lp64_product} {ergonomic}
     bool UseG1GC                                  = true                                      {product} {ergonomic}
     bool UseLargePagesIndividualAllocation        = false                                  {pd product} {ergonomic}

Logging:
Log output configuration:
 #0: stdout all=warning uptime,level,tags
 #1: stderr all=off uptime,level,tags

Environment Variables:
JAVA_HOME=C:\Program Files\Java\jdk-17
PATH=c:\Users\LENOVO\AppData\Local\Programs\cursor\resources\app\bin;C:\Program Files\Common Files\Oracle\Java\javapath;C:\WINDOWS\system32;C:\WINDOWS;C:\WINDOWS\System32\Wbem;C:\WINDOWS\System32\WindowsPowerShell\v1.0\;C:\WINDOWS\System32\OpenSSH\;C:\Program Files\Azure Data Studio\bin;C:\Program Files\MongoDB\Server\5.0\tools;C:\Program Files\MongoDB\Server\5.0\bin;C:\Program Files (x86)\Microsoft SQL Server\160\Tools\Binn\;C:\Program Files\Microsoft SQL Server\160\Tools\Binn\;C:\Program Files\Microsoft SQL Server\Client SDK\ODBC\170\Tools\Binn\;C:\Program Files\Microsoft SQL Server\160\DTS\Binn\;C:\Program Files (x86)\Microsoft SQL Server\160\DTS\Binn\;C:\Program Files\Git\cmd;C:\Program Files\Java\jdk-17\bin;C:\Program Files\nodejs\;C:\Program Files\Docker\Docker\resources\bin;C:\Users\LENOVO\AppData\Local\Programs\Python\Python311\Scripts\;C:\Users\LENOVO\AppData\Local\Programs\Python\Python311\;C:\Users\LENOVO\AppData\Local\Microsoft\WindowsApps;C:\Program Files\Azure Data Studio\bin;C:\Users\LENOVO\AppData\;c:\Users\LENOVO\AppData\Local\Programs\cursor\resources\app\bin;D:\TRANDINHCHUONG_20002835\kafka\bin\windows;C:\Users\LENOVO\AppData\Local\Programs\Python\Python311\Scripts\;C:\Users\LENOVO\AppData\Local\Programs\Python\Python311\;C:\Users\LENOVO\AppData\Local\Microsoft\WindowsApps;C:\Users\LENOVO\AppData\Local\Programs\Microsoft VS Code\bin;C:\Program Files\Azure Data Studio\bin;C:\Users\LENOVO\AppData\Local\Programs\mongosh\;C:\Program Files\Java\jdk-17\bin;D:\IntelliJ IDEA 2024.1\bin;;C:\Users\LENOVO\AppData\Roaming\npm;C:\Users\LENOVO\AppData\Local\Google\Cloud SDK\google-cloud-sdk\bin;C:\Program Files\JetBrains\WebStorm 2024.1\bin;
USERNAME=LENOVO
OS=Windows_NT
PROCESSOR_IDENTIFIER=Intel64 Family 6 Model 126 Stepping 5, GenuineIntel



---------------  S Y S T E M  ---------------

OS:
 Windows 11 , 64 bit Build 22621 (10.0.22621.3374)
OS uptime: 0 days 3:50 hours
Hyper-V role detected

CPU: total 8 (initial active 8) (4 cores per cpu, 2 threads per core) family 6 model 126 stepping 5 microcode 0xa0, cx8, cmov, fxsr, ht, mmx, 3dnowpref, sse, sse2, sse3, ssse3, sse4.1, sse4.2, popcnt, lzcnt, tsc, tscinvbit, avx, avx2, aes, erms, clmul, bmi1, bmi2, adx, avx512f, avx512dq, avx512cd, avx512bw, avx512vl, sha, fma, vzeroupper, avx512_vpopcntdq, avx512_vpclmulqdq, avx512_vaes, avx512_vnni, clflush, clflushopt, avx512_vbmi2, avx512_vbmi, hv

Memory: 4k page, system-wide physical 20222M (703M free)
TotalPageFile size 58622M (AvailPageFile size 350M)
current process WorkingSet (physical memory assigned to process): 92M, peak: 275M
current process commit charge ("private bytes"): 431M, peak: 451M

vm_info: Java HotSpot(TM) 64-Bit Server VM (17.0.8+9-LTS-211) for windows-amd64 JRE (17.0.8+9-LTS-211), built on Jun 14 2023 10:34:31 by "mach5one" with MS VC++ 17.1 (VS2022)

END.
