#
# There is insufficient memory for the Java Runtime Environment to continue.
# Native memory allocation (malloc) failed to allocate 290064 bytes for Chunk::new
# Possible reasons:
#   The system is out of physical RAM or swap space
#   The process is running with CompressedOops enabled, and the Java Heap may be blocking the growth of the native heap
# Possible solutions:
#   Reduce memory load on the system
#   Increase physical memory or swap space
#   Check if swap backing store is full
#   Decrease Java heap size (-Xmx/-Xms)
#   Decrease number of Java threads
#   Decrease Java thread stack sizes (-Xss)
#   Set larger code cache with -XX:ReservedCodeCacheSize=
#   JVM is running with Unscaled Compressed Oops mode in which the Java heap is
#     placed in the first 4GB address space. The Java Heap base address is the
#     maximum limit for the native heap growth. Please use -XX:HeapBaseMinAddress
#     to set the Java Heap base and to place the Java Heap above 4GB virtual address.
# This output file may be truncated or incomplete.
#
#  Out of Memory Error (arena.cpp:189), pid=7424, tid=4736
#
# JRE version: Java(TM) SE Runtime Environment (17.0.8+9) (build 17.0.8+9-LTS-211)
# Java VM: Java HotSpot(TM) 64-Bit Server VM (17.0.8+9-LTS-211, mixed mode, sharing, tiered, compressed oops, compressed class ptrs, g1 gc, windows-amd64)
# No core dump will be written. Minidumps are not enabled by default on client versions of Windows
#

---------------  S U M M A R Y ------------

Command Line: --add-opens=java.base/java.util=ALL-UNNAMED --add-opens=java.base/java.lang=ALL-UNNAMED --add-opens=java.base/java.lang.invoke=ALL-UNNAMED --add-opens=java.prefs/java.util.prefs=ALL-UNNAMED --add-opens=java.base/java.nio.charset=ALL-UNNAMED --add-opens=java.base/java.net=ALL-UNNAMED --add-opens=java.base/java.util.concurrent.atomic=ALL-UNNAMED -XX:MaxMetaspaceSize=384m -XX:+HeapDumpOnOutOfMemoryError -Xms256m -Xmx512m -Dfile.encoding=windows-1252 -Duser.country=US -Duser.language=en -Duser.variant -javaagent:C:\Users\LENOVO\.gradle\wrapper\dists\gradle-8.7-bin\bhs2wmbdwecv87pi65oeuq5iu\gradle-8.7\lib\agents\gradle-instrumentation-agent-8.7.jar org.gradle.launcher.daemon.bootstrap.GradleDaemon 8.7

Host: Intel(R) Core(TM) i7-1065G7 CPU @ 1.30GHz, 8 cores, 19G,  Windows 11 , 64 bit Build 22621 (10.0.22621.3374)
Time: Sun May 19 17:19:06 2024 SE Asia Standard Time elapsed time: 491.470740 seconds (0d 0h 8m 11s)

---------------  T H R E A D  ---------------

Current thread (0x0000022b802bd750):  JavaThread "C2 CompilerThread0" daemon [_thread_in_native, id=4736, stack(0x000000f439300000,0x000000f439400000)]


Current CompileTask:
C2: 491470 5027       4       java.net.InetAddress::getByAddress (114 bytes)

Stack: [0x000000f439300000,0x000000f439400000]
Native frames: (J=compiled Java code, j=interpreted, Vv=VM code, C=native code)
V  [jvm.dll+0x677d0a]
V  [jvm.dll+0x7d8c54]
V  [jvm.dll+0x7da3fe]
V  [jvm.dll+0x7daa63]
V  [jvm.dll+0x245c5f]
V  [jvm.dll+0xaaa6b]
V  [jvm.dll+0xab00c]
V  [jvm.dll+0x361e8e]
V  [jvm.dll+0x32c551]
V  [jvm.dll+0x32b9ea]
V  [jvm.dll+0x217fff]
V  [jvm.dll+0x217431]
V  [jvm.dll+0x1a3af0]
V  [jvm.dll+0x2270be]
V  [jvm.dll+0x22535b]
V  [jvm.dll+0x78e7bc]
V  [jvm.dll+0x788bba]
V  [jvm.dll+0x676b35]
C  [ucrtbase.dll+0x29333]
C  [KERNEL32.DLL+0x1257d]
C  [ntdll.dll+0x5aa48]


---------------  P R O C E S S  ---------------

Threads class SMR info:
_java_thread_list=0x0000022b9c514fb0, length=39, elements={
0x0000022be58e5c30, 0x0000022b8029a3c0, 0x0000022b8029af70, 0x0000022b802b6990,
0x0000022b802b7540, 0x0000022b802ba000, 0x0000022b802bc9c0, 0x0000022b802bd750,
0x0000022b802c89d0, 0x0000022b802d97b0, 0x0000022b80521c80, 0x0000022b8059fd70,
0x0000022b9abbd000, 0x0000022b9a9b35f0, 0x0000022b9a9b3ac0, 0x0000022b9a9b52d0,
0x0000022b9a9b3f90, 0x0000022b9a9b5c70, 0x0000022b9a9b4460, 0x0000022b9a9b3120,
0x0000022b9a9b22b0, 0x0000022b9a9b4e00, 0x0000022b9a9b2780, 0x0000022b9a9b4930,
0x0000022b9a9b2c50, 0x0000022b9b0a4be0, 0x0000022b9b0a50b0, 0x0000022b9b0a2f00,
0x0000022b9b0a2a30, 0x0000022b9b0a1bc0, 0x0000022b9b0a33d0, 0x0000022b9b0a4240,
0x0000022b9b0a2090, 0x0000022b9b0a38a0, 0x0000022b9a711b00, 0x0000022b9a70e140,
0x0000022b9a70e610, 0x0000022b9a70eae0, 0x0000022b9a70f950
}

Java Threads: ( => current thread )
  0x0000022be58e5c30 JavaThread "main" [_thread_blocked, id=25156, stack(0x000000f438600000,0x000000f438700000)]
  0x0000022b8029a3c0 JavaThread "Reference Handler" daemon [_thread_blocked, id=11200, stack(0x000000f438d00000,0x000000f438e00000)]
  0x0000022b8029af70 JavaThread "Finalizer" daemon [_thread_blocked, id=21592, stack(0x000000f438e00000,0x000000f438f00000)]
  0x0000022b802b6990 JavaThread "Signal Dispatcher" daemon [_thread_blocked, id=5848, stack(0x000000f438f00000,0x000000f439000000)]
  0x0000022b802b7540 JavaThread "Attach Listener" daemon [_thread_blocked, id=18032, stack(0x000000f439000000,0x000000f439100000)]
  0x0000022b802ba000 JavaThread "Service Thread" daemon [_thread_blocked, id=5764, stack(0x000000f439100000,0x000000f439200000)]
  0x0000022b802bc9c0 JavaThread "Monitor Deflation Thread" daemon [_thread_blocked, id=19552, stack(0x000000f439200000,0x000000f439300000)]
=>0x0000022b802bd750 JavaThread "C2 CompilerThread0" daemon [_thread_in_native, id=4736, stack(0x000000f439300000,0x000000f439400000)]
  0x0000022b802c89d0 JavaThread "C1 CompilerThread0" daemon [_thread_blocked, id=13324, stack(0x000000f439400000,0x000000f439500000)]
  0x0000022b802d97b0 JavaThread "Sweeper thread" daemon [_thread_blocked, id=25428, stack(0x000000f439500000,0x000000f439600000)]
  0x0000022b80521c80 JavaThread "Common-Cleaner" daemon [_thread_blocked, id=16468, stack(0x000000f439600000,0x000000f439700000)]
  0x0000022b8059fd70 JavaThread "Notification Thread" daemon [_thread_blocked, id=2580, stack(0x000000f439700000,0x000000f439800000)]
  0x0000022b9abbd000 JavaThread "Daemon health stats" [_thread_blocked, id=8484, stack(0x000000f438300000,0x000000f438400000)]
  0x0000022b9a9b35f0 JavaThread "Incoming local TCP Connector on port 54456" [_thread_in_native, id=23384, stack(0x000000f439e00000,0x000000f439f00000)]
  0x0000022b9a9b3ac0 JavaThread "Daemon periodic checks" [_thread_in_native, id=25500, stack(0x000000f439f00000,0x000000f43a000000)]
  0x0000022b9a9b52d0 JavaThread "Daemon" [_thread_blocked, id=28620, stack(0x000000f43a200000,0x000000f43a300000)]
  0x0000022b9a9b3f90 JavaThread "Handler for socket connection from /127.0.0.1:54456 to /127.0.0.1:54500" [_thread_in_native, id=28624, stack(0x000000f43a300000,0x000000f43a400000)]
  0x0000022b9a9b5c70 JavaThread "Cancel handler" [_thread_blocked, id=28640, stack(0x000000f43a400000,0x000000f43a500000)]
  0x0000022b9a9b4460 JavaThread "Daemon worker" [_thread_blocked, id=19836, stack(0x000000f43a500000,0x000000f43a600000)]
  0x0000022b9a9b3120 JavaThread "Asynchronous log dispatcher for DefaultDaemonConnection: socket connection from /127.0.0.1:54456 to /127.0.0.1:54500" [_thread_blocked, id=12944, stack(0x000000f43a600000,0x000000f43a700000)]
  0x0000022b9a9b22b0 JavaThread "Stdin handler" [_thread_blocked, id=25568, stack(0x000000f43a700000,0x000000f43a800000)]
  0x0000022b9a9b4e00 JavaThread "Daemon client event forwarder" [_thread_blocked, id=26812, stack(0x000000f43a800000,0x000000f43a900000)]
  0x0000022b9a9b2780 JavaThread "Cache worker for journal cache (C:\Users\LENOVO\.gradle\caches\journal-1)" [_thread_blocked, id=7408, stack(0x000000f43a900000,0x000000f43aa00000)]
  0x0000022b9a9b4930 JavaThread "File lock request listener" [_thread_in_native, id=26312, stack(0x000000f43aa00000,0x000000f43ab00000)]
  0x0000022b9a9b2c50 JavaThread "Cache worker for file hash cache (C:\Users\LENOVO\.gradle\caches\8.7\fileHashes)" [_thread_blocked, id=28948, stack(0x000000f43ac00000,0x000000f43ad00000)]
  0x0000022b9b0a4be0 JavaThread "Cache worker for file hash cache (D:\DoAnKienTruc\sa-microservices-arch\email-notification-service\.gradle\8.7\fileHashes)" [_thread_blocked, id=29412, stack(0x000000f43af00000,0x000000f43b000000)]
  0x0000022b9b0a50b0 JavaThread "File watcher server" daemon [_thread_in_native, id=29440, stack(0x000000f43b000000,0x000000f43b100000)]
  0x0000022b9b0a2f00 JavaThread "File watcher consumer" daemon [_thread_blocked, id=29444, stack(0x000000f43b100000,0x000000f43b200000)]
  0x0000022b9b0a2a30 JavaThread "Cache worker for checksums cache (D:\DoAnKienTruc\sa-microservices-arch\email-notification-service\.gradle\8.7\checksums)" [_thread_blocked, id=29484, stack(0x000000f43b300000,0x000000f43b400000)]
  0x0000022b9b0a1bc0 JavaThread "Cache worker for cache directory md-supplier (C:\Users\LENOVO\.gradle\caches\8.7\md-supplier)" [_thread_blocked, id=29496, stack(0x000000f43b400000,0x000000f43b500000)]
  0x0000022b9b0a33d0 JavaThread "Cache worker for cache directory md-rule (C:\Users\LENOVO\.gradle\caches\8.7\md-rule)" [_thread_blocked, id=29504, stack(0x000000f43b500000,0x000000f43b600000)]
  0x0000022b9b0a4240 JavaThread "Cache worker for file content cache (C:\Users\LENOVO\.gradle\caches\8.7\fileContent)" [_thread_blocked, id=29544, stack(0x000000f43b600000,0x000000f43b700000)]
  0x0000022b9b0a2090 JavaThread "jar transforms" [_thread_blocked, id=29216, stack(0x000000f43b700000,0x000000f43b800000)]
  0x0000022b9b0a38a0 JavaThread "jar transforms Thread 2" [_thread_blocked, id=29644, stack(0x000000f438400000,0x000000f438500000)]
  0x0000022b9a711b00 JavaThread "jar transforms Thread 3" [_thread_blocked, id=31904, stack(0x000000f438500000,0x000000f438600000)]
  0x0000022b9a70e140 JavaThread "jar transforms Thread 4" [_thread_blocked, id=32944, stack(0x000000f43a100000,0x000000f43a200000)]
  0x0000022b9a70e610 JavaThread "jar transforms Thread 5" [_thread_blocked, id=33156, stack(0x000000f43ab00000,0x000000f43ac00000)]
  0x0000022b9a70eae0 JavaThread "jar transforms Thread 6" [_thread_blocked, id=37856, stack(0x000000f43a000000,0x000000f43a100000)]
  0x0000022b9a70f950 JavaThread "Cache worker for Build Output Cleanup Cache (D:\DoAnKienTruc\sa-microservices-arch\email-notification-service\.gradle\buildOutputCleanup)" [_thread_blocked, id=35496, stack(0x000000f43b900000,0x000000f43ba00000)]

Other Threads:
  0x0000022b80295c80 VMThread "VM Thread" [stack: 0x000000f438c00000,0x000000f438d00000] [id=25736]
  0x0000022b805a0240 WatcherThread [stack: 0x000000f439800000,0x000000f439900000] [id=7296]
  0x0000022be5916460 GCTaskThread "GC Thread#0" [stack: 0x000000f438700000,0x000000f438800000] [id=21500]
  0x0000022b9a5324d0 GCTaskThread "GC Thread#1" [stack: 0x000000f439900000,0x000000f439a00000] [id=16568]
  0x0000022b9a532780 GCTaskThread "GC Thread#2" [stack: 0x000000f439a00000,0x000000f439b00000] [id=4384]
  0x0000022b9a532a30 GCTaskThread "GC Thread#3" [stack: 0x000000f439b00000,0x000000f439c00000] [id=1912]
  0x0000022b9aca52b0 GCTaskThread "GC Thread#4" [stack: 0x000000f439c00000,0x000000f439d00000] [id=19980]
  0x0000022b9aca5560 GCTaskThread "GC Thread#5" [stack: 0x000000f439d00000,0x000000f439e00000] [id=17764]
  0x0000022b9a88f8a0 GCTaskThread "GC Thread#6" [stack: 0x000000f43ad00000,0x000000f43ae00000] [id=29340]
  0x0000022b9a88ede0 GCTaskThread "GC Thread#7" [stack: 0x000000f43ae00000,0x000000f43af00000] [id=29344]
  0x0000022be591b3a0 ConcurrentGCThread "G1 Main Marker" [stack: 0x000000f438800000,0x000000f438900000] [id=12696]
  0x0000022be591bdb0 ConcurrentGCThread "G1 Conc#0" [stack: 0x000000f438900000,0x000000f438a00000] [id=26408]
  0x0000022b9a88f340 ConcurrentGCThread "G1 Conc#1" [stack: 0x000000f43b200000,0x000000f43b300000] [id=29452]
  0x0000022be59adf00 ConcurrentGCThread "G1 Refine#0" [stack: 0x000000f438a00000,0x000000f438b00000] [id=3104]
  0x0000022be59ae920 ConcurrentGCThread "G1 Service" [stack: 0x000000f438b00000,0x000000f438c00000] [id=22604]

Threads with active compile tasks:
C2 CompilerThread0   491538 5027       4       java.net.InetAddress::getByAddress (114 bytes)

VM state: not at safepoint (normal execution)

VM Mutex/Monitor currently owned by a thread: None

Heap address: 0x00000000e0000000, size: 512 MB, Compressed Oops mode: 32-bit

CDS archive(s) mapped at: [0x0000022b81000000-0x0000022b81bd0000-0x0000022b81bd0000), size 12386304, SharedBaseAddress: 0x0000022b81000000, ArchiveRelocationMode: 1.
Compressed class space mapped at: 0x0000022b82000000-0x0000022b96000000, reserved size: 335544320
Narrow klass base: 0x0000022b81000000, Narrow klass shift: 0, Narrow klass range: 0x100000000

GC Precious Log:
 CPUs: 8 total, 8 available
 Memory: 20222M
 Large Page Support: Disabled
 NUMA Support: Disabled
 Compressed Oops: Enabled (32-bit)
 Heap Region Size: 1M
 Heap Min Capacity: 256M
 Heap Initial Capacity: 256M
 Heap Max Capacity: 512M
 Pre-touch: Disabled
 Parallel Workers: 8
 Concurrent Workers: 2
 Concurrent Refinement Workers: 8
 Periodic GC: Disabled

Heap:
 garbage-first heap   total 262144K, used 69521K [0x00000000e0000000, 0x0000000100000000)
  region size 1024K, 38 young (38912K), 2 survivors (2048K)
 Metaspace       used 39379K, committed 39872K, reserved 393216K
  class space    used 5402K, committed 5632K, reserved 327680K

Heap Regions: E=young(eden), S=young(survivor), O=old, HS=humongous(starts), HC=humongous(continues), CS=collection set, F=free, OA=open archive, CA=closed archive, TAMS=top-at-mark-start (previous, next)
|   0|0x00000000e0000000, 0x00000000e0100000, 0x00000000e0100000|100%|HS|  |TAMS 0x00000000e0100000, 0x00000000e0000000| Complete 
|   1|0x00000000e0100000, 0x00000000e0200000, 0x00000000e0200000|100%|HC|  |TAMS 0x00000000e0200000, 0x00000000e0100000| Complete 
|   2|0x00000000e0200000, 0x00000000e0300000, 0x00000000e0300000|100%|HC|  |TAMS 0x00000000e0300000, 0x00000000e0200000| Complete 
|   3|0x00000000e0300000, 0x00000000e0400000, 0x00000000e0400000|100%|HC|  |TAMS 0x00000000e0400000, 0x00000000e0300000| Complete 
|   4|0x00000000e0400000, 0x00000000e0500000, 0x00000000e0500000|100%| O|  |TAMS 0x00000000e0500000, 0x00000000e0400000| Untracked 
|   5|0x00000000e0500000, 0x00000000e0600000, 0x00000000e0600000|100%| O|  |TAMS 0x00000000e0600000, 0x00000000e0500000| Untracked 
|   6|0x00000000e0600000, 0x00000000e0700000, 0x00000000e0700000|100%| O|  |TAMS 0x00000000e0700000, 0x00000000e0600000| Untracked 
|   7|0x00000000e0700000, 0x00000000e0800000, 0x00000000e0800000|100%| O|  |TAMS 0x00000000e0800000, 0x00000000e0700000| Untracked 
|   8|0x00000000e0800000, 0x00000000e0900000, 0x00000000e0900000|100%| O|  |TAMS 0x00000000e0900000, 0x00000000e0800000| Untracked 
|   9|0x00000000e0900000, 0x00000000e0a00000, 0x00000000e0a00000|100%| O|  |TAMS 0x00000000e0a00000, 0x00000000e0900000| Untracked 
|  10|0x00000000e0a00000, 0x00000000e0b00000, 0x00000000e0b00000|100%| O|  |TAMS 0x00000000e0b00000, 0x00000000e0a00000| Untracked 
|  11|0x00000000e0b00000, 0x00000000e0c00000, 0x00000000e0c00000|100%| O|  |TAMS 0x00000000e0c00000, 0x00000000e0b00000| Untracked 
|  12|0x00000000e0c00000, 0x00000000e0d00000, 0x00000000e0d00000|100%| O|  |TAMS 0x00000000e0c00000, 0x00000000e0c00000| Untracked 
|  13|0x00000000e0d00000, 0x00000000e0e00000, 0x00000000e0e00000|100%| O|  |TAMS 0x00000000e0d00000, 0x00000000e0d00000| Untracked 
|  14|0x00000000e0e00000, 0x00000000e0f00000, 0x00000000e0f00000|100%| O|  |TAMS 0x00000000e0e00000, 0x00000000e0e00000| Untracked 
|  15|0x00000000e0f00000, 0x00000000e1000000, 0x00000000e1000000|100%| O|  |TAMS 0x00000000e0f00000, 0x00000000e0f00000| Untracked 
|  16|0x00000000e1000000, 0x00000000e1100000, 0x00000000e1100000|100%| O|  |TAMS 0x00000000e1000000, 0x00000000e1000000| Untracked 
|  17|0x00000000e1100000, 0x00000000e1200000, 0x00000000e1200000|100%| O|  |TAMS 0x00000000e1200000, 0x00000000e1100000| Untracked 
|  18|0x00000000e1200000, 0x00000000e1300000, 0x00000000e1300000|100%| O|  |TAMS 0x00000000e1300000, 0x00000000e1200000| Untracked 
|  19|0x00000000e1300000, 0x00000000e1400000, 0x00000000e1400000|100%| O|  |TAMS 0x00000000e1400000, 0x00000000e1300000| Untracked 
|  20|0x00000000e1400000, 0x00000000e1500000, 0x00000000e1500000|100%| O|  |TAMS 0x00000000e1500000, 0x00000000e1400000| Untracked 
|  21|0x00000000e1500000, 0x00000000e1600000, 0x00000000e1600000|100%| O|  |TAMS 0x00000000e1600000, 0x00000000e1500000| Untracked 
|  22|0x00000000e1600000, 0x00000000e1700000, 0x00000000e1700000|100%| O|  |TAMS 0x00000000e1700000, 0x00000000e1600000| Untracked 
|  23|0x00000000e1700000, 0x00000000e1800000, 0x00000000e1800000|100%| O|  |TAMS 0x00000000e1800000, 0x00000000e1700000| Untracked 
|  24|0x00000000e1800000, 0x00000000e1900000, 0x00000000e1900000|100%| O|  |TAMS 0x00000000e1900000, 0x00000000e1800000| Untracked 
|  25|0x00000000e1900000, 0x00000000e1a00000, 0x00000000e1a00000|100%| O|  |TAMS 0x00000000e199e000, 0x00000000e1900000| Untracked 
|  26|0x00000000e1a00000, 0x00000000e1b00000, 0x00000000e1b00000|100%| O|  |TAMS 0x00000000e1a00000, 0x00000000e1a00000| Untracked 
|  27|0x00000000e1b00000, 0x00000000e1c00000, 0x00000000e1c00000|100%| O|  |TAMS 0x00000000e1b00000, 0x00000000e1b00000| Untracked 
|  28|0x00000000e1c00000, 0x00000000e1d00000, 0x00000000e1d00000|100%| O|  |TAMS 0x00000000e1c00000, 0x00000000e1c00000| Untracked 
|  29|0x00000000e1d00000, 0x00000000e1e00000, 0x00000000e1e00000|100%| O|  |TAMS 0x00000000e1d00000, 0x00000000e1d00000| Untracked 
|  30|0x00000000e1e00000, 0x00000000e1e38000, 0x00000000e1f00000| 21%| O|  |TAMS 0x00000000e1e00000, 0x00000000e1e00000| Untracked 
|  31|0x00000000e1f00000, 0x00000000e2000000, 0x00000000e2000000|100%|HS|  |TAMS 0x00000000e1f00000, 0x00000000e1f00000| Complete 
|  32|0x00000000e2000000, 0x00000000e2100000, 0x00000000e2100000|100%|HS|  |TAMS 0x00000000e2000000, 0x00000000e2000000| Complete 
|  33|0x00000000e2100000, 0x00000000e2100000, 0x00000000e2200000|  0%| F|  |TAMS 0x00000000e2100000, 0x00000000e2100000| Untracked 
|  34|0x00000000e2200000, 0x00000000e2200000, 0x00000000e2300000|  0%| F|  |TAMS 0x00000000e2200000, 0x00000000e2200000| Untracked 
|  35|0x00000000e2300000, 0x00000000e2300000, 0x00000000e2400000|  0%| F|  |TAMS 0x00000000e2300000, 0x00000000e2300000| Untracked 
|  36|0x00000000e2400000, 0x00000000e2400000, 0x00000000e2500000|  0%| F|  |TAMS 0x00000000e2400000, 0x00000000e2400000| Untracked 
|  37|0x00000000e2500000, 0x00000000e2500000, 0x00000000e2600000|  0%| F|  |TAMS 0x00000000e2500000, 0x00000000e2500000| Untracked 
|  38|0x00000000e2600000, 0x00000000e2600000, 0x00000000e2700000|  0%| F|  |TAMS 0x00000000e2600000, 0x00000000e2600000| Untracked 
|  39|0x00000000e2700000, 0x00000000e2700000, 0x00000000e2800000|  0%| F|  |TAMS 0x00000000e2700000, 0x00000000e2700000| Untracked 
|  40|0x00000000e2800000, 0x00000000e2800000, 0x00000000e2900000|  0%| F|  |TAMS 0x00000000e2800000, 0x00000000e2800000| Untracked 
|  41|0x00000000e2900000, 0x00000000e2900000, 0x00000000e2a00000|  0%| F|  |TAMS 0x00000000e2900000, 0x00000000e2900000| Untracked 
|  42|0x00000000e2a00000, 0x00000000e2a00000, 0x00000000e2b00000|  0%| F|  |TAMS 0x00000000e2a00000, 0x00000000e2a00000| Untracked 
|  43|0x00000000e2b00000, 0x00000000e2b00000, 0x00000000e2c00000|  0%| F|  |TAMS 0x00000000e2b00000, 0x00000000e2b00000| Untracked 
|  44|0x00000000e2c00000, 0x00000000e2c00000, 0x00000000e2d00000|  0%| F|  |TAMS 0x00000000e2c00000, 0x00000000e2c00000| Untracked 
|  45|0x00000000e2d00000, 0x00000000e2d00000, 0x00000000e2e00000|  0%| F|  |TAMS 0x00000000e2d00000, 0x00000000e2d00000| Untracked 
|  46|0x00000000e2e00000, 0x00000000e2e00000, 0x00000000e2f00000|  0%| F|  |TAMS 0x00000000e2e00000, 0x00000000e2e00000| Untracked 
|  47|0x00000000e2f00000, 0x00000000e2f00000, 0x00000000e3000000|  0%| F|  |TAMS 0x00000000e2f00000, 0x00000000e2f00000| Untracked 
|  48|0x00000000e3000000, 0x00000000e3000000, 0x00000000e3100000|  0%| F|  |TAMS 0x00000000e3000000, 0x00000000e3000000| Untracked 
|  49|0x00000000e3100000, 0x00000000e3100000, 0x00000000e3200000|  0%| F|  |TAMS 0x00000000e3100000, 0x00000000e3100000| Untracked 
|  50|0x00000000e3200000, 0x00000000e3200000, 0x00000000e3300000|  0%| F|  |TAMS 0x00000000e3200000, 0x00000000e3200000| Untracked 
|  51|0x00000000e3300000, 0x00000000e3300000, 0x00000000e3400000|  0%| F|  |TAMS 0x00000000e3300000, 0x00000000e3300000| Untracked 
|  52|0x00000000e3400000, 0x00000000e3400000, 0x00000000e3500000|  0%| F|  |TAMS 0x00000000e3400000, 0x00000000e3400000| Untracked 
|  53|0x00000000e3500000, 0x00000000e3500000, 0x00000000e3600000|  0%| F|  |TAMS 0x00000000e3500000, 0x00000000e3500000| Untracked 
|  54|0x00000000e3600000, 0x00000000e3600000, 0x00000000e3700000|  0%| F|  |TAMS 0x00000000e3600000, 0x00000000e3600000| Untracked 
|  55|0x00000000e3700000, 0x00000000e3700000, 0x00000000e3800000|  0%| F|  |TAMS 0x00000000e3700000, 0x00000000e3700000| Untracked 
|  56|0x00000000e3800000, 0x00000000e3800000, 0x00000000e3900000|  0%| F|  |TAMS 0x00000000e3800000, 0x00000000e3800000| Untracked 
|  57|0x00000000e3900000, 0x00000000e3900000, 0x00000000e3a00000|  0%| F|  |TAMS 0x00000000e3900000, 0x00000000e3900000| Untracked 
|  58|0x00000000e3a00000, 0x00000000e3a00000, 0x00000000e3b00000|  0%| F|  |TAMS 0x00000000e3a00000, 0x00000000e3a00000| Untracked 
|  59|0x00000000e3b00000, 0x00000000e3b00000, 0x00000000e3c00000|  0%| F|  |TAMS 0x00000000e3b00000, 0x00000000e3b00000| Untracked 
|  60|0x00000000e3c00000, 0x00000000e3c00000, 0x00000000e3d00000|  0%| F|  |TAMS 0x00000000e3c00000, 0x00000000e3c00000| Untracked 
|  61|0x00000000e3d00000, 0x00000000e3d00000, 0x00000000e3e00000|  0%| F|  |TAMS 0x00000000e3d00000, 0x00000000e3d00000| Untracked 
|  62|0x00000000e3e00000, 0x00000000e3e00000, 0x00000000e3f00000|  0%| F|  |TAMS 0x00000000e3e00000, 0x00000000e3e00000| Untracked 
|  63|0x00000000e3f00000, 0x00000000e3f00000, 0x00000000e4000000|  0%| F|  |TAMS 0x00000000e3f00000, 0x00000000e3f00000| Untracked 
|  64|0x00000000e4000000, 0x00000000e4000000, 0x00000000e4100000|  0%| F|  |TAMS 0x00000000e4000000, 0x00000000e4000000| Untracked 
|  65|0x00000000e4100000, 0x00000000e4100000, 0x00000000e4200000|  0%| F|  |TAMS 0x00000000e4100000, 0x00000000e4100000| Untracked 
|  66|0x00000000e4200000, 0x00000000e4200000, 0x00000000e4300000|  0%| F|  |TAMS 0x00000000e4200000, 0x00000000e4200000| Untracked 
|  67|0x00000000e4300000, 0x00000000e4300000, 0x00000000e4400000|  0%| F|  |TAMS 0x00000000e4300000, 0x00000000e4300000| Untracked 
|  68|0x00000000e4400000, 0x00000000e4400000, 0x00000000e4500000|  0%| F|  |TAMS 0x00000000e4400000, 0x00000000e4400000| Untracked 
|  69|0x00000000e4500000, 0x00000000e4500000, 0x00000000e4600000|  0%| F|  |TAMS 0x00000000e4500000, 0x00000000e4500000| Untracked 
|  70|0x00000000e4600000, 0x00000000e4600000, 0x00000000e4700000|  0%| F|  |TAMS 0x00000000e4600000, 0x00000000e4600000| Untracked 
|  71|0x00000000e4700000, 0x00000000e4700000, 0x00000000e4800000|  0%| F|  |TAMS 0x00000000e4700000, 0x00000000e4700000| Untracked 
|  72|0x00000000e4800000, 0x00000000e4800000, 0x00000000e4900000|  0%| F|  |TAMS 0x00000000e4800000, 0x00000000e4800000| Untracked 
|  73|0x00000000e4900000, 0x00000000e4900000, 0x00000000e4a00000|  0%| F|  |TAMS 0x00000000e4900000, 0x00000000e4900000| Untracked 
|  74|0x00000000e4a00000, 0x00000000e4a00000, 0x00000000e4b00000|  0%| F|  |TAMS 0x00000000e4a00000, 0x00000000e4a00000| Untracked 
|  75|0x00000000e4b00000, 0x00000000e4b00000, 0x00000000e4c00000|  0%| F|  |TAMS 0x00000000e4b00000, 0x00000000e4b00000| Untracked 
|  76|0x00000000e4c00000, 0x00000000e4c00000, 0x00000000e4d00000|  0%| F|  |TAMS 0x00000000e4c00000, 0x00000000e4c00000| Untracked 
|  77|0x00000000e4d00000, 0x00000000e4d00000, 0x00000000e4e00000|  0%| F|  |TAMS 0x00000000e4d00000, 0x00000000e4d00000| Untracked 
|  78|0x00000000e4e00000, 0x00000000e4e00000, 0x00000000e4f00000|  0%| F|  |TAMS 0x00000000e4e00000, 0x00000000e4e00000| Untracked 
|  79|0x00000000e4f00000, 0x00000000e4f00000, 0x00000000e5000000|  0%| F|  |TAMS 0x00000000e4f00000, 0x00000000e4f00000| Untracked 
|  80|0x00000000e5000000, 0x00000000e5000000, 0x00000000e5100000|  0%| F|  |TAMS 0x00000000e5000000, 0x00000000e5000000| Untracked 
|  81|0x00000000e5100000, 0x00000000e5100000, 0x00000000e5200000|  0%| F|  |TAMS 0x00000000e5100000, 0x00000000e5100000| Untracked 
|  82|0x00000000e5200000, 0x00000000e5200000, 0x00000000e5300000|  0%| F|  |TAMS 0x00000000e5200000, 0x00000000e5200000| Untracked 
|  83|0x00000000e5300000, 0x00000000e5300000, 0x00000000e5400000|  0%| F|  |TAMS 0x00000000e5300000, 0x00000000e5300000| Untracked 
|  84|0x00000000e5400000, 0x00000000e5400000, 0x00000000e5500000|  0%| F|  |TAMS 0x00000000e5400000, 0x00000000e5400000| Untracked 
|  85|0x00000000e5500000, 0x00000000e5500000, 0x00000000e5600000|  0%| F|  |TAMS 0x00000000e5500000, 0x00000000e5500000| Untracked 
|  86|0x00000000e5600000, 0x00000000e5600000, 0x00000000e5700000|  0%| F|  |TAMS 0x00000000e5600000, 0x00000000e5600000| Untracked 
|  87|0x00000000e5700000, 0x00000000e5700000, 0x00000000e5800000|  0%| F|  |TAMS 0x00000000e5700000, 0x00000000e5700000| Untracked 
|  88|0x00000000e5800000, 0x00000000e5800000, 0x00000000e5900000|  0%| F|  |TAMS 0x00000000e5800000, 0x00000000e5800000| Untracked 
|  89|0x00000000e5900000, 0x00000000e5900000, 0x00000000e5a00000|  0%| F|  |TAMS 0x00000000e5900000, 0x00000000e5900000| Untracked 
|  90|0x00000000e5a00000, 0x00000000e5a00000, 0x00000000e5b00000|  0%| F|  |TAMS 0x00000000e5a00000, 0x00000000e5a00000| Untracked 
|  91|0x00000000e5b00000, 0x00000000e5b00000, 0x00000000e5c00000|  0%| F|  |TAMS 0x00000000e5b00000, 0x00000000e5b00000| Untracked 
|  92|0x00000000e5c00000, 0x00000000e5c00000, 0x00000000e5d00000|  0%| F|  |TAMS 0x00000000e5c00000, 0x00000000e5c00000| Untracked 
|  93|0x00000000e5d00000, 0x00000000e5d00000, 0x00000000e5e00000|  0%| F|  |TAMS 0x00000000e5d00000, 0x00000000e5d00000| Untracked 
|  94|0x00000000e5e00000, 0x00000000e5e00000, 0x00000000e5f00000|  0%| F|  |TAMS 0x00000000e5e00000, 0x00000000e5e00000| Untracked 
|  95|0x00000000e5f00000, 0x00000000e5f00000, 0x00000000e6000000|  0%| F|  |TAMS 0x00000000e5f00000, 0x00000000e5f00000| Untracked 
|  96|0x00000000e6000000, 0x00000000e6000000, 0x00000000e6100000|  0%| F|  |TAMS 0x00000000e6000000, 0x00000000e6000000| Untracked 
|  97|0x00000000e6100000, 0x00000000e6100000, 0x00000000e6200000|  0%| F|  |TAMS 0x00000000e6100000, 0x00000000e6100000| Untracked 
|  98|0x00000000e6200000, 0x00000000e6200000, 0x00000000e6300000|  0%| F|  |TAMS 0x00000000e6200000, 0x00000000e6200000| Untracked 
|  99|0x00000000e6300000, 0x00000000e6300000, 0x00000000e6400000|  0%| F|  |TAMS 0x00000000e6300000, 0x00000000e6300000| Untracked 
| 100|0x00000000e6400000, 0x00000000e6400000, 0x00000000e6500000|  0%| F|  |TAMS 0x00000000e6400000, 0x00000000e6400000| Untracked 
| 101|0x00000000e6500000, 0x00000000e6500000, 0x00000000e6600000|  0%| F|  |TAMS 0x00000000e6500000, 0x00000000e6500000| Untracked 
| 102|0x00000000e6600000, 0x00000000e6600000, 0x00000000e6700000|  0%| F|  |TAMS 0x00000000e6600000, 0x00000000e6600000| Untracked 
| 103|0x00000000e6700000, 0x00000000e6700000, 0x00000000e6800000|  0%| F|  |TAMS 0x00000000e6700000, 0x00000000e6700000| Untracked 
| 104|0x00000000e6800000, 0x00000000e6800000, 0x00000000e6900000|  0%| F|  |TAMS 0x00000000e6800000, 0x00000000e6800000| Untracked 
| 105|0x00000000e6900000, 0x00000000e6900000, 0x00000000e6a00000|  0%| F|  |TAMS 0x00000000e6900000, 0x00000000e6900000| Untracked 
| 106|0x00000000e6a00000, 0x00000000e6a00000, 0x00000000e6b00000|  0%| F|  |TAMS 0x00000000e6a00000, 0x00000000e6a00000| Untracked 
| 107|0x00000000e6b00000, 0x00000000e6b00000, 0x00000000e6c00000|  0%| F|  |TAMS 0x00000000e6b00000, 0x00000000e6b00000| Untracked 
| 108|0x00000000e6c00000, 0x00000000e6c00000, 0x00000000e6d00000|  0%| F|  |TAMS 0x00000000e6c00000, 0x00000000e6c00000| Untracked 
| 109|0x00000000e6d00000, 0x00000000e6d00000, 0x00000000e6e00000|  0%| F|  |TAMS 0x00000000e6d00000, 0x00000000e6d00000| Untracked 
| 110|0x00000000e6e00000, 0x00000000e6e00000, 0x00000000e6f00000|  0%| F|  |TAMS 0x00000000e6e00000, 0x00000000e6e00000| Untracked 
| 111|0x00000000e6f00000, 0x00000000e6f00000, 0x00000000e7000000|  0%| F|  |TAMS 0x00000000e6f00000, 0x00000000e6f00000| Untracked 
| 112|0x00000000e7000000, 0x00000000e7000000, 0x00000000e7100000|  0%| F|  |TAMS 0x00000000e7000000, 0x00000000e7000000| Untracked 
| 113|0x00000000e7100000, 0x00000000e7100000, 0x00000000e7200000|  0%| F|  |TAMS 0x00000000e7100000, 0x00000000e7100000| Untracked 
| 114|0x00000000e7200000, 0x00000000e7200000, 0x00000000e7300000|  0%| F|  |TAMS 0x00000000e7200000, 0x00000000e7200000| Untracked 
| 115|0x00000000e7300000, 0x00000000e7300000, 0x00000000e7400000|  0%| F|  |TAMS 0x00000000e7300000, 0x00000000e7300000| Untracked 
| 116|0x00000000e7400000, 0x00000000e7400000, 0x00000000e7500000|  0%| F|  |TAMS 0x00000000e7400000, 0x00000000e7400000| Untracked 
| 117|0x00000000e7500000, 0x00000000e7500000, 0x00000000e7600000|  0%| F|  |TAMS 0x00000000e7500000, 0x00000000e7500000| Untracked 
| 118|0x00000000e7600000, 0x00000000e7600000, 0x00000000e7700000|  0%| F|  |TAMS 0x00000000e7600000, 0x00000000e7600000| Untracked 
| 119|0x00000000e7700000, 0x00000000e7700000, 0x00000000e7800000|  0%| F|  |TAMS 0x00000000e7700000, 0x00000000e7700000| Untracked 
| 120|0x00000000e7800000, 0x00000000e7800000, 0x00000000e7900000|  0%| F|  |TAMS 0x00000000e7800000, 0x00000000e7800000| Untracked 
| 121|0x00000000e7900000, 0x00000000e7900000, 0x00000000e7a00000|  0%| F|  |TAMS 0x00000000e7900000, 0x00000000e7900000| Untracked 
| 122|0x00000000e7a00000, 0x00000000e7a00000, 0x00000000e7b00000|  0%| F|  |TAMS 0x00000000e7a00000, 0x00000000e7a00000| Untracked 
| 123|0x00000000e7b00000, 0x00000000e7b00000, 0x00000000e7c00000|  0%| F|  |TAMS 0x00000000e7b00000, 0x00000000e7b00000| Untracked 
| 124|0x00000000e7c00000, 0x00000000e7c00000, 0x00000000e7d00000|  0%| F|  |TAMS 0x00000000e7c00000, 0x00000000e7c00000| Untracked 
| 125|0x00000000e7d00000, 0x00000000e7d00000, 0x00000000e7e00000|  0%| F|  |TAMS 0x00000000e7d00000, 0x00000000e7d00000| Untracked 
| 126|0x00000000e7e00000, 0x00000000e7e00000, 0x00000000e7f00000|  0%| F|  |TAMS 0x00000000e7e00000, 0x00000000e7e00000| Untracked 
| 127|0x00000000e7f00000, 0x00000000e7f00000, 0x00000000e8000000|  0%| F|  |TAMS 0x00000000e7f00000, 0x00000000e7f00000| Untracked 
| 128|0x00000000e8000000, 0x00000000e8000000, 0x00000000e8100000|  0%| F|  |TAMS 0x00000000e8000000, 0x00000000e8000000| Untracked 
| 129|0x00000000e8100000, 0x00000000e8100000, 0x00000000e8200000|  0%| F|  |TAMS 0x00000000e8100000, 0x00000000e8100000| Untracked 
| 130|0x00000000e8200000, 0x00000000e8200000, 0x00000000e8300000|  0%| F|  |TAMS 0x00000000e8200000, 0x00000000e8200000| Untracked 
| 131|0x00000000e8300000, 0x00000000e8300000, 0x00000000e8400000|  0%| F|  |TAMS 0x00000000e8300000, 0x00000000e8300000| Untracked 
| 132|0x00000000e8400000, 0x00000000e8400000, 0x00000000e8500000|  0%| F|  |TAMS 0x00000000e8400000, 0x00000000e8400000| Untracked 
| 133|0x00000000e8500000, 0x00000000e8500000, 0x00000000e8600000|  0%| F|  |TAMS 0x00000000e8500000, 0x00000000e8500000| Untracked 
| 134|0x00000000e8600000, 0x00000000e8600000, 0x00000000e8700000|  0%| F|  |TAMS 0x00000000e8600000, 0x00000000e8600000| Untracked 
| 135|0x00000000e8700000, 0x00000000e8700000, 0x00000000e8800000|  0%| F|  |TAMS 0x00000000e8700000, 0x00000000e8700000| Untracked 
| 136|0x00000000e8800000, 0x00000000e8800000, 0x00000000e8900000|  0%| F|  |TAMS 0x00000000e8800000, 0x00000000e8800000| Untracked 
| 137|0x00000000e8900000, 0x00000000e8900000, 0x00000000e8a00000|  0%| F|  |TAMS 0x00000000e8900000, 0x00000000e8900000| Untracked 
| 138|0x00000000e8a00000, 0x00000000e8a00000, 0x00000000e8b00000|  0%| F|  |TAMS 0x00000000e8a00000, 0x00000000e8a00000| Untracked 
| 139|0x00000000e8b00000, 0x00000000e8b00000, 0x00000000e8c00000|  0%| F|  |TAMS 0x00000000e8b00000, 0x00000000e8b00000| Untracked 
| 140|0x00000000e8c00000, 0x00000000e8c00000, 0x00000000e8d00000|  0%| F|  |TAMS 0x00000000e8c00000, 0x00000000e8c00000| Untracked 
| 141|0x00000000e8d00000, 0x00000000e8d00000, 0x00000000e8e00000|  0%| F|  |TAMS 0x00000000e8d00000, 0x00000000e8d00000| Untracked 
| 142|0x00000000e8e00000, 0x00000000e8e00000, 0x00000000e8f00000|  0%| F|  |TAMS 0x00000000e8e00000, 0x00000000e8e00000| Untracked 
| 143|0x00000000e8f00000, 0x00000000e8f00000, 0x00000000e9000000|  0%| F|  |TAMS 0x00000000e8f00000, 0x00000000e8f00000| Untracked 
| 144|0x00000000e9000000, 0x00000000e9000000, 0x00000000e9100000|  0%| F|  |TAMS 0x00000000e9000000, 0x00000000e9000000| Untracked 
| 145|0x00000000e9100000, 0x00000000e9100000, 0x00000000e9200000|  0%| F|  |TAMS 0x00000000e9100000, 0x00000000e9100000| Untracked 
| 146|0x00000000e9200000, 0x00000000e9200000, 0x00000000e9300000|  0%| F|  |TAMS 0x00000000e9200000, 0x00000000e9200000| Untracked 
| 147|0x00000000e9300000, 0x00000000e9300000, 0x00000000e9400000|  0%| F|  |TAMS 0x00000000e9300000, 0x00000000e9300000| Untracked 
| 148|0x00000000e9400000, 0x00000000e9400000, 0x00000000e9500000|  0%| F|  |TAMS 0x00000000e9400000, 0x00000000e9400000| Untracked 
| 149|0x00000000e9500000, 0x00000000e9500000, 0x00000000e9600000|  0%| F|  |TAMS 0x00000000e9500000, 0x00000000e9500000| Untracked 
| 150|0x00000000e9600000, 0x00000000e9600000, 0x00000000e9700000|  0%| F|  |TAMS 0x00000000e9600000, 0x00000000e9600000| Untracked 
| 151|0x00000000e9700000, 0x00000000e9700000, 0x00000000e9800000|  0%| F|  |TAMS 0x00000000e9700000, 0x00000000e9700000| Untracked 
| 152|0x00000000e9800000, 0x00000000e9800000, 0x00000000e9900000|  0%| F|  |TAMS 0x00000000e9800000, 0x00000000e9800000| Untracked 
| 153|0x00000000e9900000, 0x00000000e9900000, 0x00000000e9a00000|  0%| F|  |TAMS 0x00000000e9900000, 0x00000000e9900000| Untracked 
| 154|0x00000000e9a00000, 0x00000000e9a00000, 0x00000000e9b00000|  0%| F|  |TAMS 0x00000000e9a00000, 0x00000000e9a00000| Untracked 
| 155|0x00000000e9b00000, 0x00000000e9b00000, 0x00000000e9c00000|  0%| F|  |TAMS 0x00000000e9b00000, 0x00000000e9b00000| Untracked 
| 156|0x00000000e9c00000, 0x00000000e9c00000, 0x00000000e9d00000|  0%| F|  |TAMS 0x00000000e9c00000, 0x00000000e9c00000| Untracked 
| 157|0x00000000e9d00000, 0x00000000e9d00000, 0x00000000e9e00000|  0%| F|  |TAMS 0x00000000e9d00000, 0x00000000e9d00000| Untracked 
| 158|0x00000000e9e00000, 0x00000000e9e00000, 0x00000000e9f00000|  0%| F|  |TAMS 0x00000000e9e00000, 0x00000000e9e00000| Untracked 
| 159|0x00000000e9f00000, 0x00000000e9f00000, 0x00000000ea000000|  0%| F|  |TAMS 0x00000000e9f00000, 0x00000000e9f00000| Untracked 
| 160|0x00000000ea000000, 0x00000000ea000000, 0x00000000ea100000|  0%| F|  |TAMS 0x00000000ea000000, 0x00000000ea000000| Untracked 
| 161|0x00000000ea100000, 0x00000000ea100000, 0x00000000ea200000|  0%| F|  |TAMS 0x00000000ea100000, 0x00000000ea100000| Untracked 
| 162|0x00000000ea200000, 0x00000000ea200000, 0x00000000ea300000|  0%| F|  |TAMS 0x00000000ea200000, 0x00000000ea200000| Untracked 
| 163|0x00000000ea300000, 0x00000000ea300000, 0x00000000ea400000|  0%| F|  |TAMS 0x00000000ea300000, 0x00000000ea300000| Untracked 
| 164|0x00000000ea400000, 0x00000000ea400000, 0x00000000ea500000|  0%| F|  |TAMS 0x00000000ea400000, 0x00000000ea400000| Untracked 
| 165|0x00000000ea500000, 0x00000000ea500000, 0x00000000ea600000|  0%| F|  |TAMS 0x00000000ea500000, 0x00000000ea500000| Untracked 
| 166|0x00000000ea600000, 0x00000000ea600000, 0x00000000ea700000|  0%| F|  |TAMS 0x00000000ea600000, 0x00000000ea600000| Untracked 
| 167|0x00000000ea700000, 0x00000000ea700000, 0x00000000ea800000|  0%| F|  |TAMS 0x00000000ea700000, 0x00000000ea700000| Untracked 
| 168|0x00000000ea800000, 0x00000000ea800000, 0x00000000ea900000|  0%| F|  |TAMS 0x00000000ea800000, 0x00000000ea800000| Untracked 
| 169|0x00000000ea900000, 0x00000000ea900000, 0x00000000eaa00000|  0%| F|  |TAMS 0x00000000ea900000, 0x00000000ea900000| Untracked 
| 170|0x00000000eaa00000, 0x00000000eaa00000, 0x00000000eab00000|  0%| F|  |TAMS 0x00000000eaa00000, 0x00000000eaa00000| Untracked 
| 171|0x00000000eab00000, 0x00000000eab00000, 0x00000000eac00000|  0%| F|  |TAMS 0x00000000eab00000, 0x00000000eab00000| Untracked 
| 172|0x00000000eac00000, 0x00000000eac00000, 0x00000000ead00000|  0%| F|  |TAMS 0x00000000eac00000, 0x00000000eac00000| Untracked 
| 173|0x00000000ead00000, 0x00000000ead00000, 0x00000000eae00000|  0%| F|  |TAMS 0x00000000ead00000, 0x00000000ead00000| Untracked 
| 174|0x00000000eae00000, 0x00000000eae00000, 0x00000000eaf00000|  0%| F|  |TAMS 0x00000000eae00000, 0x00000000eae00000| Untracked 
| 175|0x00000000eaf00000, 0x00000000eaf00000, 0x00000000eb000000|  0%| F|  |TAMS 0x00000000eaf00000, 0x00000000eaf00000| Untracked 
| 176|0x00000000eb000000, 0x00000000eb000000, 0x00000000eb100000|  0%| F|  |TAMS 0x00000000eb000000, 0x00000000eb000000| Untracked 
| 177|0x00000000eb100000, 0x00000000eb100000, 0x00000000eb200000|  0%| F|  |TAMS 0x00000000eb100000, 0x00000000eb100000| Untracked 
| 178|0x00000000eb200000, 0x00000000eb200000, 0x00000000eb300000|  0%| F|  |TAMS 0x00000000eb200000, 0x00000000eb200000| Untracked 
| 179|0x00000000eb300000, 0x00000000eb300000, 0x00000000eb400000|  0%| F|  |TAMS 0x00000000eb300000, 0x00000000eb300000| Untracked 
| 180|0x00000000eb400000, 0x00000000eb400000, 0x00000000eb500000|  0%| F|  |TAMS 0x00000000eb400000, 0x00000000eb400000| Untracked 
| 181|0x00000000eb500000, 0x00000000eb500000, 0x00000000eb600000|  0%| F|  |TAMS 0x00000000eb500000, 0x00000000eb500000| Untracked 
| 182|0x00000000eb600000, 0x00000000eb600000, 0x00000000eb700000|  0%| F|  |TAMS 0x00000000eb600000, 0x00000000eb600000| Untracked 
| 183|0x00000000eb700000, 0x00000000eb700000, 0x00000000eb800000|  0%| F|  |TAMS 0x00000000eb700000, 0x00000000eb700000| Untracked 
| 184|0x00000000eb800000, 0x00000000eb800000, 0x00000000eb900000|  0%| F|  |TAMS 0x00000000eb800000, 0x00000000eb800000| Untracked 
| 185|0x00000000eb900000, 0x00000000eb900000, 0x00000000eba00000|  0%| F|  |TAMS 0x00000000eb900000, 0x00000000eb900000| Untracked 
| 186|0x00000000eba00000, 0x00000000eba00000, 0x00000000ebb00000|  0%| F|  |TAMS 0x00000000eba00000, 0x00000000eba00000| Untracked 
| 187|0x00000000ebb00000, 0x00000000ebb00000, 0x00000000ebc00000|  0%| F|  |TAMS 0x00000000ebb00000, 0x00000000ebb00000| Untracked 
| 188|0x00000000ebc00000, 0x00000000ebc00000, 0x00000000ebd00000|  0%| F|  |TAMS 0x00000000ebc00000, 0x00000000ebc00000| Untracked 
| 189|0x00000000ebd00000, 0x00000000ebd00000, 0x00000000ebe00000|  0%| F|  |TAMS 0x00000000ebd00000, 0x00000000ebd00000| Untracked 
| 190|0x00000000ebe00000, 0x00000000ebe00000, 0x00000000ebf00000|  0%| F|  |TAMS 0x00000000ebe00000, 0x00000000ebe00000| Untracked 
| 191|0x00000000ebf00000, 0x00000000ebf00000, 0x00000000ec000000|  0%| F|  |TAMS 0x00000000ebf00000, 0x00000000ebf00000| Untracked 
| 192|0x00000000ec000000, 0x00000000ec000000, 0x00000000ec100000|  0%| F|  |TAMS 0x00000000ec000000, 0x00000000ec000000| Untracked 
| 193|0x00000000ec100000, 0x00000000ec100000, 0x00000000ec200000|  0%| F|  |TAMS 0x00000000ec100000, 0x00000000ec100000| Untracked 
| 194|0x00000000ec200000, 0x00000000ec200000, 0x00000000ec300000|  0%| F|  |TAMS 0x00000000ec200000, 0x00000000ec200000| Untracked 
| 195|0x00000000ec300000, 0x00000000ec300000, 0x00000000ec400000|  0%| F|  |TAMS 0x00000000ec300000, 0x00000000ec300000| Untracked 
| 196|0x00000000ec400000, 0x00000000ec400000, 0x00000000ec500000|  0%| F|  |TAMS 0x00000000ec400000, 0x00000000ec400000| Untracked 
| 197|0x00000000ec500000, 0x00000000ec500000, 0x00000000ec600000|  0%| F|  |TAMS 0x00000000ec500000, 0x00000000ec500000| Untracked 
| 198|0x00000000ec600000, 0x00000000ec600000, 0x00000000ec700000|  0%| F|  |TAMS 0x00000000ec600000, 0x00000000ec600000| Untracked 
| 199|0x00000000ec700000, 0x00000000ec700000, 0x00000000ec800000|  0%| F|  |TAMS 0x00000000ec700000, 0x00000000ec700000| Untracked 
| 200|0x00000000ec800000, 0x00000000ec800000, 0x00000000ec900000|  0%| F|  |TAMS 0x00000000ec800000, 0x00000000ec800000| Untracked 
| 201|0x00000000ec900000, 0x00000000ec900000, 0x00000000eca00000|  0%| F|  |TAMS 0x00000000ec900000, 0x00000000ec900000| Untracked 
| 202|0x00000000eca00000, 0x00000000eca00000, 0x00000000ecb00000|  0%| F|  |TAMS 0x00000000eca00000, 0x00000000eca00000| Untracked 
| 203|0x00000000ecb00000, 0x00000000ecb00000, 0x00000000ecc00000|  0%| F|  |TAMS 0x00000000ecb00000, 0x00000000ecb00000| Untracked 
| 204|0x00000000ecc00000, 0x00000000ecc00000, 0x00000000ecd00000|  0%| F|  |TAMS 0x00000000ecc00000, 0x00000000ecc00000| Untracked 
| 205|0x00000000ecd00000, 0x00000000ecd00000, 0x00000000ece00000|  0%| F|  |TAMS 0x00000000ecd00000, 0x00000000ecd00000| Untracked 
| 206|0x00000000ece00000, 0x00000000ece00000, 0x00000000ecf00000|  0%| F|  |TAMS 0x00000000ece00000, 0x00000000ece00000| Untracked 
| 207|0x00000000ecf00000, 0x00000000ecf00000, 0x00000000ed000000|  0%| F|  |TAMS 0x00000000ecf00000, 0x00000000ecf00000| Untracked 
| 208|0x00000000ed000000, 0x00000000ed000000, 0x00000000ed100000|  0%| F|  |TAMS 0x00000000ed000000, 0x00000000ed000000| Untracked 
| 209|0x00000000ed100000, 0x00000000ed100000, 0x00000000ed200000|  0%| F|  |TAMS 0x00000000ed100000, 0x00000000ed100000| Untracked 
| 210|0x00000000ed200000, 0x00000000ed200000, 0x00000000ed300000|  0%| F|  |TAMS 0x00000000ed200000, 0x00000000ed200000| Untracked 
| 211|0x00000000ed300000, 0x00000000ed300000, 0x00000000ed400000|  0%| F|  |TAMS 0x00000000ed300000, 0x00000000ed300000| Untracked 
| 212|0x00000000ed400000, 0x00000000ed400000, 0x00000000ed500000|  0%| F|  |TAMS 0x00000000ed400000, 0x00000000ed400000| Untracked 
| 213|0x00000000ed500000, 0x00000000ed500000, 0x00000000ed600000|  0%| F|  |TAMS 0x00000000ed500000, 0x00000000ed500000| Untracked 
| 214|0x00000000ed600000, 0x00000000ed600000, 0x00000000ed700000|  0%| F|  |TAMS 0x00000000ed600000, 0x00000000ed600000| Untracked 
| 215|0x00000000ed700000, 0x00000000ed700000, 0x00000000ed800000|  0%| F|  |TAMS 0x00000000ed700000, 0x00000000ed700000| Untracked 
| 216|0x00000000ed800000, 0x00000000ed800000, 0x00000000ed900000|  0%| F|  |TAMS 0x00000000ed800000, 0x00000000ed800000| Untracked 
| 217|0x00000000ed900000, 0x00000000ed900000, 0x00000000eda00000|  0%| F|  |TAMS 0x00000000ed900000, 0x00000000ed900000| Untracked 
| 218|0x00000000eda00000, 0x00000000eda82010, 0x00000000edb00000| 50%| E|  |TAMS 0x00000000eda00000, 0x00000000eda00000| Complete 
| 219|0x00000000edb00000, 0x00000000edc00000, 0x00000000edc00000|100%| E|CS|TAMS 0x00000000edb00000, 0x00000000edb00000| Complete 
| 220|0x00000000edc00000, 0x00000000edd00000, 0x00000000edd00000|100%| E|CS|TAMS 0x00000000edc00000, 0x00000000edc00000| Complete 
| 221|0x00000000edd00000, 0x00000000ede00000, 0x00000000ede00000|100%| E|CS|TAMS 0x00000000edd00000, 0x00000000edd00000| Complete 
| 222|0x00000000ede00000, 0x00000000edf00000, 0x00000000edf00000|100%| E|CS|TAMS 0x00000000ede00000, 0x00000000ede00000| Complete 
| 223|0x00000000edf00000, 0x00000000ee000000, 0x00000000ee000000|100%| E|CS|TAMS 0x00000000edf00000, 0x00000000edf00000| Complete 
| 224|0x00000000ee000000, 0x00000000ee100000, 0x00000000ee100000|100%| E|CS|TAMS 0x00000000ee000000, 0x00000000ee000000| Complete 
| 225|0x00000000ee100000, 0x00000000ee200000, 0x00000000ee200000|100%| E|CS|TAMS 0x00000000ee100000, 0x00000000ee100000| Complete 
| 226|0x00000000ee200000, 0x00000000ee300000, 0x00000000ee300000|100%| E|CS|TAMS 0x00000000ee200000, 0x00000000ee200000| Complete 
| 227|0x00000000ee300000, 0x00000000ee400000, 0x00000000ee400000|100%| E|CS|TAMS 0x00000000ee300000, 0x00000000ee300000| Complete 
| 228|0x00000000ee400000, 0x00000000ee500000, 0x00000000ee500000|100%| E|CS|TAMS 0x00000000ee400000, 0x00000000ee400000| Complete 
| 229|0x00000000ee500000, 0x00000000ee600000, 0x00000000ee600000|100%| E|CS|TAMS 0x00000000ee500000, 0x00000000ee500000| Complete 
| 230|0x00000000ee600000, 0x00000000ee700000, 0x00000000ee700000|100%| E|CS|TAMS 0x00000000ee600000, 0x00000000ee600000| Complete 
| 231|0x00000000ee700000, 0x00000000ee800000, 0x00000000ee800000|100%| E|CS|TAMS 0x00000000ee700000, 0x00000000ee700000| Complete 
| 232|0x00000000ee800000, 0x00000000ee900000, 0x00000000ee900000|100%| E|CS|TAMS 0x00000000ee800000, 0x00000000ee800000| Complete 
| 233|0x00000000ee900000, 0x00000000eea00000, 0x00000000eea00000|100%| E|CS|TAMS 0x00000000ee900000, 0x00000000ee900000| Complete 
| 234|0x00000000eea00000, 0x00000000eeb00000, 0x00000000eeb00000|100%| E|CS|TAMS 0x00000000eea00000, 0x00000000eea00000| Complete 
| 235|0x00000000eeb00000, 0x00000000eec00000, 0x00000000eec00000|100%| E|CS|TAMS 0x00000000eeb00000, 0x00000000eeb00000| Complete 
| 236|0x00000000eec00000, 0x00000000eed00000, 0x00000000eed00000|100%| E|  |TAMS 0x00000000eec00000, 0x00000000eec00000| Complete 
| 237|0x00000000eed00000, 0x00000000eee00000, 0x00000000eee00000|100%| E|CS|TAMS 0x00000000eed00000, 0x00000000eed00000| Complete 
| 238|0x00000000eee00000, 0x00000000eef00000, 0x00000000eef00000|100%| E|CS|TAMS 0x00000000eee00000, 0x00000000eee00000| Complete 
| 239|0x00000000eef00000, 0x00000000ef000000, 0x00000000ef000000|100%| E|CS|TAMS 0x00000000eef00000, 0x00000000eef00000| Complete 
| 240|0x00000000ef000000, 0x00000000ef100000, 0x00000000ef100000|100%| E|CS|TAMS 0x00000000ef000000, 0x00000000ef000000| Complete 
| 241|0x00000000ef100000, 0x00000000ef200000, 0x00000000ef200000|100%| E|CS|TAMS 0x00000000ef100000, 0x00000000ef100000| Complete 
| 242|0x00000000ef200000, 0x00000000ef300000, 0x00000000ef300000|100%| E|CS|TAMS 0x00000000ef200000, 0x00000000ef200000| Complete 
| 243|0x00000000ef300000, 0x00000000ef400000, 0x00000000ef400000|100%| E|CS|TAMS 0x00000000ef300000, 0x00000000ef300000| Complete 
| 244|0x00000000ef400000, 0x00000000ef500000, 0x00000000ef500000|100%| E|CS|TAMS 0x00000000ef400000, 0x00000000ef400000| Complete 
| 245|0x00000000ef500000, 0x00000000ef600000, 0x00000000ef600000|100%| E|CS|TAMS 0x00000000ef500000, 0x00000000ef500000| Complete 
| 246|0x00000000ef600000, 0x00000000ef700000, 0x00000000ef700000|100%| E|CS|TAMS 0x00000000ef600000, 0x00000000ef600000| Complete 
| 247|0x00000000ef700000, 0x00000000ef800000, 0x00000000ef800000|100%| E|CS|TAMS 0x00000000ef700000, 0x00000000ef700000| Complete 
| 248|0x00000000ef800000, 0x00000000ef900000, 0x00000000ef900000|100%| E|CS|TAMS 0x00000000ef800000, 0x00000000ef800000| Complete 
| 249|0x00000000ef900000, 0x00000000efa00000, 0x00000000efa00000|100%| E|CS|TAMS 0x00000000ef900000, 0x00000000ef900000| Complete 
| 250|0x00000000efa00000, 0x00000000efb00000, 0x00000000efb00000|100%| E|CS|TAMS 0x00000000efa00000, 0x00000000efa00000| Complete 
| 251|0x00000000efb00000, 0x00000000efbac578, 0x00000000efc00000| 67%| S|CS|TAMS 0x00000000efb00000, 0x00000000efb00000| Complete 
| 252|0x00000000efc00000, 0x00000000efd00000, 0x00000000efd00000|100%| S|CS|TAMS 0x00000000efc00000, 0x00000000efc00000| Complete 
| 253|0x00000000efd00000, 0x00000000efe00000, 0x00000000efe00000|100%| E|CS|TAMS 0x00000000efd00000, 0x00000000efd00000| Complete 
| 254|0x00000000efe00000, 0x00000000eff00000, 0x00000000eff00000|100%| E|CS|TAMS 0x00000000efe00000, 0x00000000efe00000| Complete 
| 255|0x00000000eff00000, 0x00000000f0000000, 0x00000000f0000000|100%| E|CS|TAMS 0x00000000eff00000, 0x00000000eff00000| Complete 

Card table byte_map: [0x0000022bfc5b0000,0x0000022bfc6b0000] _byte_map_base: 0x0000022bfbeb0000

Marking Bits (Prev, Next): (CMBitMap*) 0x0000022be5916a70, (CMBitMap*) 0x0000022be5916ab0
 Prev Bits: [0x0000022bfc7b0000, 0x0000022bfcfb0000)
 Next Bits: [0x0000022bfcfb0000, 0x0000022bfd7b0000)

Polling page: 0x0000022be50b0000

Metaspace:

Usage:
  Non-class:     33.18 MB used.
      Class:      5.28 MB used.
       Both:     38.46 MB used.

Virtual space:
  Non-class space:       64.00 MB reserved,      33.44 MB ( 52%) committed,  1 nodes.
      Class space:      320.00 MB reserved,       5.50 MB (  2%) committed,  1 nodes.
             Both:      384.00 MB reserved,      38.94 MB ( 10%) committed. 

Chunk freelists:
   Non-Class:  14.17 MB
       Class:  10.36 MB
        Both:  24.53 MB

MaxMetaspaceSize: 384.00 MB
CompressedClassSpaceSize: 320.00 MB
Initial GC threshold: 21.00 MB
Current GC threshold: 59.31 MB
CDS: on
MetaspaceReclaimPolicy: balanced
 - commit_granule_bytes: 65536.
 - commit_granule_words: 8192.
 - virtual_space_node_default_size: 8388608.
 - enlarge_chunks_in_place: 1.
 - new_chunks_are_fully_committed: 0.
 - uncommit_free_chunks: 1.
 - use_allocation_guard: 0.
 - handle_deallocations: 1.


Internal statistics:

num_allocs_failed_limit: 6.
num_arena_births: 452.
num_arena_deaths: 0.
num_vsnodes_births: 2.
num_vsnodes_deaths: 0.
num_space_committed: 623.
num_space_uncommitted: 0.
num_chunks_returned_to_freelist: 6.
num_chunks_taken_from_freelist: 1924.
num_chunk_merges: 6.
num_chunk_splits: 1291.
num_chunks_enlarged: 898.
num_purges: 0.
num_inconsistent_stats: 0.

CodeHeap 'non-profiled nmethods': size=120000Kb used=2773Kb max_used=3094Kb free=117226Kb
 bounds [0x0000022bf4c50000, 0x0000022bf4f60000, 0x0000022bfc180000]
CodeHeap 'profiled nmethods': size=120000Kb used=9205Kb max_used=10402Kb free=110795Kb
 bounds [0x0000022bed180000, 0x0000022bedbb0000, 0x0000022bf46b0000]
CodeHeap 'non-nmethods': size=5760Kb used=2311Kb max_used=2356Kb free=3448Kb
 bounds [0x0000022bf46b0000, 0x0000022bf4920000, 0x0000022bf4c50000]
 total_blobs=5384 nmethods=4578 adapters=718
 compilation: enabled
              stopped_count=0, restarted_count=0
 full_count=0

Compilation events (20 events):
Event: 450.920 Thread 0x0000022b802c89d0 nmethod 5017 0x0000022bedba6010 code [0x0000022bedba6280, 0x0000022bedba7128]
Event: 461.075 Thread 0x0000022b802c89d0 5018       3       java.io.File::getParent (65 bytes)
Event: 461.076 Thread 0x0000022b802c89d0 nmethod 5018 0x0000022bedba7790 code [0x0000022bedba79c0, 0x0000022bedba80b8]
Event: 461.076 Thread 0x0000022b802c89d0 5019       3       java.io.File::getParentFile (41 bytes)
Event: 461.077 Thread 0x0000022b802c89d0 nmethod 5019 0x0000022bedba8390 code [0x0000022bedba8560, 0x0000022bedba8978]
Event: 465.663 Thread 0x0000022b802bd750 5020       4       java.util.stream.Sink$ChainedReference::end (10 bytes)
Event: 465.664 Thread 0x0000022b802bd750 nmethod 5020 0x0000022bf4f55890 code [0x0000022bf4f55a00, 0x0000022bf4f55a98]
Event: 470.520 Thread 0x0000022b802c89d0 5021       3       java.io.RandomAccessFile$1::close (11 bytes)
Event: 470.521 Thread 0x0000022b802c89d0 nmethod 5021 0x0000022bed207110 code [0x0000022bed2072e0, 0x0000022bed2077d8]
Event: 480.560 Thread 0x0000022b802c89d0 5022       1       org.gradle.cache.internal.DefaultFileLockManager::access$000 (5 bytes)
Event: 480.560 Thread 0x0000022b802c89d0 nmethod 5022 0x0000022bf4c5f010 code [0x0000022bf4c5f1a0, 0x0000022bf4c5f258]
Event: 480.560 Thread 0x0000022b802c89d0 5023       1       org.gradle.cache.internal.filelock.DefaultLockOptions::isUseCrossVersionImplementation (5 bytes)
Event: 480.560 Thread 0x0000022b802c89d0 nmethod 5023 0x0000022bf4cb4a10 code [0x0000022bf4cb4ba0, 0x0000022bf4cb4c78]
Event: 480.560 Thread 0x0000022b802c89d0 5024       1       org.gradle.cache.internal.filelock.DefaultLockStateSerializer::getSize (3 bytes)
Event: 480.561 Thread 0x0000022b802c89d0 nmethod 5024 0x0000022bf4d31a10 code [0x0000022bf4d31ba0, 0x0000022bf4d31c78]
Event: 480.561 Thread 0x0000022b802c89d0 5025       1       org.gradle.cache.internal.filelock.LockStateAccess::getRegionEnd (5 bytes)
Event: 480.561 Thread 0x0000022b802c89d0 nmethod 5025 0x0000022bf4c5e710 code [0x0000022bf4c5e8a0, 0x0000022bf4c5e978]
Event: 480.561 Thread 0x0000022b802c89d0 5026       1       org.gradle.cache.internal.DefaultFileLockManager::access$500 (5 bytes)
Event: 480.561 Thread 0x0000022b802c89d0 nmethod 5026 0x0000022bf4c89d10 code [0x0000022bf4c89ea0, 0x0000022bf4c89f58]
Event: 491.421 Thread 0x0000022b802bd750 5027       4       java.net.InetAddress::getByAddress (114 bytes)

GC Heap History (12 events):
Event: 16.240 GC heap before
{Heap before GC invocations=0 (full 0):
 garbage-first heap   total 262144K, used 26624K [0x00000000e0000000, 0x0000000100000000)
  region size 1024K, 23 young (23552K), 0 survivors (0K)
 Metaspace       used 2914K, committed 3072K, reserved 393216K
  class space    used 370K, committed 448K, reserved 327680K
}
Event: 16.907 GC heap after
{Heap after GC invocations=1 (full 0):
 garbage-first heap   total 262144K, used 10464K [0x00000000e0000000, 0x0000000100000000)
  region size 1024K, 3 young (3072K), 3 survivors (3072K)
 Metaspace       used 2914K, committed 3072K, reserved 393216K
  class space    used 370K, committed 448K, reserved 327680K
}
Event: 22.942 GC heap before
{Heap before GC invocations=1 (full 0):
 garbage-first heap   total 262144K, used 37088K [0x00000000e0000000, 0x0000000100000000)
  region size 1024K, 29 young (29696K), 3 survivors (3072K)
 Metaspace       used 3984K, committed 4160K, reserved 393216K
  class space    used 490K, committed 576K, reserved 327680K
}
Event: 22.946 GC heap after
{Heap after GC invocations=2 (full 0):
 garbage-first heap   total 262144K, used 11417K [0x00000000e0000000, 0x0000000100000000)
  region size 1024K, 1 young (1024K), 1 survivors (1024K)
 Metaspace       used 3984K, committed 4160K, reserved 393216K
  class space    used 490K, committed 576K, reserved 327680K
}
Event: 76.191 GC heap before
{Heap before GC invocations=2 (full 0):
 garbage-first heap   total 262144K, used 106649K [0x00000000e0000000, 0x0000000100000000)
  region size 1024K, 93 young (95232K), 1 survivors (1024K)
 Metaspace       used 17757K, committed 18048K, reserved 393216K
  class space    used 2551K, committed 2688K, reserved 327680K
}
Event: 76.208 GC heap after
{Heap after GC invocations=3 (full 0):
 garbage-first heap   total 262144K, used 21148K [0x00000000e0000000, 0x0000000100000000)
  region size 1024K, 11 young (11264K), 11 survivors (11264K)
 Metaspace       used 17757K, committed 18048K, reserved 393216K
  class space    used 2551K, committed 2688K, reserved 327680K
}
Event: 78.324 GC heap before
{Heap before GC invocations=3 (full 0):
 garbage-first heap   total 262144K, used 47772K [0x00000000e0000000, 0x0000000100000000)
  region size 1024K, 38 young (38912K), 11 survivors (11264K)
 Metaspace       used 21254K, committed 21504K, reserved 393216K
  class space    used 3119K, committed 3264K, reserved 327680K
}
Event: 78.335 GC heap after
{Heap after GC invocations=4 (full 0):
 garbage-first heap   total 262144K, used 23036K [0x00000000e0000000, 0x0000000100000000)
  region size 1024K, 12 young (12288K), 12 survivors (12288K)
 Metaspace       used 21254K, committed 21504K, reserved 393216K
  class space    used 3119K, committed 3264K, reserved 327680K
}
Event: 388.035 GC heap before
{Heap before GC invocations=5 (full 0):
 garbage-first heap   total 262144K, used 171516K [0x00000000e0000000, 0x0000000100000000)
  region size 1024K, 153 young (156672K), 12 survivors (12288K)
 Metaspace       used 35720K, committed 36096K, reserved 393216K
  class space    used 4917K, committed 5120K, reserved 327680K
}
Event: 388.348 GC heap after
{Heap after GC invocations=6 (full 0):
 garbage-first heap   total 262144K, used 32027K [0x00000000e0000000, 0x0000000100000000)
  region size 1024K, 11 young (11264K), 11 survivors (11264K)
 Metaspace       used 35720K, committed 36096K, reserved 393216K
  class space    used 4917K, committed 5120K, reserved 327680K
}
Event: 390.956 GC heap before
{Heap before GC invocations=6 (full 0):
 garbage-first heap   total 262144K, used 34075K [0x00000000e0000000, 0x0000000100000000)
  region size 1024K, 14 young (14336K), 11 survivors (11264K)
 Metaspace       used 35958K, committed 36288K, reserved 393216K
  class space    used 4956K, committed 5120K, reserved 327680K
}
Event: 390.975 GC heap after
{Heap after GC invocations=7 (full 0):
 garbage-first heap   total 262144K, used 32657K [0x00000000e0000000, 0x0000000100000000)
  region size 1024K, 2 young (2048K), 2 survivors (2048K)
 Metaspace       used 35958K, committed 36288K, reserved 393216K
  class space    used 4956K, committed 5120K, reserved 327680K
}

Deoptimization events (20 events):
Event: 393.381 Thread 0x0000022b9a9b4460 Uncommon trap: trap_request=0xffffff45 fr.pc=0x0000022bf4de7868 relative=0x00000000000000e8
Event: 393.381 Thread 0x0000022b9a9b4460 Uncommon trap: reason=unstable_if action=reinterpret pc=0x0000022bf4de7868 method=org.objectweb.asm.ByteVector.putShort(I)Lorg/objectweb/asm/ByteVector; @ 13 c2
Event: 393.381 Thread 0x0000022b9a9b4460 DEOPT PACKING pc=0x0000022bf4de7868 sp=0x000000f43a5f88b0
Event: 393.381 Thread 0x0000022b9a9b4460 DEOPT UNPACKING pc=0x0000022bf4705ba3 sp=0x000000f43a5f8848 mode 2
Event: 393.551 Thread 0x0000022b9a9b4460 Uncommon trap: trap_request=0xffffff45 fr.pc=0x0000022bf4ef86e0 relative=0x0000000000001680
Event: 393.551 Thread 0x0000022b9a9b4460 Uncommon trap: reason=unstable_if action=reinterpret pc=0x0000022bf4ef86e0 method=java.util.concurrent.ConcurrentHashMap.computeIfAbsent(Ljava/lang/Object;Ljava/util/function/Function;)Ljava/lang/Object; @ 123 c2
Event: 393.551 Thread 0x0000022b9a9b4460 DEOPT PACKING pc=0x0000022bf4ef86e0 sp=0x000000f43a5f9b80
Event: 393.551 Thread 0x0000022b9a9b4460 DEOPT UNPACKING pc=0x0000022bf4705ba3 sp=0x000000f43a5f9b10 mode 2
Event: 393.921 Thread 0x0000022b9a9b4460 Uncommon trap: trap_request=0xffffff45 fr.pc=0x0000022bf4cbf8f4 relative=0x00000000000001d4
Event: 393.921 Thread 0x0000022b9a9b4460 Uncommon trap: reason=unstable_if action=reinterpret pc=0x0000022bf4cbf8f4 method=java.net.URI$Parser.scan(IILjava/lang/String;)I @ 26 c2
Event: 393.921 Thread 0x0000022b9a9b4460 DEOPT PACKING pc=0x0000022bf4cbf8f4 sp=0x000000f43a5f9280
Event: 393.921 Thread 0x0000022b9a9b4460 DEOPT UNPACKING pc=0x0000022bf4705ba3 sp=0x000000f43a5f9210 mode 2
Event: 393.921 Thread 0x0000022b9a9b4460 Uncommon trap: trap_request=0xffffff45 fr.pc=0x0000022bf4cb78bc relative=0x000000000000011c
Event: 393.921 Thread 0x0000022b9a9b4460 Uncommon trap: reason=unstable_if action=reinterpret pc=0x0000022bf4cb78bc method=java.net.URI.match(CJJ)Z @ 45 c2
Event: 393.921 Thread 0x0000022b9a9b4460 DEOPT PACKING pc=0x0000022bf4cb78bc sp=0x000000f43a5f8ff0
Event: 393.921 Thread 0x0000022b9a9b4460 DEOPT UNPACKING pc=0x0000022bf4705ba3 sp=0x000000f43a5f8f28 mode 2
Event: 393.921 Thread 0x0000022b9a9b4460 Uncommon trap: trap_request=0xffffff45 fr.pc=0x0000022bf4c7b748 relative=0x0000000000000048
Event: 393.921 Thread 0x0000022b9a9b4460 Uncommon trap: reason=unstable_if action=reinterpret pc=0x0000022bf4c7b748 method=java.net.URI.match(CJJ)Z @ 19 c2
Event: 393.921 Thread 0x0000022b9a9b4460 DEOPT PACKING pc=0x0000022bf4c7b748 sp=0x000000f43a5f9000
Event: 393.921 Thread 0x0000022b9a9b4460 DEOPT UNPACKING pc=0x0000022bf4705ba3 sp=0x000000f43a5f8fb0 mode 2

Classes unloaded (0 events):
No events

Classes redefined (0 events):
No events

Internal exceptions (20 events):
Event: 387.141 Thread 0x0000022b9a9b4460 Exception <a 'java/lang/ClassNotFoundException'{0x00000000e6b2a198}: org/gradle/initialization/DefaultProjectDescriptorCustomizer> (0x00000000e6b2a198) 
thrown [s\open\src\hotspot\share\classfile\systemDictionary.cpp, line 256]
Event: 387.223 Thread 0x0000022b9a9b4460 Exception <a 'java/lang/NoSuchMethodError'{0x00000000e6b725a8}: 'void java.lang.invoke.DirectMethodHandle$Holder.invokeInterface(java.lang.Object, java.lang.Object)'> (0x00000000e6b725a8) 
thrown [s\open\src\hotspot\share\interpreter\linkResolver.cpp, line 759]
Event: 387.484 Thread 0x0000022b9a9b4460 Implicit null exception at 0x0000022bf4e0a16c to 0x0000022bf4e0a214
Event: 392.642 Thread 0x0000022b9a9b4460 Exception <a 'java/lang/NoSuchMethodError'{0x00000000ef3082c8}: 'long java.lang.invoke.DirectMethodHandle$Holder.invokeStatic(java.lang.Object, long)'> (0x00000000ef3082c8) 
thrown [s\open\src\hotspot\share\interpreter\linkResolver.cpp, line 759]
Event: 394.052 Thread 0x0000022b9a9b4460 Exception <a 'java/lang/NoSuchMethodError'{0x00000000ee8be938}: 'void java.lang.invoke.DirectMethodHandle$Holder.invokeStatic(java.lang.Object, java.lang.Object, java.lang.Object, java.lang.Object, java.lang.Object, java.lang.Object)'> (0x00000000ee8be938) 
thrown [s\open\src\hotspot\share\interpreter\linkResolver.cpp, line 759]
Event: 394.212 Thread 0x0000022b9a9b4460 Exception <a 'java/lang/NoSuchMethodError'{0x00000000ee756a78}: 'java.lang.Object java.lang.invoke.DelegatingMethodHandle$Holder.reinvoke_L(java.lang.Object, java.lang.Object, java.lang.Object, java.lang.Object, java.lang.Object, java.lang.Object, java.lang.Object, java.lang.Object, java.lang.Object, java.lang.Object, java.lang.Object, java.lang.Object, java.lang.Object, java.lang.Object, java.lang.Object, java.lang.Object, java.lang.Object, java.lang.Object, java.lang.Object, java.lang.Object, java.lang.O
Event: 394.214 Thread 0x0000022b9a9b4460 Exception <a 'java/lang/NoSuchMethodError'{0x00000000ee762d50}: 'java.lang.Object java.lang.invoke.DirectMethodHandle$Holder.invokeSpecial(java.lang.Object, java.lang.Object, java.lang.Object, java.lang.Object, java.lang.Object, java.lang.Object, java.lang.Object, java.lang.Object, java.lang.Object, java.lang.Object, java.lang.Object, java.lang.Object, java.lang.Object, java.lang.Object, java.lang.Object, java.lang.Object, java.lang.Object, java.lang.Object, java.lang.Object, java.lang.Object, java.lang.Ob
Event: 394.215 Thread 0x0000022b9a9b4460 Exception <a 'java/lang/NoSuchMethodError'{0x00000000ee768df8}: 'java.lang.Object java.lang.invoke.Invokers$Holder.invoker(java.lang.Object, java.lang.Object, java.lang.Object, java.lang.Object, java.lang.Object, java.lang.Object, java.lang.Object, java.lang.Object, java.lang.Object, java.lang.Object, java.lang.Object, java.lang.Object, java.lang.Object, java.lang.Object, java.lang.Object, java.lang.Object, java.lang.Object, java.lang.Object, java.lang.Object, java.lang.Object, java.lang.Object, java.lang.
Event: 394.217 Thread 0x0000022b9a9b4460 Exception <a 'java/lang/NoSuchMethodError'{0x00000000ee7700a8}: 'java.lang.Object java.lang.invoke.DelegatingMethodHandle$Holder.delegate(java.lang.Object, java.lang.Object, java.lang.Object, java.lang.Object, java.lang.Object, java.lang.Object, java.lang.Object, java.lang.Object, java.lang.Object, java.lang.Object, java.lang.Object, java.lang.Object, java.lang.Object, java.lang.Object, java.lang.Object, java.lang.Object, java.lang.Object, java.lang.Object, java.lang.Object, java.lang.Object, java.lang.Obj
Event: 394.242 Thread 0x0000022b9a9b4460 Exception <a 'java/lang/NoSuchMethodError'{0x00000000ee66bf88}: 'java.lang.Object java.lang.invoke.DirectMethodHandle$Holder.invokeStatic(java.lang.Object, java.lang.Object, java.lang.Object, java.lang.Object, java.lang.Object, java.lang.Object, java.lang.Object, java.lang.Object, java.lang.Object, java.lang.Object, java.lang.Object, java.lang.Object, java.lang.Object, java.lang.Object, java.lang.Object, java.lang.Object, java.lang.Object)'> (0x00000000ee66bf88) 
thrown [s\open\src\hotspot\share\interprete
Event: 394.263 Thread 0x0000022b9a9b4460 Exception <a 'java/lang/NoSuchMethodError'{0x00000000ee695870}: 'java.lang.Object java.lang.invoke.DirectMethodHandle$Holder.invokeStatic(java.lang.Object, java.lang.Object, java.lang.Object, java.lang.Object, java.lang.Object, java.lang.Object, java.lang.Object, java.lang.Object, java.lang.Object, java.lang.Object, java.lang.Object, java.lang.Object, java.lang.Object, java.lang.Object, java.lang.Object, java.lang.Object, java.lang.Object, java.lang.Object)'> (0x00000000ee695870) 
thrown [s\open\src\hotspo
Event: 394.268 Thread 0x0000022b9a9b4460 Exception <a 'java/lang/NoSuchMethodError'{0x00000000ee6c0240}: 'java.lang.Object java.lang.invoke.DirectMethodHandle$Holder.invokeStatic(java.lang.Object, java.lang.Object, java.lang.Object, java.lang.Object, java.lang.Object, java.lang.Object, java.lang.Object, java.lang.Object, java.lang.Object, java.lang.Object, java.lang.Object, java.lang.Object, java.lang.Object, java.lang.Object, java.lang.Object, java.lang.Object, java.lang.Object, java.lang.Object, java.lang.Object)'> (0x00000000ee6c0240) 
thrown 
Event: 394.275 Thread 0x0000022b9a9b4460 Exception <a 'java/lang/NoSuchMethodError'{0x00000000ee6ec010}: 'java.lang.Object java.lang.invoke.DirectMethodHandle$Holder.invokeStatic(java.lang.Object, java.lang.Object, java.lang.Object, java.lang.Object, java.lang.Object, java.lang.Object, java.lang.Object, java.lang.Object, java.lang.Object, java.lang.Object, java.lang.Object, java.lang.Object, java.lang.Object, java.lang.Object, java.lang.Object, java.lang.Object, java.lang.Object, java.lang.Object, java.lang.Object, java.lang.Object)'> (0x00000000
Event: 394.281 Thread 0x0000022b9a9b4460 Exception <a 'java/lang/NoSuchMethodError'{0x00000000ee519380}: 'java.lang.Object java.lang.invoke.DirectMethodHandle$Holder.invokeStatic(java.lang.Object, java.lang.Object, java.lang.Object, java.lang.Object, java.lang.Object, java.lang.Object, java.lang.Object, java.lang.Object, java.lang.Object, java.lang.Object, java.lang.Object, java.lang.Object, java.lang.Object, java.lang.Object, java.lang.Object, java.lang.Object, java.lang.Object, java.lang.Object, java.lang.Object, java.lang.Object, java.lang.Obj
Event: 394.287 Thread 0x0000022b9a9b4460 Exception <a 'java/lang/NoSuchMethodError'{0x00000000ee546d40}: 'java.lang.Object java.lang.invoke.DirectMethodHandle$Holder.invokeStatic(java.lang.Object, java.lang.Object, java.lang.Object, java.lang.Object, java.lang.Object, java.lang.Object, java.lang.Object, java.lang.Object, java.lang.Object, java.lang.Object, java.lang.Object, java.lang.Object, java.lang.Object, java.lang.Object, java.lang.Object, java.lang.Object, java.lang.Object, java.lang.Object, java.lang.Object, java.lang.Object, java.lang.Obj
Event: 394.293 Thread 0x0000022b9a9b4460 Exception <a 'java/lang/NoSuchMethodError'{0x00000000ee5756c8}: 'java.lang.Object java.lang.invoke.DirectMethodHandle$Holder.invokeStatic(java.lang.Object, java.lang.Object, java.lang.Object, java.lang.Object, java.lang.Object, java.lang.Object, java.lang.Object, java.lang.Object, java.lang.Object, java.lang.Object, java.lang.Object, java.lang.Object, java.lang.Object, java.lang.Object, java.lang.Object, java.lang.Object, java.lang.Object, java.lang.Object, java.lang.Object, java.lang.Object, java.lang.Obj
Event: 394.298 Thread 0x0000022b9a9b4460 Exception <a 'java/lang/NoSuchMethodError'{0x00000000ee5a4d58}: 'java.lang.Object java.lang.invoke.DirectMethodHandle$Holder.invokeStatic(java.lang.Object, java.lang.Object, java.lang.Object, java.lang.Object, java.lang.Object, java.lang.Object, java.lang.Object, java.lang.Object, java.lang.Object, java.lang.Object, java.lang.Object, java.lang.Object, java.lang.Object, java.lang.Object, java.lang.Object, java.lang.Object, java.lang.Object, java.lang.Object, java.lang.Object, java.lang.Object, java.lang.Obj
Event: 394.307 Thread 0x0000022b9a9b4460 Exception <a 'java/lang/NoSuchMethodError'{0x00000000ee5d5530}: 'java.lang.Object java.lang.invoke.DirectMethodHandle$Holder.invokeStatic(java.lang.Object, java.lang.Object, java.lang.Object, java.lang.Object, java.lang.Object, java.lang.Object, java.lang.Object, java.lang.Object, java.lang.Object, java.lang.Object, java.lang.Object, java.lang.Object, java.lang.Object, java.lang.Object, java.lang.Object, java.lang.Object, java.lang.Object, java.lang.Object, java.lang.Object, java.lang.Object, java.lang.Obj
Event: 394.316 Thread 0x0000022b9a9b4460 Exception <a 'java/lang/NoSuchMethodError'{0x00000000ee407b18}: 'java.lang.Object java.lang.invoke.DirectMethodHandle$Holder.invokeStatic(java.lang.Object, java.lang.Object, java.lang.Object, java.lang.Object, java.lang.Object, java.lang.Object, java.lang.Object, java.lang.Object, java.lang.Object, java.lang.Object, java.lang.Object, java.lang.Object, java.lang.Object, java.lang.Object, java.lang.Object, java.lang.Object, java.lang.Object, java.lang.Object, java.lang.Object, java.lang.Object, java.lang.Obj
Event: 394.325 Thread 0x0000022b9a9b4460 Exception <a 'java/lang/NoSuchMethodError'{0x00000000ee43b558}: 'java.lang.Object java.lang.invoke.DirectMethodHandle$Holder.invokeStatic(java.lang.Object, java.lang.Object, java.lang.Object, java.lang.Object, java.lang.Object, java.lang.Object, java.lang.Object, java.lang.Object, java.lang.Object, java.lang.Object, java.lang.Object, java.lang.Object, java.lang.Object, java.lang.Object, java.lang.Object, java.lang.Object, java.lang.Object, java.lang.Object, java.lang.Object, java.lang.Object, java.lang.Obj

VM Operations (20 events):
Event: 400.974 Executing VM operation: Cleanup
Event: 400.974 Executing VM operation: Cleanup done
Event: 403.997 Executing VM operation: Cleanup
Event: 403.997 Executing VM operation: Cleanup done
Event: 408.035 Executing VM operation: Cleanup
Event: 408.512 Executing VM operation: Cleanup done
Event: 422.903 Executing VM operation: Cleanup
Event: 422.903 Executing VM operation: Cleanup done
Event: 450.706 Executing VM operation: HandshakeAllThreads
Event: 450.706 Executing VM operation: HandshakeAllThreads done
Event: 451.728 Executing VM operation: Cleanup
Event: 451.728 Executing VM operation: Cleanup done
Event: 452.732 Executing VM operation: Cleanup
Event: 452.732 Executing VM operation: Cleanup done
Event: 461.833 Executing VM operation: Cleanup
Event: 461.833 Executing VM operation: Cleanup done
Event: 465.664 Executing VM operation: HandshakeAllThreads
Event: 465.664 Executing VM operation: HandshakeAllThreads done
Event: 466.696 Executing VM operation: Cleanup
Event: 466.697 Executing VM operation: Cleanup done

Events (20 events):
Event: 465.708 Thread 0x0000022b802d97b0 flushing nmethod 0x0000022bed568510
Event: 465.708 Thread 0x0000022b802d97b0 flushing nmethod 0x0000022bed56b490
Event: 465.708 Thread 0x0000022b802d97b0 flushing nmethod 0x0000022bed598010
Event: 465.708 Thread 0x0000022b802d97b0 flushing nmethod 0x0000022bed5a0290
Event: 465.708 Thread 0x0000022b802d97b0 flushing nmethod 0x0000022bed5a0810
Event: 465.708 Thread 0x0000022b802d97b0 flushing nmethod 0x0000022bed5a1810
Event: 465.708 Thread 0x0000022b802d97b0 flushing nmethod 0x0000022bed5b8310
Event: 465.708 Thread 0x0000022b802d97b0 flushing nmethod 0x0000022bed5c1210
Event: 465.708 Thread 0x0000022b802d97b0 flushing nmethod 0x0000022bed5d3490
Event: 465.709 Thread 0x0000022b802d97b0 flushing nmethod 0x0000022bed647410
Event: 465.709 Thread 0x0000022b802d97b0 flushing nmethod 0x0000022bed667d90
Event: 465.709 Thread 0x0000022b802d97b0 flushing nmethod 0x0000022bed668110
Event: 465.709 Thread 0x0000022b802d97b0 flushing nmethod 0x0000022bed668490
Event: 465.709 Thread 0x0000022b802d97b0 flushing nmethod 0x0000022bed668810
Event: 465.709 Thread 0x0000022b802d97b0 flushing nmethod 0x0000022bed674190
Event: 465.709 Thread 0x0000022b802d97b0 flushing nmethod 0x0000022bed6ce290
Event: 465.709 Thread 0x0000022b802d97b0 flushing nmethod 0x0000022bed704490
Event: 465.710 Thread 0x0000022b802d97b0 flushing nmethod 0x0000022bed70e890
Event: 465.710 Thread 0x0000022b802d97b0 flushing nmethod 0x0000022bed710090
Event: 465.710 Thread 0x0000022b802d97b0 flushing nmethod 0x0000022bed77b010


Dynamic libraries:
0x00007ff798a40000 - 0x00007ff798a50000 	C:\Program Files\Java\jdk-17\bin\java.exe
0x00007ff827db0000 - 0x00007ff827fc6000 	C:\WINDOWS\SYSTEM32\ntdll.dll
0x00007ff8266e0000 - 0x00007ff8267a4000 	C:\WINDOWS\System32\KERNEL32.DLL
0x00007ff8255f0000 - 0x00007ff825997000 	C:\WINDOWS\System32\KERNELBASE.dll
0x00007ff825210000 - 0x00007ff825321000 	C:\WINDOWS\System32\ucrtbase.dll
0x00007ff800410000 - 0x00007ff800429000 	C:\Program Files\Java\jdk-17\bin\jli.dll
0x00007ffffde40000 - 0x00007ffffde5b000 	C:\Program Files\Java\jdk-17\bin\VCRUNTIME140.dll
0x00007ff826620000 - 0x00007ff8266d2000 	C:\WINDOWS\System32\ADVAPI32.dll
0x00007ff826460000 - 0x00007ff826507000 	C:\WINDOWS\System32\msvcrt.dll
0x00007ff8263b0000 - 0x00007ff826458000 	C:\WINDOWS\System32\sechost.dll
0x00007ff8254a0000 - 0x00007ff8254c8000 	C:\WINDOWS\System32\bcrypt.dll
0x00007ff826d10000 - 0x00007ff826e25000 	C:\WINDOWS\System32\RPCRT4.dll
0x00007ff825c50000 - 0x00007ff825dfe000 	C:\WINDOWS\System32\USER32.dll
0x00007ff825ab0000 - 0x00007ff825ad6000 	C:\WINDOWS\System32\win32u.dll
0x00007ff827460000 - 0x00007ff827489000 	C:\WINDOWS\System32\GDI32.dll
0x00007ff8254d0000 - 0x00007ff8255e9000 	C:\WINDOWS\System32\gdi32full.dll
0x00007ff8259a0000 - 0x00007ff825a3a000 	C:\WINDOWS\System32\msvcp_win.dll
0x00007ff807ed0000 - 0x00007ff808163000 	C:\WINDOWS\WinSxS\amd64_microsoft.windows.common-controls_6595b64144ccf1df_6.0.22621.3235_none_270f74e173860f98\COMCTL32.dll
0x00007ff81b3f0000 - 0x00007ff81b3fa000 	C:\WINDOWS\SYSTEM32\VERSION.dll
0x00007ff827100000 - 0x00007ff827131000 	C:\WINDOWS\System32\IMM32.DLL
0x00007ff803bd0000 - 0x00007ff803bdc000 	C:\Program Files\Java\jdk-17\bin\vcruntime140_1.dll
0x00007fffa02d0000 - 0x00007fffa035e000 	C:\Program Files\Java\jdk-17\bin\msvcp140.dll
0x00007fff8f0d0000 - 0x00007fff8fcae000 	C:\Program Files\Java\jdk-17\bin\server\jvm.dll
0x00007ff827450000 - 0x00007ff827458000 	C:\WINDOWS\System32\PSAPI.DLL
0x00007ff80d820000 - 0x00007ff80d829000 	C:\WINDOWS\SYSTEM32\WSOCK32.dll
0x00007ff827080000 - 0x00007ff8270f1000 	C:\WINDOWS\System32\WS2_32.dll
0x00007ff81d690000 - 0x00007ff81d6c4000 	C:\WINDOWS\SYSTEM32\WINMM.dll
0x00007ff8240d0000 - 0x00007ff8240e8000 	C:\WINDOWS\SYSTEM32\kernel.appcore.dll
0x00007ff802e90000 - 0x00007ff802e9a000 	C:\Program Files\Java\jdk-17\bin\jimage.dll
0x00007ff822700000 - 0x00007ff822933000 	C:\WINDOWS\SYSTEM32\DBGHELP.DLL
0x00007ff826980000 - 0x00007ff826d08000 	C:\WINDOWS\System32\combase.dll
0x00007ff826280000 - 0x00007ff826357000 	C:\WINDOWS\System32\OLEAUT32.dll
0x00007ff8176c0000 - 0x00007ff8176f2000 	C:\WINDOWS\SYSTEM32\dbgcore.DLL
0x00007ff825190000 - 0x00007ff825209000 	C:\WINDOWS\System32\bcryptPrimitives.dll
0x00007ff80e6b0000 - 0x00007ff80e6be000 	C:\Program Files\Java\jdk-17\bin\instrument.dll
0x00007ffff72d0000 - 0x00007ffff72f5000 	C:\Program Files\Java\jdk-17\bin\java.dll
0x00007fff9dd60000 - 0x00007fff9de37000 	C:\Program Files\Java\jdk-17\bin\jsvml.dll
0x00007ff827510000 - 0x00007ff827d6c000 	C:\WINDOWS\System32\SHELL32.dll
0x00007ff822fe0000 - 0x00007ff8238d9000 	C:\WINDOWS\SYSTEM32\windows.storage.dll
0x00007ff822ea0000 - 0x00007ff822fde000 	C:\WINDOWS\SYSTEM32\wintypes.dll
0x00007ff826880000 - 0x00007ff826973000 	C:\WINDOWS\System32\SHCORE.dll
0x00007ff8265b0000 - 0x00007ff82660e000 	C:\WINDOWS\System32\shlwapi.dll
0x00007ff825000000 - 0x00007ff825021000 	C:\WINDOWS\SYSTEM32\profapi.dll
0x00007ffff0120000 - 0x00007ffff0138000 	C:\Program Files\Java\jdk-17\bin\zip.dll
0x00007ffffde20000 - 0x00007ffffde39000 	C:\Program Files\Java\jdk-17\bin\net.dll
0x00007ff81dea0000 - 0x00007ff81dfd6000 	C:\WINDOWS\SYSTEM32\WINHTTP.dll
0x00007ff824530000 - 0x00007ff824599000 	C:\WINDOWS\system32\mswsock.dll
0x00007ffffdc80000 - 0x00007ffffdc96000 	C:\Program Files\Java\jdk-17\bin\nio.dll
0x00007ffff3080000 - 0x00007ffff3090000 	C:\Program Files\Java\jdk-17\bin\verify.dll
0x00007fffe8090000 - 0x00007fffe80b7000 	C:\Users\LENOVO\.gradle\native\c067742578af261105cb4f569cf0c3c89f3d7b1fecec35dd04571415982c5e48\windows-amd64\native-platform.dll
0x00007fff9de60000 - 0x00007fff9dfa4000 	C:\Users\LENOVO\.gradle\native\38dada09dfb8b06ba9b0570ebf7e218e3eb74d4ef43ca46872605cf95ebc2f47\windows-amd64\native-platform-file-events.dll
0x00007ff80e6a0000 - 0x00007ff80e6aa000 	C:\Program Files\Java\jdk-17\bin\management.dll
0x00007ff80e690000 - 0x00007ff80e69b000 	C:\Program Files\Java\jdk-17\bin\management_ext.dll
0x00007ff8247d0000 - 0x00007ff8247eb000 	C:\WINDOWS\SYSTEM32\CRYPTSP.dll
0x00007ff824030000 - 0x00007ff824065000 	C:\WINDOWS\system32\rsaenh.dll
0x00007ff8245d0000 - 0x00007ff8245f8000 	C:\WINDOWS\SYSTEM32\USERENV.dll
0x00007ff824740000 - 0x00007ff82474c000 	C:\WINDOWS\SYSTEM32\CRYPTBASE.dll
0x00007ff823b40000 - 0x00007ff823b6d000 	C:\WINDOWS\SYSTEM32\IPHLPAPI.DLL
0x00007ff826610000 - 0x00007ff826619000 	C:\WINDOWS\System32\NSI.dll
0x00007ff81e160000 - 0x00007ff81e179000 	C:\WINDOWS\SYSTEM32\dhcpcsvc6.DLL
0x00007ff81e140000 - 0x00007ff81e15f000 	C:\WINDOWS\SYSTEM32\dhcpcsvc.DLL
0x00007ff823bb0000 - 0x00007ff823ca9000 	C:\WINDOWS\SYSTEM32\DNSAPI.dll
0x00007ff80e680000 - 0x00007ff80e68e000 	C:\Program Files\Java\jdk-17\bin\sunmscapi.dll
0x00007ff825330000 - 0x00007ff825497000 	C:\WINDOWS\System32\CRYPT32.dll
0x00007ff8249a0000 - 0x00007ff8249ce000 	C:\WINDOWS\SYSTEM32\ncrypt.dll
0x00007ff824960000 - 0x00007ff824997000 	C:\WINDOWS\SYSTEM32\NTASN1.dll
0x00007ff817ad0000 - 0x00007ff817ad8000 	C:\WINDOWS\system32\wshunix.dll

dbghelp: loaded successfully - version: 4.0.5 - missing functions: none
symbol engine: initialized successfully - sym options: 0x614 - pdb path: .;C:\Program Files\Java\jdk-17\bin;C:\WINDOWS\SYSTEM32;C:\WINDOWS\WinSxS\amd64_microsoft.windows.common-controls_6595b64144ccf1df_6.0.22621.3235_none_270f74e173860f98;C:\Program Files\Java\jdk-17\bin\server;C:\Users\LENOVO\.gradle\native\c067742578af261105cb4f569cf0c3c89f3d7b1fecec35dd04571415982c5e48\windows-amd64;C:\Users\LENOVO\.gradle\native\38dada09dfb8b06ba9b0570ebf7e218e3eb74d4ef43ca46872605cf95ebc2f47\windows-amd64

VM Arguments:
jvm_args: --add-opens=java.base/java.util=ALL-UNNAMED --add-opens=java.base/java.lang=ALL-UNNAMED --add-opens=java.base/java.lang.invoke=ALL-UNNAMED --add-opens=java.prefs/java.util.prefs=ALL-UNNAMED --add-opens=java.base/java.nio.charset=ALL-UNNAMED --add-opens=java.base/java.net=ALL-UNNAMED --add-opens=java.base/java.util.concurrent.atomic=ALL-UNNAMED -XX:MaxMetaspaceSize=384m -XX:+HeapDumpOnOutOfMemoryError -Xms256m -Xmx512m -Dfile.encoding=windows-1252 -Duser.country=US -Duser.language=en -Duser.variant -javaagent:C:\Users\LENOVO\.gradle\wrapper\dists\gradle-8.7-bin\bhs2wmbdwecv87pi65oeuq5iu\gradle-8.7\lib\agents\gradle-instrumentation-agent-8.7.jar 
java_command: org.gradle.launcher.daemon.bootstrap.GradleDaemon 8.7
java_class_path (initial): C:\Users\LENOVO\.gradle\wrapper\dists\gradle-8.7-bin\bhs2wmbdwecv87pi65oeuq5iu\gradle-8.7\lib\gradle-launcher-8.7.jar
Launcher Type: SUN_STANDARD

[Global flags]
     intx CICompilerCount                          = 4                                         {product} {ergonomic}
   size_t CompressedClassSpaceSize                 = 335544320                                 {product} {ergonomic}
     uint ConcGCThreads                            = 2                                         {product} {ergonomic}
     uint G1ConcRefinementThreads                  = 8                                         {product} {ergonomic}
   size_t G1HeapRegionSize                         = 1048576                                   {product} {ergonomic}
    uintx GCDrainStackTargetSize                   = 64                                        {product} {ergonomic}
     bool HeapDumpOnOutOfMemoryError               = true                                   {manageable} {command line}
   size_t InitialHeapSize                          = 268435456                                 {product} {command line}
   size_t MarkStackSize                            = 4194304                                   {product} {ergonomic}
   size_t MaxHeapSize                              = 536870912                                 {product} {command line}
   size_t MaxMetaspaceSize                         = 402653184                                 {product} {command line}
   size_t MaxNewSize                               = 321912832                                 {product} {ergonomic}
   size_t MinHeapDeltaBytes                        = 1048576                                   {product} {ergonomic}
   size_t MinHeapSize                              = 268435456                                 {product} {command line}
    uintx NonNMethodCodeHeapSize                   = 5839372                                {pd product} {ergonomic}
    uintx NonProfiledCodeHeapSize                  = 122909434                              {pd product} {ergonomic}
    uintx ProfiledCodeHeapSize                     = 122909434                              {pd product} {ergonomic}
    uintx ReservedCodeCacheSize                    = 251658240                              {pd product} {ergonomic}
     bool SegmentedCodeCache                       = true                                      {product} {ergonomic}
   size_t SoftMaxHeapSize                          = 536870912                              {manageable} {ergonomic}
     bool UseCompressedClassPointers               = true                           {product lp64_product} {ergonomic}
     bool UseCompressedOops                        = true                           {product lp64_product} {ergonomic}
     bool UseG1GC                                  = true                                      {product} {ergonomic}
     bool UseLargePagesIndividualAllocation        = false                                  {pd product} {ergonomic}

Logging:
Log output configuration:
 #0: stdout all=warning uptime,level,tags
 #1: stderr all=off uptime,level,tags

Environment Variables:
JAVA_HOME=C:\Program Files\Java\jdk-17
PATH=c:\Users\LENOVO\AppData\Local\Programs\cursor\resources\app\bin;C:\Program Files\Common Files\Oracle\Java\javapath;C:\WINDOWS\system32;C:\WINDOWS;C:\WINDOWS\System32\Wbem;C:\WINDOWS\System32\WindowsPowerShell\v1.0\;C:\WINDOWS\System32\OpenSSH\;C:\Program Files\Azure Data Studio\bin;C:\Program Files\MongoDB\Server\5.0\tools;C:\Program Files\MongoDB\Server\5.0\bin;C:\Program Files (x86)\Microsoft SQL Server\160\Tools\Binn\;C:\Program Files\Microsoft SQL Server\160\Tools\Binn\;C:\Program Files\Microsoft SQL Server\Client SDK\ODBC\170\Tools\Binn\;C:\Program Files\Microsoft SQL Server\160\DTS\Binn\;C:\Program Files (x86)\Microsoft SQL Server\160\DTS\Binn\;C:\Program Files\Git\cmd;C:\Program Files\Java\jdk-17\bin;C:\Program Files\nodejs\;C:\Program Files\Docker\Docker\resources\bin;C:\Users\LENOVO\AppData\Local\Programs\Python\Python311\Scripts\;C:\Users\LENOVO\AppData\Local\Programs\Python\Python311\;C:\Users\LENOVO\AppData\Local\Microsoft\WindowsApps;C:\Program Files\Azure Data Studio\bin;C:\Users\LENOVO\AppData\;c:\Users\LENOVO\AppData\Local\Programs\cursor\resources\app\bin;D:\TRANDINHCHUONG_20002835\kafka\bin\windows;C:\Users\LENOVO\AppData\Local\Programs\Python\Python311\Scripts\;C:\Users\LENOVO\AppData\Local\Programs\Python\Python311\;C:\Users\LENOVO\AppData\Local\Microsoft\WindowsApps;C:\Users\LENOVO\AppData\Local\Programs\Microsoft VS Code\bin;C:\Program Files\Azure Data Studio\bin;C:\Users\LENOVO\AppData\Local\Programs\mongosh\;C:\Program Files\Java\jdk-17\bin;D:\IntelliJ IDEA 2024.1\bin;;C:\Users\LENOVO\AppData\Roaming\npm;C:\Users\LENOVO\AppData\Local\Google\Cloud SDK\google-cloud-sdk\bin;C:\Program Files\JetBrains\WebStorm 2024.1\bin;
USERNAME=LENOVO
OS=Windows_NT
PROCESSOR_IDENTIFIER=Intel64 Family 6 Model 126 Stepping 5, GenuineIntel



---------------  S Y S T E M  ---------------

OS:
 Windows 11 , 64 bit Build 22621 (10.0.22621.3374)
OS uptime: 0 days 3:50 hours
Hyper-V role detected

CPU: total 8 (initial active 8) (4 cores per cpu, 2 threads per core) family 6 model 126 stepping 5 microcode 0xa0, cx8, cmov, fxsr, ht, mmx, 3dnowpref, sse, sse2, sse3, ssse3, sse4.1, sse4.2, popcnt, lzcnt, tsc, tscinvbit, avx, avx2, aes, erms, clmul, bmi1, bmi2, adx, avx512f, avx512dq, avx512cd, avx512bw, avx512vl, sha, fma, vzeroupper, avx512_vpopcntdq, avx512_vpclmulqdq, avx512_vaes, avx512_vnni, clflush, clflushopt, avx512_vbmi2, avx512_vbmi, hv

Memory: 4k page, system-wide physical 20222M (704M free)
TotalPageFile size 58622M (AvailPageFile size 349M)
current process WorkingSet (physical memory assigned to process): 62M, peak: 256M
current process commit charge ("private bytes"): 431M, peak: 447M

vm_info: Java HotSpot(TM) 64-Bit Server VM (17.0.8+9-LTS-211) for windows-amd64 JRE (17.0.8+9-LTS-211), built on Jun 14 2023 10:34:31 by "mach5one" with MS VC++ 17.1 (VS2022)

END.
